
build/release/cat.elf:     file format elf32-littleriscv
build/release/cat.elf
architecture: riscv:rv32, flags 0x00000112:
EXEC_P, HAS_SYMS, D_PAGED
start address 0x08006200

Program Header:
    LOAD off    0x00000200 vaddr 0x08006200 paddr 0x08006200 align 2**12
         filesz 0x00000638 memsz 0x00001240 flags rwx

Sections:
Idx Name              Size      VMA       LMA       File off  Algn  Flags
  0 .text             00000598  08006200  08006200  00000200  2**3  CONTENTS, ALLOC, LOAD, READONLY, CODE
  1 .rodata           00000098  08006798  08006798  00000798  2**3  CONTENTS, ALLOC, LOAD, READONLY, DATA
  2 .data             00000008  08006830  08006830  00000830  2**3  CONTENTS, ALLOC, LOAD, DATA
  3 .bss              00000404  08006838  08006838  00000838  2**3  ALLOC
  4 .heap             00000800  08006c40  08006c40  00000838  2**3  ALLOC
  5 .riscv.attributes 0000001c  00000000  00000000  00000838  2**0  CONTENTS, READONLY
  6 .comment          00000028  00000000  00000000  00000854  2**0  CONTENTS, READONLY
SYMBOL TABLE:
08006200 l    d  .text	00000000 .text
08006798 l    d  .rodata	00000000 .rodata
08006830 l    d  .data	00000000 .data
08006838 l    d  .bss	00000000 .bss
08006c40 l    d  .heap	00000000 .heap
00000000 l    d  .riscv.attributes	00000000 .riscv.attributes
00000000 l    d  .comment	00000000 .comment
00000000 l    df *ABS*	00000000 servers.c
08006838 l     O .bss	00000004 sender
0800683c l     O .bss	00000400 buf
00000000 l    df *ABS*	00000000 cat.c
00000000 l    df *ABS*	00000000 memcpy.c
00000000 l    df *ABS*	00000000 strcpy.c
00000000 l    df *ABS*	00000000 strlen.c
0800665c g     F .text	000000b0 strcpy
08006540 g     F .text	0000011c memcpy
08006834 g     O .data	00000004 earth
00000800 g       *ABS*	00000000 __heap_size
08006320 g     F .text	000000f0 file_read
08006830 g     O .data	00000004 grass
08006410 g     F .text	00000130 main
08006200 g       .text	00000000 _enter
08008000 g       *ABS*	00000000 __heap_end
08006c40 g       .heap	00000000 __heap_start
08006210 g     F .text	0000002c exit
0800623c g     F .text	000000e4 dir_lookup
0800670c g     F .text	0000008c strlen



Disassembly of section .text:

08006200 <_enter>:
_enter():
 8006200:	00052503          	lw	a0,0(a0)
 8006204:	80002137          	lui	sp,0x80002
 8006208:	208000ef          	jal	ra,8006410 <main>
 800620c:	004000ef          	jal	ra,8006210 <exit>

08006210 <exit>:
exit():
 8006210:	fe010113          	addi	sp,sp,-32 # 80001fe0 <__heap_end+0x77ff9fe0>
 8006214:	00112e23          	sw	ra,28(sp)
 8006218:	00812c23          	sw	s0,24(sp)
 800621c:	02010413          	addi	s0,sp,32
 8006220:	fea42623          	sw	a0,-20(s0)
 8006224:	080077b7          	lui	a5,0x8007
 8006228:	8307a783          	lw	a5,-2000(a5) # 8006830 <grass>
 800622c:	0a47a783          	lw	a5,164(a5)
 8006230:	fec42503          	lw	a0,-20(s0)
 8006234:	000780e7          	jalr	a5
 8006238:	0000006f          	j	8006238 <exit+0x28>

0800623c <dir_lookup>:
dir_lookup():
 800623c:	fb010113          	addi	sp,sp,-80
 8006240:	04112623          	sw	ra,76(sp)
 8006244:	04812423          	sw	s0,72(sp)
 8006248:	05010413          	addi	s0,sp,80
 800624c:	faa42e23          	sw	a0,-68(s0)
 8006250:	fab42c23          	sw	a1,-72(s0)
 8006254:	00100793          	li	a5,1
 8006258:	fcf42223          	sw	a5,-60(s0)
 800625c:	fbc42783          	lw	a5,-68(s0)
 8006260:	fcf42423          	sw	a5,-56(s0)
 8006264:	fc440793          	addi	a5,s0,-60
 8006268:	00878793          	addi	a5,a5,8
 800626c:	fb842583          	lw	a1,-72(s0)
 8006270:	00078513          	mv	a0,a5
 8006274:	3e8000ef          	jal	ra,800665c <strcpy>
 8006278:	080077b7          	lui	a5,0x8007
 800627c:	8307a783          	lw	a5,-2000(a5) # 8006830 <grass>
 8006280:	0a87a703          	lw	a4,168(a5)
 8006284:	fc440793          	addi	a5,s0,-60
 8006288:	02800613          	li	a2,40
 800628c:	00078593          	mv	a1,a5
 8006290:	00300513          	li	a0,3
 8006294:	000700e7          	jalr	a4
 8006298:	080077b7          	lui	a5,0x8007
 800629c:	8307a783          	lw	a5,-2000(a5) # 8006830 <grass>
 80062a0:	0ac7a703          	lw	a4,172(a5)
 80062a4:	40000613          	li	a2,1024
 80062a8:	080077b7          	lui	a5,0x8007
 80062ac:	83c78593          	addi	a1,a5,-1988 # 800683c <buf>
 80062b0:	080077b7          	lui	a5,0x8007
 80062b4:	83878513          	addi	a0,a5,-1992 # 8006838 <sender>
 80062b8:	000700e7          	jalr	a4
 80062bc:	080077b7          	lui	a5,0x8007
 80062c0:	8387a703          	lw	a4,-1992(a5) # 8006838 <sender>
 80062c4:	00300793          	li	a5,3
 80062c8:	00f70e63          	beq	a4,a5,80062e4 <dir_lookup+0xa8>
 80062cc:	080077b7          	lui	a5,0x8007
 80062d0:	8347a783          	lw	a5,-1996(a5) # 8006834 <earth>
 80062d4:	03c7a703          	lw	a4,60(a5)
 80062d8:	080067b7          	lui	a5,0x8006
 80062dc:	79878513          	addi	a0,a5,1944 # 8006798 <strlen+0x8c>
 80062e0:	000700e7          	jalr	a4
 80062e4:	080077b7          	lui	a5,0x8007
 80062e8:	83c78793          	addi	a5,a5,-1988 # 800683c <buf>
 80062ec:	fef42623          	sw	a5,-20(s0)
 80062f0:	fec42783          	lw	a5,-20(s0)
 80062f4:	0007a783          	lw	a5,0(a5)
 80062f8:	00079863          	bnez	a5,8006308 <dir_lookup+0xcc>
 80062fc:	fec42783          	lw	a5,-20(s0)
 8006300:	0047a783          	lw	a5,4(a5)
 8006304:	0080006f          	j	800630c <dir_lookup+0xd0>
 8006308:	fff00793          	li	a5,-1
 800630c:	00078513          	mv	a0,a5
 8006310:	04c12083          	lw	ra,76(sp)
 8006314:	04812403          	lw	s0,72(sp)
 8006318:	05010113          	addi	sp,sp,80
 800631c:	00008067          	ret

08006320 <file_read>:
file_read():
 8006320:	dd010113          	addi	sp,sp,-560
 8006324:	22112623          	sw	ra,556(sp)
 8006328:	22812423          	sw	s0,552(sp)
 800632c:	23010413          	addi	s0,sp,560
 8006330:	dca42e23          	sw	a0,-548(s0)
 8006334:	dcb42c23          	sw	a1,-552(s0)
 8006338:	dcc42a23          	sw	a2,-556(s0)
 800633c:	00100793          	li	a5,1
 8006340:	def42023          	sw	a5,-544(s0)
 8006344:	ddc42783          	lw	a5,-548(s0)
 8006348:	def42223          	sw	a5,-540(s0)
 800634c:	dd842783          	lw	a5,-552(s0)
 8006350:	def42423          	sw	a5,-536(s0)
 8006354:	080077b7          	lui	a5,0x8007
 8006358:	8307a783          	lw	a5,-2000(a5) # 8006830 <grass>
 800635c:	0a87a703          	lw	a4,168(a5)
 8006360:	de040793          	addi	a5,s0,-544
 8006364:	20c00613          	li	a2,524
 8006368:	00078593          	mv	a1,a5
 800636c:	00200513          	li	a0,2
 8006370:	000700e7          	jalr	a4
 8006374:	080077b7          	lui	a5,0x8007
 8006378:	8307a783          	lw	a5,-2000(a5) # 8006830 <grass>
 800637c:	0ac7a703          	lw	a4,172(a5)
 8006380:	40000613          	li	a2,1024
 8006384:	080077b7          	lui	a5,0x8007
 8006388:	83c78593          	addi	a1,a5,-1988 # 800683c <buf>
 800638c:	080077b7          	lui	a5,0x8007
 8006390:	83878513          	addi	a0,a5,-1992 # 8006838 <sender>
 8006394:	000700e7          	jalr	a4
 8006398:	080077b7          	lui	a5,0x8007
 800639c:	8387a703          	lw	a4,-1992(a5) # 8006838 <sender>
 80063a0:	00200793          	li	a5,2
 80063a4:	00f70e63          	beq	a4,a5,80063c0 <file_read+0xa0>
 80063a8:	080077b7          	lui	a5,0x8007
 80063ac:	8347a783          	lw	a5,-1996(a5) # 8006834 <earth>
 80063b0:	03c7a703          	lw	a4,60(a5)
 80063b4:	080067b7          	lui	a5,0x8006
 80063b8:	7b878513          	addi	a0,a5,1976 # 80067b8 <strlen+0xac>
 80063bc:	000700e7          	jalr	a4
 80063c0:	080077b7          	lui	a5,0x8007
 80063c4:	83c78793          	addi	a5,a5,-1988 # 800683c <buf>
 80063c8:	fef42623          	sw	a5,-20(s0)
 80063cc:	fec42783          	lw	a5,-20(s0)
 80063d0:	00478793          	addi	a5,a5,4
 80063d4:	20000613          	li	a2,512
 80063d8:	00078593          	mv	a1,a5
 80063dc:	dd442503          	lw	a0,-556(s0)
 80063e0:	160000ef          	jal	ra,8006540 <memcpy>
 80063e4:	fec42783          	lw	a5,-20(s0)
 80063e8:	0007a783          	lw	a5,0(a5)
 80063ec:	00079663          	bnez	a5,80063f8 <file_read+0xd8>
 80063f0:	00000793          	li	a5,0
 80063f4:	0080006f          	j	80063fc <file_read+0xdc>
 80063f8:	fff00793          	li	a5,-1
 80063fc:	00078513          	mv	a0,a5
 8006400:	22c12083          	lw	ra,556(sp)
 8006404:	22812403          	lw	s0,552(sp)
 8006408:	23010113          	addi	sp,sp,560
 800640c:	00008067          	ret

08006410 <main>:
main():
 8006410:	dd010113          	addi	sp,sp,-560
 8006414:	22112623          	sw	ra,556(sp)
 8006418:	22812423          	sw	s0,552(sp)
 800641c:	23010413          	addi	s0,sp,560
 8006420:	dca42e23          	sw	a0,-548(s0)
 8006424:	dcb42c23          	sw	a1,-552(s0)
 8006428:	ddc42703          	lw	a4,-548(s0)
 800642c:	00100793          	li	a5,1
 8006430:	02f71263          	bne	a4,a5,8006454 <main+0x44>
 8006434:	080077b7          	lui	a5,0x8007
 8006438:	8347a783          	lw	a5,-1996(a5) # 8006834 <earth>
 800643c:	0387a703          	lw	a4,56(a5)
 8006440:	080067b7          	lui	a5,0x8006
 8006444:	7f878513          	addi	a0,a5,2040 # 80067f8 <strlen+0xec>
 8006448:	000700e7          	jalr	a4
 800644c:	fff00793          	li	a5,-1
 8006450:	0dc0006f          	j	800652c <main+0x11c>
 8006454:	080077b7          	lui	a5,0x8007
 8006458:	8307a783          	lw	a5,-2000(a5) # 8006830 <grass>
 800645c:	0007a703          	lw	a4,0(a5)
 8006460:	dd842783          	lw	a5,-552(s0)
 8006464:	00478793          	addi	a5,a5,4
 8006468:	0007a783          	lw	a5,0(a5)
 800646c:	00078593          	mv	a1,a5
 8006470:	00070513          	mv	a0,a4
 8006474:	dc9ff0ef          	jal	ra,800623c <dir_lookup>
 8006478:	fea42623          	sw	a0,-20(s0)
 800647c:	fec42783          	lw	a5,-20(s0)
 8006480:	0207da63          	bgez	a5,80064b4 <main+0xa4>
 8006484:	080077b7          	lui	a5,0x8007
 8006488:	8347a783          	lw	a5,-1996(a5) # 8006834 <earth>
 800648c:	0387a703          	lw	a4,56(a5)
 8006490:	dd842783          	lw	a5,-552(s0)
 8006494:	00478793          	addi	a5,a5,4
 8006498:	0007a783          	lw	a5,0(a5)
 800649c:	00078593          	mv	a1,a5
 80064a0:	080077b7          	lui	a5,0x8007
 80064a4:	80c78513          	addi	a0,a5,-2036 # 800680c <strlen+0x100>
 80064a8:	000700e7          	jalr	a4
 80064ac:	fff00793          	li	a5,-1
 80064b0:	07c0006f          	j	800652c <main+0x11c>
 80064b4:	dec40793          	addi	a5,s0,-532
 80064b8:	00078613          	mv	a2,a5
 80064bc:	00000593          	li	a1,0
 80064c0:	fec42503          	lw	a0,-20(s0)
 80064c4:	e5dff0ef          	jal	ra,8006320 <file_read>
 80064c8:	080077b7          	lui	a5,0x8007
 80064cc:	8347a783          	lw	a5,-1996(a5) # 8006834 <earth>
 80064d0:	0347a703          	lw	a4,52(a5)
 80064d4:	dec40793          	addi	a5,s0,-532
 80064d8:	00078593          	mv	a1,a5
 80064dc:	080077b7          	lui	a5,0x8007
 80064e0:	82478513          	addi	a0,a5,-2012 # 8006824 <strlen+0x118>
 80064e4:	000700e7          	jalr	a4
 80064e8:	dec40793          	addi	a5,s0,-532
 80064ec:	00078513          	mv	a0,a5
 80064f0:	21c000ef          	jal	ra,800670c <strlen>
 80064f4:	00050793          	mv	a5,a0
 80064f8:	fff78793          	addi	a5,a5,-1
 80064fc:	ff040713          	addi	a4,s0,-16
 8006500:	00f707b3          	add	a5,a4,a5
 8006504:	dfc7c703          	lbu	a4,-516(a5)
 8006508:	00a00793          	li	a5,10
 800650c:	00f70e63          	beq	a4,a5,8006528 <main+0x118>
 8006510:	080077b7          	lui	a5,0x8007
 8006514:	8347a783          	lw	a5,-1996(a5) # 8006834 <earth>
 8006518:	0347a703          	lw	a4,52(a5)
 800651c:	080077b7          	lui	a5,0x8007
 8006520:	82878513          	addi	a0,a5,-2008 # 8006828 <strlen+0x11c>
 8006524:	000700e7          	jalr	a4
 8006528:	00000793          	li	a5,0
 800652c:	00078513          	mv	a0,a5
 8006530:	22c12083          	lw	ra,556(sp)
 8006534:	22812403          	lw	s0,552(sp)
 8006538:	23010113          	addi	sp,sp,560
 800653c:	00008067          	ret

08006540 <memcpy>:
memcpy():
 8006540:	00a5c7b3          	xor	a5,a1,a0
 8006544:	0037f793          	andi	a5,a5,3
 8006548:	00c508b3          	add	a7,a0,a2
 800654c:	06079263          	bnez	a5,80065b0 <memcpy+0x70>
 8006550:	00300793          	li	a5,3
 8006554:	04c7fe63          	bgeu	a5,a2,80065b0 <memcpy+0x70>
 8006558:	00357793          	andi	a5,a0,3
 800655c:	00050713          	mv	a4,a0
 8006560:	06079863          	bnez	a5,80065d0 <memcpy+0x90>
 8006564:	ffc8f613          	andi	a2,a7,-4
 8006568:	fe060793          	addi	a5,a2,-32
 800656c:	08f76c63          	bltu	a4,a5,8006604 <memcpy+0xc4>
 8006570:	02c77c63          	bgeu	a4,a2,80065a8 <memcpy+0x68>
 8006574:	00058693          	mv	a3,a1
 8006578:	00070793          	mv	a5,a4
 800657c:	0006a803          	lw	a6,0(a3)
 8006580:	00478793          	addi	a5,a5,4
 8006584:	00468693          	addi	a3,a3,4
 8006588:	ff07ae23          	sw	a6,-4(a5)
 800658c:	fec7e8e3          	bltu	a5,a2,800657c <memcpy+0x3c>
 8006590:	fff60793          	addi	a5,a2,-1
 8006594:	40e787b3          	sub	a5,a5,a4
 8006598:	ffc7f793          	andi	a5,a5,-4
 800659c:	00478793          	addi	a5,a5,4
 80065a0:	00f70733          	add	a4,a4,a5
 80065a4:	00f585b3          	add	a1,a1,a5
 80065a8:	01176863          	bltu	a4,a7,80065b8 <memcpy+0x78>
 80065ac:	00008067          	ret
 80065b0:	00050713          	mv	a4,a0
 80065b4:	ff157ce3          	bgeu	a0,a7,80065ac <memcpy+0x6c>
 80065b8:	0005c783          	lbu	a5,0(a1)
 80065bc:	00170713          	addi	a4,a4,1
 80065c0:	00158593          	addi	a1,a1,1
 80065c4:	fef70fa3          	sb	a5,-1(a4)
 80065c8:	ff1768e3          	bltu	a4,a7,80065b8 <memcpy+0x78>
 80065cc:	00008067          	ret
 80065d0:	0005c683          	lbu	a3,0(a1)
 80065d4:	00170713          	addi	a4,a4,1
 80065d8:	00377793          	andi	a5,a4,3
 80065dc:	fed70fa3          	sb	a3,-1(a4)
 80065e0:	00158593          	addi	a1,a1,1
 80065e4:	f80780e3          	beqz	a5,8006564 <memcpy+0x24>
 80065e8:	0005c683          	lbu	a3,0(a1)
 80065ec:	00170713          	addi	a4,a4,1
 80065f0:	00377793          	andi	a5,a4,3
 80065f4:	fed70fa3          	sb	a3,-1(a4)
 80065f8:	00158593          	addi	a1,a1,1
 80065fc:	fc079ae3          	bnez	a5,80065d0 <memcpy+0x90>
 8006600:	f65ff06f          	j	8006564 <memcpy+0x24>
 8006604:	0005a683          	lw	a3,0(a1)
 8006608:	0045a283          	lw	t0,4(a1)
 800660c:	0085af83          	lw	t6,8(a1)
 8006610:	00c5af03          	lw	t5,12(a1)
 8006614:	0105ae83          	lw	t4,16(a1)
 8006618:	0145ae03          	lw	t3,20(a1)
 800661c:	0185a303          	lw	t1,24(a1)
 8006620:	01c5a803          	lw	a6,28(a1)
 8006624:	02458593          	addi	a1,a1,36
 8006628:	00d72023          	sw	a3,0(a4)
 800662c:	ffc5a683          	lw	a3,-4(a1)
 8006630:	00572223          	sw	t0,4(a4)
 8006634:	01f72423          	sw	t6,8(a4)
 8006638:	01e72623          	sw	t5,12(a4)
 800663c:	01d72823          	sw	t4,16(a4)
 8006640:	01c72a23          	sw	t3,20(a4)
 8006644:	00672c23          	sw	t1,24(a4)
 8006648:	01072e23          	sw	a6,28(a4)
 800664c:	02470713          	addi	a4,a4,36
 8006650:	fed72e23          	sw	a3,-4(a4)
 8006654:	faf768e3          	bltu	a4,a5,8006604 <memcpy+0xc4>
 8006658:	f19ff06f          	j	8006570 <memcpy+0x30>

0800665c <strcpy>:
strcpy():
 800665c:	00b567b3          	or	a5,a0,a1
 8006660:	0037f793          	andi	a5,a5,3
 8006664:	08079263          	bnez	a5,80066e8 <strcpy+0x8c>
 8006668:	0005a703          	lw	a4,0(a1)
 800666c:	7f7f86b7          	lui	a3,0x7f7f8
 8006670:	f7f68693          	addi	a3,a3,-129 # 7f7f7f7f <__heap_end+0x777eff7f>
 8006674:	00d777b3          	and	a5,a4,a3
 8006678:	00d787b3          	add	a5,a5,a3
 800667c:	00e7e7b3          	or	a5,a5,a4
 8006680:	00d7e7b3          	or	a5,a5,a3
 8006684:	fff00613          	li	a2,-1
 8006688:	06c79e63          	bne	a5,a2,8006704 <strcpy+0xa8>
 800668c:	00050613          	mv	a2,a0
 8006690:	fff00813          	li	a6,-1
 8006694:	00460613          	addi	a2,a2,4
 8006698:	00458593          	addi	a1,a1,4
 800669c:	fee62e23          	sw	a4,-4(a2)
 80066a0:	0005a703          	lw	a4,0(a1)
 80066a4:	00d777b3          	and	a5,a4,a3
 80066a8:	00d787b3          	add	a5,a5,a3
 80066ac:	00e7e7b3          	or	a5,a5,a4
 80066b0:	00d7e7b3          	or	a5,a5,a3
 80066b4:	ff0780e3          	beq	a5,a6,8006694 <strcpy+0x38>
 80066b8:	0005c783          	lbu	a5,0(a1)
 80066bc:	0015c703          	lbu	a4,1(a1)
 80066c0:	0025c683          	lbu	a3,2(a1)
 80066c4:	00f60023          	sb	a5,0(a2)
 80066c8:	00078a63          	beqz	a5,80066dc <strcpy+0x80>
 80066cc:	00e600a3          	sb	a4,1(a2)
 80066d0:	00070663          	beqz	a4,80066dc <strcpy+0x80>
 80066d4:	00d60123          	sb	a3,2(a2)
 80066d8:	00069463          	bnez	a3,80066e0 <strcpy+0x84>
 80066dc:	00008067          	ret
 80066e0:	000601a3          	sb	zero,3(a2)
 80066e4:	00008067          	ret
 80066e8:	00050793          	mv	a5,a0
 80066ec:	0005c703          	lbu	a4,0(a1)
 80066f0:	00178793          	addi	a5,a5,1
 80066f4:	00158593          	addi	a1,a1,1
 80066f8:	fee78fa3          	sb	a4,-1(a5)
 80066fc:	fe0718e3          	bnez	a4,80066ec <strcpy+0x90>
 8006700:	00008067          	ret
 8006704:	00050613          	mv	a2,a0
 8006708:	fb1ff06f          	j	80066b8 <strcpy+0x5c>

0800670c <strlen>:
strlen():
 800670c:	00357793          	andi	a5,a0,3
 8006710:	00050713          	mv	a4,a0
 8006714:	04079c63          	bnez	a5,800676c <strlen+0x60>
 8006718:	7f7f86b7          	lui	a3,0x7f7f8
 800671c:	f7f68693          	addi	a3,a3,-129 # 7f7f7f7f <__heap_end+0x777eff7f>
 8006720:	fff00593          	li	a1,-1
 8006724:	00470713          	addi	a4,a4,4
 8006728:	ffc72603          	lw	a2,-4(a4)
 800672c:	00d677b3          	and	a5,a2,a3
 8006730:	00d787b3          	add	a5,a5,a3
 8006734:	00c7e7b3          	or	a5,a5,a2
 8006738:	00d7e7b3          	or	a5,a5,a3
 800673c:	feb784e3          	beq	a5,a1,8006724 <strlen+0x18>
 8006740:	ffc74683          	lbu	a3,-4(a4)
 8006744:	40a707b3          	sub	a5,a4,a0
 8006748:	ffd74603          	lbu	a2,-3(a4)
 800674c:	ffe74503          	lbu	a0,-2(a4)
 8006750:	04068063          	beqz	a3,8006790 <strlen+0x84>
 8006754:	02060a63          	beqz	a2,8006788 <strlen+0x7c>
 8006758:	00a03533          	snez	a0,a0
 800675c:	00f50533          	add	a0,a0,a5
 8006760:	ffe50513          	addi	a0,a0,-2
 8006764:	00008067          	ret
 8006768:	fa0688e3          	beqz	a3,8006718 <strlen+0xc>
 800676c:	00074783          	lbu	a5,0(a4)
 8006770:	00170713          	addi	a4,a4,1
 8006774:	00377693          	andi	a3,a4,3
 8006778:	fe0798e3          	bnez	a5,8006768 <strlen+0x5c>
 800677c:	40a70733          	sub	a4,a4,a0
 8006780:	fff70513          	addi	a0,a4,-1
 8006784:	00008067          	ret
 8006788:	ffd78513          	addi	a0,a5,-3
 800678c:	00008067          	ret
 8006790:	ffc78513          	addi	a0,a5,-4
 8006794:	00008067          	ret
