
build/release/cd.elf:     file format elf32-littleriscv
build/release/cd.elf
architecture: riscv:rv32, flags 0x00000112:
EXEC_P, HAS_SYMS, D_PAGED
start address 0x08006200

Program Header:
    LOAD off    0x00000200 vaddr 0x08006200 paddr 0x08006200 align 2**12
         filesz 0x000008e0 memsz 0x000014e8 flags rwx

Sections:
Idx Name              Size      VMA       LMA       File off  Algn  Flags
  0 .text             00000830  08006200  08006200  00000200  2**3  CONTENTS, ALLOC, LOAD, READONLY, CODE
  1 .rodata           000000a8  08006a30  08006a30  00000a30  2**3  CONTENTS, ALLOC, LOAD, READONLY, DATA
  2 .data             00000008  08006ad8  08006ad8  00000ad8  2**3  CONTENTS, ALLOC, LOAD, DATA
  3 .bss              00000404  08006ae0  08006ae0  00000ae0  2**3  ALLOC
  4 .heap             00000800  08006ee8  08006ee8  00000ae0  2**3  ALLOC
  5 .riscv.attributes 0000001c  00000000  00000000  00000ae0  2**0  CONTENTS, READONLY
  6 .comment          00000028  00000000  00000000  00000afc  2**0  CONTENTS, READONLY
SYMBOL TABLE:
08006200 l    d  .text	00000000 .text
08006a30 l    d  .rodata	00000000 .rodata
08006ad8 l    d  .data	00000000 .data
08006ae0 l    d  .bss	00000000 .bss
08006ee8 l    d  .heap	00000000 .heap
00000000 l    d  .riscv.attributes	00000000 .riscv.attributes
00000000 l    d  .comment	00000000 .comment
00000000 l    df *ABS*	00000000 servers.c
08006ae0 l     O .bss	00000004 sender
08006ae4 l     O .bss	00000400 buf
00000000 l    df *ABS*	00000000 cd.c
00000000 l    df *ABS*	00000000 memcpy.c
00000000 l    df *ABS*	00000000 strcpy.c
00000000 l    df *ABS*	00000000 strlen.c
00000000 l    df *ABS*	00000000 strncat.c
08006844 g     F .text	000000b0 strcpy
080065ac g     F .text	0000011c memcpy
08006adc g     O .data	00000004 earth
00000800 g       *ABS*	00000000 __heap_size
08006ad8 g     O .data	00000004 grass
08006980 g     F .text	000000b0 strncat
08006320 g     F .text	0000028c main
08006200 g       .text	00000000 _enter
080066c8 g     F .text	0000017c strcmp
08008000 g       *ABS*	00000000 __heap_end
08006ee8 g       .heap	00000000 __heap_start
08006210 g     F .text	0000002c exit
0800623c g     F .text	000000e4 dir_lookup
080068f4 g     F .text	0000008c strlen



Disassembly of section .text:

08006200 <_enter>:
_enter():
 8006200:	00052503          	lw	a0,0(a0)
 8006204:	80002137          	lui	sp,0x80002
 8006208:	118000ef          	jal	ra,8006320 <main>
 800620c:	004000ef          	jal	ra,8006210 <exit>

08006210 <exit>:
exit():
 8006210:	fe010113          	addi	sp,sp,-32 # 80001fe0 <__heap_end+0x77ff9fe0>
 8006214:	00112e23          	sw	ra,28(sp)
 8006218:	00812c23          	sw	s0,24(sp)
 800621c:	02010413          	addi	s0,sp,32
 8006220:	fea42623          	sw	a0,-20(s0)
 8006224:	080077b7          	lui	a5,0x8007
 8006228:	ad87a783          	lw	a5,-1320(a5) # 8006ad8 <grass>
 800622c:	0a47a783          	lw	a5,164(a5)
 8006230:	fec42503          	lw	a0,-20(s0)
 8006234:	000780e7          	jalr	a5
 8006238:	0000006f          	j	8006238 <exit+0x28>

0800623c <dir_lookup>:
dir_lookup():
 800623c:	fb010113          	addi	sp,sp,-80
 8006240:	04112623          	sw	ra,76(sp)
 8006244:	04812423          	sw	s0,72(sp)
 8006248:	05010413          	addi	s0,sp,80
 800624c:	faa42e23          	sw	a0,-68(s0)
 8006250:	fab42c23          	sw	a1,-72(s0)
 8006254:	00100793          	li	a5,1
 8006258:	fcf42223          	sw	a5,-60(s0)
 800625c:	fbc42783          	lw	a5,-68(s0)
 8006260:	fcf42423          	sw	a5,-56(s0)
 8006264:	fc440793          	addi	a5,s0,-60
 8006268:	00878793          	addi	a5,a5,8
 800626c:	fb842583          	lw	a1,-72(s0)
 8006270:	00078513          	mv	a0,a5
 8006274:	5d0000ef          	jal	ra,8006844 <strcpy>
 8006278:	080077b7          	lui	a5,0x8007
 800627c:	ad87a783          	lw	a5,-1320(a5) # 8006ad8 <grass>
 8006280:	0a87a703          	lw	a4,168(a5)
 8006284:	fc440793          	addi	a5,s0,-60
 8006288:	02800613          	li	a2,40
 800628c:	00078593          	mv	a1,a5
 8006290:	00300513          	li	a0,3
 8006294:	000700e7          	jalr	a4
 8006298:	080077b7          	lui	a5,0x8007
 800629c:	ad87a783          	lw	a5,-1320(a5) # 8006ad8 <grass>
 80062a0:	0ac7a703          	lw	a4,172(a5)
 80062a4:	40000613          	li	a2,1024
 80062a8:	080077b7          	lui	a5,0x8007
 80062ac:	ae478593          	addi	a1,a5,-1308 # 8006ae4 <buf>
 80062b0:	080077b7          	lui	a5,0x8007
 80062b4:	ae078513          	addi	a0,a5,-1312 # 8006ae0 <sender>
 80062b8:	000700e7          	jalr	a4
 80062bc:	080077b7          	lui	a5,0x8007
 80062c0:	ae07a703          	lw	a4,-1312(a5) # 8006ae0 <sender>
 80062c4:	00300793          	li	a5,3
 80062c8:	00f70e63          	beq	a4,a5,80062e4 <dir_lookup+0xa8>
 80062cc:	080077b7          	lui	a5,0x8007
 80062d0:	adc7a783          	lw	a5,-1316(a5) # 8006adc <earth>
 80062d4:	03c7a703          	lw	a4,60(a5)
 80062d8:	080077b7          	lui	a5,0x8007
 80062dc:	a3078513          	addi	a0,a5,-1488 # 8006a30 <strncat+0xb0>
 80062e0:	000700e7          	jalr	a4
 80062e4:	080077b7          	lui	a5,0x8007
 80062e8:	ae478793          	addi	a5,a5,-1308 # 8006ae4 <buf>
 80062ec:	fef42623          	sw	a5,-20(s0)
 80062f0:	fec42783          	lw	a5,-20(s0)
 80062f4:	0007a783          	lw	a5,0(a5)
 80062f8:	00079863          	bnez	a5,8006308 <dir_lookup+0xcc>
 80062fc:	fec42783          	lw	a5,-20(s0)
 8006300:	0047a783          	lw	a5,4(a5)
 8006304:	0080006f          	j	800630c <dir_lookup+0xd0>
 8006308:	fff00793          	li	a5,-1
 800630c:	00078513          	mv	a0,a5
 8006310:	04c12083          	lw	ra,76(sp)
 8006314:	04812403          	lw	s0,72(sp)
 8006318:	05010113          	addi	sp,sp,80
 800631c:	00008067          	ret

08006320 <main>:
main():
 8006320:	fd010113          	addi	sp,sp,-48
 8006324:	02112623          	sw	ra,44(sp)
 8006328:	02812423          	sw	s0,40(sp)
 800632c:	02912223          	sw	s1,36(sp)
 8006330:	03212023          	sw	s2,32(sp)
 8006334:	03010413          	addi	s0,sp,48
 8006338:	fca42e23          	sw	a0,-36(s0)
 800633c:	fcb42c23          	sw	a1,-40(s0)
 8006340:	fdc42703          	lw	a4,-36(s0)
 8006344:	00100793          	li	a5,1
 8006348:	06f71663          	bne	a4,a5,80063b4 <main+0x94>
 800634c:	080077b7          	lui	a5,0x8007
 8006350:	a9078593          	addi	a1,a5,-1392 # 8006a90 <strncat+0x110>
 8006354:	00000513          	li	a0,0
 8006358:	ee5ff0ef          	jal	ra,800623c <dir_lookup>
 800635c:	fea42423          	sw	a0,-24(s0)
 8006360:	080077b7          	lui	a5,0x8007
 8006364:	ad87a483          	lw	s1,-1320(a5) # 8006ad8 <grass>
 8006368:	080077b7          	lui	a5,0x8007
 800636c:	a9878593          	addi	a1,a5,-1384 # 8006a98 <strncat+0x118>
 8006370:	fe842503          	lw	a0,-24(s0)
 8006374:	ec9ff0ef          	jal	ra,800623c <dir_lookup>
 8006378:	00050793          	mv	a5,a0
 800637c:	00f4a023          	sw	a5,0(s1)
 8006380:	080077b7          	lui	a5,0x8007
 8006384:	ad87a783          	lw	a5,-1320(a5) # 8006ad8 <grass>
 8006388:	00478713          	addi	a4,a5,4
 800638c:	080077b7          	lui	a5,0x8007
 8006390:	aa478793          	addi	a5,a5,-1372 # 8006aa4 <strncat+0x124>
 8006394:	00078693          	mv	a3,a5
 8006398:	00e00793          	li	a5,14
 800639c:	00078613          	mv	a2,a5
 80063a0:	00068593          	mv	a1,a3
 80063a4:	00070513          	mv	a0,a4
 80063a8:	204000ef          	jal	ra,80065ac <memcpy>
 80063ac:	00000793          	li	a5,0
 80063b0:	1e00006f          	j	8006590 <main+0x270>
 80063b4:	fd842783          	lw	a5,-40(s0)
 80063b8:	00478793          	addi	a5,a5,4
 80063bc:	0007a483          	lw	s1,0(a5)
 80063c0:	00048513          	mv	a0,s1
 80063c4:	530000ef          	jal	ra,80068f4 <strlen>
 80063c8:	00050793          	mv	a5,a0
 80063cc:	00f487b3          	add	a5,s1,a5
 80063d0:	02f00713          	li	a4,47
 80063d4:	00e78023          	sb	a4,0(a5)
 80063d8:	000780a3          	sb	zero,1(a5)
 80063dc:	080077b7          	lui	a5,0x8007
 80063e0:	ad87a783          	lw	a5,-1320(a5) # 8006ad8 <grass>
 80063e4:	0007a703          	lw	a4,0(a5)
 80063e8:	fd842783          	lw	a5,-40(s0)
 80063ec:	00478793          	addi	a5,a5,4
 80063f0:	0007a783          	lw	a5,0(a5)
 80063f4:	00078593          	mv	a1,a5
 80063f8:	00070513          	mv	a0,a4
 80063fc:	e41ff0ef          	jal	ra,800623c <dir_lookup>
 8006400:	fea42223          	sw	a0,-28(s0)
 8006404:	fe442703          	lw	a4,-28(s0)
 8006408:	fff00793          	li	a5,-1
 800640c:	02f71a63          	bne	a4,a5,8006440 <main+0x120>
 8006410:	080077b7          	lui	a5,0x8007
 8006414:	adc7a783          	lw	a5,-1316(a5) # 8006adc <earth>
 8006418:	0387a703          	lw	a4,56(a5)
 800641c:	fd842783          	lw	a5,-40(s0)
 8006420:	00478793          	addi	a5,a5,4
 8006424:	0007a783          	lw	a5,0(a5)
 8006428:	00078593          	mv	a1,a5
 800642c:	080077b7          	lui	a5,0x8007
 8006430:	ab478513          	addi	a0,a5,-1356 # 8006ab4 <strncat+0x134>
 8006434:	000700e7          	jalr	a4
 8006438:	fff00793          	li	a5,-1
 800643c:	1540006f          	j	8006590 <main+0x270>
 8006440:	080077b7          	lui	a5,0x8007
 8006444:	ad87a783          	lw	a5,-1320(a5) # 8006ad8 <grass>
 8006448:	fe442703          	lw	a4,-28(s0)
 800644c:	00e7a023          	sw	a4,0(a5)
 8006450:	fd842783          	lw	a5,-40(s0)
 8006454:	00478793          	addi	a5,a5,4
 8006458:	0007a783          	lw	a5,0(a5)
 800645c:	00078593          	mv	a1,a5
 8006460:	080077b7          	lui	a5,0x8007
 8006464:	ad078513          	addi	a0,a5,-1328 # 8006ad0 <strncat+0x150>
 8006468:	260000ef          	jal	ra,80066c8 <strcmp>
 800646c:	00050793          	mv	a5,a0
 8006470:	00079663          	bnez	a5,800647c <main+0x15c>
 8006474:	00000793          	li	a5,0
 8006478:	1180006f          	j	8006590 <main+0x270>
 800647c:	080077b7          	lui	a5,0x8007
 8006480:	ad87a783          	lw	a5,-1320(a5) # 8006ad8 <grass>
 8006484:	00478793          	addi	a5,a5,4
 8006488:	00078513          	mv	a0,a5
 800648c:	468000ef          	jal	ra,80068f4 <strlen>
 8006490:	00050793          	mv	a5,a0
 8006494:	fef42623          	sw	a5,-20(s0)
 8006498:	fd842783          	lw	a5,-40(s0)
 800649c:	00478793          	addi	a5,a5,4
 80064a0:	0007a783          	lw	a5,0(a5)
 80064a4:	00078593          	mv	a1,a5
 80064a8:	080077b7          	lui	a5,0x8007
 80064ac:	ad478513          	addi	a0,a5,-1324 # 8006ad4 <strncat+0x154>
 80064b0:	218000ef          	jal	ra,80066c8 <strcmp>
 80064b4:	00050793          	mv	a5,a0
 80064b8:	08078e63          	beqz	a5,8006554 <main+0x234>
 80064bc:	fec42703          	lw	a4,-20(s0)
 80064c0:	00100793          	li	a5,1
 80064c4:	02e7d663          	bge	a5,a4,80064f0 <main+0x1d0>
 80064c8:	080077b7          	lui	a5,0x8007
 80064cc:	ad87a783          	lw	a5,-1320(a5) # 8006ad8 <grass>
 80064d0:	00478493          	addi	s1,a5,4
 80064d4:	00048513          	mv	a0,s1
 80064d8:	41c000ef          	jal	ra,80068f4 <strlen>
 80064dc:	00050793          	mv	a5,a0
 80064e0:	00f487b3          	add	a5,s1,a5
 80064e4:	02f00713          	li	a4,47
 80064e8:	00e78023          	sb	a4,0(a5)
 80064ec:	000780a3          	sb	zero,1(a5)
 80064f0:	080077b7          	lui	a5,0x8007
 80064f4:	ad87a783          	lw	a5,-1320(a5) # 8006ad8 <grass>
 80064f8:	00478493          	addi	s1,a5,4
 80064fc:	fd842783          	lw	a5,-40(s0)
 8006500:	00478793          	addi	a5,a5,4
 8006504:	0007a903          	lw	s2,0(a5)
 8006508:	fd842783          	lw	a5,-40(s0)
 800650c:	00478793          	addi	a5,a5,4
 8006510:	0007a783          	lw	a5,0(a5)
 8006514:	00078513          	mv	a0,a5
 8006518:	3dc000ef          	jal	ra,80068f4 <strlen>
 800651c:	00050793          	mv	a5,a0
 8006520:	fff78793          	addi	a5,a5,-1
 8006524:	00078613          	mv	a2,a5
 8006528:	00090593          	mv	a1,s2
 800652c:	00048513          	mv	a0,s1
 8006530:	450000ef          	jal	ra,8006980 <strncat>
 8006534:	0580006f          	j	800658c <main+0x26c>
 8006538:	080077b7          	lui	a5,0x8007
 800653c:	ad87a703          	lw	a4,-1320(a5) # 8006ad8 <grass>
 8006540:	fec42783          	lw	a5,-20(s0)
 8006544:	fff78693          	addi	a3,a5,-1
 8006548:	fed42623          	sw	a3,-20(s0)
 800654c:	00f707b3          	add	a5,a4,a5
 8006550:	00078223          	sb	zero,4(a5)
 8006554:	080077b7          	lui	a5,0x8007
 8006558:	ad87a703          	lw	a4,-1320(a5) # 8006ad8 <grass>
 800655c:	fec42783          	lw	a5,-20(s0)
 8006560:	00f707b3          	add	a5,a4,a5
 8006564:	0047c703          	lbu	a4,4(a5)
 8006568:	02f00793          	li	a5,47
 800656c:	fcf716e3          	bne	a4,a5,8006538 <main+0x218>
 8006570:	fec42783          	lw	a5,-20(s0)
 8006574:	00078c63          	beqz	a5,800658c <main+0x26c>
 8006578:	080077b7          	lui	a5,0x8007
 800657c:	ad87a703          	lw	a4,-1320(a5) # 8006ad8 <grass>
 8006580:	fec42783          	lw	a5,-20(s0)
 8006584:	00f707b3          	add	a5,a4,a5
 8006588:	00078223          	sb	zero,4(a5)
 800658c:	00000793          	li	a5,0
 8006590:	00078513          	mv	a0,a5
 8006594:	02c12083          	lw	ra,44(sp)
 8006598:	02812403          	lw	s0,40(sp)
 800659c:	02412483          	lw	s1,36(sp)
 80065a0:	02012903          	lw	s2,32(sp)
 80065a4:	03010113          	addi	sp,sp,48
 80065a8:	00008067          	ret

080065ac <memcpy>:
memcpy():
 80065ac:	00a5c7b3          	xor	a5,a1,a0
 80065b0:	0037f793          	andi	a5,a5,3
 80065b4:	00c508b3          	add	a7,a0,a2
 80065b8:	06079263          	bnez	a5,800661c <memcpy+0x70>
 80065bc:	00300793          	li	a5,3
 80065c0:	04c7fe63          	bgeu	a5,a2,800661c <memcpy+0x70>
 80065c4:	00357793          	andi	a5,a0,3
 80065c8:	00050713          	mv	a4,a0
 80065cc:	06079863          	bnez	a5,800663c <memcpy+0x90>
 80065d0:	ffc8f613          	andi	a2,a7,-4
 80065d4:	fe060793          	addi	a5,a2,-32
 80065d8:	08f76c63          	bltu	a4,a5,8006670 <memcpy+0xc4>
 80065dc:	02c77c63          	bgeu	a4,a2,8006614 <memcpy+0x68>
 80065e0:	00058693          	mv	a3,a1
 80065e4:	00070793          	mv	a5,a4
 80065e8:	0006a803          	lw	a6,0(a3)
 80065ec:	00478793          	addi	a5,a5,4
 80065f0:	00468693          	addi	a3,a3,4
 80065f4:	ff07ae23          	sw	a6,-4(a5)
 80065f8:	fec7e8e3          	bltu	a5,a2,80065e8 <memcpy+0x3c>
 80065fc:	fff60793          	addi	a5,a2,-1
 8006600:	40e787b3          	sub	a5,a5,a4
 8006604:	ffc7f793          	andi	a5,a5,-4
 8006608:	00478793          	addi	a5,a5,4
 800660c:	00f70733          	add	a4,a4,a5
 8006610:	00f585b3          	add	a1,a1,a5
 8006614:	01176863          	bltu	a4,a7,8006624 <memcpy+0x78>
 8006618:	00008067          	ret
 800661c:	00050713          	mv	a4,a0
 8006620:	ff157ce3          	bgeu	a0,a7,8006618 <memcpy+0x6c>
 8006624:	0005c783          	lbu	a5,0(a1)
 8006628:	00170713          	addi	a4,a4,1
 800662c:	00158593          	addi	a1,a1,1
 8006630:	fef70fa3          	sb	a5,-1(a4)
 8006634:	ff1768e3          	bltu	a4,a7,8006624 <memcpy+0x78>
 8006638:	00008067          	ret
 800663c:	0005c683          	lbu	a3,0(a1)
 8006640:	00170713          	addi	a4,a4,1
 8006644:	00377793          	andi	a5,a4,3
 8006648:	fed70fa3          	sb	a3,-1(a4)
 800664c:	00158593          	addi	a1,a1,1
 8006650:	f80780e3          	beqz	a5,80065d0 <memcpy+0x24>
 8006654:	0005c683          	lbu	a3,0(a1)
 8006658:	00170713          	addi	a4,a4,1
 800665c:	00377793          	andi	a5,a4,3
 8006660:	fed70fa3          	sb	a3,-1(a4)
 8006664:	00158593          	addi	a1,a1,1
 8006668:	fc079ae3          	bnez	a5,800663c <memcpy+0x90>
 800666c:	f65ff06f          	j	80065d0 <memcpy+0x24>
 8006670:	0005a683          	lw	a3,0(a1)
 8006674:	0045a283          	lw	t0,4(a1)
 8006678:	0085af83          	lw	t6,8(a1)
 800667c:	00c5af03          	lw	t5,12(a1)
 8006680:	0105ae83          	lw	t4,16(a1)
 8006684:	0145ae03          	lw	t3,20(a1)
 8006688:	0185a303          	lw	t1,24(a1)
 800668c:	01c5a803          	lw	a6,28(a1)
 8006690:	02458593          	addi	a1,a1,36
 8006694:	00d72023          	sw	a3,0(a4)
 8006698:	ffc5a683          	lw	a3,-4(a1)
 800669c:	00572223          	sw	t0,4(a4)
 80066a0:	01f72423          	sw	t6,8(a4)
 80066a4:	01e72623          	sw	t5,12(a4)
 80066a8:	01d72823          	sw	t4,16(a4)
 80066ac:	01c72a23          	sw	t3,20(a4)
 80066b0:	00672c23          	sw	t1,24(a4)
 80066b4:	01072e23          	sw	a6,28(a4)
 80066b8:	02470713          	addi	a4,a4,36
 80066bc:	fed72e23          	sw	a3,-4(a4)
 80066c0:	faf768e3          	bltu	a4,a5,8006670 <memcpy+0xc4>
 80066c4:	f19ff06f          	j	80065dc <memcpy+0x30>

080066c8 <strcmp>:
strcmp():
 80066c8:	00b56733          	or	a4,a0,a1
 80066cc:	fff00393          	li	t2,-1
 80066d0:	00377713          	andi	a4,a4,3
 80066d4:	10071063          	bnez	a4,80067d4 <strcmp+0x10c>
 80066d8:	7f7f87b7          	lui	a5,0x7f7f8
 80066dc:	f7f78793          	addi	a5,a5,-129 # 7f7f7f7f <__heap_end+0x777eff7f>
 80066e0:	00052603          	lw	a2,0(a0)
 80066e4:	0005a683          	lw	a3,0(a1)
 80066e8:	00f672b3          	and	t0,a2,a5
 80066ec:	00f66333          	or	t1,a2,a5
 80066f0:	00f282b3          	add	t0,t0,a5
 80066f4:	0062e2b3          	or	t0,t0,t1
 80066f8:	10729263          	bne	t0,t2,80067fc <strcmp+0x134>
 80066fc:	08d61663          	bne	a2,a3,8006788 <strcmp+0xc0>
 8006700:	00452603          	lw	a2,4(a0)
 8006704:	0045a683          	lw	a3,4(a1)
 8006708:	00f672b3          	and	t0,a2,a5
 800670c:	00f66333          	or	t1,a2,a5
 8006710:	00f282b3          	add	t0,t0,a5
 8006714:	0062e2b3          	or	t0,t0,t1
 8006718:	0c729e63          	bne	t0,t2,80067f4 <strcmp+0x12c>
 800671c:	06d61663          	bne	a2,a3,8006788 <strcmp+0xc0>
 8006720:	00852603          	lw	a2,8(a0)
 8006724:	0085a683          	lw	a3,8(a1)
 8006728:	00f672b3          	and	t0,a2,a5
 800672c:	00f66333          	or	t1,a2,a5
 8006730:	00f282b3          	add	t0,t0,a5
 8006734:	0062e2b3          	or	t0,t0,t1
 8006738:	0c729863          	bne	t0,t2,8006808 <strcmp+0x140>
 800673c:	04d61663          	bne	a2,a3,8006788 <strcmp+0xc0>
 8006740:	00c52603          	lw	a2,12(a0)
 8006744:	00c5a683          	lw	a3,12(a1)
 8006748:	00f672b3          	and	t0,a2,a5
 800674c:	00f66333          	or	t1,a2,a5
 8006750:	00f282b3          	add	t0,t0,a5
 8006754:	0062e2b3          	or	t0,t0,t1
 8006758:	0c729263          	bne	t0,t2,800681c <strcmp+0x154>
 800675c:	02d61663          	bne	a2,a3,8006788 <strcmp+0xc0>
 8006760:	01052603          	lw	a2,16(a0)
 8006764:	0105a683          	lw	a3,16(a1)
 8006768:	00f672b3          	and	t0,a2,a5
 800676c:	00f66333          	or	t1,a2,a5
 8006770:	00f282b3          	add	t0,t0,a5
 8006774:	0062e2b3          	or	t0,t0,t1
 8006778:	0a729c63          	bne	t0,t2,8006830 <strcmp+0x168>
 800677c:	01450513          	addi	a0,a0,20
 8006780:	01458593          	addi	a1,a1,20
 8006784:	f4d60ee3          	beq	a2,a3,80066e0 <strcmp+0x18>
 8006788:	01061713          	slli	a4,a2,0x10
 800678c:	01069793          	slli	a5,a3,0x10
 8006790:	00f71e63          	bne	a4,a5,80067ac <strcmp+0xe4>
 8006794:	01065713          	srli	a4,a2,0x10
 8006798:	0106d793          	srli	a5,a3,0x10
 800679c:	40f70533          	sub	a0,a4,a5
 80067a0:	0ff57593          	andi	a1,a0,255
 80067a4:	02059063          	bnez	a1,80067c4 <strcmp+0xfc>
 80067a8:	00008067          	ret
 80067ac:	01075713          	srli	a4,a4,0x10
 80067b0:	0107d793          	srli	a5,a5,0x10
 80067b4:	40f70533          	sub	a0,a4,a5
 80067b8:	0ff57593          	andi	a1,a0,255
 80067bc:	00059463          	bnez	a1,80067c4 <strcmp+0xfc>
 80067c0:	00008067          	ret
 80067c4:	0ff77713          	andi	a4,a4,255
 80067c8:	0ff7f793          	andi	a5,a5,255
 80067cc:	40f70533          	sub	a0,a4,a5
 80067d0:	00008067          	ret
 80067d4:	00054603          	lbu	a2,0(a0)
 80067d8:	0005c683          	lbu	a3,0(a1)
 80067dc:	00150513          	addi	a0,a0,1
 80067e0:	00158593          	addi	a1,a1,1
 80067e4:	00d61463          	bne	a2,a3,80067ec <strcmp+0x124>
 80067e8:	fe0616e3          	bnez	a2,80067d4 <strcmp+0x10c>
 80067ec:	40d60533          	sub	a0,a2,a3
 80067f0:	00008067          	ret
 80067f4:	00450513          	addi	a0,a0,4
 80067f8:	00458593          	addi	a1,a1,4
 80067fc:	fcd61ce3          	bne	a2,a3,80067d4 <strcmp+0x10c>
 8006800:	00000513          	li	a0,0
 8006804:	00008067          	ret
 8006808:	00850513          	addi	a0,a0,8
 800680c:	00858593          	addi	a1,a1,8
 8006810:	fcd612e3          	bne	a2,a3,80067d4 <strcmp+0x10c>
 8006814:	00000513          	li	a0,0
 8006818:	00008067          	ret
 800681c:	00c50513          	addi	a0,a0,12
 8006820:	00c58593          	addi	a1,a1,12
 8006824:	fad618e3          	bne	a2,a3,80067d4 <strcmp+0x10c>
 8006828:	00000513          	li	a0,0
 800682c:	00008067          	ret
 8006830:	01050513          	addi	a0,a0,16
 8006834:	01058593          	addi	a1,a1,16
 8006838:	f8d61ee3          	bne	a2,a3,80067d4 <strcmp+0x10c>
 800683c:	00000513          	li	a0,0
 8006840:	00008067          	ret

08006844 <strcpy>:
strcpy():
 8006844:	00b567b3          	or	a5,a0,a1
 8006848:	0037f793          	andi	a5,a5,3
 800684c:	08079263          	bnez	a5,80068d0 <strcpy+0x8c>
 8006850:	0005a703          	lw	a4,0(a1)
 8006854:	7f7f86b7          	lui	a3,0x7f7f8
 8006858:	f7f68693          	addi	a3,a3,-129 # 7f7f7f7f <__heap_end+0x777eff7f>
 800685c:	00d777b3          	and	a5,a4,a3
 8006860:	00d787b3          	add	a5,a5,a3
 8006864:	00e7e7b3          	or	a5,a5,a4
 8006868:	00d7e7b3          	or	a5,a5,a3
 800686c:	fff00613          	li	a2,-1
 8006870:	06c79e63          	bne	a5,a2,80068ec <strcpy+0xa8>
 8006874:	00050613          	mv	a2,a0
 8006878:	fff00813          	li	a6,-1
 800687c:	00460613          	addi	a2,a2,4
 8006880:	00458593          	addi	a1,a1,4
 8006884:	fee62e23          	sw	a4,-4(a2)
 8006888:	0005a703          	lw	a4,0(a1)
 800688c:	00d777b3          	and	a5,a4,a3
 8006890:	00d787b3          	add	a5,a5,a3
 8006894:	00e7e7b3          	or	a5,a5,a4
 8006898:	00d7e7b3          	or	a5,a5,a3
 800689c:	ff0780e3          	beq	a5,a6,800687c <strcpy+0x38>
 80068a0:	0005c783          	lbu	a5,0(a1)
 80068a4:	0015c703          	lbu	a4,1(a1)
 80068a8:	0025c683          	lbu	a3,2(a1)
 80068ac:	00f60023          	sb	a5,0(a2)
 80068b0:	00078a63          	beqz	a5,80068c4 <strcpy+0x80>
 80068b4:	00e600a3          	sb	a4,1(a2)
 80068b8:	00070663          	beqz	a4,80068c4 <strcpy+0x80>
 80068bc:	00d60123          	sb	a3,2(a2)
 80068c0:	00069463          	bnez	a3,80068c8 <strcpy+0x84>
 80068c4:	00008067          	ret
 80068c8:	000601a3          	sb	zero,3(a2)
 80068cc:	00008067          	ret
 80068d0:	00050793          	mv	a5,a0
 80068d4:	0005c703          	lbu	a4,0(a1)
 80068d8:	00178793          	addi	a5,a5,1
 80068dc:	00158593          	addi	a1,a1,1
 80068e0:	fee78fa3          	sb	a4,-1(a5)
 80068e4:	fe0718e3          	bnez	a4,80068d4 <strcpy+0x90>
 80068e8:	00008067          	ret
 80068ec:	00050613          	mv	a2,a0
 80068f0:	fb1ff06f          	j	80068a0 <strcpy+0x5c>

080068f4 <strlen>:
strlen():
 80068f4:	00357793          	andi	a5,a0,3
 80068f8:	00050713          	mv	a4,a0
 80068fc:	04079c63          	bnez	a5,8006954 <strlen+0x60>
 8006900:	7f7f86b7          	lui	a3,0x7f7f8
 8006904:	f7f68693          	addi	a3,a3,-129 # 7f7f7f7f <__heap_end+0x777eff7f>
 8006908:	fff00593          	li	a1,-1
 800690c:	00470713          	addi	a4,a4,4
 8006910:	ffc72603          	lw	a2,-4(a4)
 8006914:	00d677b3          	and	a5,a2,a3
 8006918:	00d787b3          	add	a5,a5,a3
 800691c:	00c7e7b3          	or	a5,a5,a2
 8006920:	00d7e7b3          	or	a5,a5,a3
 8006924:	feb784e3          	beq	a5,a1,800690c <strlen+0x18>
 8006928:	ffc74683          	lbu	a3,-4(a4)
 800692c:	40a707b3          	sub	a5,a4,a0
 8006930:	ffd74603          	lbu	a2,-3(a4)
 8006934:	ffe74503          	lbu	a0,-2(a4)
 8006938:	04068063          	beqz	a3,8006978 <strlen+0x84>
 800693c:	02060a63          	beqz	a2,8006970 <strlen+0x7c>
 8006940:	00a03533          	snez	a0,a0
 8006944:	00f50533          	add	a0,a0,a5
 8006948:	ffe50513          	addi	a0,a0,-2
 800694c:	00008067          	ret
 8006950:	fa0688e3          	beqz	a3,8006900 <strlen+0xc>
 8006954:	00074783          	lbu	a5,0(a4)
 8006958:	00170713          	addi	a4,a4,1
 800695c:	00377693          	andi	a3,a4,3
 8006960:	fe0798e3          	bnez	a5,8006950 <strlen+0x5c>
 8006964:	40a70733          	sub	a4,a4,a0
 8006968:	fff70513          	addi	a0,a4,-1
 800696c:	00008067          	ret
 8006970:	ffd78513          	addi	a0,a5,-3
 8006974:	00008067          	ret
 8006978:	ffc78513          	addi	a0,a5,-4
 800697c:	00008067          	ret

08006980 <strncat>:
strncat():
 8006980:	00357713          	andi	a4,a0,3
 8006984:	00050793          	mv	a5,a0
 8006988:	06071863          	bnez	a4,80069f8 <strncat+0x78>
 800698c:	00052783          	lw	a5,0(a0)
 8006990:	feff08b7          	lui	a7,0xfeff0
 8006994:	eff88893          	addi	a7,a7,-257 # fefefeff <__heap_end+0xf6fe7eff>
 8006998:	fff7c713          	not	a4,a5
 800699c:	80808837          	lui	a6,0x80808
 80069a0:	011787b3          	add	a5,a5,a7
 80069a4:	00f77733          	and	a4,a4,a5
 80069a8:	08080813          	addi	a6,a6,128 # 80808080 <__heap_end+0x78800080>
 80069ac:	01077733          	and	a4,a4,a6
 80069b0:	00050793          	mv	a5,a0
 80069b4:	04071263          	bnez	a4,80069f8 <strncat+0x78>
 80069b8:	00478793          	addi	a5,a5,4
 80069bc:	0007a683          	lw	a3,0(a5)
 80069c0:	01168733          	add	a4,a3,a7
 80069c4:	fff6c693          	not	a3,a3
 80069c8:	00d77733          	and	a4,a4,a3
 80069cc:	01077733          	and	a4,a4,a6
 80069d0:	02071463          	bnez	a4,80069f8 <strncat+0x78>
 80069d4:	00478793          	addi	a5,a5,4
 80069d8:	0007a683          	lw	a3,0(a5)
 80069dc:	01168733          	add	a4,a3,a7
 80069e0:	fff6c693          	not	a3,a3
 80069e4:	00d77733          	and	a4,a4,a3
 80069e8:	01077733          	and	a4,a4,a6
 80069ec:	fc0706e3          	beqz	a4,80069b8 <strncat+0x38>
 80069f0:	0080006f          	j	80069f8 <strncat+0x78>
 80069f4:	00178793          	addi	a5,a5,1
 80069f8:	0007c703          	lbu	a4,0(a5)
 80069fc:	fe071ce3          	bnez	a4,80069f4 <strncat+0x74>
 8006a00:	00c586b3          	add	a3,a1,a2
 8006a04:	00178793          	addi	a5,a5,1
 8006a08:	fff60613          	addi	a2,a2,-1
 8006a0c:	02d58063          	beq	a1,a3,8006a2c <strncat+0xac>
 8006a10:	00158593          	addi	a1,a1,1
 8006a14:	fff5c703          	lbu	a4,-1(a1)
 8006a18:	fee78fa3          	sb	a4,-1(a5)
 8006a1c:	00070863          	beqz	a4,8006a2c <strncat+0xac>
 8006a20:	fe0612e3          	bnez	a2,8006a04 <strncat+0x84>
 8006a24:	00078023          	sb	zero,0(a5)
 8006a28:	00008067          	ret
 8006a2c:	00008067          	ret
