
build/release/clock.elf:     file format elf32-littleriscv
build/release/clock.elf
architecture: riscv:rv32, flags 0x00000112:
EXEC_P, HAS_SYMS, D_PAGED
start address 0x08006200

Program Header:
    LOAD off    0x00000200 vaddr 0x08006200 paddr 0x08006200 align 2**12
         filesz 0x000009d4 memsz 0x000011d8 flags rwx

Sections:
Idx Name              Size      VMA       LMA       File off  Algn  Flags
  0 .text             00000480  08006200  08006200  00000200  2**3  CONTENTS, ALLOC, LOAD, READONLY, CODE
  1 .rodata           00000120  08006680  08006680  00000680  2**3  CONTENTS, ALLOC, LOAD, READONLY, DATA
  2 .data             00000434  080067a0  080067a0  000007a0  2**3  CONTENTS, ALLOC, LOAD, DATA
  3 .heap             00000800  08006bd8  08006bd8  00000bd4  2**3  ALLOC
  4 .riscv.attributes 0000001c  00000000  00000000  00000bd4  2**0  CONTENTS, READONLY
  5 .comment          00000028  00000000  00000000  00000bf0  2**0  CONTENTS, READONLY
  6 .debug_line       00000202  00000000  00000000  00000c18  2**0  CONTENTS, READONLY, DEBUGGING
  7 .debug_info       0000004c  00000000  00000000  00000e1a  2**0  CONTENTS, READONLY, DEBUGGING
  8 .debug_abbrev     00000028  00000000  00000000  00000e66  2**0  CONTENTS, READONLY, DEBUGGING
  9 .debug_aranges    00000040  00000000  00000000  00000e90  2**3  CONTENTS, READONLY, DEBUGGING
 10 .debug_str        00000141  00000000  00000000  00000ed0  2**0  CONTENTS, READONLY, DEBUGGING
SYMBOL TABLE:
08006200 l    d  .text	00000000 .text
08006680 l    d  .rodata	00000000 .rodata
080067a0 l    d  .data	00000000 .data
08006bd8 l    d  .heap	00000000 .heap
00000000 l    d  .riscv.attributes	00000000 .riscv.attributes
00000000 l    d  .comment	00000000 .comment
00000000 l    d  .debug_line	00000000 .debug_line
00000000 l    d  .debug_info	00000000 .debug_info
00000000 l    d  .debug_abbrev	00000000 .debug_abbrev
00000000 l    d  .debug_aranges	00000000 .debug_aranges
00000000 l    d  .debug_str	00000000 .debug_str
00000000 l    df *ABS*	00000000 servers.c
00000000 l    df *ABS*	00000000 clock.c
00000000 l    df *ABS*	00000000 atoi.c
00000000 l    df *ABS*	00000000 strtol.c
08006320 l     F .text	0000024c _strtol_l.isra.0
00000000 l    df *ABS*	00000000 ctype_.c
00000000 l    df *ABS*	00000000 impure.c
080067a0 l     O .data	00000428 impure_data
080065d4 g     F .text	00000048 .hidden __udivsi3
08006bcc g     O .data	00000004 earth
08006570 g     F .text	0000001c strtol_l
0800658c g     F .text	0000001c strtol
00000800 g       *ABS*	00000000 __heap_size
0800661c g     F .text	00000010 .hidden __umodsi3
08006314 g     F .text	0000000c _atoi_r
08006bc8 g     O .data	00000004 grass
080065a8 g     F .text	00000024 .hidden __mulsi3
0800623c g     F .text	000000cc main
0800656c g     F .text	00000004 _strtol_r
080065cc g     F .text	00000084 .hidden __divsi3
08006200 g       .text	00000000 _enter
08008000 g       *ABS*	00000000 __heap_end
08006bd0 g     O .data	00000004 _impure_ptr
08006bd8 g       .heap	00000000 __heap_start
08006210 g     F .text	0000002c exit
08006650 g     F .text	00000030 .hidden __modsi3
08006308 g     F .text	0000000c atoi
08006698 g     O .rodata	00000101 _ctype_



Disassembly of section .text:

08006200 <_enter>:
_enter():
 8006200:	00052503          	lw	a0,0(a0)
 8006204:	80002137          	lui	sp,0x80002
 8006208:	034000ef          	jal	ra,800623c <main>
 800620c:	004000ef          	jal	ra,8006210 <exit>

08006210 <exit>:
exit():
 8006210:	fe010113          	addi	sp,sp,-32 # 80001fe0 <__heap_end+0x77ff9fe0>
 8006214:	00112e23          	sw	ra,28(sp)
 8006218:	00812c23          	sw	s0,24(sp)
 800621c:	02010413          	addi	s0,sp,32
 8006220:	fea42623          	sw	a0,-20(s0)
 8006224:	080077b7          	lui	a5,0x8007
 8006228:	bc87a783          	lw	a5,-1080(a5) # 8006bc8 <grass>
 800622c:	0a47a783          	lw	a5,164(a5)
 8006230:	fec42503          	lw	a0,-20(s0)
 8006234:	000780e7          	jalr	a5
 8006238:	0000006f          	j	8006238 <exit+0x28>

0800623c <main>:
main():
 800623c:	fd010113          	addi	sp,sp,-48
 8006240:	02112623          	sw	ra,44(sp)
 8006244:	02812423          	sw	s0,40(sp)
 8006248:	03010413          	addi	s0,sp,48
 800624c:	fca42e23          	sw	a0,-36(s0)
 8006250:	fcb42c23          	sw	a1,-40(s0)
 8006254:	fdc42703          	lw	a4,-36(s0)
 8006258:	00100793          	li	a5,1
 800625c:	02f70063          	beq	a4,a5,800627c <main+0x40>
 8006260:	fd842783          	lw	a5,-40(s0)
 8006264:	00478793          	addi	a5,a5,4
 8006268:	0007a783          	lw	a5,0(a5)
 800626c:	00078513          	mv	a0,a5
 8006270:	098000ef          	jal	ra,8006308 <atoi>
 8006274:	00050793          	mv	a5,a0
 8006278:	0080006f          	j	8006280 <main+0x44>
 800627c:	3e800793          	li	a5,1000
 8006280:	fef42223          	sw	a5,-28(s0)
 8006284:	fe042623          	sw	zero,-20(s0)
 8006288:	05c0006f          	j	80062e4 <main+0xa8>
 800628c:	fe042423          	sw	zero,-24(s0)
 8006290:	0100006f          	j	80062a0 <main+0x64>
 8006294:	fe842783          	lw	a5,-24(s0)
 8006298:	00178793          	addi	a5,a5,1
 800629c:	fef42423          	sw	a5,-24(s0)
 80062a0:	fe842703          	lw	a4,-24(s0)
 80062a4:	004c57b7          	lui	a5,0x4c5
 80062a8:	b3f78793          	addi	a5,a5,-1217 # 4c4b3f <__heap_size+0x4c433f>
 80062ac:	fee7d4e3          	bge	a5,a4,8006294 <main+0x58>
 80062b0:	080077b7          	lui	a5,0x8007
 80062b4:	bcc7a783          	lw	a5,-1076(a5) # 8006bcc <earth>
 80062b8:	0347a703          	lw	a4,52(a5)
 80062bc:	fec42783          	lw	a5,-20(s0)
 80062c0:	00178793          	addi	a5,a5,1
 80062c4:	fe442603          	lw	a2,-28(s0)
 80062c8:	00078593          	mv	a1,a5
 80062cc:	080067b7          	lui	a5,0x8006
 80062d0:	68078513          	addi	a0,a5,1664 # 8006680 <__modsi3+0x30>
 80062d4:	000700e7          	jalr	a4
 80062d8:	fec42783          	lw	a5,-20(s0)
 80062dc:	00178793          	addi	a5,a5,1
 80062e0:	fef42623          	sw	a5,-20(s0)
 80062e4:	fec42703          	lw	a4,-20(s0)
 80062e8:	fe442783          	lw	a5,-28(s0)
 80062ec:	faf740e3          	blt	a4,a5,800628c <main+0x50>
 80062f0:	00000793          	li	a5,0
 80062f4:	00078513          	mv	a0,a5
 80062f8:	02c12083          	lw	ra,44(sp)
 80062fc:	02812403          	lw	s0,40(sp)
 8006300:	03010113          	addi	sp,sp,48
 8006304:	00008067          	ret

08006308 <atoi>:
atoi():
 8006308:	00a00613          	li	a2,10
 800630c:	00000593          	li	a1,0
 8006310:	27c0006f          	j	800658c <strtol>

08006314 <_atoi_r>:
_atoi_r():
 8006314:	00a00693          	li	a3,10
 8006318:	00000613          	li	a2,0
 800631c:	2500006f          	j	800656c <_strtol_r>

08006320 <_strtol_l.isra.0>:
_strtol_l.isra.0():
 8006320:	fb010113          	addi	sp,sp,-80
 8006324:	03412c23          	sw	s4,56(sp)
 8006328:	03512a23          	sw	s5,52(sp)
 800632c:	03912223          	sw	s9,36(sp)
 8006330:	04112623          	sw	ra,76(sp)
 8006334:	00068c93          	mv	s9,a3
 8006338:	04812423          	sw	s0,72(sp)
 800633c:	04912223          	sw	s1,68(sp)
 8006340:	05212023          	sw	s2,64(sp)
 8006344:	03312e23          	sw	s3,60(sp)
 8006348:	03612823          	sw	s6,48(sp)
 800634c:	03712623          	sw	s7,44(sp)
 8006350:	03812423          	sw	s8,40(sp)
 8006354:	03a12023          	sw	s10,32(sp)
 8006358:	01b12e23          	sw	s11,28(sp)
 800635c:	00058a13          	mv	s4,a1
 8006360:	00a12623          	sw	a0,12(sp)
 8006364:	00060a93          	mv	s5,a2
 8006368:	00058793          	mv	a5,a1
 800636c:	00000697          	auipc	a3,0x0
 8006370:	32d68693          	addi	a3,a3,813 # 8006699 <_ctype_+0x1>
 8006374:	0080006f          	j	800637c <_strtol_l.isra.0+0x5c>
 8006378:	00048793          	mv	a5,s1
 800637c:	00178493          	addi	s1,a5,1
 8006380:	fff4c403          	lbu	s0,-1(s1)
 8006384:	00868733          	add	a4,a3,s0
 8006388:	00074703          	lbu	a4,0(a4)
 800638c:	00877713          	andi	a4,a4,8
 8006390:	fe0714e3          	bnez	a4,8006378 <_strtol_l.isra.0+0x58>
 8006394:	02d00713          	li	a4,45
 8006398:	16e40863          	beq	s0,a4,8006508 <_strtol_l.isra.0+0x1e8>
 800639c:	02b00713          	li	a4,43
 80063a0:	00000b93          	li	s7,0
 80063a4:	10e40e63          	beq	s0,a4,80064c0 <_strtol_l.isra.0+0x1a0>
 80063a8:	120c8463          	beqz	s9,80064d0 <_strtol_l.isra.0+0x1b0>
 80063ac:	01000793          	li	a5,16
 80063b0:	000c8913          	mv	s2,s9
 80063b4:	16fc8263          	beq	s9,a5,8006518 <_strtol_l.isra.0+0x1f8>
 80063b8:	800009b7          	lui	s3,0x80000
 80063bc:	000b9463          	bnez	s7,80063c4 <_strtol_l.isra.0+0xa4>
 80063c0:	fff9c993          	not	s3,s3
 80063c4:	00090593          	mv	a1,s2
 80063c8:	00098513          	mv	a0,s3
 80063cc:	250000ef          	jal	ra,800661c <__umodsi3>
 80063d0:	00a12423          	sw	a0,8(sp)
 80063d4:	00090593          	mv	a1,s2
 80063d8:	00098513          	mv	a0,s3
 80063dc:	1f8000ef          	jal	ra,80065d4 <__udivsi3>
 80063e0:	00900d13          	li	s10,9
 80063e4:	fd040793          	addi	a5,s0,-48
 80063e8:	00050c13          	mv	s8,a0
 80063ec:	00000713          	li	a4,0
 80063f0:	00000593          	li	a1,0
 80063f4:	01900b13          	li	s6,25
 80063f8:	fff00d93          	li	s11,-1
 80063fc:	02fd6e63          	bltu	s10,a5,8006438 <_strtol_l.isra.0+0x118>
 8006400:	00078413          	mv	s0,a5
 8006404:	05945263          	bge	s0,s9,8006448 <_strtol_l.isra.0+0x128>
 8006408:	03b70063          	beq	a4,s11,8006428 <_strtol_l.isra.0+0x108>
 800640c:	fff00713          	li	a4,-1
 8006410:	00bc6c63          	bltu	s8,a1,8006428 <_strtol_l.isra.0+0x108>
 8006414:	0abc0063          	beq	s8,a1,80064b4 <_strtol_l.isra.0+0x194>
 8006418:	00090513          	mv	a0,s2
 800641c:	18c000ef          	jal	ra,80065a8 <__mulsi3>
 8006420:	00a405b3          	add	a1,s0,a0
 8006424:	00100713          	li	a4,1
 8006428:	00148493          	addi	s1,s1,1
 800642c:	fff4c403          	lbu	s0,-1(s1)
 8006430:	fd040793          	addi	a5,s0,-48
 8006434:	fcfd76e3          	bgeu	s10,a5,8006400 <_strtol_l.isra.0+0xe0>
 8006438:	fbf40793          	addi	a5,s0,-65
 800643c:	06fb6463          	bltu	s6,a5,80064a4 <_strtol_l.isra.0+0x184>
 8006440:	fc940413          	addi	s0,s0,-55
 8006444:	fd9442e3          	blt	s0,s9,8006408 <_strtol_l.isra.0+0xe8>
 8006448:	fff00793          	li	a5,-1
 800644c:	08f70c63          	beq	a4,a5,80064e4 <_strtol_l.isra.0+0x1c4>
 8006450:	000b8463          	beqz	s7,8006458 <_strtol_l.isra.0+0x138>
 8006454:	40b005b3          	neg	a1,a1
 8006458:	000a8663          	beqz	s5,8006464 <_strtol_l.isra.0+0x144>
 800645c:	0c071e63          	bnez	a4,8006538 <_strtol_l.isra.0+0x218>
 8006460:	014aa023          	sw	s4,0(s5)
 8006464:	04c12083          	lw	ra,76(sp)
 8006468:	04812403          	lw	s0,72(sp)
 800646c:	04412483          	lw	s1,68(sp)
 8006470:	04012903          	lw	s2,64(sp)
 8006474:	03c12983          	lw	s3,60(sp)
 8006478:	03812a03          	lw	s4,56(sp)
 800647c:	03412a83          	lw	s5,52(sp)
 8006480:	03012b03          	lw	s6,48(sp)
 8006484:	02c12b83          	lw	s7,44(sp)
 8006488:	02812c03          	lw	s8,40(sp)
 800648c:	02412c83          	lw	s9,36(sp)
 8006490:	02012d03          	lw	s10,32(sp)
 8006494:	01c12d83          	lw	s11,28(sp)
 8006498:	00058513          	mv	a0,a1
 800649c:	05010113          	addi	sp,sp,80
 80064a0:	00008067          	ret
 80064a4:	f9f40793          	addi	a5,s0,-97
 80064a8:	fafb60e3          	bltu	s6,a5,8006448 <_strtol_l.isra.0+0x128>
 80064ac:	fa940413          	addi	s0,s0,-87
 80064b0:	f55ff06f          	j	8006404 <_strtol_l.isra.0+0xe4>
 80064b4:	00812783          	lw	a5,8(sp)
 80064b8:	f687c8e3          	blt	a5,s0,8006428 <_strtol_l.isra.0+0x108>
 80064bc:	f5dff06f          	j	8006418 <_strtol_l.isra.0+0xf8>
 80064c0:	0004c403          	lbu	s0,0(s1)
 80064c4:	00000b93          	li	s7,0
 80064c8:	00278493          	addi	s1,a5,2
 80064cc:	ee0c90e3          	bnez	s9,80063ac <_strtol_l.isra.0+0x8c>
 80064d0:	03000793          	li	a5,48
 80064d4:	06f40663          	beq	s0,a5,8006540 <_strtol_l.isra.0+0x220>
 80064d8:	00a00913          	li	s2,10
 80064dc:	00a00c93          	li	s9,10
 80064e0:	ed9ff06f          	j	80063b8 <_strtol_l.isra.0+0x98>
 80064e4:	00c12703          	lw	a4,12(sp)
 80064e8:	02200793          	li	a5,34
 80064ec:	00098593          	mv	a1,s3
 80064f0:	00f72023          	sw	a5,0(a4)
 80064f4:	f60a88e3          	beqz	s5,8006464 <_strtol_l.isra.0+0x144>
 80064f8:	fff48a13          	addi	s4,s1,-1
 80064fc:	00098593          	mv	a1,s3
 8006500:	014aa023          	sw	s4,0(s5)
 8006504:	f61ff06f          	j	8006464 <_strtol_l.isra.0+0x144>
 8006508:	0004c403          	lbu	s0,0(s1)
 800650c:	00100b93          	li	s7,1
 8006510:	00278493          	addi	s1,a5,2
 8006514:	e95ff06f          	j	80063a8 <_strtol_l.isra.0+0x88>
 8006518:	03000793          	li	a5,48
 800651c:	00f41a63          	bne	s0,a5,8006530 <_strtol_l.isra.0+0x210>
 8006520:	0004c783          	lbu	a5,0(s1)
 8006524:	05800713          	li	a4,88
 8006528:	0df7f793          	andi	a5,a5,223
 800652c:	02e78663          	beq	a5,a4,8006558 <_strtol_l.isra.0+0x238>
 8006530:	01000913          	li	s2,16
 8006534:	e85ff06f          	j	80063b8 <_strtol_l.isra.0+0x98>
 8006538:	00058993          	mv	s3,a1
 800653c:	fbdff06f          	j	80064f8 <_strtol_l.isra.0+0x1d8>
 8006540:	0004c783          	lbu	a5,0(s1)
 8006544:	05800713          	li	a4,88
 8006548:	00800913          	li	s2,8
 800654c:	0df7f793          	andi	a5,a5,223
 8006550:	00800c93          	li	s9,8
 8006554:	e6e792e3          	bne	a5,a4,80063b8 <_strtol_l.isra.0+0x98>
 8006558:	0014c403          	lbu	s0,1(s1)
 800655c:	01000913          	li	s2,16
 8006560:	00248493          	addi	s1,s1,2
 8006564:	01000c93          	li	s9,16
 8006568:	e51ff06f          	j	80063b8 <_strtol_l.isra.0+0x98>

0800656c <_strtol_r>:
_strtol_r():
 800656c:	db5ff06f          	j	8006320 <_strtol_l.isra.0>

08006570 <strtol_l>:
strtol_l():
 8006570:	00000797          	auipc	a5,0x0
 8006574:	66078793          	addi	a5,a5,1632 # 8006bd0 <_impure_ptr>
 8006578:	00060693          	mv	a3,a2
 800657c:	00058613          	mv	a2,a1
 8006580:	00050593          	mv	a1,a0
 8006584:	0007a503          	lw	a0,0(a5)
 8006588:	d99ff06f          	j	8006320 <_strtol_l.isra.0>

0800658c <strtol>:
strtol():
 800658c:	00000797          	auipc	a5,0x0
 8006590:	64478793          	addi	a5,a5,1604 # 8006bd0 <_impure_ptr>
 8006594:	00060693          	mv	a3,a2
 8006598:	00058613          	mv	a2,a1
 800659c:	00050593          	mv	a1,a0
 80065a0:	0007a503          	lw	a0,0(a5)
 80065a4:	d7dff06f          	j	8006320 <_strtol_l.isra.0>

080065a8 <__mulsi3>:
__mulsi3():
/scratch/jenkins/workspace/tpp-freedom-tools/tpp03--build-binary-packages--parameterized/obj/x86_64-linux-ubuntu14/build/riscv-gnu-toolchain/build-gcc-newlib-stage2/riscv64-unknown-elf/rv32i/ilp32/libgcc/../../../../../riscv-gcc/libgcc/config/riscv/muldi3.S:37
 80065a8:	00050613          	mv	a2,a0
/scratch/jenkins/workspace/tpp-freedom-tools/tpp03--build-binary-packages--parameterized/obj/x86_64-linux-ubuntu14/build/riscv-gnu-toolchain/build-gcc-newlib-stage2/riscv64-unknown-elf/rv32i/ilp32/libgcc/../../../../../riscv-gcc/libgcc/config/riscv/muldi3.S:38
 80065ac:	00000513          	li	a0,0
/scratch/jenkins/workspace/tpp-freedom-tools/tpp03--build-binary-packages--parameterized/obj/x86_64-linux-ubuntu14/build/riscv-gnu-toolchain/build-gcc-newlib-stage2/riscv64-unknown-elf/rv32i/ilp32/libgcc/../../../../../riscv-gcc/libgcc/config/riscv/muldi3.S:40
 80065b0:	0015f693          	andi	a3,a1,1
/scratch/jenkins/workspace/tpp-freedom-tools/tpp03--build-binary-packages--parameterized/obj/x86_64-linux-ubuntu14/build/riscv-gnu-toolchain/build-gcc-newlib-stage2/riscv64-unknown-elf/rv32i/ilp32/libgcc/../../../../../riscv-gcc/libgcc/config/riscv/muldi3.S:41
 80065b4:	00068463          	beqz	a3,80065bc <__mulsi3+0x14>
/scratch/jenkins/workspace/tpp-freedom-tools/tpp03--build-binary-packages--parameterized/obj/x86_64-linux-ubuntu14/build/riscv-gnu-toolchain/build-gcc-newlib-stage2/riscv64-unknown-elf/rv32i/ilp32/libgcc/../../../../../riscv-gcc/libgcc/config/riscv/muldi3.S:42
 80065b8:	00c50533          	add	a0,a0,a2
/scratch/jenkins/workspace/tpp-freedom-tools/tpp03--build-binary-packages--parameterized/obj/x86_64-linux-ubuntu14/build/riscv-gnu-toolchain/build-gcc-newlib-stage2/riscv64-unknown-elf/rv32i/ilp32/libgcc/../../../../../riscv-gcc/libgcc/config/riscv/muldi3.S:44
 80065bc:	0015d593          	srli	a1,a1,0x1
/scratch/jenkins/workspace/tpp-freedom-tools/tpp03--build-binary-packages--parameterized/obj/x86_64-linux-ubuntu14/build/riscv-gnu-toolchain/build-gcc-newlib-stage2/riscv64-unknown-elf/rv32i/ilp32/libgcc/../../../../../riscv-gcc/libgcc/config/riscv/muldi3.S:45
 80065c0:	00161613          	slli	a2,a2,0x1
/scratch/jenkins/workspace/tpp-freedom-tools/tpp03--build-binary-packages--parameterized/obj/x86_64-linux-ubuntu14/build/riscv-gnu-toolchain/build-gcc-newlib-stage2/riscv64-unknown-elf/rv32i/ilp32/libgcc/../../../../../riscv-gcc/libgcc/config/riscv/muldi3.S:46
 80065c4:	fe0596e3          	bnez	a1,80065b0 <__mulsi3+0x8>
/scratch/jenkins/workspace/tpp-freedom-tools/tpp03--build-binary-packages--parameterized/obj/x86_64-linux-ubuntu14/build/riscv-gnu-toolchain/build-gcc-newlib-stage2/riscv64-unknown-elf/rv32i/ilp32/libgcc/../../../../../riscv-gcc/libgcc/config/riscv/muldi3.S:47
 80065c8:	00008067          	ret

080065cc <__divsi3>:
__divsi3():
/scratch/jenkins/workspace/tpp-freedom-tools/tpp03--build-binary-packages--parameterized/obj/x86_64-linux-ubuntu14/build/riscv-gnu-toolchain/build-gcc-newlib-stage2/riscv64-unknown-elf/rv32i/ilp32/libgcc/../../../../../riscv-gcc/libgcc/config/riscv/div.S:69
 80065cc:	06054063          	bltz	a0,800662c <__umodsi3+0x10>
/scratch/jenkins/workspace/tpp-freedom-tools/tpp03--build-binary-packages--parameterized/obj/x86_64-linux-ubuntu14/build/riscv-gnu-toolchain/build-gcc-newlib-stage2/riscv64-unknown-elf/rv32i/ilp32/libgcc/../../../../../riscv-gcc/libgcc/config/riscv/div.S:70
 80065d0:	0605c663          	bltz	a1,800663c <__umodsi3+0x20>

080065d4 <__udivsi3>:
/scratch/jenkins/workspace/tpp-freedom-tools/tpp03--build-binary-packages--parameterized/obj/x86_64-linux-ubuntu14/build/riscv-gnu-toolchain/build-gcc-newlib-stage2/riscv64-unknown-elf/rv32i/ilp32/libgcc/../../../../../riscv-gcc/libgcc/config/riscv/div.S:74
 80065d4:	00058613          	mv	a2,a1
/scratch/jenkins/workspace/tpp-freedom-tools/tpp03--build-binary-packages--parameterized/obj/x86_64-linux-ubuntu14/build/riscv-gnu-toolchain/build-gcc-newlib-stage2/riscv64-unknown-elf/rv32i/ilp32/libgcc/../../../../../riscv-gcc/libgcc/config/riscv/div.S:75
 80065d8:	00050593          	mv	a1,a0
/scratch/jenkins/workspace/tpp-freedom-tools/tpp03--build-binary-packages--parameterized/obj/x86_64-linux-ubuntu14/build/riscv-gnu-toolchain/build-gcc-newlib-stage2/riscv64-unknown-elf/rv32i/ilp32/libgcc/../../../../../riscv-gcc/libgcc/config/riscv/div.S:76
 80065dc:	fff00513          	li	a0,-1
/scratch/jenkins/workspace/tpp-freedom-tools/tpp03--build-binary-packages--parameterized/obj/x86_64-linux-ubuntu14/build/riscv-gnu-toolchain/build-gcc-newlib-stage2/riscv64-unknown-elf/rv32i/ilp32/libgcc/../../../../../riscv-gcc/libgcc/config/riscv/div.S:77
 80065e0:	02060c63          	beqz	a2,8006618 <__udivsi3+0x44>
/scratch/jenkins/workspace/tpp-freedom-tools/tpp03--build-binary-packages--parameterized/obj/x86_64-linux-ubuntu14/build/riscv-gnu-toolchain/build-gcc-newlib-stage2/riscv64-unknown-elf/rv32i/ilp32/libgcc/../../../../../riscv-gcc/libgcc/config/riscv/div.S:78
 80065e4:	00100693          	li	a3,1
/scratch/jenkins/workspace/tpp-freedom-tools/tpp03--build-binary-packages--parameterized/obj/x86_64-linux-ubuntu14/build/riscv-gnu-toolchain/build-gcc-newlib-stage2/riscv64-unknown-elf/rv32i/ilp32/libgcc/../../../../../riscv-gcc/libgcc/config/riscv/div.S:79
 80065e8:	00b67a63          	bgeu	a2,a1,80065fc <__udivsi3+0x28>
/scratch/jenkins/workspace/tpp-freedom-tools/tpp03--build-binary-packages--parameterized/obj/x86_64-linux-ubuntu14/build/riscv-gnu-toolchain/build-gcc-newlib-stage2/riscv64-unknown-elf/rv32i/ilp32/libgcc/../../../../../riscv-gcc/libgcc/config/riscv/div.S:81
 80065ec:	00c05863          	blez	a2,80065fc <__udivsi3+0x28>
/scratch/jenkins/workspace/tpp-freedom-tools/tpp03--build-binary-packages--parameterized/obj/x86_64-linux-ubuntu14/build/riscv-gnu-toolchain/build-gcc-newlib-stage2/riscv64-unknown-elf/rv32i/ilp32/libgcc/../../../../../riscv-gcc/libgcc/config/riscv/div.S:82
 80065f0:	00161613          	slli	a2,a2,0x1
/scratch/jenkins/workspace/tpp-freedom-tools/tpp03--build-binary-packages--parameterized/obj/x86_64-linux-ubuntu14/build/riscv-gnu-toolchain/build-gcc-newlib-stage2/riscv64-unknown-elf/rv32i/ilp32/libgcc/../../../../../riscv-gcc/libgcc/config/riscv/div.S:83
 80065f4:	00169693          	slli	a3,a3,0x1
/scratch/jenkins/workspace/tpp-freedom-tools/tpp03--build-binary-packages--parameterized/obj/x86_64-linux-ubuntu14/build/riscv-gnu-toolchain/build-gcc-newlib-stage2/riscv64-unknown-elf/rv32i/ilp32/libgcc/../../../../../riscv-gcc/libgcc/config/riscv/div.S:84
 80065f8:	feb66ae3          	bltu	a2,a1,80065ec <__udivsi3+0x18>
/scratch/jenkins/workspace/tpp-freedom-tools/tpp03--build-binary-packages--parameterized/obj/x86_64-linux-ubuntu14/build/riscv-gnu-toolchain/build-gcc-newlib-stage2/riscv64-unknown-elf/rv32i/ilp32/libgcc/../../../../../riscv-gcc/libgcc/config/riscv/div.S:86
 80065fc:	00000513          	li	a0,0
/scratch/jenkins/workspace/tpp-freedom-tools/tpp03--build-binary-packages--parameterized/obj/x86_64-linux-ubuntu14/build/riscv-gnu-toolchain/build-gcc-newlib-stage2/riscv64-unknown-elf/rv32i/ilp32/libgcc/../../../../../riscv-gcc/libgcc/config/riscv/div.S:88
 8006600:	00c5e663          	bltu	a1,a2,800660c <__udivsi3+0x38>
/scratch/jenkins/workspace/tpp-freedom-tools/tpp03--build-binary-packages--parameterized/obj/x86_64-linux-ubuntu14/build/riscv-gnu-toolchain/build-gcc-newlib-stage2/riscv64-unknown-elf/rv32i/ilp32/libgcc/../../../../../riscv-gcc/libgcc/config/riscv/div.S:89
 8006604:	40c585b3          	sub	a1,a1,a2
/scratch/jenkins/workspace/tpp-freedom-tools/tpp03--build-binary-packages--parameterized/obj/x86_64-linux-ubuntu14/build/riscv-gnu-toolchain/build-gcc-newlib-stage2/riscv64-unknown-elf/rv32i/ilp32/libgcc/../../../../../riscv-gcc/libgcc/config/riscv/div.S:90
 8006608:	00d56533          	or	a0,a0,a3
/scratch/jenkins/workspace/tpp-freedom-tools/tpp03--build-binary-packages--parameterized/obj/x86_64-linux-ubuntu14/build/riscv-gnu-toolchain/build-gcc-newlib-stage2/riscv64-unknown-elf/rv32i/ilp32/libgcc/../../../../../riscv-gcc/libgcc/config/riscv/div.S:92
 800660c:	0016d693          	srli	a3,a3,0x1
/scratch/jenkins/workspace/tpp-freedom-tools/tpp03--build-binary-packages--parameterized/obj/x86_64-linux-ubuntu14/build/riscv-gnu-toolchain/build-gcc-newlib-stage2/riscv64-unknown-elf/rv32i/ilp32/libgcc/../../../../../riscv-gcc/libgcc/config/riscv/div.S:93
 8006610:	00165613          	srli	a2,a2,0x1
/scratch/jenkins/workspace/tpp-freedom-tools/tpp03--build-binary-packages--parameterized/obj/x86_64-linux-ubuntu14/build/riscv-gnu-toolchain/build-gcc-newlib-stage2/riscv64-unknown-elf/rv32i/ilp32/libgcc/../../../../../riscv-gcc/libgcc/config/riscv/div.S:94
 8006614:	fe0696e3          	bnez	a3,8006600 <__udivsi3+0x2c>
/scratch/jenkins/workspace/tpp-freedom-tools/tpp03--build-binary-packages--parameterized/obj/x86_64-linux-ubuntu14/build/riscv-gnu-toolchain/build-gcc-newlib-stage2/riscv64-unknown-elf/rv32i/ilp32/libgcc/../../../../../riscv-gcc/libgcc/config/riscv/div.S:96
 8006618:	00008067          	ret

0800661c <__umodsi3>:
/scratch/jenkins/workspace/tpp-freedom-tools/tpp03--build-binary-packages--parameterized/obj/x86_64-linux-ubuntu14/build/riscv-gnu-toolchain/build-gcc-newlib-stage2/riscv64-unknown-elf/rv32i/ilp32/libgcc/../../../../../riscv-gcc/libgcc/config/riscv/div.S:101
 800661c:	00008293          	mv	t0,ra
/scratch/jenkins/workspace/tpp-freedom-tools/tpp03--build-binary-packages--parameterized/obj/x86_64-linux-ubuntu14/build/riscv-gnu-toolchain/build-gcc-newlib-stage2/riscv64-unknown-elf/rv32i/ilp32/libgcc/../../../../../riscv-gcc/libgcc/config/riscv/div.S:102
 8006620:	fb5ff0ef          	jal	ra,80065d4 <__udivsi3>
/scratch/jenkins/workspace/tpp-freedom-tools/tpp03--build-binary-packages--parameterized/obj/x86_64-linux-ubuntu14/build/riscv-gnu-toolchain/build-gcc-newlib-stage2/riscv64-unknown-elf/rv32i/ilp32/libgcc/../../../../../riscv-gcc/libgcc/config/riscv/div.S:103
 8006624:	00058513          	mv	a0,a1
/scratch/jenkins/workspace/tpp-freedom-tools/tpp03--build-binary-packages--parameterized/obj/x86_64-linux-ubuntu14/build/riscv-gnu-toolchain/build-gcc-newlib-stage2/riscv64-unknown-elf/rv32i/ilp32/libgcc/../../../../../riscv-gcc/libgcc/config/riscv/div.S:104
 8006628:	00028067          	jr	t0
/scratch/jenkins/workspace/tpp-freedom-tools/tpp03--build-binary-packages--parameterized/obj/x86_64-linux-ubuntu14/build/riscv-gnu-toolchain/build-gcc-newlib-stage2/riscv64-unknown-elf/rv32i/ilp32/libgcc/../../../../../riscv-gcc/libgcc/config/riscv/div.S:109
 800662c:	40a00533          	neg	a0,a0
/scratch/jenkins/workspace/tpp-freedom-tools/tpp03--build-binary-packages--parameterized/obj/x86_64-linux-ubuntu14/build/riscv-gnu-toolchain/build-gcc-newlib-stage2/riscv64-unknown-elf/rv32i/ilp32/libgcc/../../../../../riscv-gcc/libgcc/config/riscv/div.S:110
 8006630:	0005d863          	bgez	a1,8006640 <__umodsi3+0x24>
/scratch/jenkins/workspace/tpp-freedom-tools/tpp03--build-binary-packages--parameterized/obj/x86_64-linux-ubuntu14/build/riscv-gnu-toolchain/build-gcc-newlib-stage2/riscv64-unknown-elf/rv32i/ilp32/libgcc/../../../../../riscv-gcc/libgcc/config/riscv/div.S:111
 8006634:	40b005b3          	neg	a1,a1
/scratch/jenkins/workspace/tpp-freedom-tools/tpp03--build-binary-packages--parameterized/obj/x86_64-linux-ubuntu14/build/riscv-gnu-toolchain/build-gcc-newlib-stage2/riscv64-unknown-elf/rv32i/ilp32/libgcc/../../../../../riscv-gcc/libgcc/config/riscv/div.S:112
 8006638:	f9dff06f          	j	80065d4 <__udivsi3>
/scratch/jenkins/workspace/tpp-freedom-tools/tpp03--build-binary-packages--parameterized/obj/x86_64-linux-ubuntu14/build/riscv-gnu-toolchain/build-gcc-newlib-stage2/riscv64-unknown-elf/rv32i/ilp32/libgcc/../../../../../riscv-gcc/libgcc/config/riscv/div.S:114
 800663c:	40b005b3          	neg	a1,a1
/scratch/jenkins/workspace/tpp-freedom-tools/tpp03--build-binary-packages--parameterized/obj/x86_64-linux-ubuntu14/build/riscv-gnu-toolchain/build-gcc-newlib-stage2/riscv64-unknown-elf/rv32i/ilp32/libgcc/../../../../../riscv-gcc/libgcc/config/riscv/div.S:116
 8006640:	00008293          	mv	t0,ra
/scratch/jenkins/workspace/tpp-freedom-tools/tpp03--build-binary-packages--parameterized/obj/x86_64-linux-ubuntu14/build/riscv-gnu-toolchain/build-gcc-newlib-stage2/riscv64-unknown-elf/rv32i/ilp32/libgcc/../../../../../riscv-gcc/libgcc/config/riscv/div.S:117
 8006644:	f91ff0ef          	jal	ra,80065d4 <__udivsi3>
/scratch/jenkins/workspace/tpp-freedom-tools/tpp03--build-binary-packages--parameterized/obj/x86_64-linux-ubuntu14/build/riscv-gnu-toolchain/build-gcc-newlib-stage2/riscv64-unknown-elf/rv32i/ilp32/libgcc/../../../../../riscv-gcc/libgcc/config/riscv/div.S:118
 8006648:	40a00533          	neg	a0,a0
/scratch/jenkins/workspace/tpp-freedom-tools/tpp03--build-binary-packages--parameterized/obj/x86_64-linux-ubuntu14/build/riscv-gnu-toolchain/build-gcc-newlib-stage2/riscv64-unknown-elf/rv32i/ilp32/libgcc/../../../../../riscv-gcc/libgcc/config/riscv/div.S:119
 800664c:	00028067          	jr	t0

08006650 <__modsi3>:
__modsi3():
/scratch/jenkins/workspace/tpp-freedom-tools/tpp03--build-binary-packages--parameterized/obj/x86_64-linux-ubuntu14/build/riscv-gnu-toolchain/build-gcc-newlib-stage2/riscv64-unknown-elf/rv32i/ilp32/libgcc/../../../../../riscv-gcc/libgcc/config/riscv/div.S:123
 8006650:	00008293          	mv	t0,ra
/scratch/jenkins/workspace/tpp-freedom-tools/tpp03--build-binary-packages--parameterized/obj/x86_64-linux-ubuntu14/build/riscv-gnu-toolchain/build-gcc-newlib-stage2/riscv64-unknown-elf/rv32i/ilp32/libgcc/../../../../../riscv-gcc/libgcc/config/riscv/div.S:124
 8006654:	0005ca63          	bltz	a1,8006668 <__modsi3+0x18>
/scratch/jenkins/workspace/tpp-freedom-tools/tpp03--build-binary-packages--parameterized/obj/x86_64-linux-ubuntu14/build/riscv-gnu-toolchain/build-gcc-newlib-stage2/riscv64-unknown-elf/rv32i/ilp32/libgcc/../../../../../riscv-gcc/libgcc/config/riscv/div.S:125
 8006658:	00054c63          	bltz	a0,8006670 <__modsi3+0x20>
/scratch/jenkins/workspace/tpp-freedom-tools/tpp03--build-binary-packages--parameterized/obj/x86_64-linux-ubuntu14/build/riscv-gnu-toolchain/build-gcc-newlib-stage2/riscv64-unknown-elf/rv32i/ilp32/libgcc/../../../../../riscv-gcc/libgcc/config/riscv/div.S:127
 800665c:	f79ff0ef          	jal	ra,80065d4 <__udivsi3>
/scratch/jenkins/workspace/tpp-freedom-tools/tpp03--build-binary-packages--parameterized/obj/x86_64-linux-ubuntu14/build/riscv-gnu-toolchain/build-gcc-newlib-stage2/riscv64-unknown-elf/rv32i/ilp32/libgcc/../../../../../riscv-gcc/libgcc/config/riscv/div.S:128
 8006660:	00058513          	mv	a0,a1
/scratch/jenkins/workspace/tpp-freedom-tools/tpp03--build-binary-packages--parameterized/obj/x86_64-linux-ubuntu14/build/riscv-gnu-toolchain/build-gcc-newlib-stage2/riscv64-unknown-elf/rv32i/ilp32/libgcc/../../../../../riscv-gcc/libgcc/config/riscv/div.S:129
 8006664:	00028067          	jr	t0
/scratch/jenkins/workspace/tpp-freedom-tools/tpp03--build-binary-packages--parameterized/obj/x86_64-linux-ubuntu14/build/riscv-gnu-toolchain/build-gcc-newlib-stage2/riscv64-unknown-elf/rv32i/ilp32/libgcc/../../../../../riscv-gcc/libgcc/config/riscv/div.S:131
 8006668:	40b005b3          	neg	a1,a1
/scratch/jenkins/workspace/tpp-freedom-tools/tpp03--build-binary-packages--parameterized/obj/x86_64-linux-ubuntu14/build/riscv-gnu-toolchain/build-gcc-newlib-stage2/riscv64-unknown-elf/rv32i/ilp32/libgcc/../../../../../riscv-gcc/libgcc/config/riscv/div.S:132
 800666c:	fe0558e3          	bgez	a0,800665c <__modsi3+0xc>
/scratch/jenkins/workspace/tpp-freedom-tools/tpp03--build-binary-packages--parameterized/obj/x86_64-linux-ubuntu14/build/riscv-gnu-toolchain/build-gcc-newlib-stage2/riscv64-unknown-elf/rv32i/ilp32/libgcc/../../../../../riscv-gcc/libgcc/config/riscv/div.S:134
 8006670:	40a00533          	neg	a0,a0
/scratch/jenkins/workspace/tpp-freedom-tools/tpp03--build-binary-packages--parameterized/obj/x86_64-linux-ubuntu14/build/riscv-gnu-toolchain/build-gcc-newlib-stage2/riscv64-unknown-elf/rv32i/ilp32/libgcc/../../../../../riscv-gcc/libgcc/config/riscv/div.S:135
 8006674:	f61ff0ef          	jal	ra,80065d4 <__udivsi3>
/scratch/jenkins/workspace/tpp-freedom-tools/tpp03--build-binary-packages--parameterized/obj/x86_64-linux-ubuntu14/build/riscv-gnu-toolchain/build-gcc-newlib-stage2/riscv64-unknown-elf/rv32i/ilp32/libgcc/../../../../../riscv-gcc/libgcc/config/riscv/div.S:136
 8006678:	40b00533          	neg	a0,a1
/scratch/jenkins/workspace/tpp-freedom-tools/tpp03--build-binary-packages--parameterized/obj/x86_64-linux-ubuntu14/build/riscv-gnu-toolchain/build-gcc-newlib-stage2/riscv64-unknown-elf/rv32i/ilp32/libgcc/../../../../../riscv-gcc/libgcc/config/riscv/div.S:137
 800667c:	00028067          	jr	t0
