
build/release/crash1.elf:     file format elf32-littleriscv
build/release/crash1.elf
architecture: riscv:rv32, flags 0x00000112:
EXEC_P, HAS_SYMS, D_PAGED
start address 0x08006200

Program Header:
    LOAD off    0x00000200 vaddr 0x08006200 paddr 0x08006200 align 2**12
         filesz 0x000016b8 memsz 0x00001ef0 flags rwx

Sections:
Idx Name              Size      VMA       LMA       File off  Algn  Flags
  0 .text             00000e4c  08006200  08006200  00000200  2**3  CONTENTS, ALLOC, LOAD, READONLY, CODE
  1 .rodata           00000020  08007050  08007050  00001050  2**3  CONTENTS, ALLOC, LOAD, READONLY, DATA
  2 .data             00000848  08007070  08007070  00001070  2**3  CONTENTS, ALLOC, LOAD, DATA
  3 .bss              00000038  080078b8  080078b8  000018b8  2**3  ALLOC
  4 .heap             00000800  080078f0  080078f0  000018b8  2**3  ALLOC
  5 .riscv.attributes 0000001c  00000000  00000000  000018b8  2**0  CONTENTS, READONLY
  6 .comment          00000028  00000000  00000000  000018d4  2**0  CONTENTS, READONLY
SYMBOL TABLE:
08006200 l    d  .text	00000000 .text
08007050 l    d  .rodata	00000000 .rodata
08007070 l    d  .data	00000000 .data
080078b8 l    d  .bss	00000000 .bss
080078f0 l    d  .heap	00000000 .heap
00000000 l    d  .riscv.attributes	00000000 .riscv.attributes
00000000 l    d  .comment	00000000 .comment
00000000 l    df *ABS*	00000000 malloc.c
080078a0 l     O .data	00000004 brk
00000000 l    df *ABS*	00000000 servers.c
00000000 l    df *ABS*	00000000 crash1.c
00000000 l    df *ABS*	00000000 malloc.c
00000000 l    df *ABS*	00000000 mallocr.c
00000000 l    df *ABS*	00000000 mlock.c
00000000 l    df *ABS*	00000000 sbrkr.c
00000000 l    df *ABS*	00000000 mallocr.c
00000000 l    df *ABS*	00000000 impure.c
08007478 l     O .data	00000428 impure_data
08006b90 g     F .text	00000004 __malloc_unlock
080078ec g     O .bss	00000004 errno
08006328 g     F .text	00000014 malloc
080078c0 g     O .bss	00000004 __malloc_top_pad
080078a8 g     O .data	00000004 earth
08006b94 g     F .text	0000005c _sbrk_r
080078bc g     O .bss	00000004 __malloc_max_sbrked_mem
08006210 g     F .text	000000b4 _sbrk
00000800 g       *ABS*	00000000 __heap_size
08006d2c g     F .text	00000320 _free_r
080078ac g     O .data	00000004 __malloc_sbrk_base
080078a4 g     O .data	00000004 grass
080078c4 g     O .bss	00000028 __malloc_current_mallinfo
08007070 g     O .data	00000408 __malloc_av_
08006b8c g     F .text	00000004 __malloc_lock
080062f0 g     F .text	00000038 main
080078b8 g     O .bss	00000004 __malloc_max_total_mem
08006350 g     F .text	0000083c _malloc_r
08006bf0 g     F .text	0000013c _malloc_trim_r
08006200 g       .text	00000000 _enter
08008000 g       *ABS*	00000000 __heap_end
080078b4 g     O .data	00000004 _impure_ptr
080078f0 g       .heap	00000000 __heap_start
080078b0 g     O .data	00000004 __malloc_trim_threshold
080062c4 g     F .text	0000002c exit
0800633c g     F .text	00000014 free



Disassembly of section .text:

08006200 <_enter>:
_enter():
 8006200:	00052503          	lw	a0,0(a0)
 8006204:	80002137          	lui	sp,0x80002
 8006208:	0e8000ef          	jal	ra,80062f0 <main>
 800620c:	0b8000ef          	jal	ra,80062c4 <exit>

08006210 <_sbrk>:
_sbrk():
 8006210:	fd010113          	addi	sp,sp,-48 # 80001fd0 <__heap_end+0x77ff9fd0>
 8006214:	02112623          	sw	ra,44(sp)
 8006218:	02812423          	sw	s0,40(sp)
 800621c:	03010413          	addi	s0,sp,48
 8006220:	fca42e23          	sw	a0,-36(s0)
 8006224:	080087b7          	lui	a5,0x8008
 8006228:	8a87a783          	lw	a5,-1880(a5) # 80078a8 <earth>
 800622c:	0487a783          	lw	a5,72(a5)
 8006230:	00078863          	beqz	a5,8006240 <_sbrk+0x30>
 8006234:	080087b7          	lui	a5,0x8008
 8006238:	00078793          	mv	a5,a5
 800623c:	0080006f          	j	8006244 <_sbrk+0x34>
 8006240:	0a0007b7          	lui	a5,0xa000
 8006244:	fef42623          	sw	a5,-20(s0)
 8006248:	080087b7          	lui	a5,0x8008
 800624c:	8a07a703          	lw	a4,-1888(a5) # 80078a0 <brk>
 8006250:	fdc42783          	lw	a5,-36(s0)
 8006254:	00f707b3          	add	a5,a4,a5
 8006258:	fec42703          	lw	a4,-20(s0)
 800625c:	02f77663          	bgeu	a4,a5,8006288 <_sbrk+0x78>
 8006260:	080087b7          	lui	a5,0x8008
 8006264:	8a87a783          	lw	a5,-1880(a5) # 80078a8 <earth>
 8006268:	0307a703          	lw	a4,48(a5)
 800626c:	01d00593          	li	a1,29
 8006270:	080077b7          	lui	a5,0x8007
 8006274:	05078513          	addi	a0,a5,80 # 8007050 <_free_r+0x324>
 8006278:	000700e7          	jalr	a4
 800627c:	ff000793          	li	a5,-16
 8006280:	00100713          	li	a4,1
 8006284:	00e7a023          	sw	a4,0(a5)
 8006288:	080087b7          	lui	a5,0x8008
 800628c:	8a07a783          	lw	a5,-1888(a5) # 80078a0 <brk>
 8006290:	fef42423          	sw	a5,-24(s0)
 8006294:	080087b7          	lui	a5,0x8008
 8006298:	8a07a703          	lw	a4,-1888(a5) # 80078a0 <brk>
 800629c:	fdc42783          	lw	a5,-36(s0)
 80062a0:	00f70733          	add	a4,a4,a5
 80062a4:	080087b7          	lui	a5,0x8008
 80062a8:	8ae7a023          	sw	a4,-1888(a5) # 80078a0 <brk>
 80062ac:	fe842783          	lw	a5,-24(s0)
 80062b0:	00078513          	mv	a0,a5
 80062b4:	02c12083          	lw	ra,44(sp)
 80062b8:	02812403          	lw	s0,40(sp)
 80062bc:	03010113          	addi	sp,sp,48
 80062c0:	00008067          	ret

080062c4 <exit>:
exit():
 80062c4:	fe010113          	addi	sp,sp,-32
 80062c8:	00112e23          	sw	ra,28(sp)
 80062cc:	00812c23          	sw	s0,24(sp)
 80062d0:	02010413          	addi	s0,sp,32
 80062d4:	fea42623          	sw	a0,-20(s0)
 80062d8:	080087b7          	lui	a5,0x8008
 80062dc:	8a47a783          	lw	a5,-1884(a5) # 80078a4 <grass>
 80062e0:	0a47a783          	lw	a5,164(a5)
 80062e4:	fec42503          	lw	a0,-20(s0)
 80062e8:	000780e7          	jalr	a5
 80062ec:	0000006f          	j	80062ec <exit+0x28>

080062f0 <main>:
main():
 80062f0:	fe010113          	addi	sp,sp,-32
 80062f4:	00112e23          	sw	ra,28(sp)
 80062f8:	00812c23          	sw	s0,24(sp)
 80062fc:	02010413          	addi	s0,sp,32
 8006300:	02000537          	lui	a0,0x2000
 8006304:	024000ef          	jal	ra,8006328 <malloc>
 8006308:	00050793          	mv	a5,a0
 800630c:	fef42623          	sw	a5,-20(s0)
 8006310:	00000793          	li	a5,0
 8006314:	00078513          	mv	a0,a5
 8006318:	01c12083          	lw	ra,28(sp)
 800631c:	01812403          	lw	s0,24(sp)
 8006320:	02010113          	addi	sp,sp,32
 8006324:	00008067          	ret

08006328 <malloc>:
malloc():
 8006328:	00001797          	auipc	a5,0x1
 800632c:	58c78793          	addi	a5,a5,1420 # 80078b4 <_impure_ptr>
 8006330:	00050593          	mv	a1,a0
 8006334:	0007a503          	lw	a0,0(a5)
 8006338:	0180006f          	j	8006350 <_malloc_r>

0800633c <free>:
free():
 800633c:	00001797          	auipc	a5,0x1
 8006340:	57878793          	addi	a5,a5,1400 # 80078b4 <_impure_ptr>
 8006344:	00050593          	mv	a1,a0
 8006348:	0007a503          	lw	a0,0(a5)
 800634c:	1e10006f          	j	8006d2c <_free_r>

08006350 <_malloc_r>:
_malloc_r():
 8006350:	fd010113          	addi	sp,sp,-48
 8006354:	02912223          	sw	s1,36(sp)
 8006358:	03212023          	sw	s2,32(sp)
 800635c:	02112623          	sw	ra,44(sp)
 8006360:	02812423          	sw	s0,40(sp)
 8006364:	01312e23          	sw	s3,28(sp)
 8006368:	01412c23          	sw	s4,24(sp)
 800636c:	01512a23          	sw	s5,20(sp)
 8006370:	01612823          	sw	s6,16(sp)
 8006374:	01712623          	sw	s7,12(sp)
 8006378:	01812423          	sw	s8,8(sp)
 800637c:	01912223          	sw	s9,4(sp)
 8006380:	00b58493          	addi	s1,a1,11
 8006384:	01600793          	li	a5,22
 8006388:	00050913          	mv	s2,a0
 800638c:	0697e663          	bltu	a5,s1,80063f8 <_malloc_r+0xa8>
 8006390:	01000793          	li	a5,16
 8006394:	22b7ec63          	bltu	a5,a1,80065cc <_malloc_r+0x27c>
 8006398:	7f4000ef          	jal	ra,8006b8c <__malloc_lock>
 800639c:	01000493          	li	s1,16
 80063a0:	01800793          	li	a5,24
 80063a4:	00200613          	li	a2,2
 80063a8:	00001997          	auipc	s3,0x1
 80063ac:	cc898993          	addi	s3,s3,-824 # 8007070 <__malloc_av_>
 80063b0:	00f987b3          	add	a5,s3,a5
 80063b4:	0047a403          	lw	s0,4(a5)
 80063b8:	ff878713          	addi	a4,a5,-8
 80063bc:	26e40063          	beq	s0,a4,800661c <_malloc_r+0x2cc>
 80063c0:	00442783          	lw	a5,4(s0)
 80063c4:	00c42683          	lw	a3,12(s0)
 80063c8:	00842603          	lw	a2,8(s0)
 80063cc:	ffc7f793          	andi	a5,a5,-4
 80063d0:	00f407b3          	add	a5,s0,a5
 80063d4:	0047a703          	lw	a4,4(a5)
 80063d8:	00d62623          	sw	a3,12(a2)
 80063dc:	00c6a423          	sw	a2,8(a3)
 80063e0:	00176713          	ori	a4,a4,1
 80063e4:	00090513          	mv	a0,s2
 80063e8:	00e7a223          	sw	a4,4(a5)
 80063ec:	7a4000ef          	jal	ra,8006b90 <__malloc_unlock>
 80063f0:	00840513          	addi	a0,s0,8
 80063f4:	1e40006f          	j	80065d8 <_malloc_r+0x288>
 80063f8:	ff84f493          	andi	s1,s1,-8
 80063fc:	1c04c863          	bltz	s1,80065cc <_malloc_r+0x27c>
 8006400:	1cb4e663          	bltu	s1,a1,80065cc <_malloc_r+0x27c>
 8006404:	788000ef          	jal	ra,8006b8c <__malloc_lock>
 8006408:	1f700793          	li	a5,503
 800640c:	4c97f863          	bgeu	a5,s1,80068dc <_malloc_r+0x58c>
 8006410:	0094d793          	srli	a5,s1,0x9
 8006414:	1e078c63          	beqz	a5,800660c <_malloc_r+0x2bc>
 8006418:	00400713          	li	a4,4
 800641c:	44f76c63          	bltu	a4,a5,8006874 <_malloc_r+0x524>
 8006420:	0064d793          	srli	a5,s1,0x6
 8006424:	03978613          	addi	a2,a5,57
 8006428:	03878513          	addi	a0,a5,56
 800642c:	00361693          	slli	a3,a2,0x3
 8006430:	00001997          	auipc	s3,0x1
 8006434:	c4098993          	addi	s3,s3,-960 # 8007070 <__malloc_av_>
 8006438:	00d986b3          	add	a3,s3,a3
 800643c:	0046a403          	lw	s0,4(a3)
 8006440:	ff868693          	addi	a3,a3,-8
 8006444:	02868c63          	beq	a3,s0,800647c <_malloc_r+0x12c>
 8006448:	00442783          	lw	a5,4(s0)
 800644c:	00f00593          	li	a1,15
 8006450:	ffc7f793          	andi	a5,a5,-4
 8006454:	40978733          	sub	a4,a5,s1
 8006458:	02e5c063          	blt	a1,a4,8006478 <_malloc_r+0x128>
 800645c:	3a075663          	bgez	a4,8006808 <_malloc_r+0x4b8>
 8006460:	00c42403          	lw	s0,12(s0)
 8006464:	00868c63          	beq	a3,s0,800647c <_malloc_r+0x12c>
 8006468:	00442783          	lw	a5,4(s0)
 800646c:	ffc7f793          	andi	a5,a5,-4
 8006470:	40978733          	sub	a4,a5,s1
 8006474:	fee5d4e3          	bge	a1,a4,800645c <_malloc_r+0x10c>
 8006478:	00050613          	mv	a2,a0
 800647c:	0109a403          	lw	s0,16(s3)
 8006480:	00001817          	auipc	a6,0x1
 8006484:	bf880813          	addi	a6,a6,-1032 # 8007078 <__malloc_av_+0x8>
 8006488:	1b040863          	beq	s0,a6,8006638 <_malloc_r+0x2e8>
 800648c:	00442583          	lw	a1,4(s0)
 8006490:	00f00713          	li	a4,15
 8006494:	ffc5f593          	andi	a1,a1,-4
 8006498:	409587b3          	sub	a5,a1,s1
 800649c:	46f74663          	blt	a4,a5,8006908 <_malloc_r+0x5b8>
 80064a0:	00001717          	auipc	a4,0x1
 80064a4:	bf072223          	sw	a6,-1052(a4) # 8007084 <__malloc_av_+0x14>
 80064a8:	00001717          	auipc	a4,0x1
 80064ac:	bd072c23          	sw	a6,-1064(a4) # 8007080 <__malloc_av_+0x10>
 80064b0:	4207dc63          	bgez	a5,80068e8 <_malloc_r+0x598>
 80064b4:	1ff00793          	li	a5,511
 80064b8:	34b7ee63          	bltu	a5,a1,8006814 <_malloc_r+0x4c4>
 80064bc:	0035d593          	srli	a1,a1,0x3
 80064c0:	00158793          	addi	a5,a1,1
 80064c4:	00379793          	slli	a5,a5,0x3
 80064c8:	0049a503          	lw	a0,4(s3)
 80064cc:	00f987b3          	add	a5,s3,a5
 80064d0:	0007a683          	lw	a3,0(a5)
 80064d4:	4025d593          	srai	a1,a1,0x2
 80064d8:	00100713          	li	a4,1
 80064dc:	00b71733          	sll	a4,a4,a1
 80064e0:	00a76733          	or	a4,a4,a0
 80064e4:	ff878593          	addi	a1,a5,-8
 80064e8:	00b42623          	sw	a1,12(s0)
 80064ec:	00d42423          	sw	a3,8(s0)
 80064f0:	00001597          	auipc	a1,0x1
 80064f4:	b8e5a223          	sw	a4,-1148(a1) # 8007074 <__malloc_av_+0x4>
 80064f8:	0087a023          	sw	s0,0(a5)
 80064fc:	0086a623          	sw	s0,12(a3)
 8006500:	40265793          	srai	a5,a2,0x2
 8006504:	00100693          	li	a3,1
 8006508:	00f696b3          	sll	a3,a3,a5
 800650c:	14d76063          	bltu	a4,a3,800664c <_malloc_r+0x2fc>
 8006510:	00e6f7b3          	and	a5,a3,a4
 8006514:	02079463          	bnez	a5,800653c <_malloc_r+0x1ec>
 8006518:	00169693          	slli	a3,a3,0x1
 800651c:	ffc67613          	andi	a2,a2,-4
 8006520:	00e6f7b3          	and	a5,a3,a4
 8006524:	00460613          	addi	a2,a2,4
 8006528:	00079a63          	bnez	a5,800653c <_malloc_r+0x1ec>
 800652c:	00169693          	slli	a3,a3,0x1
 8006530:	00e6f7b3          	and	a5,a3,a4
 8006534:	00460613          	addi	a2,a2,4
 8006538:	fe078ae3          	beqz	a5,800652c <_malloc_r+0x1dc>
 800653c:	00f00513          	li	a0,15
 8006540:	00361893          	slli	a7,a2,0x3
 8006544:	011988b3          	add	a7,s3,a7
 8006548:	00088593          	mv	a1,a7
 800654c:	00060313          	mv	t1,a2
 8006550:	00c5a403          	lw	s0,12(a1)
 8006554:	00859a63          	bne	a1,s0,8006568 <_malloc_r+0x218>
 8006558:	3400006f          	j	8006898 <_malloc_r+0x548>
 800655c:	34075863          	bgez	a4,80068ac <_malloc_r+0x55c>
 8006560:	00c42403          	lw	s0,12(s0)
 8006564:	32858a63          	beq	a1,s0,8006898 <_malloc_r+0x548>
 8006568:	00442783          	lw	a5,4(s0)
 800656c:	ffc7f793          	andi	a5,a5,-4
 8006570:	40978733          	sub	a4,a5,s1
 8006574:	fee554e3          	bge	a0,a4,800655c <_malloc_r+0x20c>
 8006578:	00c42683          	lw	a3,12(s0)
 800657c:	00842603          	lw	a2,8(s0)
 8006580:	0014e593          	ori	a1,s1,1
 8006584:	00b42223          	sw	a1,4(s0)
 8006588:	00d62623          	sw	a3,12(a2)
 800658c:	00c6a423          	sw	a2,8(a3)
 8006590:	009404b3          	add	s1,s0,s1
 8006594:	00001697          	auipc	a3,0x1
 8006598:	ae96a823          	sw	s1,-1296(a3) # 8007084 <__malloc_av_+0x14>
 800659c:	00001697          	auipc	a3,0x1
 80065a0:	ae96a223          	sw	s1,-1308(a3) # 8007080 <__malloc_av_+0x10>
 80065a4:	00176693          	ori	a3,a4,1
 80065a8:	0104a623          	sw	a6,12(s1)
 80065ac:	0104a423          	sw	a6,8(s1)
 80065b0:	00d4a223          	sw	a3,4(s1)
 80065b4:	00f407b3          	add	a5,s0,a5
 80065b8:	00090513          	mv	a0,s2
 80065bc:	00e7a023          	sw	a4,0(a5)
 80065c0:	5d0000ef          	jal	ra,8006b90 <__malloc_unlock>
 80065c4:	00840513          	addi	a0,s0,8
 80065c8:	0100006f          	j	80065d8 <_malloc_r+0x288>
 80065cc:	00c00793          	li	a5,12
 80065d0:	00f92023          	sw	a5,0(s2)
 80065d4:	00000513          	li	a0,0
 80065d8:	02c12083          	lw	ra,44(sp)
 80065dc:	02812403          	lw	s0,40(sp)
 80065e0:	02412483          	lw	s1,36(sp)
 80065e4:	02012903          	lw	s2,32(sp)
 80065e8:	01c12983          	lw	s3,28(sp)
 80065ec:	01812a03          	lw	s4,24(sp)
 80065f0:	01412a83          	lw	s5,20(sp)
 80065f4:	01012b03          	lw	s6,16(sp)
 80065f8:	00c12b83          	lw	s7,12(sp)
 80065fc:	00812c03          	lw	s8,8(sp)
 8006600:	00412c83          	lw	s9,4(sp)
 8006604:	03010113          	addi	sp,sp,48
 8006608:	00008067          	ret
 800660c:	20000693          	li	a3,512
 8006610:	04000613          	li	a2,64
 8006614:	03f00513          	li	a0,63
 8006618:	e19ff06f          	j	8006430 <_malloc_r+0xe0>
 800661c:	00c7a403          	lw	s0,12(a5)
 8006620:	00260613          	addi	a2,a2,2
 8006624:	d8879ee3          	bne	a5,s0,80063c0 <_malloc_r+0x70>
 8006628:	0109a403          	lw	s0,16(s3)
 800662c:	00001817          	auipc	a6,0x1
 8006630:	a4c80813          	addi	a6,a6,-1460 # 8007078 <__malloc_av_+0x8>
 8006634:	e5041ce3          	bne	s0,a6,800648c <_malloc_r+0x13c>
 8006638:	0049a703          	lw	a4,4(s3)
 800663c:	40265793          	srai	a5,a2,0x2
 8006640:	00100693          	li	a3,1
 8006644:	00f696b3          	sll	a3,a3,a5
 8006648:	ecd774e3          	bgeu	a4,a3,8006510 <_malloc_r+0x1c0>
 800664c:	0089a403          	lw	s0,8(s3)
 8006650:	00442a83          	lw	s5,4(s0)
 8006654:	ffcafb93          	andi	s7,s5,-4
 8006658:	009be863          	bltu	s7,s1,8006668 <_malloc_r+0x318>
 800665c:	409b87b3          	sub	a5,s7,s1
 8006660:	00f00713          	li	a4,15
 8006664:	16f74c63          	blt	a4,a5,80067dc <_malloc_r+0x48c>
 8006668:	00001797          	auipc	a5,0x1
 800666c:	25878793          	addi	a5,a5,600 # 80078c0 <__malloc_top_pad>
 8006670:	00001c17          	auipc	s8,0x1
 8006674:	23cc0c13          	addi	s8,s8,572 # 80078ac <__malloc_sbrk_base>
 8006678:	0007aa83          	lw	s5,0(a5)
 800667c:	000c2703          	lw	a4,0(s8)
 8006680:	fff00793          	li	a5,-1
 8006684:	01740a33          	add	s4,s0,s7
 8006688:	01548ab3          	add	s5,s1,s5
 800668c:	36f70663          	beq	a4,a5,80069f8 <_malloc_r+0x6a8>
 8006690:	000017b7          	lui	a5,0x1
 8006694:	00f78793          	addi	a5,a5,15 # 100f <__heap_size+0x80f>
 8006698:	00fa8ab3          	add	s5,s5,a5
 800669c:	fffff7b7          	lui	a5,0xfffff
 80066a0:	00fafab3          	and	s5,s5,a5
 80066a4:	000a8593          	mv	a1,s5
 80066a8:	00090513          	mv	a0,s2
 80066ac:	4e8000ef          	jal	ra,8006b94 <_sbrk_r>
 80066b0:	fff00793          	li	a5,-1
 80066b4:	00050b13          	mv	s6,a0
 80066b8:	2af50663          	beq	a0,a5,8006964 <_malloc_r+0x614>
 80066bc:	2b456263          	bltu	a0,s4,8006960 <_malloc_r+0x610>
 80066c0:	00001c97          	auipc	s9,0x1
 80066c4:	204c8c93          	addi	s9,s9,516 # 80078c4 <__malloc_current_mallinfo>
 80066c8:	000ca783          	lw	a5,0(s9)
 80066cc:	00fa87b3          	add	a5,s5,a5
 80066d0:	00001717          	auipc	a4,0x1
 80066d4:	1ef72a23          	sw	a5,500(a4) # 80078c4 <__malloc_current_mallinfo>
 80066d8:	00078713          	mv	a4,a5
 80066dc:	3caa0663          	beq	s4,a0,8006aa8 <_malloc_r+0x758>
 80066e0:	000c2683          	lw	a3,0(s8)
 80066e4:	fff00793          	li	a5,-1
 80066e8:	3cf68e63          	beq	a3,a5,8006ac4 <_malloc_r+0x774>
 80066ec:	414b07b3          	sub	a5,s6,s4
 80066f0:	00e787b3          	add	a5,a5,a4
 80066f4:	00001717          	auipc	a4,0x1
 80066f8:	1cf72823          	sw	a5,464(a4) # 80078c4 <__malloc_current_mallinfo>
 80066fc:	007b7c13          	andi	s8,s6,7
 8006700:	320c0063          	beqz	s8,8006a20 <_malloc_r+0x6d0>
 8006704:	418b0b33          	sub	s6,s6,s8
 8006708:	000017b7          	lui	a5,0x1
 800670c:	008b0b13          	addi	s6,s6,8
 8006710:	fff78a13          	addi	s4,a5,-1 # fff <__heap_size+0x7ff>
 8006714:	015b0ab3          	add	s5,s6,s5
 8006718:	00878793          	addi	a5,a5,8
 800671c:	014af733          	and	a4,s5,s4
 8006720:	418787b3          	sub	a5,a5,s8
 8006724:	40e787b3          	sub	a5,a5,a4
 8006728:	0147fa33          	and	s4,a5,s4
 800672c:	000a0593          	mv	a1,s4
 8006730:	00090513          	mv	a0,s2
 8006734:	460000ef          	jal	ra,8006b94 <_sbrk_r>
 8006738:	fff00793          	li	a5,-1
 800673c:	3ef50063          	beq	a0,a5,8006b1c <_malloc_r+0x7cc>
 8006740:	41650533          	sub	a0,a0,s6
 8006744:	01450ab3          	add	s5,a0,s4
 8006748:	000ca783          	lw	a5,0(s9)
 800674c:	00001717          	auipc	a4,0x1
 8006750:	93672623          	sw	s6,-1748(a4) # 8007078 <__malloc_av_+0x8>
 8006754:	001aea93          	ori	s5,s5,1
 8006758:	00fa07b3          	add	a5,s4,a5
 800675c:	00001717          	auipc	a4,0x1
 8006760:	16f72423          	sw	a5,360(a4) # 80078c4 <__malloc_current_mallinfo>
 8006764:	015b2223          	sw	s5,4(s6)
 8006768:	37340463          	beq	s0,s3,8006ad0 <_malloc_r+0x780>
 800676c:	00f00613          	li	a2,15
 8006770:	37767463          	bgeu	a2,s7,8006ad8 <_malloc_r+0x788>
 8006774:	00442683          	lw	a3,4(s0)
 8006778:	ff4b8713          	addi	a4,s7,-12
 800677c:	ff877713          	andi	a4,a4,-8
 8006780:	0016f693          	andi	a3,a3,1
 8006784:	00e6e6b3          	or	a3,a3,a4
 8006788:	00d42223          	sw	a3,4(s0)
 800678c:	00500593          	li	a1,5
 8006790:	00e406b3          	add	a3,s0,a4
 8006794:	00b6a223          	sw	a1,4(a3)
 8006798:	00b6a423          	sw	a1,8(a3)
 800679c:	38e66a63          	bltu	a2,a4,8006b30 <_malloc_r+0x7e0>
 80067a0:	004b2a83          	lw	s5,4(s6)
 80067a4:	000b0413          	mv	s0,s6
 80067a8:	00001717          	auipc	a4,0x1
 80067ac:	11470713          	addi	a4,a4,276 # 80078bc <__malloc_max_sbrked_mem>
 80067b0:	00072703          	lw	a4,0(a4)
 80067b4:	00f77663          	bgeu	a4,a5,80067c0 <_malloc_r+0x470>
 80067b8:	00001717          	auipc	a4,0x1
 80067bc:	10f72223          	sw	a5,260(a4) # 80078bc <__malloc_max_sbrked_mem>
 80067c0:	00001717          	auipc	a4,0x1
 80067c4:	0f870713          	addi	a4,a4,248 # 80078b8 <__malloc_max_total_mem>
 80067c8:	00072703          	lw	a4,0(a4)
 80067cc:	1af77063          	bgeu	a4,a5,800696c <_malloc_r+0x61c>
 80067d0:	00001717          	auipc	a4,0x1
 80067d4:	0ef72423          	sw	a5,232(a4) # 80078b8 <__malloc_max_total_mem>
 80067d8:	1940006f          	j	800696c <_malloc_r+0x61c>
 80067dc:	0014e713          	ori	a4,s1,1
 80067e0:	00e42223          	sw	a4,4(s0)
 80067e4:	009404b3          	add	s1,s0,s1
 80067e8:	00001717          	auipc	a4,0x1
 80067ec:	88972823          	sw	s1,-1904(a4) # 8007078 <__malloc_av_+0x8>
 80067f0:	0017e793          	ori	a5,a5,1
 80067f4:	00090513          	mv	a0,s2
 80067f8:	00f4a223          	sw	a5,4(s1)
 80067fc:	394000ef          	jal	ra,8006b90 <__malloc_unlock>
 8006800:	00840513          	addi	a0,s0,8
 8006804:	dd5ff06f          	j	80065d8 <_malloc_r+0x288>
 8006808:	00c42683          	lw	a3,12(s0)
 800680c:	00842603          	lw	a2,8(s0)
 8006810:	bc1ff06f          	j	80063d0 <_malloc_r+0x80>
 8006814:	0095d793          	srli	a5,a1,0x9
 8006818:	00400713          	li	a4,4
 800681c:	12f77863          	bgeu	a4,a5,800694c <_malloc_r+0x5fc>
 8006820:	01400713          	li	a4,20
 8006824:	22f76863          	bltu	a4,a5,8006a54 <_malloc_r+0x704>
 8006828:	05c78693          	addi	a3,a5,92
 800682c:	05b78713          	addi	a4,a5,91
 8006830:	00369693          	slli	a3,a3,0x3
 8006834:	00d986b3          	add	a3,s3,a3
 8006838:	0006a783          	lw	a5,0(a3)
 800683c:	ff868693          	addi	a3,a3,-8
 8006840:	1cf68063          	beq	a3,a5,8006a00 <_malloc_r+0x6b0>
 8006844:	0047a703          	lw	a4,4(a5)
 8006848:	ffc77713          	andi	a4,a4,-4
 800684c:	00e5f663          	bgeu	a1,a4,8006858 <_malloc_r+0x508>
 8006850:	0087a783          	lw	a5,8(a5)
 8006854:	fef698e3          	bne	a3,a5,8006844 <_malloc_r+0x4f4>
 8006858:	00c7a683          	lw	a3,12(a5)
 800685c:	0049a703          	lw	a4,4(s3)
 8006860:	00d42623          	sw	a3,12(s0)
 8006864:	00f42423          	sw	a5,8(s0)
 8006868:	0086a423          	sw	s0,8(a3)
 800686c:	0087a623          	sw	s0,12(a5)
 8006870:	c91ff06f          	j	8006500 <_malloc_r+0x1b0>
 8006874:	01400713          	li	a4,20
 8006878:	10f77c63          	bgeu	a4,a5,8006990 <_malloc_r+0x640>
 800687c:	05400713          	li	a4,84
 8006880:	1ef76863          	bltu	a4,a5,8006a70 <_malloc_r+0x720>
 8006884:	00c4d793          	srli	a5,s1,0xc
 8006888:	06f78613          	addi	a2,a5,111
 800688c:	06e78513          	addi	a0,a5,110
 8006890:	00361693          	slli	a3,a2,0x3
 8006894:	b9dff06f          	j	8006430 <_malloc_r+0xe0>
 8006898:	00130313          	addi	t1,t1,1
 800689c:	00337793          	andi	a5,t1,3
 80068a0:	00858593          	addi	a1,a1,8
 80068a4:	ca0796e3          	bnez	a5,8006550 <_malloc_r+0x200>
 80068a8:	1040006f          	j	80069ac <_malloc_r+0x65c>
 80068ac:	00f407b3          	add	a5,s0,a5
 80068b0:	0047a703          	lw	a4,4(a5)
 80068b4:	00c42683          	lw	a3,12(s0)
 80068b8:	00842603          	lw	a2,8(s0)
 80068bc:	00176713          	ori	a4,a4,1
 80068c0:	00e7a223          	sw	a4,4(a5)
 80068c4:	00d62623          	sw	a3,12(a2)
 80068c8:	00090513          	mv	a0,s2
 80068cc:	00c6a423          	sw	a2,8(a3)
 80068d0:	2c0000ef          	jal	ra,8006b90 <__malloc_unlock>
 80068d4:	00840513          	addi	a0,s0,8
 80068d8:	d01ff06f          	j	80065d8 <_malloc_r+0x288>
 80068dc:	0034d613          	srli	a2,s1,0x3
 80068e0:	00848793          	addi	a5,s1,8
 80068e4:	ac5ff06f          	j	80063a8 <_malloc_r+0x58>
 80068e8:	00b405b3          	add	a1,s0,a1
 80068ec:	0045a783          	lw	a5,4(a1)
 80068f0:	00090513          	mv	a0,s2
 80068f4:	0017e793          	ori	a5,a5,1
 80068f8:	00f5a223          	sw	a5,4(a1)
 80068fc:	294000ef          	jal	ra,8006b90 <__malloc_unlock>
 8006900:	00840513          	addi	a0,s0,8
 8006904:	cd5ff06f          	j	80065d8 <_malloc_r+0x288>
 8006908:	0014e713          	ori	a4,s1,1
 800690c:	00e42223          	sw	a4,4(s0)
 8006910:	009404b3          	add	s1,s0,s1
 8006914:	00000717          	auipc	a4,0x0
 8006918:	76972823          	sw	s1,1904(a4) # 8007084 <__malloc_av_+0x14>
 800691c:	00000717          	auipc	a4,0x0
 8006920:	76972223          	sw	s1,1892(a4) # 8007080 <__malloc_av_+0x10>
 8006924:	0017e713          	ori	a4,a5,1
 8006928:	0104a623          	sw	a6,12(s1)
 800692c:	0104a423          	sw	a6,8(s1)
 8006930:	00e4a223          	sw	a4,4(s1)
 8006934:	00b405b3          	add	a1,s0,a1
 8006938:	00090513          	mv	a0,s2
 800693c:	00f5a023          	sw	a5,0(a1)
 8006940:	250000ef          	jal	ra,8006b90 <__malloc_unlock>
 8006944:	00840513          	addi	a0,s0,8
 8006948:	c91ff06f          	j	80065d8 <_malloc_r+0x288>
 800694c:	0065d793          	srli	a5,a1,0x6
 8006950:	03978693          	addi	a3,a5,57
 8006954:	03878713          	addi	a4,a5,56
 8006958:	00369693          	slli	a3,a3,0x3
 800695c:	ed9ff06f          	j	8006834 <_malloc_r+0x4e4>
 8006960:	13340663          	beq	s0,s3,8006a8c <_malloc_r+0x73c>
 8006964:	0089a403          	lw	s0,8(s3)
 8006968:	00442a83          	lw	s5,4(s0)
 800696c:	ffcafa93          	andi	s5,s5,-4
 8006970:	409a87b3          	sub	a5,s5,s1
 8006974:	009ae663          	bltu	s5,s1,8006980 <_malloc_r+0x630>
 8006978:	00f00713          	li	a4,15
 800697c:	e6f740e3          	blt	a4,a5,80067dc <_malloc_r+0x48c>
 8006980:	00090513          	mv	a0,s2
 8006984:	20c000ef          	jal	ra,8006b90 <__malloc_unlock>
 8006988:	00000513          	li	a0,0
 800698c:	c4dff06f          	j	80065d8 <_malloc_r+0x288>
 8006990:	05c78613          	addi	a2,a5,92
 8006994:	05b78513          	addi	a0,a5,91
 8006998:	00361693          	slli	a3,a2,0x3
 800699c:	a95ff06f          	j	8006430 <_malloc_r+0xe0>
 80069a0:	0088a783          	lw	a5,8(a7)
 80069a4:	fff60613          	addi	a2,a2,-1
 80069a8:	1d179e63          	bne	a5,a7,8006b84 <_malloc_r+0x834>
 80069ac:	00367793          	andi	a5,a2,3
 80069b0:	ff888893          	addi	a7,a7,-8
 80069b4:	fe0796e3          	bnez	a5,80069a0 <_malloc_r+0x650>
 80069b8:	0049a703          	lw	a4,4(s3)
 80069bc:	fff6c793          	not	a5,a3
 80069c0:	00e7f7b3          	and	a5,a5,a4
 80069c4:	00000717          	auipc	a4,0x0
 80069c8:	6af72823          	sw	a5,1712(a4) # 8007074 <__malloc_av_+0x4>
 80069cc:	00169693          	slli	a3,a3,0x1
 80069d0:	c6d7eee3          	bltu	a5,a3,800664c <_malloc_r+0x2fc>
 80069d4:	c6068ce3          	beqz	a3,800664c <_malloc_r+0x2fc>
 80069d8:	00f6f733          	and	a4,a3,a5
 80069dc:	00071a63          	bnez	a4,80069f0 <_malloc_r+0x6a0>
 80069e0:	00169693          	slli	a3,a3,0x1
 80069e4:	00f6f733          	and	a4,a3,a5
 80069e8:	00430313          	addi	t1,t1,4
 80069ec:	fe070ae3          	beqz	a4,80069e0 <_malloc_r+0x690>
 80069f0:	00030613          	mv	a2,t1
 80069f4:	b4dff06f          	j	8006540 <_malloc_r+0x1f0>
 80069f8:	010a8a93          	addi	s5,s5,16
 80069fc:	ca9ff06f          	j	80066a4 <_malloc_r+0x354>
 8006a00:	0049a503          	lw	a0,4(s3)
 8006a04:	40275593          	srai	a1,a4,0x2
 8006a08:	00100713          	li	a4,1
 8006a0c:	00b71733          	sll	a4,a4,a1
 8006a10:	00a76733          	or	a4,a4,a0
 8006a14:	00000597          	auipc	a1,0x0
 8006a18:	66e5a023          	sw	a4,1632(a1) # 8007074 <__malloc_av_+0x4>
 8006a1c:	e45ff06f          	j	8006860 <_malloc_r+0x510>
 8006a20:	000017b7          	lui	a5,0x1
 8006a24:	fff78713          	addi	a4,a5,-1 # fff <__heap_size+0x7ff>
 8006a28:	015b0a33          	add	s4,s6,s5
 8006a2c:	00ea7a33          	and	s4,s4,a4
 8006a30:	414787b3          	sub	a5,a5,s4
 8006a34:	00e7fa33          	and	s4,a5,a4
 8006a38:	000a0593          	mv	a1,s4
 8006a3c:	00090513          	mv	a0,s2
 8006a40:	154000ef          	jal	ra,8006b94 <_sbrk_r>
 8006a44:	fff00793          	li	a5,-1
 8006a48:	cef51ce3          	bne	a0,a5,8006740 <_malloc_r+0x3f0>
 8006a4c:	00000a13          	li	s4,0
 8006a50:	cf9ff06f          	j	8006748 <_malloc_r+0x3f8>
 8006a54:	05400713          	li	a4,84
 8006a58:	08f76663          	bltu	a4,a5,8006ae4 <_malloc_r+0x794>
 8006a5c:	00c5d793          	srli	a5,a1,0xc
 8006a60:	06f78693          	addi	a3,a5,111
 8006a64:	06e78713          	addi	a4,a5,110
 8006a68:	00369693          	slli	a3,a3,0x3
 8006a6c:	dc9ff06f          	j	8006834 <_malloc_r+0x4e4>
 8006a70:	15400713          	li	a4,340
 8006a74:	08f76663          	bltu	a4,a5,8006b00 <_malloc_r+0x7b0>
 8006a78:	00f4d793          	srli	a5,s1,0xf
 8006a7c:	07878613          	addi	a2,a5,120
 8006a80:	07778513          	addi	a0,a5,119
 8006a84:	00361693          	slli	a3,a2,0x3
 8006a88:	9a9ff06f          	j	8006430 <_malloc_r+0xe0>
 8006a8c:	00001c97          	auipc	s9,0x1
 8006a90:	e38c8c93          	addi	s9,s9,-456 # 80078c4 <__malloc_current_mallinfo>
 8006a94:	000ca783          	lw	a5,0(s9)
 8006a98:	00fa8733          	add	a4,s5,a5
 8006a9c:	00001797          	auipc	a5,0x1
 8006aa0:	e2e7a423          	sw	a4,-472(a5) # 80078c4 <__malloc_current_mallinfo>
 8006aa4:	c3dff06f          	j	80066e0 <_malloc_r+0x390>
 8006aa8:	014a1693          	slli	a3,s4,0x14
 8006aac:	c2069ae3          	bnez	a3,80066e0 <_malloc_r+0x390>
 8006ab0:	0089a403          	lw	s0,8(s3)
 8006ab4:	015b8ab3          	add	s5,s7,s5
 8006ab8:	001aea93          	ori	s5,s5,1
 8006abc:	01542223          	sw	s5,4(s0)
 8006ac0:	ce9ff06f          	j	80067a8 <_malloc_r+0x458>
 8006ac4:	00001797          	auipc	a5,0x1
 8006ac8:	df67a423          	sw	s6,-536(a5) # 80078ac <__malloc_sbrk_base>
 8006acc:	c31ff06f          	j	80066fc <_malloc_r+0x3ac>
 8006ad0:	000b0413          	mv	s0,s6
 8006ad4:	cd5ff06f          	j	80067a8 <_malloc_r+0x458>
 8006ad8:	00100793          	li	a5,1
 8006adc:	00fb2223          	sw	a5,4(s6)
 8006ae0:	ea1ff06f          	j	8006980 <_malloc_r+0x630>
 8006ae4:	15400713          	li	a4,340
 8006ae8:	06f76263          	bltu	a4,a5,8006b4c <_malloc_r+0x7fc>
 8006aec:	00f5d793          	srli	a5,a1,0xf
 8006af0:	07878693          	addi	a3,a5,120
 8006af4:	07778713          	addi	a4,a5,119
 8006af8:	00369693          	slli	a3,a3,0x3
 8006afc:	d39ff06f          	j	8006834 <_malloc_r+0x4e4>
 8006b00:	55400713          	li	a4,1364
 8006b04:	06f76263          	bltu	a4,a5,8006b68 <_malloc_r+0x818>
 8006b08:	0124d793          	srli	a5,s1,0x12
 8006b0c:	07d78613          	addi	a2,a5,125
 8006b10:	07c78513          	addi	a0,a5,124
 8006b14:	00361693          	slli	a3,a2,0x3
 8006b18:	919ff06f          	j	8006430 <_malloc_r+0xe0>
 8006b1c:	ff8c0c13          	addi	s8,s8,-8
 8006b20:	018a8ab3          	add	s5,s5,s8
 8006b24:	416a8ab3          	sub	s5,s5,s6
 8006b28:	00000a13          	li	s4,0
 8006b2c:	c1dff06f          	j	8006748 <_malloc_r+0x3f8>
 8006b30:	00840593          	addi	a1,s0,8
 8006b34:	00090513          	mv	a0,s2
 8006b38:	1f4000ef          	jal	ra,8006d2c <_free_r>
 8006b3c:	0089a403          	lw	s0,8(s3)
 8006b40:	000ca783          	lw	a5,0(s9)
 8006b44:	00442a83          	lw	s5,4(s0)
 8006b48:	c61ff06f          	j	80067a8 <_malloc_r+0x458>
 8006b4c:	55400713          	li	a4,1364
 8006b50:	02f76463          	bltu	a4,a5,8006b78 <_malloc_r+0x828>
 8006b54:	0125d793          	srli	a5,a1,0x12
 8006b58:	07d78693          	addi	a3,a5,125
 8006b5c:	07c78713          	addi	a4,a5,124
 8006b60:	00369693          	slli	a3,a3,0x3
 8006b64:	cd1ff06f          	j	8006834 <_malloc_r+0x4e4>
 8006b68:	3f800693          	li	a3,1016
 8006b6c:	07f00613          	li	a2,127
 8006b70:	07e00513          	li	a0,126
 8006b74:	8bdff06f          	j	8006430 <_malloc_r+0xe0>
 8006b78:	3f800693          	li	a3,1016
 8006b7c:	07e00713          	li	a4,126
 8006b80:	cb5ff06f          	j	8006834 <_malloc_r+0x4e4>
 8006b84:	0049a783          	lw	a5,4(s3)
 8006b88:	e45ff06f          	j	80069cc <_malloc_r+0x67c>

08006b8c <__malloc_lock>:
__malloc_lock():
 8006b8c:	00008067          	ret

08006b90 <__malloc_unlock>:
__malloc_unlock():
 8006b90:	00008067          	ret

08006b94 <_sbrk_r>:
_sbrk_r():
 8006b94:	ff010113          	addi	sp,sp,-16
 8006b98:	00812423          	sw	s0,8(sp)
 8006b9c:	00050413          	mv	s0,a0
 8006ba0:	00058513          	mv	a0,a1
 8006ba4:	00001797          	auipc	a5,0x1
 8006ba8:	d407a423          	sw	zero,-696(a5) # 80078ec <errno>
 8006bac:	00112623          	sw	ra,12(sp)
 8006bb0:	e60ff0ef          	jal	ra,8006210 <_sbrk>
 8006bb4:	fff00793          	li	a5,-1
 8006bb8:	00f50a63          	beq	a0,a5,8006bcc <_sbrk_r+0x38>
 8006bbc:	00c12083          	lw	ra,12(sp)
 8006bc0:	00812403          	lw	s0,8(sp)
 8006bc4:	01010113          	addi	sp,sp,16
 8006bc8:	00008067          	ret
 8006bcc:	00001797          	auipc	a5,0x1
 8006bd0:	d2078793          	addi	a5,a5,-736 # 80078ec <errno>
 8006bd4:	0007a783          	lw	a5,0(a5)
 8006bd8:	fe0782e3          	beqz	a5,8006bbc <_sbrk_r+0x28>
 8006bdc:	00f42023          	sw	a5,0(s0)
 8006be0:	00c12083          	lw	ra,12(sp)
 8006be4:	00812403          	lw	s0,8(sp)
 8006be8:	01010113          	addi	sp,sp,16
 8006bec:	00008067          	ret

08006bf0 <_malloc_trim_r>:
_malloc_trim_r():
 8006bf0:	fe010113          	addi	sp,sp,-32
 8006bf4:	00812c23          	sw	s0,24(sp)
 8006bf8:	00912a23          	sw	s1,20(sp)
 8006bfc:	01212823          	sw	s2,16(sp)
 8006c00:	01312623          	sw	s3,12(sp)
 8006c04:	00058413          	mv	s0,a1
 8006c08:	00112e23          	sw	ra,28(sp)
 8006c0c:	00000997          	auipc	s3,0x0
 8006c10:	46498993          	addi	s3,s3,1124 # 8007070 <__malloc_av_>
 8006c14:	00050913          	mv	s2,a0
 8006c18:	f75ff0ef          	jal	ra,8006b8c <__malloc_lock>
 8006c1c:	0089a683          	lw	a3,8(s3)
 8006c20:	00001737          	lui	a4,0x1
 8006c24:	fef70793          	addi	a5,a4,-17 # fef <__heap_size+0x7ef>
 8006c28:	0046a483          	lw	s1,4(a3)
 8006c2c:	40878433          	sub	s0,a5,s0
 8006c30:	ffc4f493          	andi	s1,s1,-4
 8006c34:	00940433          	add	s0,s0,s1
 8006c38:	00c45413          	srli	s0,s0,0xc
 8006c3c:	fff40413          	addi	s0,s0,-1
 8006c40:	00c41413          	slli	s0,s0,0xc
 8006c44:	00e44e63          	blt	s0,a4,8006c60 <_malloc_trim_r+0x70>
 8006c48:	00000593          	li	a1,0
 8006c4c:	00090513          	mv	a0,s2
 8006c50:	f45ff0ef          	jal	ra,8006b94 <_sbrk_r>
 8006c54:	0089a783          	lw	a5,8(s3)
 8006c58:	009787b3          	add	a5,a5,s1
 8006c5c:	02f50663          	beq	a0,a5,8006c88 <_malloc_trim_r+0x98>
 8006c60:	00090513          	mv	a0,s2
 8006c64:	f2dff0ef          	jal	ra,8006b90 <__malloc_unlock>
 8006c68:	01c12083          	lw	ra,28(sp)
 8006c6c:	01812403          	lw	s0,24(sp)
 8006c70:	01412483          	lw	s1,20(sp)
 8006c74:	01012903          	lw	s2,16(sp)
 8006c78:	00c12983          	lw	s3,12(sp)
 8006c7c:	00000513          	li	a0,0
 8006c80:	02010113          	addi	sp,sp,32
 8006c84:	00008067          	ret
 8006c88:	408005b3          	neg	a1,s0
 8006c8c:	00090513          	mv	a0,s2
 8006c90:	f05ff0ef          	jal	ra,8006b94 <_sbrk_r>
 8006c94:	fff00793          	li	a5,-1
 8006c98:	04f50a63          	beq	a0,a5,8006cec <_malloc_trim_r+0xfc>
 8006c9c:	00001797          	auipc	a5,0x1
 8006ca0:	c2878793          	addi	a5,a5,-984 # 80078c4 <__malloc_current_mallinfo>
 8006ca4:	0007a783          	lw	a5,0(a5)
 8006ca8:	0089a703          	lw	a4,8(s3)
 8006cac:	408484b3          	sub	s1,s1,s0
 8006cb0:	0014e493          	ori	s1,s1,1
 8006cb4:	40878433          	sub	s0,a5,s0
 8006cb8:	00090513          	mv	a0,s2
 8006cbc:	00972223          	sw	s1,4(a4)
 8006cc0:	00001797          	auipc	a5,0x1
 8006cc4:	c087a223          	sw	s0,-1020(a5) # 80078c4 <__malloc_current_mallinfo>
 8006cc8:	ec9ff0ef          	jal	ra,8006b90 <__malloc_unlock>
 8006ccc:	01c12083          	lw	ra,28(sp)
 8006cd0:	01812403          	lw	s0,24(sp)
 8006cd4:	01412483          	lw	s1,20(sp)
 8006cd8:	01012903          	lw	s2,16(sp)
 8006cdc:	00c12983          	lw	s3,12(sp)
 8006ce0:	00100513          	li	a0,1
 8006ce4:	02010113          	addi	sp,sp,32
 8006ce8:	00008067          	ret
 8006cec:	00000593          	li	a1,0
 8006cf0:	00090513          	mv	a0,s2
 8006cf4:	ea1ff0ef          	jal	ra,8006b94 <_sbrk_r>
 8006cf8:	0089a703          	lw	a4,8(s3)
 8006cfc:	00f00693          	li	a3,15
 8006d00:	40e507b3          	sub	a5,a0,a4
 8006d04:	f4f6dee3          	bge	a3,a5,8006c60 <_malloc_trim_r+0x70>
 8006d08:	00001697          	auipc	a3,0x1
 8006d0c:	ba468693          	addi	a3,a3,-1116 # 80078ac <__malloc_sbrk_base>
 8006d10:	0006a683          	lw	a3,0(a3)
 8006d14:	0017e793          	ori	a5,a5,1
 8006d18:	00f72223          	sw	a5,4(a4)
 8006d1c:	40d50533          	sub	a0,a0,a3
 8006d20:	00001797          	auipc	a5,0x1
 8006d24:	baa7a223          	sw	a0,-1116(a5) # 80078c4 <__malloc_current_mallinfo>
 8006d28:	f39ff06f          	j	8006c60 <_malloc_trim_r+0x70>

08006d2c <_free_r>:
_free_r():
 8006d2c:	12058e63          	beqz	a1,8006e68 <_free_r+0x13c>
 8006d30:	ff010113          	addi	sp,sp,-16
 8006d34:	00812423          	sw	s0,8(sp)
 8006d38:	00912223          	sw	s1,4(sp)
 8006d3c:	00058413          	mv	s0,a1
 8006d40:	00050493          	mv	s1,a0
 8006d44:	00112623          	sw	ra,12(sp)
 8006d48:	e45ff0ef          	jal	ra,8006b8c <__malloc_lock>
 8006d4c:	ffc42583          	lw	a1,-4(s0)
 8006d50:	ff840713          	addi	a4,s0,-8
 8006d54:	00000517          	auipc	a0,0x0
 8006d58:	31c50513          	addi	a0,a0,796 # 8007070 <__malloc_av_>
 8006d5c:	ffe5f793          	andi	a5,a1,-2
 8006d60:	00f70633          	add	a2,a4,a5
 8006d64:	00462683          	lw	a3,4(a2)
 8006d68:	00852803          	lw	a6,8(a0)
 8006d6c:	ffc6f693          	andi	a3,a3,-4
 8006d70:	1ac80463          	beq	a6,a2,8006f18 <_free_r+0x1ec>
 8006d74:	00d62223          	sw	a3,4(a2)
 8006d78:	0015f593          	andi	a1,a1,1
 8006d7c:	00d60833          	add	a6,a2,a3
 8006d80:	0a059463          	bnez	a1,8006e28 <_free_r+0xfc>
 8006d84:	ff842303          	lw	t1,-8(s0)
 8006d88:	00482583          	lw	a1,4(a6)
 8006d8c:	00000897          	auipc	a7,0x0
 8006d90:	2ec88893          	addi	a7,a7,748 # 8007078 <__malloc_av_+0x8>
 8006d94:	40670733          	sub	a4,a4,t1
 8006d98:	00872803          	lw	a6,8(a4)
 8006d9c:	006787b3          	add	a5,a5,t1
 8006da0:	0015f593          	andi	a1,a1,1
 8006da4:	15180463          	beq	a6,a7,8006eec <_free_r+0x1c0>
 8006da8:	00c72303          	lw	t1,12(a4)
 8006dac:	00682623          	sw	t1,12(a6)
 8006db0:	01032423          	sw	a6,8(t1)
 8006db4:	1e058463          	beqz	a1,8006f9c <_free_r+0x270>
 8006db8:	0017e693          	ori	a3,a5,1
 8006dbc:	00d72223          	sw	a3,4(a4)
 8006dc0:	00f62023          	sw	a5,0(a2)
 8006dc4:	1ff00693          	li	a3,511
 8006dc8:	0af6ec63          	bltu	a3,a5,8006e80 <_free_r+0x154>
 8006dcc:	0037d793          	srli	a5,a5,0x3
 8006dd0:	00178693          	addi	a3,a5,1
 8006dd4:	00369693          	slli	a3,a3,0x3
 8006dd8:	00452583          	lw	a1,4(a0)
 8006ddc:	00d50533          	add	a0,a0,a3
 8006de0:	00052603          	lw	a2,0(a0)
 8006de4:	4027d693          	srai	a3,a5,0x2
 8006de8:	00100793          	li	a5,1
 8006dec:	00d797b3          	sll	a5,a5,a3
 8006df0:	00b7e7b3          	or	a5,a5,a1
 8006df4:	ff850693          	addi	a3,a0,-8
 8006df8:	00d72623          	sw	a3,12(a4)
 8006dfc:	00c72423          	sw	a2,8(a4)
 8006e00:	00000697          	auipc	a3,0x0
 8006e04:	26f6aa23          	sw	a5,628(a3) # 8007074 <__malloc_av_+0x4>
 8006e08:	00e52023          	sw	a4,0(a0)
 8006e0c:	00e62623          	sw	a4,12(a2)
 8006e10:	00812403          	lw	s0,8(sp)
 8006e14:	00c12083          	lw	ra,12(sp)
 8006e18:	00048513          	mv	a0,s1
 8006e1c:	00412483          	lw	s1,4(sp)
 8006e20:	01010113          	addi	sp,sp,16
 8006e24:	d6dff06f          	j	8006b90 <__malloc_unlock>
 8006e28:	00482583          	lw	a1,4(a6)
 8006e2c:	0015f593          	andi	a1,a1,1
 8006e30:	02059e63          	bnez	a1,8006e6c <_free_r+0x140>
 8006e34:	00d787b3          	add	a5,a5,a3
 8006e38:	00000897          	auipc	a7,0x0
 8006e3c:	24088893          	addi	a7,a7,576 # 8007078 <__malloc_av_+0x8>
 8006e40:	00862683          	lw	a3,8(a2)
 8006e44:	0017e813          	ori	a6,a5,1
 8006e48:	00f705b3          	add	a1,a4,a5
 8006e4c:	17168463          	beq	a3,a7,8006fb4 <_free_r+0x288>
 8006e50:	00c62603          	lw	a2,12(a2)
 8006e54:	00c6a623          	sw	a2,12(a3)
 8006e58:	00d62423          	sw	a3,8(a2)
 8006e5c:	01072223          	sw	a6,4(a4)
 8006e60:	00f5a023          	sw	a5,0(a1)
 8006e64:	f61ff06f          	j	8006dc4 <_free_r+0x98>
 8006e68:	00008067          	ret
 8006e6c:	0017e693          	ori	a3,a5,1
 8006e70:	fed42e23          	sw	a3,-4(s0)
 8006e74:	00f62023          	sw	a5,0(a2)
 8006e78:	1ff00693          	li	a3,511
 8006e7c:	f4f6f8e3          	bgeu	a3,a5,8006dcc <_free_r+0xa0>
 8006e80:	0097d693          	srli	a3,a5,0x9
 8006e84:	00400613          	li	a2,4
 8006e88:	0ed66863          	bltu	a2,a3,8006f78 <_free_r+0x24c>
 8006e8c:	0067d693          	srli	a3,a5,0x6
 8006e90:	03968593          	addi	a1,a3,57
 8006e94:	03868613          	addi	a2,a3,56
 8006e98:	00359593          	slli	a1,a1,0x3
 8006e9c:	00b505b3          	add	a1,a0,a1
 8006ea0:	0005a683          	lw	a3,0(a1)
 8006ea4:	ff858593          	addi	a1,a1,-8
 8006ea8:	12d58863          	beq	a1,a3,8006fd8 <_free_r+0x2ac>
 8006eac:	0046a603          	lw	a2,4(a3)
 8006eb0:	ffc67613          	andi	a2,a2,-4
 8006eb4:	00c7f663          	bgeu	a5,a2,8006ec0 <_free_r+0x194>
 8006eb8:	0086a683          	lw	a3,8(a3)
 8006ebc:	fed598e3          	bne	a1,a3,8006eac <_free_r+0x180>
 8006ec0:	00c6a583          	lw	a1,12(a3)
 8006ec4:	00b72623          	sw	a1,12(a4)
 8006ec8:	00d72423          	sw	a3,8(a4)
 8006ecc:	00812403          	lw	s0,8(sp)
 8006ed0:	00e5a423          	sw	a4,8(a1)
 8006ed4:	00c12083          	lw	ra,12(sp)
 8006ed8:	00048513          	mv	a0,s1
 8006edc:	00412483          	lw	s1,4(sp)
 8006ee0:	00e6a623          	sw	a4,12(a3)
 8006ee4:	01010113          	addi	sp,sp,16
 8006ee8:	ca9ff06f          	j	8006b90 <__malloc_unlock>
 8006eec:	14059863          	bnez	a1,800703c <_free_r+0x310>
 8006ef0:	00862583          	lw	a1,8(a2)
 8006ef4:	00c62603          	lw	a2,12(a2)
 8006ef8:	00f687b3          	add	a5,a3,a5
 8006efc:	0017e693          	ori	a3,a5,1
 8006f00:	00c5a623          	sw	a2,12(a1)
 8006f04:	00b62423          	sw	a1,8(a2)
 8006f08:	00d72223          	sw	a3,4(a4)
 8006f0c:	00f70733          	add	a4,a4,a5
 8006f10:	00f72023          	sw	a5,0(a4)
 8006f14:	efdff06f          	j	8006e10 <_free_r+0xe4>
 8006f18:	0015f593          	andi	a1,a1,1
 8006f1c:	00d787b3          	add	a5,a5,a3
 8006f20:	02059063          	bnez	a1,8006f40 <_free_r+0x214>
 8006f24:	ff842583          	lw	a1,-8(s0)
 8006f28:	40b70733          	sub	a4,a4,a1
 8006f2c:	00c72683          	lw	a3,12(a4)
 8006f30:	00872603          	lw	a2,8(a4)
 8006f34:	00b787b3          	add	a5,a5,a1
 8006f38:	00d62623          	sw	a3,12(a2)
 8006f3c:	00c6a423          	sw	a2,8(a3)
 8006f40:	00001697          	auipc	a3,0x1
 8006f44:	97068693          	addi	a3,a3,-1680 # 80078b0 <__malloc_trim_threshold>
 8006f48:	0017e613          	ori	a2,a5,1
 8006f4c:	0006a683          	lw	a3,0(a3)
 8006f50:	00c72223          	sw	a2,4(a4)
 8006f54:	00000617          	auipc	a2,0x0
 8006f58:	12e62223          	sw	a4,292(a2) # 8007078 <__malloc_av_+0x8>
 8006f5c:	ead7eae3          	bltu	a5,a3,8006e10 <_free_r+0xe4>
 8006f60:	00001797          	auipc	a5,0x1
 8006f64:	96078793          	addi	a5,a5,-1696 # 80078c0 <__malloc_top_pad>
 8006f68:	0007a583          	lw	a1,0(a5)
 8006f6c:	00048513          	mv	a0,s1
 8006f70:	c81ff0ef          	jal	ra,8006bf0 <_malloc_trim_r>
 8006f74:	e9dff06f          	j	8006e10 <_free_r+0xe4>
 8006f78:	01400613          	li	a2,20
 8006f7c:	02d67463          	bgeu	a2,a3,8006fa4 <_free_r+0x278>
 8006f80:	05400613          	li	a2,84
 8006f84:	06d66a63          	bltu	a2,a3,8006ff8 <_free_r+0x2cc>
 8006f88:	00c7d693          	srli	a3,a5,0xc
 8006f8c:	06f68593          	addi	a1,a3,111
 8006f90:	06e68613          	addi	a2,a3,110
 8006f94:	00359593          	slli	a1,a1,0x3
 8006f98:	f05ff06f          	j	8006e9c <_free_r+0x170>
 8006f9c:	00d787b3          	add	a5,a5,a3
 8006fa0:	ea1ff06f          	j	8006e40 <_free_r+0x114>
 8006fa4:	05c68593          	addi	a1,a3,92
 8006fa8:	05b68613          	addi	a2,a3,91
 8006fac:	00359593          	slli	a1,a1,0x3
 8006fb0:	eedff06f          	j	8006e9c <_free_r+0x170>
 8006fb4:	00000697          	auipc	a3,0x0
 8006fb8:	0ce6a823          	sw	a4,208(a3) # 8007084 <__malloc_av_+0x14>
 8006fbc:	00000697          	auipc	a3,0x0
 8006fc0:	0ce6a223          	sw	a4,196(a3) # 8007080 <__malloc_av_+0x10>
 8006fc4:	01172623          	sw	a7,12(a4)
 8006fc8:	01172423          	sw	a7,8(a4)
 8006fcc:	01072223          	sw	a6,4(a4)
 8006fd0:	00f5a023          	sw	a5,0(a1)
 8006fd4:	e3dff06f          	j	8006e10 <_free_r+0xe4>
 8006fd8:	00452503          	lw	a0,4(a0)
 8006fdc:	00100793          	li	a5,1
 8006fe0:	40265613          	srai	a2,a2,0x2
 8006fe4:	00c79633          	sll	a2,a5,a2
 8006fe8:	00a66633          	or	a2,a2,a0
 8006fec:	00000797          	auipc	a5,0x0
 8006ff0:	08c7a423          	sw	a2,136(a5) # 8007074 <__malloc_av_+0x4>
 8006ff4:	ed1ff06f          	j	8006ec4 <_free_r+0x198>
 8006ff8:	15400613          	li	a2,340
 8006ffc:	00d66c63          	bltu	a2,a3,8007014 <_free_r+0x2e8>
 8007000:	00f7d693          	srli	a3,a5,0xf
 8007004:	07868593          	addi	a1,a3,120
 8007008:	07768613          	addi	a2,a3,119
 800700c:	00359593          	slli	a1,a1,0x3
 8007010:	e8dff06f          	j	8006e9c <_free_r+0x170>
 8007014:	55400613          	li	a2,1364
 8007018:	00d66c63          	bltu	a2,a3,8007030 <_free_r+0x304>
 800701c:	0127d693          	srli	a3,a5,0x12
 8007020:	07d68593          	addi	a1,a3,125
 8007024:	07c68613          	addi	a2,a3,124
 8007028:	00359593          	slli	a1,a1,0x3
 800702c:	e71ff06f          	j	8006e9c <_free_r+0x170>
 8007030:	3f800593          	li	a1,1016
 8007034:	07e00613          	li	a2,126
 8007038:	e65ff06f          	j	8006e9c <_free_r+0x170>
 800703c:	0017e693          	ori	a3,a5,1
 8007040:	00d72223          	sw	a3,4(a4)
 8007044:	00f62023          	sw	a5,0(a2)
 8007048:	dc9ff06f          	j	8006e10 <_free_r+0xe4>
