
build/release/echo.elf:     file format elf32-littleriscv
build/release/echo.elf
architecture: riscv:rv32, flags 0x00000112:
EXEC_P, HAS_SYMS, D_PAGED
start address 0x08006200

Program Header:
    LOAD off    0x00000200 vaddr 0x08006200 paddr 0x08006200 align 2**12
         filesz 0x000000e8 memsz 0x000008e8 flags rwx

Sections:
Idx Name              Size      VMA       LMA       File off  Algn  Flags
  0 .text             000000d8  08006200  08006200  00000200  2**3  CONTENTS, ALLOC, LOAD, READONLY, CODE
  1 .rodata           00000008  080062d8  080062d8  000002d8  2**3  CONTENTS, ALLOC, LOAD, READONLY, DATA
  2 .data             00000008  080062e0  080062e0  000002e0  2**3  CONTENTS, ALLOC, LOAD, DATA
  3 .heap             00000800  080062e8  080062e8  000002e8  2**3  ALLOC
  4 .riscv.attributes 0000001c  00000000  00000000  000002e8  2**0  CONTENTS, READONLY
  5 .comment          00000028  00000000  00000000  00000304  2**0  CONTENTS, READONLY
SYMBOL TABLE:
08006200 l    d  .text	00000000 .text
080062d8 l    d  .rodata	00000000 .rodata
080062e0 l    d  .data	00000000 .data
080062e8 l    d  .heap	00000000 .heap
00000000 l    d  .riscv.attributes	00000000 .riscv.attributes
00000000 l    d  .comment	00000000 .comment
00000000 l    df *ABS*	00000000 servers.c
00000000 l    df *ABS*	00000000 echo.c
080062e4 g     O .data	00000004 earth
00000800 g       *ABS*	00000000 __heap_size
080062e0 g     O .data	00000004 grass
0800623c g     F .text	0000009c main
08006200 g       .text	00000000 _enter
08008000 g       *ABS*	00000000 __heap_end
080062e8 g       .heap	00000000 __heap_start
08006210 g     F .text	0000002c exit



Disassembly of section .text:

08006200 <_enter>:
_enter():
 8006200:	00052503          	lw	a0,0(a0)
 8006204:	80002137          	lui	sp,0x80002
 8006208:	034000ef          	jal	ra,800623c <main>
 800620c:	004000ef          	jal	ra,8006210 <exit>

08006210 <exit>:
exit():
 8006210:	fe010113          	addi	sp,sp,-32 # 80001fe0 <__heap_end+0x77ff9fe0>
 8006214:	00112e23          	sw	ra,28(sp)
 8006218:	00812c23          	sw	s0,24(sp)
 800621c:	02010413          	addi	s0,sp,32
 8006220:	fea42623          	sw	a0,-20(s0)
 8006224:	080067b7          	lui	a5,0x8006
 8006228:	2e07a783          	lw	a5,736(a5) # 80062e0 <grass>
 800622c:	0a47a783          	lw	a5,164(a5)
 8006230:	fec42503          	lw	a0,-20(s0)
 8006234:	000780e7          	jalr	a5
 8006238:	0000006f          	j	8006238 <exit+0x28>

0800623c <main>:
main():
 800623c:	fd010113          	addi	sp,sp,-48
 8006240:	02112623          	sw	ra,44(sp)
 8006244:	02812423          	sw	s0,40(sp)
 8006248:	03010413          	addi	s0,sp,48
 800624c:	fca42e23          	sw	a0,-36(s0)
 8006250:	fcb42c23          	sw	a1,-40(s0)
 8006254:	00100793          	li	a5,1
 8006258:	fef42623          	sw	a5,-20(s0)
 800625c:	0400006f          	j	800629c <main+0x60>
 8006260:	080067b7          	lui	a5,0x8006
 8006264:	2e47a783          	lw	a5,740(a5) # 80062e4 <earth>
 8006268:	0347a683          	lw	a3,52(a5)
 800626c:	fec42783          	lw	a5,-20(s0)
 8006270:	00279793          	slli	a5,a5,0x2
 8006274:	fd842703          	lw	a4,-40(s0)
 8006278:	00f707b3          	add	a5,a4,a5
 800627c:	0007a783          	lw	a5,0(a5)
 8006280:	00078593          	mv	a1,a5
 8006284:	080067b7          	lui	a5,0x8006
 8006288:	2d878513          	addi	a0,a5,728 # 80062d8 <main+0x9c>
 800628c:	000680e7          	jalr	a3
 8006290:	fec42783          	lw	a5,-20(s0)
 8006294:	00178793          	addi	a5,a5,1
 8006298:	fef42623          	sw	a5,-20(s0)
 800629c:	fec42703          	lw	a4,-20(s0)
 80062a0:	fdc42783          	lw	a5,-36(s0)
 80062a4:	faf74ee3          	blt	a4,a5,8006260 <main+0x24>
 80062a8:	080067b7          	lui	a5,0x8006
 80062ac:	2e47a783          	lw	a5,740(a5) # 80062e4 <earth>
 80062b0:	0347a703          	lw	a4,52(a5)
 80062b4:	080067b7          	lui	a5,0x8006
 80062b8:	2dc78513          	addi	a0,a5,732 # 80062dc <main+0xa0>
 80062bc:	000700e7          	jalr	a4
 80062c0:	00000793          	li	a5,0
 80062c4:	00078513          	mv	a0,a5
 80062c8:	02c12083          	lw	ra,44(sp)
 80062cc:	02812403          	lw	s0,40(sp)
 80062d0:	03010113          	addi	sp,sp,48
 80062d4:	00008067          	ret
