
build/release/ls.elf:     file format elf32-littleriscv
build/release/ls.elf
architecture: riscv:rv32, flags 0x00000112:
EXEC_P, HAS_SYMS, D_PAGED
start address 0x08006200

Program Header:
    LOAD off    0x00000200 vaddr 0x08006200 paddr 0x08006200 align 2**12
         filesz 0x00000498 memsz 0x000010a0 flags rwx

Sections:
Idx Name              Size      VMA       LMA       File off  Algn  Flags
  0 .text             00000400  08006200  08006200  00000200  2**3  CONTENTS, ALLOC, LOAD, READONLY, CODE
  1 .rodata           00000090  08006600  08006600  00000600  2**3  CONTENTS, ALLOC, LOAD, READONLY, DATA
  2 .data             00000008  08006690  08006690  00000690  2**3  CONTENTS, ALLOC, LOAD, DATA
  3 .bss              00000404  08006698  08006698  00000698  2**3  ALLOC
  4 .heap             00000800  08006aa0  08006aa0  00000698  2**3  ALLOC
  5 .riscv.attributes 0000001c  00000000  00000000  00000698  2**0  CONTENTS, READONLY
  6 .comment          00000028  00000000  00000000  000006b4  2**0  CONTENTS, READONLY
SYMBOL TABLE:
08006200 l    d  .text	00000000 .text
08006600 l    d  .rodata	00000000 .rodata
08006690 l    d  .data	00000000 .data
08006698 l    d  .bss	00000000 .bss
08006aa0 l    d  .heap	00000000 .heap
00000000 l    d  .riscv.attributes	00000000 .riscv.attributes
00000000 l    d  .comment	00000000 .comment
00000000 l    df *ABS*	00000000 servers.c
08006698 l     O .bss	00000004 sender
0800669c l     O .bss	00000400 buf
00000000 l    df *ABS*	00000000 ls.c
00000000 l    df *ABS*	00000000 memcpy.c
00000000 l    df *ABS*	00000000 strlen.c
08006458 g     F .text	0000011c memcpy
08006694 g     O .data	00000004 earth
00000800 g       *ABS*	00000000 __heap_size
0800623c g     F .text	000000f0 file_read
08006690 g     O .data	00000004 grass
0800632c g     F .text	0000012c main
08006200 g       .text	00000000 _enter
08008000 g       *ABS*	00000000 __heap_end
08006aa0 g       .heap	00000000 __heap_start
08006210 g     F .text	0000002c exit
08006574 g     F .text	0000008c strlen



Disassembly of section .text:

08006200 <_enter>:
_enter():
 8006200:	00052503          	lw	a0,0(a0)
 8006204:	80002137          	lui	sp,0x80002
 8006208:	124000ef          	jal	ra,800632c <main>
 800620c:	004000ef          	jal	ra,8006210 <exit>

08006210 <exit>:
exit():
 8006210:	fe010113          	addi	sp,sp,-32 # 80001fe0 <__heap_end+0x77ff9fe0>
 8006214:	00112e23          	sw	ra,28(sp)
 8006218:	00812c23          	sw	s0,24(sp)
 800621c:	02010413          	addi	s0,sp,32
 8006220:	fea42623          	sw	a0,-20(s0)
 8006224:	080067b7          	lui	a5,0x8006
 8006228:	6907a783          	lw	a5,1680(a5) # 8006690 <grass>
 800622c:	0a47a783          	lw	a5,164(a5)
 8006230:	fec42503          	lw	a0,-20(s0)
 8006234:	000780e7          	jalr	a5
 8006238:	0000006f          	j	8006238 <exit+0x28>

0800623c <file_read>:
file_read():
 800623c:	dd010113          	addi	sp,sp,-560
 8006240:	22112623          	sw	ra,556(sp)
 8006244:	22812423          	sw	s0,552(sp)
 8006248:	23010413          	addi	s0,sp,560
 800624c:	dca42e23          	sw	a0,-548(s0)
 8006250:	dcb42c23          	sw	a1,-552(s0)
 8006254:	dcc42a23          	sw	a2,-556(s0)
 8006258:	00100793          	li	a5,1
 800625c:	def42023          	sw	a5,-544(s0)
 8006260:	ddc42783          	lw	a5,-548(s0)
 8006264:	def42223          	sw	a5,-540(s0)
 8006268:	dd842783          	lw	a5,-552(s0)
 800626c:	def42423          	sw	a5,-536(s0)
 8006270:	080067b7          	lui	a5,0x8006
 8006274:	6907a783          	lw	a5,1680(a5) # 8006690 <grass>
 8006278:	0a87a703          	lw	a4,168(a5)
 800627c:	de040793          	addi	a5,s0,-544
 8006280:	20c00613          	li	a2,524
 8006284:	00078593          	mv	a1,a5
 8006288:	00200513          	li	a0,2
 800628c:	000700e7          	jalr	a4
 8006290:	080067b7          	lui	a5,0x8006
 8006294:	6907a783          	lw	a5,1680(a5) # 8006690 <grass>
 8006298:	0ac7a703          	lw	a4,172(a5)
 800629c:	40000613          	li	a2,1024
 80062a0:	080067b7          	lui	a5,0x8006
 80062a4:	69c78593          	addi	a1,a5,1692 # 800669c <buf>
 80062a8:	080067b7          	lui	a5,0x8006
 80062ac:	69878513          	addi	a0,a5,1688 # 8006698 <sender>
 80062b0:	000700e7          	jalr	a4
 80062b4:	080067b7          	lui	a5,0x8006
 80062b8:	6987a703          	lw	a4,1688(a5) # 8006698 <sender>
 80062bc:	00200793          	li	a5,2
 80062c0:	00f70e63          	beq	a4,a5,80062dc <file_read+0xa0>
 80062c4:	080067b7          	lui	a5,0x8006
 80062c8:	6947a783          	lw	a5,1684(a5) # 8006694 <earth>
 80062cc:	03c7a703          	lw	a4,60(a5)
 80062d0:	080067b7          	lui	a5,0x8006
 80062d4:	62078513          	addi	a0,a5,1568 # 8006620 <strlen+0xac>
 80062d8:	000700e7          	jalr	a4
 80062dc:	080067b7          	lui	a5,0x8006
 80062e0:	69c78793          	addi	a5,a5,1692 # 800669c <buf>
 80062e4:	fef42623          	sw	a5,-20(s0)
 80062e8:	fec42783          	lw	a5,-20(s0)
 80062ec:	00478793          	addi	a5,a5,4
 80062f0:	20000613          	li	a2,512
 80062f4:	00078593          	mv	a1,a5
 80062f8:	dd442503          	lw	a0,-556(s0)
 80062fc:	15c000ef          	jal	ra,8006458 <memcpy>
 8006300:	fec42783          	lw	a5,-20(s0)
 8006304:	0007a783          	lw	a5,0(a5)
 8006308:	00079663          	bnez	a5,8006314 <file_read+0xd8>
 800630c:	00000793          	li	a5,0
 8006310:	0080006f          	j	8006318 <file_read+0xdc>
 8006314:	fff00793          	li	a5,-1
 8006318:	00078513          	mv	a0,a5
 800631c:	22c12083          	lw	ra,556(sp)
 8006320:	22812403          	lw	s0,552(sp)
 8006324:	23010113          	addi	sp,sp,560
 8006328:	00008067          	ret

0800632c <main>:
main():
 800632c:	dd010113          	addi	sp,sp,-560
 8006330:	22112623          	sw	ra,556(sp)
 8006334:	22812423          	sw	s0,552(sp)
 8006338:	23010413          	addi	s0,sp,560
 800633c:	dca42e23          	sw	a0,-548(s0)
 8006340:	dcb42c23          	sw	a1,-552(s0)
 8006344:	ddc42703          	lw	a4,-548(s0)
 8006348:	00100793          	li	a5,1
 800634c:	02e7d263          	bge	a5,a4,8006370 <main+0x44>
 8006350:	080067b7          	lui	a5,0x8006
 8006354:	6947a783          	lw	a5,1684(a5) # 8006694 <earth>
 8006358:	0387a703          	lw	a4,56(a5)
 800635c:	080067b7          	lui	a5,0x8006
 8006360:	66078513          	addi	a0,a5,1632 # 8006660 <strlen+0xec>
 8006364:	000700e7          	jalr	a4
 8006368:	fff00793          	li	a5,-1
 800636c:	0d80006f          	j	8006444 <main+0x118>
 8006370:	080067b7          	lui	a5,0x8006
 8006374:	6907a783          	lw	a5,1680(a5) # 8006690 <grass>
 8006378:	0007a783          	lw	a5,0(a5)
 800637c:	dec40713          	addi	a4,s0,-532
 8006380:	00070613          	mv	a2,a4
 8006384:	00000593          	li	a1,0
 8006388:	00078513          	mv	a0,a5
 800638c:	eb1ff0ef          	jal	ra,800623c <file_read>
 8006390:	00100793          	li	a5,1
 8006394:	fef42623          	sw	a5,-20(s0)
 8006398:	0700006f          	j	8006408 <main+0xdc>
 800639c:	fec42783          	lw	a5,-20(s0)
 80063a0:	fff78793          	addi	a5,a5,-1
 80063a4:	ff040713          	addi	a4,s0,-16
 80063a8:	00f707b3          	add	a5,a4,a5
 80063ac:	dfc7c703          	lbu	a4,-516(a5)
 80063b0:	02000793          	li	a5,32
 80063b4:	04f71463          	bne	a4,a5,80063fc <main+0xd0>
 80063b8:	fec42783          	lw	a5,-20(s0)
 80063bc:	ff040713          	addi	a4,s0,-16
 80063c0:	00f707b3          	add	a5,a4,a5
 80063c4:	dfc7c703          	lbu	a4,-516(a5)
 80063c8:	02f00793          	li	a5,47
 80063cc:	02e7f863          	bgeu	a5,a4,80063fc <main+0xd0>
 80063d0:	fec42783          	lw	a5,-20(s0)
 80063d4:	ff040713          	addi	a4,s0,-16
 80063d8:	00f707b3          	add	a5,a4,a5
 80063dc:	dfc7c703          	lbu	a4,-516(a5)
 80063e0:	03900793          	li	a5,57
 80063e4:	00e7ec63          	bltu	a5,a4,80063fc <main+0xd0>
 80063e8:	fec42783          	lw	a5,-20(s0)
 80063ec:	ff040713          	addi	a4,s0,-16
 80063f0:	00f707b3          	add	a5,a4,a5
 80063f4:	02000713          	li	a4,32
 80063f8:	dee78e23          	sb	a4,-516(a5)
 80063fc:	fec42783          	lw	a5,-20(s0)
 8006400:	00178793          	addi	a5,a5,1
 8006404:	fef42623          	sw	a5,-20(s0)
 8006408:	dec40793          	addi	a5,s0,-532
 800640c:	00078513          	mv	a0,a5
 8006410:	164000ef          	jal	ra,8006574 <strlen>
 8006414:	00050713          	mv	a4,a0
 8006418:	fec42783          	lw	a5,-20(s0)
 800641c:	f8e7e0e3          	bltu	a5,a4,800639c <main+0x70>
 8006420:	080067b7          	lui	a5,0x8006
 8006424:	6947a783          	lw	a5,1684(a5) # 8006694 <earth>
 8006428:	0347a703          	lw	a4,52(a5)
 800642c:	dec40793          	addi	a5,s0,-532
 8006430:	00078593          	mv	a1,a5
 8006434:	080067b7          	lui	a5,0x8006
 8006438:	68478513          	addi	a0,a5,1668 # 8006684 <strlen+0x110>
 800643c:	000700e7          	jalr	a4
 8006440:	00000793          	li	a5,0
 8006444:	00078513          	mv	a0,a5
 8006448:	22c12083          	lw	ra,556(sp)
 800644c:	22812403          	lw	s0,552(sp)
 8006450:	23010113          	addi	sp,sp,560
 8006454:	00008067          	ret

08006458 <memcpy>:
memcpy():
 8006458:	00a5c7b3          	xor	a5,a1,a0
 800645c:	0037f793          	andi	a5,a5,3
 8006460:	00c508b3          	add	a7,a0,a2
 8006464:	06079263          	bnez	a5,80064c8 <memcpy+0x70>
 8006468:	00300793          	li	a5,3
 800646c:	04c7fe63          	bgeu	a5,a2,80064c8 <memcpy+0x70>
 8006470:	00357793          	andi	a5,a0,3
 8006474:	00050713          	mv	a4,a0
 8006478:	06079863          	bnez	a5,80064e8 <memcpy+0x90>
 800647c:	ffc8f613          	andi	a2,a7,-4
 8006480:	fe060793          	addi	a5,a2,-32
 8006484:	08f76c63          	bltu	a4,a5,800651c <memcpy+0xc4>
 8006488:	02c77c63          	bgeu	a4,a2,80064c0 <memcpy+0x68>
 800648c:	00058693          	mv	a3,a1
 8006490:	00070793          	mv	a5,a4
 8006494:	0006a803          	lw	a6,0(a3)
 8006498:	00478793          	addi	a5,a5,4
 800649c:	00468693          	addi	a3,a3,4
 80064a0:	ff07ae23          	sw	a6,-4(a5)
 80064a4:	fec7e8e3          	bltu	a5,a2,8006494 <memcpy+0x3c>
 80064a8:	fff60793          	addi	a5,a2,-1
 80064ac:	40e787b3          	sub	a5,a5,a4
 80064b0:	ffc7f793          	andi	a5,a5,-4
 80064b4:	00478793          	addi	a5,a5,4
 80064b8:	00f70733          	add	a4,a4,a5
 80064bc:	00f585b3          	add	a1,a1,a5
 80064c0:	01176863          	bltu	a4,a7,80064d0 <memcpy+0x78>
 80064c4:	00008067          	ret
 80064c8:	00050713          	mv	a4,a0
 80064cc:	ff157ce3          	bgeu	a0,a7,80064c4 <memcpy+0x6c>
 80064d0:	0005c783          	lbu	a5,0(a1)
 80064d4:	00170713          	addi	a4,a4,1
 80064d8:	00158593          	addi	a1,a1,1
 80064dc:	fef70fa3          	sb	a5,-1(a4)
 80064e0:	ff1768e3          	bltu	a4,a7,80064d0 <memcpy+0x78>
 80064e4:	00008067          	ret
 80064e8:	0005c683          	lbu	a3,0(a1)
 80064ec:	00170713          	addi	a4,a4,1
 80064f0:	00377793          	andi	a5,a4,3
 80064f4:	fed70fa3          	sb	a3,-1(a4)
 80064f8:	00158593          	addi	a1,a1,1
 80064fc:	f80780e3          	beqz	a5,800647c <memcpy+0x24>
 8006500:	0005c683          	lbu	a3,0(a1)
 8006504:	00170713          	addi	a4,a4,1
 8006508:	00377793          	andi	a5,a4,3
 800650c:	fed70fa3          	sb	a3,-1(a4)
 8006510:	00158593          	addi	a1,a1,1
 8006514:	fc079ae3          	bnez	a5,80064e8 <memcpy+0x90>
 8006518:	f65ff06f          	j	800647c <memcpy+0x24>
 800651c:	0005a683          	lw	a3,0(a1)
 8006520:	0045a283          	lw	t0,4(a1)
 8006524:	0085af83          	lw	t6,8(a1)
 8006528:	00c5af03          	lw	t5,12(a1)
 800652c:	0105ae83          	lw	t4,16(a1)
 8006530:	0145ae03          	lw	t3,20(a1)
 8006534:	0185a303          	lw	t1,24(a1)
 8006538:	01c5a803          	lw	a6,28(a1)
 800653c:	02458593          	addi	a1,a1,36
 8006540:	00d72023          	sw	a3,0(a4)
 8006544:	ffc5a683          	lw	a3,-4(a1)
 8006548:	00572223          	sw	t0,4(a4)
 800654c:	01f72423          	sw	t6,8(a4)
 8006550:	01e72623          	sw	t5,12(a4)
 8006554:	01d72823          	sw	t4,16(a4)
 8006558:	01c72a23          	sw	t3,20(a4)
 800655c:	00672c23          	sw	t1,24(a4)
 8006560:	01072e23          	sw	a6,28(a4)
 8006564:	02470713          	addi	a4,a4,36
 8006568:	fed72e23          	sw	a3,-4(a4)
 800656c:	faf768e3          	bltu	a4,a5,800651c <memcpy+0xc4>
 8006570:	f19ff06f          	j	8006488 <memcpy+0x30>

08006574 <strlen>:
strlen():
 8006574:	00357793          	andi	a5,a0,3
 8006578:	00050713          	mv	a4,a0
 800657c:	04079c63          	bnez	a5,80065d4 <strlen+0x60>
 8006580:	7f7f86b7          	lui	a3,0x7f7f8
 8006584:	f7f68693          	addi	a3,a3,-129 # 7f7f7f7f <__heap_end+0x777eff7f>
 8006588:	fff00593          	li	a1,-1
 800658c:	00470713          	addi	a4,a4,4
 8006590:	ffc72603          	lw	a2,-4(a4)
 8006594:	00d677b3          	and	a5,a2,a3
 8006598:	00d787b3          	add	a5,a5,a3
 800659c:	00c7e7b3          	or	a5,a5,a2
 80065a0:	00d7e7b3          	or	a5,a5,a3
 80065a4:	feb784e3          	beq	a5,a1,800658c <strlen+0x18>
 80065a8:	ffc74683          	lbu	a3,-4(a4)
 80065ac:	40a707b3          	sub	a5,a4,a0
 80065b0:	ffd74603          	lbu	a2,-3(a4)
 80065b4:	ffe74503          	lbu	a0,-2(a4)
 80065b8:	04068063          	beqz	a3,80065f8 <strlen+0x84>
 80065bc:	02060a63          	beqz	a2,80065f0 <strlen+0x7c>
 80065c0:	00a03533          	snez	a0,a0
 80065c4:	00f50533          	add	a0,a0,a5
 80065c8:	ffe50513          	addi	a0,a0,-2
 80065cc:	00008067          	ret
 80065d0:	fa0688e3          	beqz	a3,8006580 <strlen+0xc>
 80065d4:	00074783          	lbu	a5,0(a4)
 80065d8:	00170713          	addi	a4,a4,1
 80065dc:	00377693          	andi	a3,a4,3
 80065e0:	fe0798e3          	bnez	a5,80065d0 <strlen+0x5c>
 80065e4:	40a70733          	sub	a4,a4,a0
 80065e8:	fff70513          	addi	a0,a4,-1
 80065ec:	00008067          	ret
 80065f0:	ffd78513          	addi	a0,a5,-3
 80065f4:	00008067          	ret
 80065f8:	ffc78513          	addi	a0,a5,-4
 80065fc:	00008067          	ret
