
build/release/pwd.elf:     file format elf32-littleriscv
build/release/pwd.elf
architecture: riscv:rv32, flags 0x00000112:
EXEC_P, HAS_SYMS, D_PAGED
start address 0x08006200

Program Header:
    LOAD off    0x00000200 vaddr 0x08006200 paddr 0x08006200 align 2**12
         filesz 0x000000a8 memsz 0x000008a8 flags rwx

Sections:
Idx Name              Size      VMA       LMA       File off  Algn  Flags
  0 .text             00000094  08006200  08006200  00000200  2**3  CONTENTS, ALLOC, LOAD, READONLY, CODE
  1 .rodata           00000008  08006298  08006298  00000298  2**3  CONTENTS, ALLOC, LOAD, READONLY, DATA
  2 .data             00000008  080062a0  080062a0  000002a0  2**3  CONTENTS, ALLOC, LOAD, DATA
  3 .heap             00000800  080062a8  080062a8  000002a8  2**3  ALLOC
  4 .riscv.attributes 0000001c  00000000  00000000  000002a8  2**0  CONTENTS, READONLY
  5 .comment          00000028  00000000  00000000  000002c4  2**0  CONTENTS, READONLY
SYMBOL TABLE:
08006200 l    d  .text	00000000 .text
08006298 l    d  .rodata	00000000 .rodata
080062a0 l    d  .data	00000000 .data
080062a8 l    d  .heap	00000000 .heap
00000000 l    d  .riscv.attributes	00000000 .riscv.attributes
00000000 l    d  .comment	00000000 .comment
00000000 l    df *ABS*	00000000 servers.c
00000000 l    df *ABS*	00000000 pwd.c
080062a4 g     O .data	00000004 earth
00000800 g       *ABS*	00000000 __heap_size
080062a0 g     O .data	00000004 grass
0800623c g     F .text	00000058 main
08006200 g       .text	00000000 _enter
08008000 g       *ABS*	00000000 __heap_end
080062a8 g       .heap	00000000 __heap_start
08006210 g     F .text	0000002c exit



Disassembly of section .text:

08006200 <_enter>:
_enter():
 8006200:	00052503          	lw	a0,0(a0)
 8006204:	80002137          	lui	sp,0x80002
 8006208:	034000ef          	jal	ra,800623c <main>
 800620c:	004000ef          	jal	ra,8006210 <exit>

08006210 <exit>:
exit():
 8006210:	fe010113          	addi	sp,sp,-32 # 80001fe0 <__heap_end+0x77ff9fe0>
 8006214:	00112e23          	sw	ra,28(sp)
 8006218:	00812c23          	sw	s0,24(sp)
 800621c:	02010413          	addi	s0,sp,32
 8006220:	fea42623          	sw	a0,-20(s0)
 8006224:	080067b7          	lui	a5,0x8006
 8006228:	2a07a783          	lw	a5,672(a5) # 80062a0 <grass>
 800622c:	0a47a783          	lw	a5,164(a5)
 8006230:	fec42503          	lw	a0,-20(s0)
 8006234:	000780e7          	jalr	a5
 8006238:	0000006f          	j	8006238 <exit+0x28>

0800623c <main>:
main():
 800623c:	fe010113          	addi	sp,sp,-32
 8006240:	00112e23          	sw	ra,28(sp)
 8006244:	00812c23          	sw	s0,24(sp)
 8006248:	02010413          	addi	s0,sp,32
 800624c:	fea42623          	sw	a0,-20(s0)
 8006250:	feb42423          	sw	a1,-24(s0)
 8006254:	080067b7          	lui	a5,0x8006
 8006258:	2a47a783          	lw	a5,676(a5) # 80062a4 <earth>
 800625c:	0347a703          	lw	a4,52(a5)
 8006260:	080067b7          	lui	a5,0x8006
 8006264:	2a07a783          	lw	a5,672(a5) # 80062a0 <grass>
 8006268:	00478793          	addi	a5,a5,4
 800626c:	00078593          	mv	a1,a5
 8006270:	080067b7          	lui	a5,0x8006
 8006274:	29878513          	addi	a0,a5,664 # 8006298 <main+0x5c>
 8006278:	000700e7          	jalr	a4
 800627c:	00000793          	li	a5,0
 8006280:	00078513          	mv	a0,a5
 8006284:	01c12083          	lw	ra,28(sp)
 8006288:	01812403          	lw	s0,24(sp)
 800628c:	02010113          	addi	sp,sp,32
 8006290:	00008067          	ret
