
build/release/sys_proc.elf:     file format elf32-littleriscv
build/release/sys_proc.elf
architecture: riscv:rv32, flags 0x00000112:
EXEC_P, HAS_SYMS, D_PAGED
start address 0x08005000

Program Header:
    LOAD off    0x00001000 vaddr 0x08005000 paddr 0x08005000 align 2**12
         filesz 0x00001a9c memsz 0x000026b0 flags rwx

Sections:
Idx Name              Size      VMA       LMA       File off  Algn  Flags
  0 .text             00001340  08005000  08005000  00001000  2**3  CONTENTS, ALLOC, LOAD, READONLY, CODE
  1 .rodata           00000318  08006340  08006340  00002340  2**3  CONTENTS, ALLOC, LOAD, READONLY, DATA
  2 .data             00000444  08006658  08006658  00002658  2**3  CONTENTS, ALLOC, LOAD, DATA
  3 .bss              00000410  08006aa0  08006aa0  00002a9c  2**3  ALLOC
  4 .heap             00000800  08006eb0  08006eb0  00002a9c  2**3  ALLOC
  5 .riscv.attributes 0000001c  00000000  00000000  00002a9c  2**0  CONTENTS, READONLY
  6 .comment          00000028  00000000  00000000  00002ab8  2**0  CONTENTS, READONLY
  7 .debug_line       00000202  00000000  00000000  00002ae0  2**0  CONTENTS, READONLY, DEBUGGING
  8 .debug_info       0000004c  00000000  00000000  00002ce2  2**0  CONTENTS, READONLY, DEBUGGING
  9 .debug_abbrev     00000028  00000000  00000000  00002d2e  2**0  CONTENTS, READONLY, DEBUGGING
 10 .debug_aranges    00000040  00000000  00000000  00002d58  2**3  CONTENTS, READONLY, DEBUGGING
 11 .debug_str        00000141  00000000  00000000  00002d98  2**0  CONTENTS, READONLY, DEBUGGING
SYMBOL TABLE:
08005000 l    d  .text	00000000 .text
08006340 l    d  .rodata	00000000 .rodata
08006658 l    d  .data	00000000 .data
08006aa0 l    d  .bss	00000000 .bss
08006eb0 l    d  .heap	00000000 .heap
00000000 l    d  .riscv.attributes	00000000 .riscv.attributes
00000000 l    d  .comment	00000000 .comment
00000000 l    d  .debug_line	00000000 .debug_line
00000000 l    d  .debug_info	00000000 .debug_info
00000000 l    d  .debug_abbrev	00000000 .debug_abbrev
00000000 l    d  .debug_aranges	00000000 .debug_aranges
00000000 l    d  .debug_str	00000000 .debug_str
00000000 l    df *ABS*	00000000 elf.c
08005010 l     F .text	00000110 load_grass
08005120 l     F .text	00000384 load_app
00000000 l    df *ABS*	00000000 servers.c
08006aa0 l     O .bss	00000004 sender
08006ab0 l     O .bss	00000400 buf
00000000 l    df *ABS*	00000000 sys_proc.c
08006aa4 l     O .bss	00000004 app_ino
08006aa8 l     O .bss	00000004 app_pid
08005c58 l     F .text	000000c8 sys_spawn
08005a8c l     F .text	00000134 app_spawn
08005bc0 l     F .text	0000003c app_kill
08005a44 l     F .text	00000048 app_read
08006aac l     O .bss	00000004 sys_proc_base
08005bfc l     F .text	0000005c sys_proc_read
00000000 l    df *ABS*	00000000 atoi.c
00000000 l    df *ABS*	00000000 memcpy.c
00000000 l    df *ABS*	00000000 strcpy.c
00000000 l    df *ABS*	00000000 strtol.c
08005fe0 l     F .text	0000024c _strtol_l.isra.0
00000000 l    df *ABS*	00000000 ctype_.c
00000000 l    df *ABS*	00000000 impure.c
08006668 l     O .data	00000428 impure_data
08005f30 g     F .text	000000b0 strcpy
08005d38 g     F .text	0000011c memcpy
08006294 g     F .text	00000048 .hidden __udivsi3
08006a94 g     O .data	00000004 earth
08006230 g     F .text	0000001c strtol_l
0800624c g     F .text	0000001c strtol
00000800 g       *ABS*	00000000 __heap_size
080062dc g     F .text	00000010 .hidden __umodsi3
08005d2c g     F .text	0000000c _atoi_r
0800568c g     F .text	000000f0 file_read
08006a90 g     O .data	00000004 grass
08006268 g     F .text	00000024 .hidden __mulsi3
08006658 g     O .data	00000010 sysproc_names
08005e54 g     F .text	000000dc memset
0800577c g     F .text	000002c8 main
0800622c g     F .text	00000004 _strtol_r
0800628c g     F .text	00000084 .hidden __divsi3
08005000 g       .text	00000000 _enter
08008000 g       *ABS*	00000000 __heap_end
08006a98 g     O .data	00000004 _impure_ptr
08006eb0 g       .heap	00000000 __heap_start
0800557c g     F .text	0000002c exit
08006310 g     F .text	00000030 .hidden __modsi3
08005d20 g     F .text	0000000c atoi
08006550 g     O .rodata	00000101 _ctype_
080055a8 g     F .text	000000e4 dir_lookup
080054a4 g     F .text	000000d8 elf_load



Disassembly of section .text:

08005000 <_enter>:
_enter():
 8005000:	00052503          	lw	a0,0(a0)
 8005004:	80002137          	lui	sp,0x80002
 8005008:	774000ef          	jal	ra,800577c <main>
 800500c:	570000ef          	jal	ra,800557c <exit>

08005010 <load_grass>:
load_grass():
 8005010:	fd010113          	addi	sp,sp,-48 # 80001fd0 <__heap_end+0x77ff9fd0>
 8005014:	02112623          	sw	ra,44(sp)
 8005018:	02812423          	sw	s0,40(sp)
 800501c:	03010413          	addi	s0,sp,48
 8005020:	fca42e23          	sw	a0,-36(s0)
 8005024:	fcb42c23          	sw	a1,-40(s0)
 8005028:	080077b7          	lui	a5,0x8007
 800502c:	a947a783          	lw	a5,-1388(a5) # 8006a94 <earth>
 8005030:	0387a703          	lw	a4,56(a5)
 8005034:	fd842783          	lw	a5,-40(s0)
 8005038:	0107a783          	lw	a5,16(a5)
 800503c:	00078593          	mv	a1,a5
 8005040:	080067b7          	lui	a5,0x8006
 8005044:	34078513          	addi	a0,a5,832 # 8006340 <__modsi3+0x30>
 8005048:	000700e7          	jalr	a4
 800504c:	080077b7          	lui	a5,0x8007
 8005050:	a947a783          	lw	a5,-1388(a5) # 8006a94 <earth>
 8005054:	0387a703          	lw	a4,56(a5)
 8005058:	fd842783          	lw	a5,-40(s0)
 800505c:	0147a783          	lw	a5,20(a5)
 8005060:	00078593          	mv	a1,a5
 8005064:	080067b7          	lui	a5,0x8006
 8005068:	36878513          	addi	a0,a5,872 # 8006368 <__modsi3+0x58>
 800506c:	000700e7          	jalr	a4
 8005070:	080037b7          	lui	a5,0x8003
 8005074:	80078793          	addi	a5,a5,-2048 # 8002800 <__heap_size+0x8002000>
 8005078:	fef42223          	sw	a5,-28(s0)
 800507c:	fd842783          	lw	a5,-40(s0)
 8005080:	0047a783          	lw	a5,4(a5)
 8005084:	0097d793          	srli	a5,a5,0x9
 8005088:	fef42623          	sw	a5,-20(s0)
 800508c:	fe042423          	sw	zero,-24(s0)
 8005090:	0380006f          	j	80050c8 <load_grass+0xb8>
 8005094:	fec42783          	lw	a5,-20(s0)
 8005098:	00178713          	addi	a4,a5,1
 800509c:	fee42623          	sw	a4,-20(s0)
 80050a0:	fe842703          	lw	a4,-24(s0)
 80050a4:	fe442683          	lw	a3,-28(s0)
 80050a8:	00e68733          	add	a4,a3,a4
 80050ac:	fdc42683          	lw	a3,-36(s0)
 80050b0:	00070593          	mv	a1,a4
 80050b4:	00078513          	mv	a0,a5
 80050b8:	000680e7          	jalr	a3
 80050bc:	fe842783          	lw	a5,-24(s0)
 80050c0:	20078793          	addi	a5,a5,512
 80050c4:	fef42423          	sw	a5,-24(s0)
 80050c8:	fd842783          	lw	a5,-40(s0)
 80050cc:	0107a703          	lw	a4,16(a5)
 80050d0:	fe842783          	lw	a5,-24(s0)
 80050d4:	fce7e0e3          	bltu	a5,a4,8005094 <load_grass+0x84>
 80050d8:	fd842783          	lw	a5,-40(s0)
 80050dc:	0107a783          	lw	a5,16(a5)
 80050e0:	fe442703          	lw	a4,-28(s0)
 80050e4:	00f706b3          	add	a3,a4,a5
 80050e8:	fd842783          	lw	a5,-40(s0)
 80050ec:	0107a783          	lw	a5,16(a5)
 80050f0:	00003737          	lui	a4,0x3
 80050f4:	90070713          	addi	a4,a4,-1792 # 2900 <__heap_size+0x2100>
 80050f8:	40f707b3          	sub	a5,a4,a5
 80050fc:	00078613          	mv	a2,a5
 8005100:	00000593          	li	a1,0
 8005104:	00068513          	mv	a0,a3
 8005108:	54d000ef          	jal	ra,8005e54 <memset>
 800510c:	00000013          	nop
 8005110:	02c12083          	lw	ra,44(sp)
 8005114:	02812403          	lw	s0,40(sp)
 8005118:	03010113          	addi	sp,sp,48
 800511c:	00008067          	ret

08005120 <load_app>:
load_app():
 8005120:	fa010113          	addi	sp,sp,-96
 8005124:	04112e23          	sw	ra,92(sp)
 8005128:	04812c23          	sw	s0,88(sp)
 800512c:	06010413          	addi	s0,sp,96
 8005130:	faa42e23          	sw	a0,-68(s0)
 8005134:	fab42c23          	sw	a1,-72(s0)
 8005138:	fac42a23          	sw	a2,-76(s0)
 800513c:	fad42823          	sw	a3,-80(s0)
 8005140:	fae42623          	sw	a4,-84(s0)
 8005144:	fbc42703          	lw	a4,-68(s0)
 8005148:	00400793          	li	a5,4
 800514c:	04e7c663          	blt	a5,a4,8005198 <load_app+0x78>
 8005150:	080077b7          	lui	a5,0x8007
 8005154:	a947a783          	lw	a5,-1388(a5) # 8006a94 <earth>
 8005158:	0387a703          	lw	a4,56(a5)
 800515c:	fac42783          	lw	a5,-84(s0)
 8005160:	0107a783          	lw	a5,16(a5)
 8005164:	00078593          	mv	a1,a5
 8005168:	080067b7          	lui	a5,0x8006
 800516c:	39078513          	addi	a0,a5,912 # 8006390 <__modsi3+0x80>
 8005170:	000700e7          	jalr	a4
 8005174:	080077b7          	lui	a5,0x8007
 8005178:	a947a783          	lw	a5,-1388(a5) # 8006a94 <earth>
 800517c:	0387a703          	lw	a4,56(a5)
 8005180:	fac42783          	lw	a5,-84(s0)
 8005184:	0147a783          	lw	a5,20(a5)
 8005188:	00078593          	mv	a1,a5
 800518c:	080067b7          	lui	a5,0x8006
 8005190:	3ac78513          	addi	a0,a5,940 # 80063ac <__modsi3+0x9c>
 8005194:	000700e7          	jalr	a4
 8005198:	fac42783          	lw	a5,-84(s0)
 800519c:	0047a783          	lw	a5,4(a5)
 80051a0:	0097d793          	srli	a5,a5,0x9
 80051a4:	fef42623          	sw	a5,-20(s0)
 80051a8:	000087b7          	lui	a5,0x8
 80051ac:	00578793          	addi	a5,a5,5 # 8005 <__heap_size+0x7805>
 80051b0:	fef42423          	sw	a5,-24(s0)
 80051b4:	000807b7          	lui	a5,0x80
 80051b8:	fcf42e23          	sw	a5,-36(s0)
 80051bc:	fe042223          	sw	zero,-28(s0)
 80051c0:	0b80006f          	j	8005278 <load_app+0x158>
 80051c4:	fe442703          	lw	a4,-28(s0)
 80051c8:	000017b7          	lui	a5,0x1
 80051cc:	fff78793          	addi	a5,a5,-1 # fff <__heap_size+0x7ff>
 80051d0:	00f777b3          	and	a5,a4,a5
 80051d4:	04079a63          	bnez	a5,8005228 <load_app+0x108>
 80051d8:	080077b7          	lui	a5,0x8007
 80051dc:	a947a783          	lw	a5,-1388(a5) # 8006a94 <earth>
 80051e0:	00c7a683          	lw	a3,12(a5)
 80051e4:	fc440713          	addi	a4,s0,-60
 80051e8:	fc040793          	addi	a5,s0,-64
 80051ec:	00070593          	mv	a1,a4
 80051f0:	00078513          	mv	a0,a5
 80051f4:	000680e7          	jalr	a3
 80051f8:	080077b7          	lui	a5,0x8007
 80051fc:	a947a783          	lw	a5,-1388(a5) # 8006a94 <earth>
 8005200:	0147a683          	lw	a3,20(a5)
 8005204:	fe842783          	lw	a5,-24(s0)
 8005208:	00178713          	addi	a4,a5,1
 800520c:	fee42423          	sw	a4,-24(s0)
 8005210:	00078713          	mv	a4,a5
 8005214:	fc042783          	lw	a5,-64(s0)
 8005218:	00078613          	mv	a2,a5
 800521c:	00070593          	mv	a1,a4
 8005220:	fbc42503          	lw	a0,-68(s0)
 8005224:	000680e7          	jalr	a3
 8005228:	fec42683          	lw	a3,-20(s0)
 800522c:	00168793          	addi	a5,a3,1
 8005230:	fef42623          	sw	a5,-20(s0)
 8005234:	fc442603          	lw	a2,-60(s0)
 8005238:	fe442703          	lw	a4,-28(s0)
 800523c:	41f75793          	srai	a5,a4,0x1f
 8005240:	0147d793          	srli	a5,a5,0x14
 8005244:	00f705b3          	add	a1,a4,a5
 8005248:	00001737          	lui	a4,0x1
 800524c:	fff70713          	addi	a4,a4,-1 # fff <__heap_size+0x7ff>
 8005250:	00e5f733          	and	a4,a1,a4
 8005254:	40f707b3          	sub	a5,a4,a5
 8005258:	00f607b3          	add	a5,a2,a5
 800525c:	fb842703          	lw	a4,-72(s0)
 8005260:	00078593          	mv	a1,a5
 8005264:	00068513          	mv	a0,a3
 8005268:	000700e7          	jalr	a4
 800526c:	fe442783          	lw	a5,-28(s0)
 8005270:	20078793          	addi	a5,a5,512
 8005274:	fef42223          	sw	a5,-28(s0)
 8005278:	fac42783          	lw	a5,-84(s0)
 800527c:	0107a703          	lw	a4,16(a5)
 8005280:	fe442783          	lw	a5,-28(s0)
 8005284:	f4e7e0e3          	bltu	a5,a4,80051c4 <load_app+0xa4>
 8005288:	fac42783          	lw	a5,-84(s0)
 800528c:	0107a783          	lw	a5,16(a5)
 8005290:	00078713          	mv	a4,a5
 8005294:	000017b7          	lui	a5,0x1
 8005298:	fff78793          	addi	a5,a5,-1 # fff <__heap_size+0x7ff>
 800529c:	00f777b3          	and	a5,a4,a5
 80052a0:	fcf42c23          	sw	a5,-40(s0)
 80052a4:	00001737          	lui	a4,0x1
 80052a8:	fd842783          	lw	a5,-40(s0)
 80052ac:	40f707b3          	sub	a5,a4,a5
 80052b0:	fcf42a23          	sw	a5,-44(s0)
 80052b4:	fd842783          	lw	a5,-40(s0)
 80052b8:	08078663          	beqz	a5,8005344 <load_app+0x224>
 80052bc:	fc442703          	lw	a4,-60(s0)
 80052c0:	fd842783          	lw	a5,-40(s0)
 80052c4:	00f707b3          	add	a5,a4,a5
 80052c8:	fd442703          	lw	a4,-44(s0)
 80052cc:	00070613          	mv	a2,a4
 80052d0:	00000593          	li	a1,0
 80052d4:	00078513          	mv	a0,a5
 80052d8:	37d000ef          	jal	ra,8005e54 <memset>
 80052dc:	0680006f          	j	8005344 <load_app+0x224>
 80052e0:	080077b7          	lui	a5,0x8007
 80052e4:	a947a783          	lw	a5,-1388(a5) # 8006a94 <earth>
 80052e8:	00c7a683          	lw	a3,12(a5)
 80052ec:	fc440713          	addi	a4,s0,-60
 80052f0:	fc040793          	addi	a5,s0,-64
 80052f4:	00070593          	mv	a1,a4
 80052f8:	00078513          	mv	a0,a5
 80052fc:	000680e7          	jalr	a3
 8005300:	080077b7          	lui	a5,0x8007
 8005304:	a947a783          	lw	a5,-1388(a5) # 8006a94 <earth>
 8005308:	0147a683          	lw	a3,20(a5)
 800530c:	fe842783          	lw	a5,-24(s0)
 8005310:	00178713          	addi	a4,a5,1
 8005314:	fee42423          	sw	a4,-24(s0)
 8005318:	00078713          	mv	a4,a5
 800531c:	fc042783          	lw	a5,-64(s0)
 8005320:	00078613          	mv	a2,a5
 8005324:	00070593          	mv	a1,a4
 8005328:	fbc42503          	lw	a0,-68(s0)
 800532c:	000680e7          	jalr	a3
 8005330:	fc442783          	lw	a5,-60(s0)
 8005334:	00001637          	lui	a2,0x1
 8005338:	00000593          	li	a1,0
 800533c:	00078513          	mv	a0,a5
 8005340:	315000ef          	jal	ra,8005e54 <memset>
 8005344:	fe842703          	lw	a4,-24(s0)
 8005348:	000087b7          	lui	a5,0x8
 800534c:	00778793          	addi	a5,a5,7 # 8007 <__heap_size+0x7807>
 8005350:	f8e7f8e3          	bgeu	a5,a4,80052e0 <load_app+0x1c0>
 8005354:	080077b7          	lui	a5,0x8007
 8005358:	a947a783          	lw	a5,-1388(a5) # 8006a94 <earth>
 800535c:	00c7a683          	lw	a3,12(a5)
 8005360:	fc440713          	addi	a4,s0,-60
 8005364:	fc040793          	addi	a5,s0,-64
 8005368:	00070593          	mv	a1,a4
 800536c:	00078513          	mv	a0,a5
 8005370:	000680e7          	jalr	a3
 8005374:	080077b7          	lui	a5,0x8007
 8005378:	a947a783          	lw	a5,-1388(a5) # 8006a94 <earth>
 800537c:	0147a683          	lw	a3,20(a5)
 8005380:	fdc42783          	lw	a5,-36(s0)
 8005384:	00178713          	addi	a4,a5,1
 8005388:	fce42e23          	sw	a4,-36(s0)
 800538c:	00078713          	mv	a4,a5
 8005390:	fc042783          	lw	a5,-64(s0)
 8005394:	00078613          	mv	a2,a5
 8005398:	00070593          	mv	a1,a4
 800539c:	fbc42503          	lw	a0,-68(s0)
 80053a0:	000680e7          	jalr	a3
 80053a4:	fc442783          	lw	a5,-60(s0)
 80053a8:	fcf42823          	sw	a5,-48(s0)
 80053ac:	fd042783          	lw	a5,-48(s0)
 80053b0:	00478793          	addi	a5,a5,4
 80053b4:	fcf42623          	sw	a5,-52(s0)
 80053b8:	fcc42783          	lw	a5,-52(s0)
 80053bc:	04078793          	addi	a5,a5,64
 80053c0:	fcf42423          	sw	a5,-56(s0)
 80053c4:	fd042783          	lw	a5,-48(s0)
 80053c8:	fb442703          	lw	a4,-76(s0)
 80053cc:	00e7a023          	sw	a4,0(a5)
 80053d0:	fb042783          	lw	a5,-80(s0)
 80053d4:	00078e63          	beqz	a5,80053f0 <load_app+0x2d0>
 80053d8:	fb442783          	lw	a5,-76(s0)
 80053dc:	00579793          	slli	a5,a5,0x5
 80053e0:	00078613          	mv	a2,a5
 80053e4:	fb042583          	lw	a1,-80(s0)
 80053e8:	fc842503          	lw	a0,-56(s0)
 80053ec:	14d000ef          	jal	ra,8005d38 <memcpy>
 80053f0:	fe042023          	sw	zero,-32(s0)
 80053f4:	0400006f          	j	8005434 <load_app+0x314>
 80053f8:	fe042783          	lw	a5,-32(s0)
 80053fc:	00579793          	slli	a5,a5,0x5
 8005400:	00078713          	mv	a4,a5
 8005404:	800007b7          	lui	a5,0x80000
 8005408:	04478793          	addi	a5,a5,68 # 80000044 <__heap_end+0x77ff8044>
 800540c:	00f706b3          	add	a3,a4,a5
 8005410:	fe042783          	lw	a5,-32(s0)
 8005414:	00279793          	slli	a5,a5,0x2
 8005418:	fcc42703          	lw	a4,-52(s0)
 800541c:	00f707b3          	add	a5,a4,a5
 8005420:	00068713          	mv	a4,a3
 8005424:	00e7a023          	sw	a4,0(a5)
 8005428:	fe042783          	lw	a5,-32(s0)
 800542c:	00178793          	addi	a5,a5,1
 8005430:	fef42023          	sw	a5,-32(s0)
 8005434:	fe042703          	lw	a4,-32(s0)
 8005438:	fb442783          	lw	a5,-76(s0)
 800543c:	faf74ee3          	blt	a4,a5,80053f8 <load_app+0x2d8>
 8005440:	080077b7          	lui	a5,0x8007
 8005444:	a947a783          	lw	a5,-1388(a5) # 8006a94 <earth>
 8005448:	00c7a683          	lw	a3,12(a5)
 800544c:	fc440713          	addi	a4,s0,-60
 8005450:	fc040793          	addi	a5,s0,-64
 8005454:	00070593          	mv	a1,a4
 8005458:	00078513          	mv	a0,a5
 800545c:	000680e7          	jalr	a3
 8005460:	080077b7          	lui	a5,0x8007
 8005464:	a947a783          	lw	a5,-1388(a5) # 8006a94 <earth>
 8005468:	0147a683          	lw	a3,20(a5)
 800546c:	fdc42783          	lw	a5,-36(s0)
 8005470:	00178713          	addi	a4,a5,1
 8005474:	fce42e23          	sw	a4,-36(s0)
 8005478:	00078713          	mv	a4,a5
 800547c:	fc042783          	lw	a5,-64(s0)
 8005480:	00078613          	mv	a2,a5
 8005484:	00070593          	mv	a1,a4
 8005488:	fbc42503          	lw	a0,-68(s0)
 800548c:	000680e7          	jalr	a3
 8005490:	00000013          	nop
 8005494:	05c12083          	lw	ra,92(sp)
 8005498:	05812403          	lw	s0,88(sp)
 800549c:	06010113          	addi	sp,sp,96
 80054a0:	00008067          	ret

080054a4 <elf_load>:
elf_load():
 80054a4:	dd010113          	addi	sp,sp,-560
 80054a8:	22112623          	sw	ra,556(sp)
 80054ac:	22812423          	sw	s0,552(sp)
 80054b0:	23010413          	addi	s0,sp,560
 80054b4:	dca42e23          	sw	a0,-548(s0)
 80054b8:	dcb42c23          	sw	a1,-552(s0)
 80054bc:	dcc42a23          	sw	a2,-556(s0)
 80054c0:	dcd42823          	sw	a3,-560(s0)
 80054c4:	de840793          	addi	a5,s0,-536
 80054c8:	dd842703          	lw	a4,-552(s0)
 80054cc:	00078593          	mv	a1,a5
 80054d0:	00000513          	li	a0,0
 80054d4:	000700e7          	jalr	a4 # 1000 <__heap_size+0x800>
 80054d8:	de840793          	addi	a5,s0,-536
 80054dc:	fef42623          	sw	a5,-20(s0)
 80054e0:	fec42783          	lw	a5,-20(s0)
 80054e4:	01c7a783          	lw	a5,28(a5)
 80054e8:	de840713          	addi	a4,s0,-536
 80054ec:	00f707b3          	add	a5,a4,a5
 80054f0:	fef42423          	sw	a5,-24(s0)
 80054f4:	fe842783          	lw	a5,-24(s0)
 80054f8:	0087a703          	lw	a4,8(a5)
 80054fc:	080037b7          	lui	a5,0x8003
 8005500:	80078793          	addi	a5,a5,-2048 # 8002800 <__heap_size+0x8002000>
 8005504:	00f71a63          	bne	a4,a5,8005518 <elf_load+0x74>
 8005508:	fe842583          	lw	a1,-24(s0)
 800550c:	dd842503          	lw	a0,-552(s0)
 8005510:	b01ff0ef          	jal	ra,8005010 <load_grass>
 8005514:	0540006f          	j	8005568 <elf_load+0xc4>
 8005518:	fe842783          	lw	a5,-24(s0)
 800551c:	0087a703          	lw	a4,8(a5)
 8005520:	080057b7          	lui	a5,0x8005
 8005524:	02f71063          	bne	a4,a5,8005544 <elf_load+0xa0>
 8005528:	fe842703          	lw	a4,-24(s0)
 800552c:	dd042683          	lw	a3,-560(s0)
 8005530:	dd442603          	lw	a2,-556(s0)
 8005534:	dd842583          	lw	a1,-552(s0)
 8005538:	ddc42503          	lw	a0,-548(s0)
 800553c:	be5ff0ef          	jal	ra,8005120 <load_app>
 8005540:	0280006f          	j	8005568 <elf_load+0xc4>
 8005544:	080077b7          	lui	a5,0x8007
 8005548:	a947a783          	lw	a5,-1388(a5) # 8006a94 <earth>
 800554c:	03c7a703          	lw	a4,60(a5)
 8005550:	fe842783          	lw	a5,-24(s0)
 8005554:	0087a783          	lw	a5,8(a5)
 8005558:	00078593          	mv	a1,a5
 800555c:	080067b7          	lui	a5,0x8006
 8005560:	3cc78513          	addi	a0,a5,972 # 80063cc <__modsi3+0xbc>
 8005564:	000700e7          	jalr	a4
 8005568:	00000013          	nop
 800556c:	22c12083          	lw	ra,556(sp)
 8005570:	22812403          	lw	s0,552(sp)
 8005574:	23010113          	addi	sp,sp,560
 8005578:	00008067          	ret

0800557c <exit>:
exit():
 800557c:	fe010113          	addi	sp,sp,-32
 8005580:	00112e23          	sw	ra,28(sp)
 8005584:	00812c23          	sw	s0,24(sp)
 8005588:	02010413          	addi	s0,sp,32
 800558c:	fea42623          	sw	a0,-20(s0)
 8005590:	080077b7          	lui	a5,0x8007
 8005594:	a907a783          	lw	a5,-1392(a5) # 8006a90 <grass>
 8005598:	0a07a783          	lw	a5,160(a5)
 800559c:	fec42503          	lw	a0,-20(s0)
 80055a0:	000780e7          	jalr	a5
 80055a4:	0000006f          	j	80055a4 <exit+0x28>

080055a8 <dir_lookup>:
dir_lookup():
 80055a8:	fb010113          	addi	sp,sp,-80
 80055ac:	04112623          	sw	ra,76(sp)
 80055b0:	04812423          	sw	s0,72(sp)
 80055b4:	05010413          	addi	s0,sp,80
 80055b8:	faa42e23          	sw	a0,-68(s0)
 80055bc:	fab42c23          	sw	a1,-72(s0)
 80055c0:	00100793          	li	a5,1
 80055c4:	fcf42223          	sw	a5,-60(s0)
 80055c8:	fbc42783          	lw	a5,-68(s0)
 80055cc:	fcf42423          	sw	a5,-56(s0)
 80055d0:	fc440793          	addi	a5,s0,-60
 80055d4:	00878793          	addi	a5,a5,8
 80055d8:	fb842583          	lw	a1,-72(s0)
 80055dc:	00078513          	mv	a0,a5
 80055e0:	151000ef          	jal	ra,8005f30 <strcpy>
 80055e4:	080077b7          	lui	a5,0x8007
 80055e8:	a907a783          	lw	a5,-1392(a5) # 8006a90 <grass>
 80055ec:	0a47a703          	lw	a4,164(a5)
 80055f0:	fc440793          	addi	a5,s0,-60
 80055f4:	02800613          	li	a2,40
 80055f8:	00078593          	mv	a1,a5
 80055fc:	00300513          	li	a0,3
 8005600:	000700e7          	jalr	a4
 8005604:	080077b7          	lui	a5,0x8007
 8005608:	a907a783          	lw	a5,-1392(a5) # 8006a90 <grass>
 800560c:	0a87a703          	lw	a4,168(a5)
 8005610:	40000613          	li	a2,1024
 8005614:	080077b7          	lui	a5,0x8007
 8005618:	ab078593          	addi	a1,a5,-1360 # 8006ab0 <buf>
 800561c:	080077b7          	lui	a5,0x8007
 8005620:	aa078513          	addi	a0,a5,-1376 # 8006aa0 <sender>
 8005624:	000700e7          	jalr	a4
 8005628:	080077b7          	lui	a5,0x8007
 800562c:	aa07a703          	lw	a4,-1376(a5) # 8006aa0 <sender>
 8005630:	00300793          	li	a5,3
 8005634:	00f70e63          	beq	a4,a5,8005650 <dir_lookup+0xa8>
 8005638:	080077b7          	lui	a5,0x8007
 800563c:	a947a783          	lw	a5,-1388(a5) # 8006a94 <earth>
 8005640:	03c7a703          	lw	a4,60(a5)
 8005644:	080067b7          	lui	a5,0x8006
 8005648:	3f878513          	addi	a0,a5,1016 # 80063f8 <__modsi3+0xe8>
 800564c:	000700e7          	jalr	a4
 8005650:	080077b7          	lui	a5,0x8007
 8005654:	ab078793          	addi	a5,a5,-1360 # 8006ab0 <buf>
 8005658:	fef42623          	sw	a5,-20(s0)
 800565c:	fec42783          	lw	a5,-20(s0)
 8005660:	0007a783          	lw	a5,0(a5)
 8005664:	00079863          	bnez	a5,8005674 <dir_lookup+0xcc>
 8005668:	fec42783          	lw	a5,-20(s0)
 800566c:	0047a783          	lw	a5,4(a5)
 8005670:	0080006f          	j	8005678 <dir_lookup+0xd0>
 8005674:	fff00793          	li	a5,-1
 8005678:	00078513          	mv	a0,a5
 800567c:	04c12083          	lw	ra,76(sp)
 8005680:	04812403          	lw	s0,72(sp)
 8005684:	05010113          	addi	sp,sp,80
 8005688:	00008067          	ret

0800568c <file_read>:
file_read():
 800568c:	dd010113          	addi	sp,sp,-560
 8005690:	22112623          	sw	ra,556(sp)
 8005694:	22812423          	sw	s0,552(sp)
 8005698:	23010413          	addi	s0,sp,560
 800569c:	dca42e23          	sw	a0,-548(s0)
 80056a0:	dcb42c23          	sw	a1,-552(s0)
 80056a4:	dcc42a23          	sw	a2,-556(s0)
 80056a8:	00100793          	li	a5,1
 80056ac:	def42023          	sw	a5,-544(s0)
 80056b0:	ddc42783          	lw	a5,-548(s0)
 80056b4:	def42223          	sw	a5,-540(s0)
 80056b8:	dd842783          	lw	a5,-552(s0)
 80056bc:	def42423          	sw	a5,-536(s0)
 80056c0:	080077b7          	lui	a5,0x8007
 80056c4:	a907a783          	lw	a5,-1392(a5) # 8006a90 <grass>
 80056c8:	0a47a703          	lw	a4,164(a5)
 80056cc:	de040793          	addi	a5,s0,-544
 80056d0:	20c00613          	li	a2,524
 80056d4:	00078593          	mv	a1,a5
 80056d8:	00200513          	li	a0,2
 80056dc:	000700e7          	jalr	a4
 80056e0:	080077b7          	lui	a5,0x8007
 80056e4:	a907a783          	lw	a5,-1392(a5) # 8006a90 <grass>
 80056e8:	0a87a703          	lw	a4,168(a5)
 80056ec:	40000613          	li	a2,1024
 80056f0:	080077b7          	lui	a5,0x8007
 80056f4:	ab078593          	addi	a1,a5,-1360 # 8006ab0 <buf>
 80056f8:	080077b7          	lui	a5,0x8007
 80056fc:	aa078513          	addi	a0,a5,-1376 # 8006aa0 <sender>
 8005700:	000700e7          	jalr	a4
 8005704:	080077b7          	lui	a5,0x8007
 8005708:	aa07a703          	lw	a4,-1376(a5) # 8006aa0 <sender>
 800570c:	00200793          	li	a5,2
 8005710:	00f70e63          	beq	a4,a5,800572c <file_read+0xa0>
 8005714:	080077b7          	lui	a5,0x8007
 8005718:	a947a783          	lw	a5,-1388(a5) # 8006a94 <earth>
 800571c:	03c7a703          	lw	a4,60(a5)
 8005720:	080067b7          	lui	a5,0x8006
 8005724:	41878513          	addi	a0,a5,1048 # 8006418 <__modsi3+0x108>
 8005728:	000700e7          	jalr	a4
 800572c:	080077b7          	lui	a5,0x8007
 8005730:	ab078793          	addi	a5,a5,-1360 # 8006ab0 <buf>
 8005734:	fef42623          	sw	a5,-20(s0)
 8005738:	fec42783          	lw	a5,-20(s0)
 800573c:	00478793          	addi	a5,a5,4
 8005740:	20000613          	li	a2,512
 8005744:	00078593          	mv	a1,a5
 8005748:	dd442503          	lw	a0,-556(s0)
 800574c:	5ec000ef          	jal	ra,8005d38 <memcpy>
 8005750:	fec42783          	lw	a5,-20(s0)
 8005754:	0007a783          	lw	a5,0(a5)
 8005758:	00079663          	bnez	a5,8005764 <file_read+0xd8>
 800575c:	00000793          	li	a5,0
 8005760:	0080006f          	j	8005768 <file_read+0xdc>
 8005764:	fff00793          	li	a5,-1
 8005768:	00078513          	mv	a0,a5
 800576c:	22c12083          	lw	ra,556(sp)
 8005770:	22812403          	lw	s0,552(sp)
 8005774:	23010113          	addi	sp,sp,560
 8005778:	00008067          	ret

0800577c <main>:
main():
 800577c:	be010113          	addi	sp,sp,-1056
 8005780:	40112e23          	sw	ra,1052(sp)
 8005784:	40812c23          	sw	s0,1048(sp)
 8005788:	42010413          	addi	s0,sp,1056
 800578c:	080077b7          	lui	a5,0x8007
 8005790:	a947a783          	lw	a5,-1388(a5) # 8006a94 <earth>
 8005794:	0407a703          	lw	a4,64(a5)
 8005798:	080067b7          	lui	a5,0x8006
 800579c:	45878513          	addi	a0,a5,1112 # 8006458 <__modsi3+0x148>
 80057a0:	000700e7          	jalr	a4
 80057a4:	000017b7          	lui	a5,0x1
 80057a8:	a0078513          	addi	a0,a5,-1536 # a00 <__heap_size+0x200>
 80057ac:	4ac000ef          	jal	ra,8005c58 <sys_spawn>
 80057b0:	080077b7          	lui	a5,0x8007
 80057b4:	a907a783          	lw	a5,-1392(a5) # 8006a90 <grass>
 80057b8:	0a87a703          	lw	a4,168(a5)
 80057bc:	be040793          	addi	a5,s0,-1056
 80057c0:	40000613          	li	a2,1024
 80057c4:	00078593          	mv	a1,a5
 80057c8:	00000513          	li	a0,0
 80057cc:	000700e7          	jalr	a4
 80057d0:	080077b7          	lui	a5,0x8007
 80057d4:	a947a783          	lw	a5,-1388(a5) # 8006a94 <earth>
 80057d8:	0387a703          	lw	a4,56(a5)
 80057dc:	be040793          	addi	a5,s0,-1056
 80057e0:	00078593          	mv	a1,a5
 80057e4:	080067b7          	lui	a5,0x8006
 80057e8:	47c78513          	addi	a0,a5,1148 # 800647c <__modsi3+0x16c>
 80057ec:	000700e7          	jalr	a4
 80057f0:	000017b7          	lui	a5,0x1
 80057f4:	b0078513          	addi	a0,a5,-1280 # b00 <__heap_size+0x300>
 80057f8:	460000ef          	jal	ra,8005c58 <sys_spawn>
 80057fc:	080077b7          	lui	a5,0x8007
 8005800:	a907a783          	lw	a5,-1392(a5) # 8006a90 <grass>
 8005804:	0a87a703          	lw	a4,168(a5)
 8005808:	be040793          	addi	a5,s0,-1056
 800580c:	40000613          	li	a2,1024
 8005810:	00078593          	mv	a1,a5
 8005814:	00000513          	li	a0,0
 8005818:	000700e7          	jalr	a4
 800581c:	080077b7          	lui	a5,0x8007
 8005820:	a947a783          	lw	a5,-1388(a5) # 8006a94 <earth>
 8005824:	0387a703          	lw	a4,56(a5)
 8005828:	be040793          	addi	a5,s0,-1056
 800582c:	00078593          	mv	a1,a5
 8005830:	080067b7          	lui	a5,0x8006
 8005834:	47c78513          	addi	a0,a5,1148 # 800647c <__modsi3+0x16c>
 8005838:	000700e7          	jalr	a4
 800583c:	000017b7          	lui	a5,0x1
 8005840:	c0078513          	addi	a0,a5,-1024 # c00 <__heap_size+0x400>
 8005844:	414000ef          	jal	ra,8005c58 <sys_spawn>
 8005848:	be040793          	addi	a5,s0,-1056
 800584c:	fef42423          	sw	a5,-24(s0)
 8005850:	be040793          	addi	a5,s0,-1056
 8005854:	fef42223          	sw	a5,-28(s0)
 8005858:	080077b7          	lui	a5,0x8007
 800585c:	a907a783          	lw	a5,-1392(a5) # 8006a90 <grass>
 8005860:	0a87a683          	lw	a3,168(a5)
 8005864:	be040713          	addi	a4,s0,-1056
 8005868:	fe040793          	addi	a5,s0,-32
 800586c:	40000613          	li	a2,1024
 8005870:	00070593          	mv	a1,a4
 8005874:	00078513          	mv	a0,a5
 8005878:	000680e7          	jalr	a3
 800587c:	fe842783          	lw	a5,-24(s0)
 8005880:	0007a783          	lw	a5,0(a5)
 8005884:	00100713          	li	a4,1
 8005888:	0ce78063          	beq	a5,a4,8005948 <main+0x1cc>
 800588c:	00078c63          	beqz	a5,80058a4 <main+0x128>
 8005890:	00200713          	li	a4,2
 8005894:	12e78463          	beq	a5,a4,80059bc <main+0x240>
 8005898:	00300713          	li	a4,3
 800589c:	12e78c63          	beq	a5,a4,80059d4 <main+0x258>
 80058a0:	17c0006f          	j	8005a1c <main+0x2a0>
 80058a4:	fe842503          	lw	a0,-24(s0)
 80058a8:	1e4000ef          	jal	ra,8005a8c <app_spawn>
 80058ac:	00050793          	mv	a5,a0
 80058b0:	01f7d793          	srli	a5,a5,0x1f
 80058b4:	0ff7f793          	andi	a5,a5,255
 80058b8:	00078713          	mv	a4,a5
 80058bc:	fe442783          	lw	a5,-28(s0)
 80058c0:	00e7a023          	sw	a4,0(a5)
 80058c4:	fe842783          	lw	a5,-24(s0)
 80058c8:	0047a783          	lw	a5,4(a5)
 80058cc:	fff78793          	addi	a5,a5,-1
 80058d0:	fe842703          	lw	a4,-24(s0)
 80058d4:	00579793          	slli	a5,a5,0x5
 80058d8:	00f707b3          	add	a5,a4,a5
 80058dc:	0087c783          	lbu	a5,8(a5)
 80058e0:	fda78793          	addi	a5,a5,-38
 80058e4:	00f037b3          	snez	a5,a5
 80058e8:	0ff7f793          	andi	a5,a5,255
 80058ec:	fef42623          	sw	a5,-20(s0)
 80058f0:	fec42783          	lw	a5,-20(s0)
 80058f4:	02079a63          	bnez	a5,8005928 <main+0x1ac>
 80058f8:	080077b7          	lui	a5,0x8007
 80058fc:	aa87a783          	lw	a5,-1368(a5) # 8006aa8 <app_pid>
 8005900:	02f05463          	blez	a5,8005928 <main+0x1ac>
 8005904:	080077b7          	lui	a5,0x8007
 8005908:	a947a783          	lw	a5,-1388(a5) # 8006a94 <earth>
 800590c:	0387a703          	lw	a4,56(a5)
 8005910:	080077b7          	lui	a5,0x8007
 8005914:	aa87a783          	lw	a5,-1368(a5) # 8006aa8 <app_pid>
 8005918:	00078593          	mv	a1,a5
 800591c:	080067b7          	lui	a5,0x8006
 8005920:	49478513          	addi	a0,a5,1172 # 8006494 <__modsi3+0x184>
 8005924:	000700e7          	jalr	a4
 8005928:	080077b7          	lui	a5,0x8007
 800592c:	a907a783          	lw	a5,-1392(a5) # 8006a90 <grass>
 8005930:	0a47a783          	lw	a5,164(a5)
 8005934:	00400613          	li	a2,4
 8005938:	fe442583          	lw	a1,-28(s0)
 800593c:	00400513          	li	a0,4
 8005940:	000780e7          	jalr	a5
 8005944:	0fc0006f          	j	8005a40 <main+0x2c4>
 8005948:	080077b7          	lui	a5,0x8007
 800594c:	a907a783          	lw	a5,-1392(a5) # 8006a90 <grass>
 8005950:	0887a703          	lw	a4,136(a5)
 8005954:	fe042783          	lw	a5,-32(s0)
 8005958:	00078513          	mv	a0,a5
 800595c:	000700e7          	jalr	a4
 8005960:	fec42783          	lw	a5,-20(s0)
 8005964:	02078a63          	beqz	a5,8005998 <main+0x21c>
 8005968:	080077b7          	lui	a5,0x8007
 800596c:	aa87a703          	lw	a4,-1368(a5) # 8006aa8 <app_pid>
 8005970:	fe042783          	lw	a5,-32(s0)
 8005974:	02f71263          	bne	a4,a5,8005998 <main+0x21c>
 8005978:	080077b7          	lui	a5,0x8007
 800597c:	a907a783          	lw	a5,-1392(a5) # 8006a90 <grass>
 8005980:	0a47a783          	lw	a5,164(a5)
 8005984:	00400613          	li	a2,4
 8005988:	fe442583          	lw	a1,-28(s0)
 800598c:	00400513          	li	a0,4
 8005990:	000780e7          	jalr	a5
 8005994:	0ac0006f          	j	8005a40 <main+0x2c4>
 8005998:	080077b7          	lui	a5,0x8007
 800599c:	a947a783          	lw	a5,-1388(a5) # 8006a94 <earth>
 80059a0:	0387a703          	lw	a4,56(a5)
 80059a4:	fe042783          	lw	a5,-32(s0)
 80059a8:	00078593          	mv	a1,a5
 80059ac:	080067b7          	lui	a5,0x8006
 80059b0:	4bc78513          	addi	a0,a5,1212 # 80064bc <__modsi3+0x1ac>
 80059b4:	000700e7          	jalr	a4
 80059b8:	0880006f          	j	8005a40 <main+0x2c4>
 80059bc:	080077b7          	lui	a5,0x8007
 80059c0:	a907a783          	lw	a5,-1392(a5) # 8006a90 <grass>
 80059c4:	0887a783          	lw	a5,136(a5)
 80059c8:	fff00513          	li	a0,-1
 80059cc:	000780e7          	jalr	a5
 80059d0:	0700006f          	j	8005a40 <main+0x2c4>
 80059d4:	fe842783          	lw	a5,-24(s0)
 80059d8:	00878793          	addi	a5,a5,8
 80059dc:	00078513          	mv	a0,a5
 80059e0:	340000ef          	jal	ra,8005d20 <atoi>
 80059e4:	00050793          	mv	a5,a0
 80059e8:	00078513          	mv	a0,a5
 80059ec:	1d4000ef          	jal	ra,8005bc0 <app_kill>
 80059f0:	fe442783          	lw	a5,-28(s0)
 80059f4:	0007a023          	sw	zero,0(a5)
 80059f8:	080077b7          	lui	a5,0x8007
 80059fc:	a907a783          	lw	a5,-1392(a5) # 8006a90 <grass>
 8005a00:	0a47a703          	lw	a4,164(a5)
 8005a04:	fe042783          	lw	a5,-32(s0)
 8005a08:	00400613          	li	a2,4
 8005a0c:	fe442583          	lw	a1,-28(s0)
 8005a10:	00078513          	mv	a0,a5
 8005a14:	000700e7          	jalr	a4
 8005a18:	0280006f          	j	8005a40 <main+0x2c4>
 8005a1c:	080077b7          	lui	a5,0x8007
 8005a20:	a947a783          	lw	a5,-1388(a5) # 8006a94 <earth>
 8005a24:	03c7a703          	lw	a4,60(a5)
 8005a28:	fe842783          	lw	a5,-24(s0)
 8005a2c:	0007a783          	lw	a5,0(a5)
 8005a30:	00078593          	mv	a1,a5
 8005a34:	080067b7          	lui	a5,0x8006
 8005a38:	4e078513          	addi	a0,a5,1248 # 80064e0 <__modsi3+0x1d0>
 8005a3c:	000700e7          	jalr	a4
 8005a40:	e09ff06f          	j	8005848 <main+0xcc>

08005a44 <app_read>:
app_read():
 8005a44:	fe010113          	addi	sp,sp,-32
 8005a48:	00112e23          	sw	ra,28(sp)
 8005a4c:	00812c23          	sw	s0,24(sp)
 8005a50:	02010413          	addi	s0,sp,32
 8005a54:	fea42623          	sw	a0,-20(s0)
 8005a58:	feb42423          	sw	a1,-24(s0)
 8005a5c:	080077b7          	lui	a5,0x8007
 8005a60:	aa47a783          	lw	a5,-1372(a5) # 8006aa4 <app_ino>
 8005a64:	fe842603          	lw	a2,-24(s0)
 8005a68:	fec42583          	lw	a1,-20(s0)
 8005a6c:	00078513          	mv	a0,a5
 8005a70:	c1dff0ef          	jal	ra,800568c <file_read>
 8005a74:	00000013          	nop
 8005a78:	00078513          	mv	a0,a5
 8005a7c:	01c12083          	lw	ra,28(sp)
 8005a80:	01812403          	lw	s0,24(sp)
 8005a84:	02010113          	addi	sp,sp,32
 8005a88:	00008067          	ret

08005a8c <app_spawn>:
app_spawn():
 8005a8c:	fd010113          	addi	sp,sp,-48
 8005a90:	02112623          	sw	ra,44(sp)
 8005a94:	02812423          	sw	s0,40(sp)
 8005a98:	03010413          	addi	s0,sp,48
 8005a9c:	fca42e23          	sw	a0,-36(s0)
 8005aa0:	080067b7          	lui	a5,0x8006
 8005aa4:	50078593          	addi	a1,a5,1280 # 8006500 <__modsi3+0x1f0>
 8005aa8:	00000513          	li	a0,0
 8005aac:	afdff0ef          	jal	ra,80055a8 <dir_lookup>
 8005ab0:	fea42623          	sw	a0,-20(s0)
 8005ab4:	fdc42783          	lw	a5,-36(s0)
 8005ab8:	00878793          	addi	a5,a5,8
 8005abc:	00078593          	mv	a1,a5
 8005ac0:	fec42503          	lw	a0,-20(s0)
 8005ac4:	ae5ff0ef          	jal	ra,80055a8 <dir_lookup>
 8005ac8:	00050713          	mv	a4,a0
 8005acc:	080077b7          	lui	a5,0x8007
 8005ad0:	aae7a223          	sw	a4,-1372(a5) # 8006aa4 <app_ino>
 8005ad4:	080077b7          	lui	a5,0x8007
 8005ad8:	aa47a783          	lw	a5,-1372(a5) # 8006aa4 <app_ino>
 8005adc:	0007d663          	bgez	a5,8005ae8 <app_spawn+0x5c>
 8005ae0:	fff00793          	li	a5,-1
 8005ae4:	0c80006f          	j	8005bac <app_spawn+0x120>
 8005ae8:	080077b7          	lui	a5,0x8007
 8005aec:	a907a783          	lw	a5,-1392(a5) # 8006a90 <grass>
 8005af0:	0847a783          	lw	a5,132(a5)
 8005af4:	000780e7          	jalr	a5
 8005af8:	00050713          	mv	a4,a0
 8005afc:	080077b7          	lui	a5,0x8007
 8005b00:	aae7a423          	sw	a4,-1368(a5) # 8006aa8 <app_pid>
 8005b04:	fdc42783          	lw	a5,-36(s0)
 8005b08:	0047a783          	lw	a5,4(a5)
 8005b0c:	fff78793          	addi	a5,a5,-1
 8005b10:	fdc42703          	lw	a4,-36(s0)
 8005b14:	00579793          	slli	a5,a5,0x5
 8005b18:	00f707b3          	add	a5,a4,a5
 8005b1c:	0087c703          	lbu	a4,8(a5)
 8005b20:	02600793          	li	a5,38
 8005b24:	00f71a63          	bne	a4,a5,8005b38 <app_spawn+0xac>
 8005b28:	fdc42783          	lw	a5,-36(s0)
 8005b2c:	0047a783          	lw	a5,4(a5)
 8005b30:	fff78793          	addi	a5,a5,-1
 8005b34:	00c0006f          	j	8005b40 <app_spawn+0xb4>
 8005b38:	fdc42783          	lw	a5,-36(s0)
 8005b3c:	0047a783          	lw	a5,4(a5)
 8005b40:	fef42423          	sw	a5,-24(s0)
 8005b44:	080077b7          	lui	a5,0x8007
 8005b48:	aa87a703          	lw	a4,-1368(a5) # 8006aa8 <app_pid>
 8005b4c:	fdc42783          	lw	a5,-36(s0)
 8005b50:	00878793          	addi	a5,a5,8
 8005b54:	00078693          	mv	a3,a5
 8005b58:	fe842603          	lw	a2,-24(s0)
 8005b5c:	080067b7          	lui	a5,0x8006
 8005b60:	a4478593          	addi	a1,a5,-1468 # 8005a44 <app_read>
 8005b64:	00070513          	mv	a0,a4
 8005b68:	93dff0ef          	jal	ra,80054a4 <elf_load>
 8005b6c:	080077b7          	lui	a5,0x8007
 8005b70:	a907a783          	lw	a5,-1392(a5) # 8006a90 <grass>
 8005b74:	08c7a703          	lw	a4,140(a5)
 8005b78:	080077b7          	lui	a5,0x8007
 8005b7c:	aa87a783          	lw	a5,-1368(a5) # 8006aa8 <app_pid>
 8005b80:	00078513          	mv	a0,a5
 8005b84:	000700e7          	jalr	a4
 8005b88:	080077b7          	lui	a5,0x8007
 8005b8c:	a907a783          	lw	a5,-1392(a5) # 8006a90 <grass>
 8005b90:	0947a703          	lw	a4,148(a5)
 8005b94:	080077b7          	lui	a5,0x8007
 8005b98:	aa87a783          	lw	a5,-1368(a5) # 8006aa8 <app_pid>
 8005b9c:	00200593          	li	a1,2
 8005ba0:	00078513          	mv	a0,a5
 8005ba4:	000700e7          	jalr	a4
 8005ba8:	00000793          	li	a5,0
 8005bac:	00078513          	mv	a0,a5
 8005bb0:	02c12083          	lw	ra,44(sp)
 8005bb4:	02812403          	lw	s0,40(sp)
 8005bb8:	03010113          	addi	sp,sp,48
 8005bbc:	00008067          	ret

08005bc0 <app_kill>:
app_kill():
 8005bc0:	fe010113          	addi	sp,sp,-32
 8005bc4:	00112e23          	sw	ra,28(sp)
 8005bc8:	00812c23          	sw	s0,24(sp)
 8005bcc:	02010413          	addi	s0,sp,32
 8005bd0:	fea42623          	sw	a0,-20(s0)
 8005bd4:	080077b7          	lui	a5,0x8007
 8005bd8:	a907a783          	lw	a5,-1392(a5) # 8006a90 <grass>
 8005bdc:	0887a783          	lw	a5,136(a5)
 8005be0:	fec42503          	lw	a0,-20(s0)
 8005be4:	000780e7          	jalr	a5
 8005be8:	00000013          	nop
 8005bec:	01c12083          	lw	ra,28(sp)
 8005bf0:	01812403          	lw	s0,24(sp)
 8005bf4:	02010113          	addi	sp,sp,32
 8005bf8:	00008067          	ret

08005bfc <sys_proc_read>:
sys_proc_read():
 8005bfc:	fe010113          	addi	sp,sp,-32
 8005c00:	00112e23          	sw	ra,28(sp)
 8005c04:	00812c23          	sw	s0,24(sp)
 8005c08:	02010413          	addi	s0,sp,32
 8005c0c:	fea42623          	sw	a0,-20(s0)
 8005c10:	feb42423          	sw	a1,-24(s0)
 8005c14:	080077b7          	lui	a5,0x8007
 8005c18:	a947a783          	lw	a5,-1388(a5) # 8006a94 <earth>
 8005c1c:	0207a683          	lw	a3,32(a5)
 8005c20:	080077b7          	lui	a5,0x8007
 8005c24:	aac7a703          	lw	a4,-1364(a5) # 8006aac <sys_proc_base>
 8005c28:	fec42783          	lw	a5,-20(s0)
 8005c2c:	00f707b3          	add	a5,a4,a5
 8005c30:	fe842603          	lw	a2,-24(s0)
 8005c34:	00100593          	li	a1,1
 8005c38:	00078513          	mv	a0,a5
 8005c3c:	000680e7          	jalr	a3
 8005c40:	00050793          	mv	a5,a0
 8005c44:	00078513          	mv	a0,a5
 8005c48:	01c12083          	lw	ra,28(sp)
 8005c4c:	01812403          	lw	s0,24(sp)
 8005c50:	02010113          	addi	sp,sp,32
 8005c54:	00008067          	ret

08005c58 <sys_spawn>:
sys_spawn():
 8005c58:	fd010113          	addi	sp,sp,-48
 8005c5c:	02112623          	sw	ra,44(sp)
 8005c60:	02812423          	sw	s0,40(sp)
 8005c64:	03010413          	addi	s0,sp,48
 8005c68:	fca42e23          	sw	a0,-36(s0)
 8005c6c:	080077b7          	lui	a5,0x8007
 8005c70:	a907a783          	lw	a5,-1392(a5) # 8006a90 <grass>
 8005c74:	0847a783          	lw	a5,132(a5)
 8005c78:	000780e7          	jalr	a5
 8005c7c:	fea42623          	sw	a0,-20(s0)
 8005c80:	080077b7          	lui	a5,0x8007
 8005c84:	a947a783          	lw	a5,-1388(a5) # 8006a94 <earth>
 8005c88:	0387a683          	lw	a3,56(a5)
 8005c8c:	fec42783          	lw	a5,-20(s0)
 8005c90:	fff78793          	addi	a5,a5,-1
 8005c94:	08006737          	lui	a4,0x8006
 8005c98:	65870713          	addi	a4,a4,1624 # 8006658 <sysproc_names>
 8005c9c:	00279793          	slli	a5,a5,0x2
 8005ca0:	00f707b3          	add	a5,a4,a5
 8005ca4:	0007a783          	lw	a5,0(a5)
 8005ca8:	00078613          	mv	a2,a5
 8005cac:	fec42583          	lw	a1,-20(s0)
 8005cb0:	080067b7          	lui	a5,0x8006
 8005cb4:	53478513          	addi	a0,a5,1332 # 8006534 <__modsi3+0x224>
 8005cb8:	000680e7          	jalr	a3
 8005cbc:	080077b7          	lui	a5,0x8007
 8005cc0:	fdc42703          	lw	a4,-36(s0)
 8005cc4:	aae7a623          	sw	a4,-1364(a5) # 8006aac <sys_proc_base>
 8005cc8:	00000693          	li	a3,0
 8005ccc:	00000613          	li	a2,0
 8005cd0:	080067b7          	lui	a5,0x8006
 8005cd4:	bfc78593          	addi	a1,a5,-1028 # 8005bfc <sys_proc_read>
 8005cd8:	fec42503          	lw	a0,-20(s0)
 8005cdc:	fc8ff0ef          	jal	ra,80054a4 <elf_load>
 8005ce0:	080077b7          	lui	a5,0x8007
 8005ce4:	a907a783          	lw	a5,-1392(a5) # 8006a90 <grass>
 8005ce8:	08c7a783          	lw	a5,140(a5)
 8005cec:	fec42503          	lw	a0,-20(s0)
 8005cf0:	000780e7          	jalr	a5
 8005cf4:	080077b7          	lui	a5,0x8007
 8005cf8:	a907a783          	lw	a5,-1392(a5) # 8006a90 <grass>
 8005cfc:	0947a783          	lw	a5,148(a5)
 8005d00:	00200593          	li	a1,2
 8005d04:	fec42503          	lw	a0,-20(s0)
 8005d08:	000780e7          	jalr	a5
 8005d0c:	00000013          	nop
 8005d10:	02c12083          	lw	ra,44(sp)
 8005d14:	02812403          	lw	s0,40(sp)
 8005d18:	03010113          	addi	sp,sp,48
 8005d1c:	00008067          	ret

08005d20 <atoi>:
atoi():
 8005d20:	00a00613          	li	a2,10
 8005d24:	00000593          	li	a1,0
 8005d28:	5240006f          	j	800624c <strtol>

08005d2c <_atoi_r>:
_atoi_r():
 8005d2c:	00a00693          	li	a3,10
 8005d30:	00000613          	li	a2,0
 8005d34:	4f80006f          	j	800622c <_strtol_r>

08005d38 <memcpy>:
memcpy():
 8005d38:	00a5c7b3          	xor	a5,a1,a0
 8005d3c:	0037f793          	andi	a5,a5,3
 8005d40:	00c508b3          	add	a7,a0,a2
 8005d44:	06079263          	bnez	a5,8005da8 <memcpy+0x70>
 8005d48:	00300793          	li	a5,3
 8005d4c:	04c7fe63          	bgeu	a5,a2,8005da8 <memcpy+0x70>
 8005d50:	00357793          	andi	a5,a0,3
 8005d54:	00050713          	mv	a4,a0
 8005d58:	06079863          	bnez	a5,8005dc8 <memcpy+0x90>
 8005d5c:	ffc8f613          	andi	a2,a7,-4
 8005d60:	fe060793          	addi	a5,a2,-32 # fe0 <__heap_size+0x7e0>
 8005d64:	08f76c63          	bltu	a4,a5,8005dfc <memcpy+0xc4>
 8005d68:	02c77c63          	bgeu	a4,a2,8005da0 <memcpy+0x68>
 8005d6c:	00058693          	mv	a3,a1
 8005d70:	00070793          	mv	a5,a4
 8005d74:	0006a803          	lw	a6,0(a3)
 8005d78:	00478793          	addi	a5,a5,4
 8005d7c:	00468693          	addi	a3,a3,4
 8005d80:	ff07ae23          	sw	a6,-4(a5)
 8005d84:	fec7e8e3          	bltu	a5,a2,8005d74 <memcpy+0x3c>
 8005d88:	fff60793          	addi	a5,a2,-1
 8005d8c:	40e787b3          	sub	a5,a5,a4
 8005d90:	ffc7f793          	andi	a5,a5,-4
 8005d94:	00478793          	addi	a5,a5,4
 8005d98:	00f70733          	add	a4,a4,a5
 8005d9c:	00f585b3          	add	a1,a1,a5
 8005da0:	01176863          	bltu	a4,a7,8005db0 <memcpy+0x78>
 8005da4:	00008067          	ret
 8005da8:	00050713          	mv	a4,a0
 8005dac:	ff157ce3          	bgeu	a0,a7,8005da4 <memcpy+0x6c>
 8005db0:	0005c783          	lbu	a5,0(a1)
 8005db4:	00170713          	addi	a4,a4,1
 8005db8:	00158593          	addi	a1,a1,1
 8005dbc:	fef70fa3          	sb	a5,-1(a4)
 8005dc0:	ff1768e3          	bltu	a4,a7,8005db0 <memcpy+0x78>
 8005dc4:	00008067          	ret
 8005dc8:	0005c683          	lbu	a3,0(a1)
 8005dcc:	00170713          	addi	a4,a4,1
 8005dd0:	00377793          	andi	a5,a4,3
 8005dd4:	fed70fa3          	sb	a3,-1(a4)
 8005dd8:	00158593          	addi	a1,a1,1
 8005ddc:	f80780e3          	beqz	a5,8005d5c <memcpy+0x24>
 8005de0:	0005c683          	lbu	a3,0(a1)
 8005de4:	00170713          	addi	a4,a4,1
 8005de8:	00377793          	andi	a5,a4,3
 8005dec:	fed70fa3          	sb	a3,-1(a4)
 8005df0:	00158593          	addi	a1,a1,1
 8005df4:	fc079ae3          	bnez	a5,8005dc8 <memcpy+0x90>
 8005df8:	f65ff06f          	j	8005d5c <memcpy+0x24>
 8005dfc:	0005a683          	lw	a3,0(a1)
 8005e00:	0045a283          	lw	t0,4(a1)
 8005e04:	0085af83          	lw	t6,8(a1)
 8005e08:	00c5af03          	lw	t5,12(a1)
 8005e0c:	0105ae83          	lw	t4,16(a1)
 8005e10:	0145ae03          	lw	t3,20(a1)
 8005e14:	0185a303          	lw	t1,24(a1)
 8005e18:	01c5a803          	lw	a6,28(a1)
 8005e1c:	02458593          	addi	a1,a1,36
 8005e20:	00d72023          	sw	a3,0(a4)
 8005e24:	ffc5a683          	lw	a3,-4(a1)
 8005e28:	00572223          	sw	t0,4(a4)
 8005e2c:	01f72423          	sw	t6,8(a4)
 8005e30:	01e72623          	sw	t5,12(a4)
 8005e34:	01d72823          	sw	t4,16(a4)
 8005e38:	01c72a23          	sw	t3,20(a4)
 8005e3c:	00672c23          	sw	t1,24(a4)
 8005e40:	01072e23          	sw	a6,28(a4)
 8005e44:	02470713          	addi	a4,a4,36
 8005e48:	fed72e23          	sw	a3,-4(a4)
 8005e4c:	faf768e3          	bltu	a4,a5,8005dfc <memcpy+0xc4>
 8005e50:	f19ff06f          	j	8005d68 <memcpy+0x30>

08005e54 <memset>:
memset():
 8005e54:	00f00313          	li	t1,15
 8005e58:	00050713          	mv	a4,a0
 8005e5c:	02c37e63          	bgeu	t1,a2,8005e98 <memset+0x44>
 8005e60:	00f77793          	andi	a5,a4,15
 8005e64:	0a079063          	bnez	a5,8005f04 <memset+0xb0>
 8005e68:	08059263          	bnez	a1,8005eec <memset+0x98>
 8005e6c:	ff067693          	andi	a3,a2,-16
 8005e70:	00f67613          	andi	a2,a2,15
 8005e74:	00e686b3          	add	a3,a3,a4
 8005e78:	00b72023          	sw	a1,0(a4)
 8005e7c:	00b72223          	sw	a1,4(a4)
 8005e80:	00b72423          	sw	a1,8(a4)
 8005e84:	00b72623          	sw	a1,12(a4)
 8005e88:	01070713          	addi	a4,a4,16
 8005e8c:	fed766e3          	bltu	a4,a3,8005e78 <memset+0x24>
 8005e90:	00061463          	bnez	a2,8005e98 <memset+0x44>
 8005e94:	00008067          	ret
 8005e98:	40c306b3          	sub	a3,t1,a2
 8005e9c:	00269693          	slli	a3,a3,0x2
 8005ea0:	00000297          	auipc	t0,0x0
 8005ea4:	005686b3          	add	a3,a3,t0
 8005ea8:	00c68067          	jr	12(a3)
 8005eac:	00b70723          	sb	a1,14(a4)
 8005eb0:	00b706a3          	sb	a1,13(a4)
 8005eb4:	00b70623          	sb	a1,12(a4)
 8005eb8:	00b705a3          	sb	a1,11(a4)
 8005ebc:	00b70523          	sb	a1,10(a4)
 8005ec0:	00b704a3          	sb	a1,9(a4)
 8005ec4:	00b70423          	sb	a1,8(a4)
 8005ec8:	00b703a3          	sb	a1,7(a4)
 8005ecc:	00b70323          	sb	a1,6(a4)
 8005ed0:	00b702a3          	sb	a1,5(a4)
 8005ed4:	00b70223          	sb	a1,4(a4)
 8005ed8:	00b701a3          	sb	a1,3(a4)
 8005edc:	00b70123          	sb	a1,2(a4)
 8005ee0:	00b700a3          	sb	a1,1(a4)
 8005ee4:	00b70023          	sb	a1,0(a4)
 8005ee8:	00008067          	ret
 8005eec:	0ff5f593          	andi	a1,a1,255
 8005ef0:	00859693          	slli	a3,a1,0x8
 8005ef4:	00d5e5b3          	or	a1,a1,a3
 8005ef8:	01059693          	slli	a3,a1,0x10
 8005efc:	00d5e5b3          	or	a1,a1,a3
 8005f00:	f6dff06f          	j	8005e6c <memset+0x18>
 8005f04:	00279693          	slli	a3,a5,0x2
 8005f08:	00000297          	auipc	t0,0x0
 8005f0c:	005686b3          	add	a3,a3,t0
 8005f10:	00008293          	mv	t0,ra
 8005f14:	fa0680e7          	jalr	-96(a3)
 8005f18:	00028093          	mv	ra,t0
 8005f1c:	ff078793          	addi	a5,a5,-16
 8005f20:	40f70733          	sub	a4,a4,a5
 8005f24:	00f60633          	add	a2,a2,a5
 8005f28:	f6c378e3          	bgeu	t1,a2,8005e98 <memset+0x44>
 8005f2c:	f3dff06f          	j	8005e68 <memset+0x14>

08005f30 <strcpy>:
strcpy():
 8005f30:	00b567b3          	or	a5,a0,a1
 8005f34:	0037f793          	andi	a5,a5,3
 8005f38:	08079263          	bnez	a5,8005fbc <strcpy+0x8c>
 8005f3c:	0005a703          	lw	a4,0(a1)
 8005f40:	7f7f86b7          	lui	a3,0x7f7f8
 8005f44:	f7f68693          	addi	a3,a3,-129 # 7f7f7f7f <__heap_end+0x777eff7f>
 8005f48:	00d777b3          	and	a5,a4,a3
 8005f4c:	00d787b3          	add	a5,a5,a3
 8005f50:	00e7e7b3          	or	a5,a5,a4
 8005f54:	00d7e7b3          	or	a5,a5,a3
 8005f58:	fff00613          	li	a2,-1
 8005f5c:	06c79e63          	bne	a5,a2,8005fd8 <strcpy+0xa8>
 8005f60:	00050613          	mv	a2,a0
 8005f64:	fff00813          	li	a6,-1
 8005f68:	00460613          	addi	a2,a2,4
 8005f6c:	00458593          	addi	a1,a1,4
 8005f70:	fee62e23          	sw	a4,-4(a2)
 8005f74:	0005a703          	lw	a4,0(a1)
 8005f78:	00d777b3          	and	a5,a4,a3
 8005f7c:	00d787b3          	add	a5,a5,a3
 8005f80:	00e7e7b3          	or	a5,a5,a4
 8005f84:	00d7e7b3          	or	a5,a5,a3
 8005f88:	ff0780e3          	beq	a5,a6,8005f68 <strcpy+0x38>
 8005f8c:	0005c783          	lbu	a5,0(a1)
 8005f90:	0015c703          	lbu	a4,1(a1)
 8005f94:	0025c683          	lbu	a3,2(a1)
 8005f98:	00f60023          	sb	a5,0(a2)
 8005f9c:	00078a63          	beqz	a5,8005fb0 <strcpy+0x80>
 8005fa0:	00e600a3          	sb	a4,1(a2)
 8005fa4:	00070663          	beqz	a4,8005fb0 <strcpy+0x80>
 8005fa8:	00d60123          	sb	a3,2(a2)
 8005fac:	00069463          	bnez	a3,8005fb4 <strcpy+0x84>
 8005fb0:	00008067          	ret
 8005fb4:	000601a3          	sb	zero,3(a2)
 8005fb8:	00008067          	ret
 8005fbc:	00050793          	mv	a5,a0
 8005fc0:	0005c703          	lbu	a4,0(a1)
 8005fc4:	00178793          	addi	a5,a5,1
 8005fc8:	00158593          	addi	a1,a1,1
 8005fcc:	fee78fa3          	sb	a4,-1(a5)
 8005fd0:	fe0718e3          	bnez	a4,8005fc0 <strcpy+0x90>
 8005fd4:	00008067          	ret
 8005fd8:	00050613          	mv	a2,a0
 8005fdc:	fb1ff06f          	j	8005f8c <strcpy+0x5c>

08005fe0 <_strtol_l.isra.0>:
_strtol_l.isra.0():
 8005fe0:	fb010113          	addi	sp,sp,-80
 8005fe4:	03412c23          	sw	s4,56(sp)
 8005fe8:	03512a23          	sw	s5,52(sp)
 8005fec:	03912223          	sw	s9,36(sp)
 8005ff0:	04112623          	sw	ra,76(sp)
 8005ff4:	00068c93          	mv	s9,a3
 8005ff8:	04812423          	sw	s0,72(sp)
 8005ffc:	04912223          	sw	s1,68(sp)
 8006000:	05212023          	sw	s2,64(sp)
 8006004:	03312e23          	sw	s3,60(sp)
 8006008:	03612823          	sw	s6,48(sp)
 800600c:	03712623          	sw	s7,44(sp)
 8006010:	03812423          	sw	s8,40(sp)
 8006014:	03a12023          	sw	s10,32(sp)
 8006018:	01b12e23          	sw	s11,28(sp)
 800601c:	00058a13          	mv	s4,a1
 8006020:	00a12623          	sw	a0,12(sp)
 8006024:	00060a93          	mv	s5,a2
 8006028:	00058793          	mv	a5,a1
 800602c:	00000697          	auipc	a3,0x0
 8006030:	52568693          	addi	a3,a3,1317 # 8006551 <_ctype_+0x1>
 8006034:	0080006f          	j	800603c <_strtol_l.isra.0+0x5c>
 8006038:	00048793          	mv	a5,s1
 800603c:	00178493          	addi	s1,a5,1
 8006040:	fff4c403          	lbu	s0,-1(s1)
 8006044:	00868733          	add	a4,a3,s0
 8006048:	00074703          	lbu	a4,0(a4)
 800604c:	00877713          	andi	a4,a4,8
 8006050:	fe0714e3          	bnez	a4,8006038 <_strtol_l.isra.0+0x58>
 8006054:	02d00713          	li	a4,45
 8006058:	16e40863          	beq	s0,a4,80061c8 <_strtol_l.isra.0+0x1e8>
 800605c:	02b00713          	li	a4,43
 8006060:	00000b93          	li	s7,0
 8006064:	10e40e63          	beq	s0,a4,8006180 <_strtol_l.isra.0+0x1a0>
 8006068:	120c8463          	beqz	s9,8006190 <_strtol_l.isra.0+0x1b0>
 800606c:	01000793          	li	a5,16
 8006070:	000c8913          	mv	s2,s9
 8006074:	16fc8263          	beq	s9,a5,80061d8 <_strtol_l.isra.0+0x1f8>
 8006078:	800009b7          	lui	s3,0x80000
 800607c:	000b9463          	bnez	s7,8006084 <_strtol_l.isra.0+0xa4>
 8006080:	fff9c993          	not	s3,s3
 8006084:	00090593          	mv	a1,s2
 8006088:	00098513          	mv	a0,s3
 800608c:	250000ef          	jal	ra,80062dc <__umodsi3>
 8006090:	00a12423          	sw	a0,8(sp)
 8006094:	00090593          	mv	a1,s2
 8006098:	00098513          	mv	a0,s3
 800609c:	1f8000ef          	jal	ra,8006294 <__udivsi3>
 80060a0:	00900d13          	li	s10,9
 80060a4:	fd040793          	addi	a5,s0,-48
 80060a8:	00050c13          	mv	s8,a0
 80060ac:	00000713          	li	a4,0
 80060b0:	00000593          	li	a1,0
 80060b4:	01900b13          	li	s6,25
 80060b8:	fff00d93          	li	s11,-1
 80060bc:	02fd6e63          	bltu	s10,a5,80060f8 <_strtol_l.isra.0+0x118>
 80060c0:	00078413          	mv	s0,a5
 80060c4:	05945263          	bge	s0,s9,8006108 <_strtol_l.isra.0+0x128>
 80060c8:	03b70063          	beq	a4,s11,80060e8 <_strtol_l.isra.0+0x108>
 80060cc:	fff00713          	li	a4,-1
 80060d0:	00bc6c63          	bltu	s8,a1,80060e8 <_strtol_l.isra.0+0x108>
 80060d4:	0abc0063          	beq	s8,a1,8006174 <_strtol_l.isra.0+0x194>
 80060d8:	00090513          	mv	a0,s2
 80060dc:	18c000ef          	jal	ra,8006268 <__mulsi3>
 80060e0:	00a405b3          	add	a1,s0,a0
 80060e4:	00100713          	li	a4,1
 80060e8:	00148493          	addi	s1,s1,1
 80060ec:	fff4c403          	lbu	s0,-1(s1)
 80060f0:	fd040793          	addi	a5,s0,-48
 80060f4:	fcfd76e3          	bgeu	s10,a5,80060c0 <_strtol_l.isra.0+0xe0>
 80060f8:	fbf40793          	addi	a5,s0,-65
 80060fc:	06fb6463          	bltu	s6,a5,8006164 <_strtol_l.isra.0+0x184>
 8006100:	fc940413          	addi	s0,s0,-55
 8006104:	fd9442e3          	blt	s0,s9,80060c8 <_strtol_l.isra.0+0xe8>
 8006108:	fff00793          	li	a5,-1
 800610c:	08f70c63          	beq	a4,a5,80061a4 <_strtol_l.isra.0+0x1c4>
 8006110:	000b8463          	beqz	s7,8006118 <_strtol_l.isra.0+0x138>
 8006114:	40b005b3          	neg	a1,a1
 8006118:	000a8663          	beqz	s5,8006124 <_strtol_l.isra.0+0x144>
 800611c:	0c071e63          	bnez	a4,80061f8 <_strtol_l.isra.0+0x218>
 8006120:	014aa023          	sw	s4,0(s5)
 8006124:	04c12083          	lw	ra,76(sp)
 8006128:	04812403          	lw	s0,72(sp)
 800612c:	04412483          	lw	s1,68(sp)
 8006130:	04012903          	lw	s2,64(sp)
 8006134:	03c12983          	lw	s3,60(sp)
 8006138:	03812a03          	lw	s4,56(sp)
 800613c:	03412a83          	lw	s5,52(sp)
 8006140:	03012b03          	lw	s6,48(sp)
 8006144:	02c12b83          	lw	s7,44(sp)
 8006148:	02812c03          	lw	s8,40(sp)
 800614c:	02412c83          	lw	s9,36(sp)
 8006150:	02012d03          	lw	s10,32(sp)
 8006154:	01c12d83          	lw	s11,28(sp)
 8006158:	00058513          	mv	a0,a1
 800615c:	05010113          	addi	sp,sp,80
 8006160:	00008067          	ret
 8006164:	f9f40793          	addi	a5,s0,-97
 8006168:	fafb60e3          	bltu	s6,a5,8006108 <_strtol_l.isra.0+0x128>
 800616c:	fa940413          	addi	s0,s0,-87
 8006170:	f55ff06f          	j	80060c4 <_strtol_l.isra.0+0xe4>
 8006174:	00812783          	lw	a5,8(sp)
 8006178:	f687c8e3          	blt	a5,s0,80060e8 <_strtol_l.isra.0+0x108>
 800617c:	f5dff06f          	j	80060d8 <_strtol_l.isra.0+0xf8>
 8006180:	0004c403          	lbu	s0,0(s1)
 8006184:	00000b93          	li	s7,0
 8006188:	00278493          	addi	s1,a5,2
 800618c:	ee0c90e3          	bnez	s9,800606c <_strtol_l.isra.0+0x8c>
 8006190:	03000793          	li	a5,48
 8006194:	06f40663          	beq	s0,a5,8006200 <_strtol_l.isra.0+0x220>
 8006198:	00a00913          	li	s2,10
 800619c:	00a00c93          	li	s9,10
 80061a0:	ed9ff06f          	j	8006078 <_strtol_l.isra.0+0x98>
 80061a4:	00c12703          	lw	a4,12(sp)
 80061a8:	02200793          	li	a5,34
 80061ac:	00098593          	mv	a1,s3
 80061b0:	00f72023          	sw	a5,0(a4)
 80061b4:	f60a88e3          	beqz	s5,8006124 <_strtol_l.isra.0+0x144>
 80061b8:	fff48a13          	addi	s4,s1,-1
 80061bc:	00098593          	mv	a1,s3
 80061c0:	014aa023          	sw	s4,0(s5)
 80061c4:	f61ff06f          	j	8006124 <_strtol_l.isra.0+0x144>
 80061c8:	0004c403          	lbu	s0,0(s1)
 80061cc:	00100b93          	li	s7,1
 80061d0:	00278493          	addi	s1,a5,2
 80061d4:	e95ff06f          	j	8006068 <_strtol_l.isra.0+0x88>
 80061d8:	03000793          	li	a5,48
 80061dc:	00f41a63          	bne	s0,a5,80061f0 <_strtol_l.isra.0+0x210>
 80061e0:	0004c783          	lbu	a5,0(s1)
 80061e4:	05800713          	li	a4,88
 80061e8:	0df7f793          	andi	a5,a5,223
 80061ec:	02e78663          	beq	a5,a4,8006218 <_strtol_l.isra.0+0x238>
 80061f0:	01000913          	li	s2,16
 80061f4:	e85ff06f          	j	8006078 <_strtol_l.isra.0+0x98>
 80061f8:	00058993          	mv	s3,a1
 80061fc:	fbdff06f          	j	80061b8 <_strtol_l.isra.0+0x1d8>
 8006200:	0004c783          	lbu	a5,0(s1)
 8006204:	05800713          	li	a4,88
 8006208:	00800913          	li	s2,8
 800620c:	0df7f793          	andi	a5,a5,223
 8006210:	00800c93          	li	s9,8
 8006214:	e6e792e3          	bne	a5,a4,8006078 <_strtol_l.isra.0+0x98>
 8006218:	0014c403          	lbu	s0,1(s1)
 800621c:	01000913          	li	s2,16
 8006220:	00248493          	addi	s1,s1,2
 8006224:	01000c93          	li	s9,16
 8006228:	e51ff06f          	j	8006078 <_strtol_l.isra.0+0x98>

0800622c <_strtol_r>:
_strtol_r():
 800622c:	db5ff06f          	j	8005fe0 <_strtol_l.isra.0>

08006230 <strtol_l>:
strtol_l():
 8006230:	00001797          	auipc	a5,0x1
 8006234:	86878793          	addi	a5,a5,-1944 # 8006a98 <_impure_ptr>
 8006238:	00060693          	mv	a3,a2
 800623c:	00058613          	mv	a2,a1
 8006240:	00050593          	mv	a1,a0
 8006244:	0007a503          	lw	a0,0(a5)
 8006248:	d99ff06f          	j	8005fe0 <_strtol_l.isra.0>

0800624c <strtol>:
strtol():
 800624c:	00001797          	auipc	a5,0x1
 8006250:	84c78793          	addi	a5,a5,-1972 # 8006a98 <_impure_ptr>
 8006254:	00060693          	mv	a3,a2
 8006258:	00058613          	mv	a2,a1
 800625c:	00050593          	mv	a1,a0
 8006260:	0007a503          	lw	a0,0(a5)
 8006264:	d7dff06f          	j	8005fe0 <_strtol_l.isra.0>

08006268 <__mulsi3>:
__mulsi3():
/scratch/jenkins/workspace/tpp-freedom-tools/tpp03--build-binary-packages--parameterized/obj/x86_64-linux-ubuntu14/build/riscv-gnu-toolchain/build-gcc-newlib-stage2/riscv64-unknown-elf/rv32i/ilp32/libgcc/../../../../../riscv-gcc/libgcc/config/riscv/muldi3.S:37
 8006268:	00050613          	mv	a2,a0
/scratch/jenkins/workspace/tpp-freedom-tools/tpp03--build-binary-packages--parameterized/obj/x86_64-linux-ubuntu14/build/riscv-gnu-toolchain/build-gcc-newlib-stage2/riscv64-unknown-elf/rv32i/ilp32/libgcc/../../../../../riscv-gcc/libgcc/config/riscv/muldi3.S:38
 800626c:	00000513          	li	a0,0
/scratch/jenkins/workspace/tpp-freedom-tools/tpp03--build-binary-packages--parameterized/obj/x86_64-linux-ubuntu14/build/riscv-gnu-toolchain/build-gcc-newlib-stage2/riscv64-unknown-elf/rv32i/ilp32/libgcc/../../../../../riscv-gcc/libgcc/config/riscv/muldi3.S:40
 8006270:	0015f693          	andi	a3,a1,1
/scratch/jenkins/workspace/tpp-freedom-tools/tpp03--build-binary-packages--parameterized/obj/x86_64-linux-ubuntu14/build/riscv-gnu-toolchain/build-gcc-newlib-stage2/riscv64-unknown-elf/rv32i/ilp32/libgcc/../../../../../riscv-gcc/libgcc/config/riscv/muldi3.S:41
 8006274:	00068463          	beqz	a3,800627c <__mulsi3+0x14>
/scratch/jenkins/workspace/tpp-freedom-tools/tpp03--build-binary-packages--parameterized/obj/x86_64-linux-ubuntu14/build/riscv-gnu-toolchain/build-gcc-newlib-stage2/riscv64-unknown-elf/rv32i/ilp32/libgcc/../../../../../riscv-gcc/libgcc/config/riscv/muldi3.S:42
 8006278:	00c50533          	add	a0,a0,a2
/scratch/jenkins/workspace/tpp-freedom-tools/tpp03--build-binary-packages--parameterized/obj/x86_64-linux-ubuntu14/build/riscv-gnu-toolchain/build-gcc-newlib-stage2/riscv64-unknown-elf/rv32i/ilp32/libgcc/../../../../../riscv-gcc/libgcc/config/riscv/muldi3.S:44
 800627c:	0015d593          	srli	a1,a1,0x1
/scratch/jenkins/workspace/tpp-freedom-tools/tpp03--build-binary-packages--parameterized/obj/x86_64-linux-ubuntu14/build/riscv-gnu-toolchain/build-gcc-newlib-stage2/riscv64-unknown-elf/rv32i/ilp32/libgcc/../../../../../riscv-gcc/libgcc/config/riscv/muldi3.S:45
 8006280:	00161613          	slli	a2,a2,0x1
/scratch/jenkins/workspace/tpp-freedom-tools/tpp03--build-binary-packages--parameterized/obj/x86_64-linux-ubuntu14/build/riscv-gnu-toolchain/build-gcc-newlib-stage2/riscv64-unknown-elf/rv32i/ilp32/libgcc/../../../../../riscv-gcc/libgcc/config/riscv/muldi3.S:46
 8006284:	fe0596e3          	bnez	a1,8006270 <__mulsi3+0x8>
/scratch/jenkins/workspace/tpp-freedom-tools/tpp03--build-binary-packages--parameterized/obj/x86_64-linux-ubuntu14/build/riscv-gnu-toolchain/build-gcc-newlib-stage2/riscv64-unknown-elf/rv32i/ilp32/libgcc/../../../../../riscv-gcc/libgcc/config/riscv/muldi3.S:47
 8006288:	00008067          	ret

0800628c <__divsi3>:
__divsi3():
/scratch/jenkins/workspace/tpp-freedom-tools/tpp03--build-binary-packages--parameterized/obj/x86_64-linux-ubuntu14/build/riscv-gnu-toolchain/build-gcc-newlib-stage2/riscv64-unknown-elf/rv32i/ilp32/libgcc/../../../../../riscv-gcc/libgcc/config/riscv/div.S:69
 800628c:	06054063          	bltz	a0,80062ec <__umodsi3+0x10>
/scratch/jenkins/workspace/tpp-freedom-tools/tpp03--build-binary-packages--parameterized/obj/x86_64-linux-ubuntu14/build/riscv-gnu-toolchain/build-gcc-newlib-stage2/riscv64-unknown-elf/rv32i/ilp32/libgcc/../../../../../riscv-gcc/libgcc/config/riscv/div.S:70
 8006290:	0605c663          	bltz	a1,80062fc <__umodsi3+0x20>

08006294 <__udivsi3>:
/scratch/jenkins/workspace/tpp-freedom-tools/tpp03--build-binary-packages--parameterized/obj/x86_64-linux-ubuntu14/build/riscv-gnu-toolchain/build-gcc-newlib-stage2/riscv64-unknown-elf/rv32i/ilp32/libgcc/../../../../../riscv-gcc/libgcc/config/riscv/div.S:74
 8006294:	00058613          	mv	a2,a1
/scratch/jenkins/workspace/tpp-freedom-tools/tpp03--build-binary-packages--parameterized/obj/x86_64-linux-ubuntu14/build/riscv-gnu-toolchain/build-gcc-newlib-stage2/riscv64-unknown-elf/rv32i/ilp32/libgcc/../../../../../riscv-gcc/libgcc/config/riscv/div.S:75
 8006298:	00050593          	mv	a1,a0
/scratch/jenkins/workspace/tpp-freedom-tools/tpp03--build-binary-packages--parameterized/obj/x86_64-linux-ubuntu14/build/riscv-gnu-toolchain/build-gcc-newlib-stage2/riscv64-unknown-elf/rv32i/ilp32/libgcc/../../../../../riscv-gcc/libgcc/config/riscv/div.S:76
 800629c:	fff00513          	li	a0,-1
/scratch/jenkins/workspace/tpp-freedom-tools/tpp03--build-binary-packages--parameterized/obj/x86_64-linux-ubuntu14/build/riscv-gnu-toolchain/build-gcc-newlib-stage2/riscv64-unknown-elf/rv32i/ilp32/libgcc/../../../../../riscv-gcc/libgcc/config/riscv/div.S:77
 80062a0:	02060c63          	beqz	a2,80062d8 <__udivsi3+0x44>
/scratch/jenkins/workspace/tpp-freedom-tools/tpp03--build-binary-packages--parameterized/obj/x86_64-linux-ubuntu14/build/riscv-gnu-toolchain/build-gcc-newlib-stage2/riscv64-unknown-elf/rv32i/ilp32/libgcc/../../../../../riscv-gcc/libgcc/config/riscv/div.S:78
 80062a4:	00100693          	li	a3,1
/scratch/jenkins/workspace/tpp-freedom-tools/tpp03--build-binary-packages--parameterized/obj/x86_64-linux-ubuntu14/build/riscv-gnu-toolchain/build-gcc-newlib-stage2/riscv64-unknown-elf/rv32i/ilp32/libgcc/../../../../../riscv-gcc/libgcc/config/riscv/div.S:79
 80062a8:	00b67a63          	bgeu	a2,a1,80062bc <__udivsi3+0x28>
/scratch/jenkins/workspace/tpp-freedom-tools/tpp03--build-binary-packages--parameterized/obj/x86_64-linux-ubuntu14/build/riscv-gnu-toolchain/build-gcc-newlib-stage2/riscv64-unknown-elf/rv32i/ilp32/libgcc/../../../../../riscv-gcc/libgcc/config/riscv/div.S:81
 80062ac:	00c05863          	blez	a2,80062bc <__udivsi3+0x28>
/scratch/jenkins/workspace/tpp-freedom-tools/tpp03--build-binary-packages--parameterized/obj/x86_64-linux-ubuntu14/build/riscv-gnu-toolchain/build-gcc-newlib-stage2/riscv64-unknown-elf/rv32i/ilp32/libgcc/../../../../../riscv-gcc/libgcc/config/riscv/div.S:82
 80062b0:	00161613          	slli	a2,a2,0x1
/scratch/jenkins/workspace/tpp-freedom-tools/tpp03--build-binary-packages--parameterized/obj/x86_64-linux-ubuntu14/build/riscv-gnu-toolchain/build-gcc-newlib-stage2/riscv64-unknown-elf/rv32i/ilp32/libgcc/../../../../../riscv-gcc/libgcc/config/riscv/div.S:83
 80062b4:	00169693          	slli	a3,a3,0x1
/scratch/jenkins/workspace/tpp-freedom-tools/tpp03--build-binary-packages--parameterized/obj/x86_64-linux-ubuntu14/build/riscv-gnu-toolchain/build-gcc-newlib-stage2/riscv64-unknown-elf/rv32i/ilp32/libgcc/../../../../../riscv-gcc/libgcc/config/riscv/div.S:84
 80062b8:	feb66ae3          	bltu	a2,a1,80062ac <__udivsi3+0x18>
/scratch/jenkins/workspace/tpp-freedom-tools/tpp03--build-binary-packages--parameterized/obj/x86_64-linux-ubuntu14/build/riscv-gnu-toolchain/build-gcc-newlib-stage2/riscv64-unknown-elf/rv32i/ilp32/libgcc/../../../../../riscv-gcc/libgcc/config/riscv/div.S:86
 80062bc:	00000513          	li	a0,0
/scratch/jenkins/workspace/tpp-freedom-tools/tpp03--build-binary-packages--parameterized/obj/x86_64-linux-ubuntu14/build/riscv-gnu-toolchain/build-gcc-newlib-stage2/riscv64-unknown-elf/rv32i/ilp32/libgcc/../../../../../riscv-gcc/libgcc/config/riscv/div.S:88
 80062c0:	00c5e663          	bltu	a1,a2,80062cc <__udivsi3+0x38>
/scratch/jenkins/workspace/tpp-freedom-tools/tpp03--build-binary-packages--parameterized/obj/x86_64-linux-ubuntu14/build/riscv-gnu-toolchain/build-gcc-newlib-stage2/riscv64-unknown-elf/rv32i/ilp32/libgcc/../../../../../riscv-gcc/libgcc/config/riscv/div.S:89
 80062c4:	40c585b3          	sub	a1,a1,a2
/scratch/jenkins/workspace/tpp-freedom-tools/tpp03--build-binary-packages--parameterized/obj/x86_64-linux-ubuntu14/build/riscv-gnu-toolchain/build-gcc-newlib-stage2/riscv64-unknown-elf/rv32i/ilp32/libgcc/../../../../../riscv-gcc/libgcc/config/riscv/div.S:90
 80062c8:	00d56533          	or	a0,a0,a3
/scratch/jenkins/workspace/tpp-freedom-tools/tpp03--build-binary-packages--parameterized/obj/x86_64-linux-ubuntu14/build/riscv-gnu-toolchain/build-gcc-newlib-stage2/riscv64-unknown-elf/rv32i/ilp32/libgcc/../../../../../riscv-gcc/libgcc/config/riscv/div.S:92
 80062cc:	0016d693          	srli	a3,a3,0x1
/scratch/jenkins/workspace/tpp-freedom-tools/tpp03--build-binary-packages--parameterized/obj/x86_64-linux-ubuntu14/build/riscv-gnu-toolchain/build-gcc-newlib-stage2/riscv64-unknown-elf/rv32i/ilp32/libgcc/../../../../../riscv-gcc/libgcc/config/riscv/div.S:93
 80062d0:	00165613          	srli	a2,a2,0x1
/scratch/jenkins/workspace/tpp-freedom-tools/tpp03--build-binary-packages--parameterized/obj/x86_64-linux-ubuntu14/build/riscv-gnu-toolchain/build-gcc-newlib-stage2/riscv64-unknown-elf/rv32i/ilp32/libgcc/../../../../../riscv-gcc/libgcc/config/riscv/div.S:94
 80062d4:	fe0696e3          	bnez	a3,80062c0 <__udivsi3+0x2c>
/scratch/jenkins/workspace/tpp-freedom-tools/tpp03--build-binary-packages--parameterized/obj/x86_64-linux-ubuntu14/build/riscv-gnu-toolchain/build-gcc-newlib-stage2/riscv64-unknown-elf/rv32i/ilp32/libgcc/../../../../../riscv-gcc/libgcc/config/riscv/div.S:96
 80062d8:	00008067          	ret

080062dc <__umodsi3>:
/scratch/jenkins/workspace/tpp-freedom-tools/tpp03--build-binary-packages--parameterized/obj/x86_64-linux-ubuntu14/build/riscv-gnu-toolchain/build-gcc-newlib-stage2/riscv64-unknown-elf/rv32i/ilp32/libgcc/../../../../../riscv-gcc/libgcc/config/riscv/div.S:101
 80062dc:	00008293          	mv	t0,ra
/scratch/jenkins/workspace/tpp-freedom-tools/tpp03--build-binary-packages--parameterized/obj/x86_64-linux-ubuntu14/build/riscv-gnu-toolchain/build-gcc-newlib-stage2/riscv64-unknown-elf/rv32i/ilp32/libgcc/../../../../../riscv-gcc/libgcc/config/riscv/div.S:102
 80062e0:	fb5ff0ef          	jal	ra,8006294 <__udivsi3>
/scratch/jenkins/workspace/tpp-freedom-tools/tpp03--build-binary-packages--parameterized/obj/x86_64-linux-ubuntu14/build/riscv-gnu-toolchain/build-gcc-newlib-stage2/riscv64-unknown-elf/rv32i/ilp32/libgcc/../../../../../riscv-gcc/libgcc/config/riscv/div.S:103
 80062e4:	00058513          	mv	a0,a1
/scratch/jenkins/workspace/tpp-freedom-tools/tpp03--build-binary-packages--parameterized/obj/x86_64-linux-ubuntu14/build/riscv-gnu-toolchain/build-gcc-newlib-stage2/riscv64-unknown-elf/rv32i/ilp32/libgcc/../../../../../riscv-gcc/libgcc/config/riscv/div.S:104
 80062e8:	00028067          	jr	t0 # 8005f08 <memset+0xb4>
/scratch/jenkins/workspace/tpp-freedom-tools/tpp03--build-binary-packages--parameterized/obj/x86_64-linux-ubuntu14/build/riscv-gnu-toolchain/build-gcc-newlib-stage2/riscv64-unknown-elf/rv32i/ilp32/libgcc/../../../../../riscv-gcc/libgcc/config/riscv/div.S:109
 80062ec:	40a00533          	neg	a0,a0
/scratch/jenkins/workspace/tpp-freedom-tools/tpp03--build-binary-packages--parameterized/obj/x86_64-linux-ubuntu14/build/riscv-gnu-toolchain/build-gcc-newlib-stage2/riscv64-unknown-elf/rv32i/ilp32/libgcc/../../../../../riscv-gcc/libgcc/config/riscv/div.S:110
 80062f0:	0005d863          	bgez	a1,8006300 <__umodsi3+0x24>
/scratch/jenkins/workspace/tpp-freedom-tools/tpp03--build-binary-packages--parameterized/obj/x86_64-linux-ubuntu14/build/riscv-gnu-toolchain/build-gcc-newlib-stage2/riscv64-unknown-elf/rv32i/ilp32/libgcc/../../../../../riscv-gcc/libgcc/config/riscv/div.S:111
 80062f4:	40b005b3          	neg	a1,a1
/scratch/jenkins/workspace/tpp-freedom-tools/tpp03--build-binary-packages--parameterized/obj/x86_64-linux-ubuntu14/build/riscv-gnu-toolchain/build-gcc-newlib-stage2/riscv64-unknown-elf/rv32i/ilp32/libgcc/../../../../../riscv-gcc/libgcc/config/riscv/div.S:112
 80062f8:	f9dff06f          	j	8006294 <__udivsi3>
/scratch/jenkins/workspace/tpp-freedom-tools/tpp03--build-binary-packages--parameterized/obj/x86_64-linux-ubuntu14/build/riscv-gnu-toolchain/build-gcc-newlib-stage2/riscv64-unknown-elf/rv32i/ilp32/libgcc/../../../../../riscv-gcc/libgcc/config/riscv/div.S:114
 80062fc:	40b005b3          	neg	a1,a1
/scratch/jenkins/workspace/tpp-freedom-tools/tpp03--build-binary-packages--parameterized/obj/x86_64-linux-ubuntu14/build/riscv-gnu-toolchain/build-gcc-newlib-stage2/riscv64-unknown-elf/rv32i/ilp32/libgcc/../../../../../riscv-gcc/libgcc/config/riscv/div.S:116
 8006300:	00008293          	mv	t0,ra
/scratch/jenkins/workspace/tpp-freedom-tools/tpp03--build-binary-packages--parameterized/obj/x86_64-linux-ubuntu14/build/riscv-gnu-toolchain/build-gcc-newlib-stage2/riscv64-unknown-elf/rv32i/ilp32/libgcc/../../../../../riscv-gcc/libgcc/config/riscv/div.S:117
 8006304:	f91ff0ef          	jal	ra,8006294 <__udivsi3>
/scratch/jenkins/workspace/tpp-freedom-tools/tpp03--build-binary-packages--parameterized/obj/x86_64-linux-ubuntu14/build/riscv-gnu-toolchain/build-gcc-newlib-stage2/riscv64-unknown-elf/rv32i/ilp32/libgcc/../../../../../riscv-gcc/libgcc/config/riscv/div.S:118
 8006308:	40a00533          	neg	a0,a0
/scratch/jenkins/workspace/tpp-freedom-tools/tpp03--build-binary-packages--parameterized/obj/x86_64-linux-ubuntu14/build/riscv-gnu-toolchain/build-gcc-newlib-stage2/riscv64-unknown-elf/rv32i/ilp32/libgcc/../../../../../riscv-gcc/libgcc/config/riscv/div.S:119
 800630c:	00028067          	jr	t0

08006310 <__modsi3>:
__modsi3():
/scratch/jenkins/workspace/tpp-freedom-tools/tpp03--build-binary-packages--parameterized/obj/x86_64-linux-ubuntu14/build/riscv-gnu-toolchain/build-gcc-newlib-stage2/riscv64-unknown-elf/rv32i/ilp32/libgcc/../../../../../riscv-gcc/libgcc/config/riscv/div.S:123
 8006310:	00008293          	mv	t0,ra
/scratch/jenkins/workspace/tpp-freedom-tools/tpp03--build-binary-packages--parameterized/obj/x86_64-linux-ubuntu14/build/riscv-gnu-toolchain/build-gcc-newlib-stage2/riscv64-unknown-elf/rv32i/ilp32/libgcc/../../../../../riscv-gcc/libgcc/config/riscv/div.S:124
 8006314:	0005ca63          	bltz	a1,8006328 <__modsi3+0x18>
/scratch/jenkins/workspace/tpp-freedom-tools/tpp03--build-binary-packages--parameterized/obj/x86_64-linux-ubuntu14/build/riscv-gnu-toolchain/build-gcc-newlib-stage2/riscv64-unknown-elf/rv32i/ilp32/libgcc/../../../../../riscv-gcc/libgcc/config/riscv/div.S:125
 8006318:	00054c63          	bltz	a0,8006330 <__modsi3+0x20>
/scratch/jenkins/workspace/tpp-freedom-tools/tpp03--build-binary-packages--parameterized/obj/x86_64-linux-ubuntu14/build/riscv-gnu-toolchain/build-gcc-newlib-stage2/riscv64-unknown-elf/rv32i/ilp32/libgcc/../../../../../riscv-gcc/libgcc/config/riscv/div.S:127
 800631c:	f79ff0ef          	jal	ra,8006294 <__udivsi3>
/scratch/jenkins/workspace/tpp-freedom-tools/tpp03--build-binary-packages--parameterized/obj/x86_64-linux-ubuntu14/build/riscv-gnu-toolchain/build-gcc-newlib-stage2/riscv64-unknown-elf/rv32i/ilp32/libgcc/../../../../../riscv-gcc/libgcc/config/riscv/div.S:128
 8006320:	00058513          	mv	a0,a1
/scratch/jenkins/workspace/tpp-freedom-tools/tpp03--build-binary-packages--parameterized/obj/x86_64-linux-ubuntu14/build/riscv-gnu-toolchain/build-gcc-newlib-stage2/riscv64-unknown-elf/rv32i/ilp32/libgcc/../../../../../riscv-gcc/libgcc/config/riscv/div.S:129
 8006324:	00028067          	jr	t0
/scratch/jenkins/workspace/tpp-freedom-tools/tpp03--build-binary-packages--parameterized/obj/x86_64-linux-ubuntu14/build/riscv-gnu-toolchain/build-gcc-newlib-stage2/riscv64-unknown-elf/rv32i/ilp32/libgcc/../../../../../riscv-gcc/libgcc/config/riscv/div.S:131
 8006328:	40b005b3          	neg	a1,a1
/scratch/jenkins/workspace/tpp-freedom-tools/tpp03--build-binary-packages--parameterized/obj/x86_64-linux-ubuntu14/build/riscv-gnu-toolchain/build-gcc-newlib-stage2/riscv64-unknown-elf/rv32i/ilp32/libgcc/../../../../../riscv-gcc/libgcc/config/riscv/div.S:132
 800632c:	fe0558e3          	bgez	a0,800631c <__modsi3+0xc>
/scratch/jenkins/workspace/tpp-freedom-tools/tpp03--build-binary-packages--parameterized/obj/x86_64-linux-ubuntu14/build/riscv-gnu-toolchain/build-gcc-newlib-stage2/riscv64-unknown-elf/rv32i/ilp32/libgcc/../../../../../riscv-gcc/libgcc/config/riscv/div.S:134
 8006330:	40a00533          	neg	a0,a0
/scratch/jenkins/workspace/tpp-freedom-tools/tpp03--build-binary-packages--parameterized/obj/x86_64-linux-ubuntu14/build/riscv-gnu-toolchain/build-gcc-newlib-stage2/riscv64-unknown-elf/rv32i/ilp32/libgcc/../../../../../riscv-gcc/libgcc/config/riscv/div.S:135
 8006334:	f61ff0ef          	jal	ra,8006294 <__udivsi3>
/scratch/jenkins/workspace/tpp-freedom-tools/tpp03--build-binary-packages--parameterized/obj/x86_64-linux-ubuntu14/build/riscv-gnu-toolchain/build-gcc-newlib-stage2/riscv64-unknown-elf/rv32i/ilp32/libgcc/../../../../../riscv-gcc/libgcc/config/riscv/div.S:136
 8006338:	40b00533          	neg	a0,a1
/scratch/jenkins/workspace/tpp-freedom-tools/tpp03--build-binary-packages--parameterized/obj/x86_64-linux-ubuntu14/build/riscv-gnu-toolchain/build-gcc-newlib-stage2/riscv64-unknown-elf/rv32i/ilp32/libgcc/../../../../../riscv-gcc/libgcc/config/riscv/div.S:137
 800633c:	00028067          	jr	t0
