
build/release/sys_dir.elf:     file format elf32-littleriscv
build/release/sys_dir.elf
architecture: riscv:rv32, flags 0x00000112:
EXEC_P, HAS_SYMS, D_PAGED
start address 0x08006200

Program Header:
    LOAD off    0x00000200 vaddr 0x08006200 paddr 0x08006200 align 2**12
         filesz 0x00000fc4 memsz 0x00001bd0 flags rwx

Sections:
Idx Name              Size      VMA       LMA       File off  Algn  Flags
  0 .text             000009c8  08006200  08006200  00000200  2**3  CONTENTS, ALLOC, LOAD, READONLY, CODE
  1 .rodata           000001c8  08006bc8  08006bc8  00000bc8  2**3  CONTENTS, ALLOC, LOAD, READONLY, DATA
  2 .data             00000434  08006d90  08006d90  00000d90  2**3  CONTENTS, ALLOC, LOAD, DATA
  3 .bss              00000404  080071c8  080071c8  000011c4  2**3  ALLOC
  4 .heap             00000800  080075d0  080075d0  000011c4  2**3  ALLOC
  5 .riscv.attributes 0000001c  00000000  00000000  000011c4  2**0  CONTENTS, READONLY
  6 .comment          00000028  00000000  00000000  000011e0  2**0  CONTENTS, READONLY
  7 .debug_line       00000202  00000000  00000000  00001208  2**0  CONTENTS, READONLY, DEBUGGING
  8 .debug_info       0000004c  00000000  00000000  0000140a  2**0  CONTENTS, READONLY, DEBUGGING
  9 .debug_abbrev     00000028  00000000  00000000  00001456  2**0  CONTENTS, READONLY, DEBUGGING
 10 .debug_aranges    00000040  00000000  00000000  00001480  2**3  CONTENTS, READONLY, DEBUGGING
 11 .debug_str        00000141  00000000  00000000  000014c0  2**0  CONTENTS, READONLY, DEBUGGING
SYMBOL TABLE:
08006200 l    d  .text	00000000 .text
08006bc8 l    d  .rodata	00000000 .rodata
08006d90 l    d  .data	00000000 .data
080071c8 l    d  .bss	00000000 .bss
080075d0 l    d  .heap	00000000 .heap
00000000 l    d  .riscv.attributes	00000000 .riscv.attributes
00000000 l    d  .comment	00000000 .comment
00000000 l    d  .debug_line	00000000 .debug_line
00000000 l    d  .debug_info	00000000 .debug_info
00000000 l    d  .debug_abbrev	00000000 .debug_abbrev
00000000 l    d  .debug_aranges	00000000 .debug_aranges
00000000 l    d  .debug_str	00000000 .debug_str
00000000 l    df *ABS*	00000000 servers.c
080071c8 l     O .bss	00000004 sender
080071cc l     O .bss	00000400 buf
00000000 l    df *ABS*	00000000 sys_dir.c
00000000 l    df *ABS*	00000000 atoi.c
00000000 l    df *ABS*	00000000 memcpy.c
00000000 l    df *ABS*	00000000 strlen.c
00000000 l    df *ABS*	00000000 strncmp.c
00000000 l    df *ABS*	00000000 strtol.c
08006868 l     F .text	0000024c _strtol_l.isra.0
00000000 l    df *ABS*	00000000 ctype_.c
00000000 l    df *ABS*	00000000 impure.c
08006d90 l     O .data	00000428 impure_data
080065d0 g     F .text	0000011c memcpy
08006b1c g     F .text	00000048 .hidden __udivsi3
080071bc g     O .data	00000004 earth
08006ab8 g     F .text	0000001c strtol_l
08006ad4 g     F .text	0000001c strtol
00000800 g       *ABS*	00000000 __heap_size
08006b64 g     F .text	00000010 .hidden __umodsi3
080065c4 g     F .text	0000000c _atoi_r
0800632c g     F .text	00000118 dir_do_lookup
0800623c g     F .text	000000f0 file_read
08006778 g     F .text	000000f0 strncmp
080071b8 g     O .data	00000004 grass
08006af0 g     F .text	00000024 .hidden __mulsi3
08006444 g     F .text	00000174 main
08006ab4 g     F .text	00000004 _strtol_r
08006b14 g     F .text	00000084 .hidden __divsi3
08006200 g       .text	00000000 _enter
08008000 g       *ABS*	00000000 __heap_end
080071c0 g     O .data	00000004 _impure_ptr
080075d0 g       .heap	00000000 __heap_start
08006210 g     F .text	0000002c exit
08006b98 g     F .text	00000030 .hidden __modsi3
080065b8 g     F .text	0000000c atoi
08006c8c g     O .rodata	00000101 _ctype_
080066ec g     F .text	0000008c strlen



Disassembly of section .text:

08006200 <_enter>:
_enter():
 8006200:	00052503          	lw	a0,0(a0)
 8006204:	80002137          	lui	sp,0x80002
 8006208:	23c000ef          	jal	ra,8006444 <main>
 800620c:	004000ef          	jal	ra,8006210 <exit>

08006210 <exit>:
exit():
 8006210:	fe010113          	addi	sp,sp,-32 # 80001fe0 <__heap_end+0x77ff9fe0>
 8006214:	00112e23          	sw	ra,28(sp)
 8006218:	00812c23          	sw	s0,24(sp)
 800621c:	02010413          	addi	s0,sp,32
 8006220:	fea42623          	sw	a0,-20(s0)
 8006224:	080077b7          	lui	a5,0x8007
 8006228:	1b87a783          	lw	a5,440(a5) # 80071b8 <grass>
 800622c:	0a47a783          	lw	a5,164(a5)
 8006230:	fec42503          	lw	a0,-20(s0)
 8006234:	000780e7          	jalr	a5
 8006238:	0000006f          	j	8006238 <exit+0x28>

0800623c <file_read>:
file_read():
 800623c:	dd010113          	addi	sp,sp,-560
 8006240:	22112623          	sw	ra,556(sp)
 8006244:	22812423          	sw	s0,552(sp)
 8006248:	23010413          	addi	s0,sp,560
 800624c:	dca42e23          	sw	a0,-548(s0)
 8006250:	dcb42c23          	sw	a1,-552(s0)
 8006254:	dcc42a23          	sw	a2,-556(s0)
 8006258:	00100793          	li	a5,1
 800625c:	def42023          	sw	a5,-544(s0)
 8006260:	ddc42783          	lw	a5,-548(s0)
 8006264:	def42223          	sw	a5,-540(s0)
 8006268:	dd842783          	lw	a5,-552(s0)
 800626c:	def42423          	sw	a5,-536(s0)
 8006270:	080077b7          	lui	a5,0x8007
 8006274:	1b87a783          	lw	a5,440(a5) # 80071b8 <grass>
 8006278:	0a87a703          	lw	a4,168(a5)
 800627c:	de040793          	addi	a5,s0,-544
 8006280:	20c00613          	li	a2,524
 8006284:	00078593          	mv	a1,a5
 8006288:	00200513          	li	a0,2
 800628c:	000700e7          	jalr	a4
 8006290:	080077b7          	lui	a5,0x8007
 8006294:	1b87a783          	lw	a5,440(a5) # 80071b8 <grass>
 8006298:	0ac7a703          	lw	a4,172(a5)
 800629c:	40000613          	li	a2,1024
 80062a0:	080077b7          	lui	a5,0x8007
 80062a4:	1cc78593          	addi	a1,a5,460 # 80071cc <buf>
 80062a8:	080077b7          	lui	a5,0x8007
 80062ac:	1c878513          	addi	a0,a5,456 # 80071c8 <sender>
 80062b0:	000700e7          	jalr	a4
 80062b4:	080077b7          	lui	a5,0x8007
 80062b8:	1c87a703          	lw	a4,456(a5) # 80071c8 <sender>
 80062bc:	00200793          	li	a5,2
 80062c0:	00f70e63          	beq	a4,a5,80062dc <file_read+0xa0>
 80062c4:	080077b7          	lui	a5,0x8007
 80062c8:	1bc7a783          	lw	a5,444(a5) # 80071bc <earth>
 80062cc:	03c7a703          	lw	a4,60(a5)
 80062d0:	080077b7          	lui	a5,0x8007
 80062d4:	be878513          	addi	a0,a5,-1048 # 8006be8 <__modsi3+0x50>
 80062d8:	000700e7          	jalr	a4
 80062dc:	080077b7          	lui	a5,0x8007
 80062e0:	1cc78793          	addi	a5,a5,460 # 80071cc <buf>
 80062e4:	fef42623          	sw	a5,-20(s0)
 80062e8:	fec42783          	lw	a5,-20(s0)
 80062ec:	00478793          	addi	a5,a5,4
 80062f0:	20000613          	li	a2,512
 80062f4:	00078593          	mv	a1,a5
 80062f8:	dd442503          	lw	a0,-556(s0)
 80062fc:	2d4000ef          	jal	ra,80065d0 <memcpy>
 8006300:	fec42783          	lw	a5,-20(s0)
 8006304:	0007a783          	lw	a5,0(a5)
 8006308:	00079663          	bnez	a5,8006314 <file_read+0xd8>
 800630c:	00000793          	li	a5,0
 8006310:	0080006f          	j	8006318 <file_read+0xdc>
 8006314:	fff00793          	li	a5,-1
 8006318:	00078513          	mv	a0,a5
 800631c:	22c12083          	lw	ra,556(sp)
 8006320:	22812403          	lw	s0,552(sp)
 8006324:	23010113          	addi	sp,sp,560
 8006328:	00008067          	ret

0800632c <dir_do_lookup>:
dir_do_lookup():
 800632c:	dd010113          	addi	sp,sp,-560
 8006330:	22112623          	sw	ra,556(sp)
 8006334:	22812423          	sw	s0,552(sp)
 8006338:	23010413          	addi	s0,sp,560
 800633c:	dca42e23          	sw	a0,-548(s0)
 8006340:	dcb42c23          	sw	a1,-552(s0)
 8006344:	de840793          	addi	a5,s0,-536
 8006348:	00078613          	mv	a2,a5
 800634c:	00000593          	li	a1,0
 8006350:	ddc42503          	lw	a0,-548(s0)
 8006354:	ee9ff0ef          	jal	ra,800623c <file_read>
 8006358:	fe042623          	sw	zero,-20(s0)
 800635c:	dd842503          	lw	a0,-552(s0)
 8006360:	38c000ef          	jal	ra,80066ec <strlen>
 8006364:	00050793          	mv	a5,a0
 8006368:	fef42423          	sw	a5,-24(s0)
 800636c:	0a00006f          	j	800640c <dir_do_lookup+0xe0>
 8006370:	fec42783          	lw	a5,-20(s0)
 8006374:	de840713          	addi	a4,s0,-536
 8006378:	00f707b3          	add	a5,a4,a5
 800637c:	fe842703          	lw	a4,-24(s0)
 8006380:	00070613          	mv	a2,a4
 8006384:	00078593          	mv	a1,a5
 8006388:	dd842503          	lw	a0,-552(s0)
 800638c:	3ec000ef          	jal	ra,8006778 <strncmp>
 8006390:	00050793          	mv	a5,a0
 8006394:	06079663          	bnez	a5,8006400 <dir_do_lookup+0xd4>
 8006398:	fec42703          	lw	a4,-20(s0)
 800639c:	fe842783          	lw	a5,-24(s0)
 80063a0:	00f707b3          	add	a5,a4,a5
 80063a4:	ff040713          	addi	a4,s0,-16
 80063a8:	00f707b3          	add	a5,a4,a5
 80063ac:	df87c703          	lbu	a4,-520(a5)
 80063b0:	02000793          	li	a5,32
 80063b4:	04f71663          	bne	a4,a5,8006400 <dir_do_lookup+0xd4>
 80063b8:	fec42783          	lw	a5,-20(s0)
 80063bc:	02078063          	beqz	a5,80063dc <dir_do_lookup+0xb0>
 80063c0:	fec42783          	lw	a5,-20(s0)
 80063c4:	fff78793          	addi	a5,a5,-1
 80063c8:	ff040713          	addi	a4,s0,-16
 80063cc:	00f707b3          	add	a5,a4,a5
 80063d0:	df87c703          	lbu	a4,-520(a5)
 80063d4:	02000793          	li	a5,32
 80063d8:	02f71463          	bne	a4,a5,8006400 <dir_do_lookup+0xd4>
 80063dc:	fec42703          	lw	a4,-20(s0)
 80063e0:	fe842783          	lw	a5,-24(s0)
 80063e4:	00f707b3          	add	a5,a4,a5
 80063e8:	de840713          	addi	a4,s0,-536
 80063ec:	00f707b3          	add	a5,a4,a5
 80063f0:	00078513          	mv	a0,a5
 80063f4:	1c4000ef          	jal	ra,80065b8 <atoi>
 80063f8:	00050793          	mv	a5,a0
 80063fc:	0340006f          	j	8006430 <dir_do_lookup+0x104>
 8006400:	fec42783          	lw	a5,-20(s0)
 8006404:	00178793          	addi	a5,a5,1
 8006408:	fef42623          	sw	a5,-20(s0)
 800640c:	de840793          	addi	a5,s0,-536
 8006410:	00078513          	mv	a0,a5
 8006414:	2d8000ef          	jal	ra,80066ec <strlen>
 8006418:	00050713          	mv	a4,a0
 800641c:	fe842783          	lw	a5,-24(s0)
 8006420:	40f70733          	sub	a4,a4,a5
 8006424:	fec42783          	lw	a5,-20(s0)
 8006428:	f4e7e4e3          	bltu	a5,a4,8006370 <dir_do_lookup+0x44>
 800642c:	fff00793          	li	a5,-1
 8006430:	00078513          	mv	a0,a5
 8006434:	22c12083          	lw	ra,556(sp)
 8006438:	22812403          	lw	s0,552(sp)
 800643c:	23010113          	addi	sp,sp,560
 8006440:	00008067          	ret

08006444 <main>:
main():
 8006444:	be010113          	addi	sp,sp,-1056
 8006448:	40112e23          	sw	ra,1052(sp)
 800644c:	40812c23          	sw	s0,1048(sp)
 8006450:	42010413          	addi	s0,sp,1056
 8006454:	080077b7          	lui	a5,0x8007
 8006458:	1bc7a783          	lw	a5,444(a5) # 80071bc <earth>
 800645c:	0407a703          	lw	a4,64(a5)
 8006460:	080077b7          	lui	a5,0x8007
 8006464:	c2878513          	addi	a0,a5,-984 # 8006c28 <__modsi3+0x90>
 8006468:	000700e7          	jalr	a4
 800646c:	be840793          	addi	a5,s0,-1048
 8006470:	08007737          	lui	a4,0x8007
 8006474:	c4870713          	addi	a4,a4,-952 # 8006c48 <__modsi3+0xb0>
 8006478:	00072303          	lw	t1,0(a4)
 800647c:	00472883          	lw	a7,4(a4)
 8006480:	00872803          	lw	a6,8(a4)
 8006484:	00c72503          	lw	a0,12(a4)
 8006488:	01072583          	lw	a1,16(a4)
 800648c:	01472603          	lw	a2,20(a4)
 8006490:	01872683          	lw	a3,24(a4)
 8006494:	0067a023          	sw	t1,0(a5)
 8006498:	0117a223          	sw	a7,4(a5)
 800649c:	0107a423          	sw	a6,8(a5)
 80064a0:	00a7a623          	sw	a0,12(a5)
 80064a4:	00b7a823          	sw	a1,16(a5)
 80064a8:	00c7aa23          	sw	a2,20(a5)
 80064ac:	00d7ac23          	sw	a3,24(a5)
 80064b0:	01c75683          	lhu	a3,28(a4)
 80064b4:	00d79e23          	sh	a3,28(a5)
 80064b8:	01e74703          	lbu	a4,30(a4)
 80064bc:	00e78f23          	sb	a4,30(a5)
 80064c0:	080077b7          	lui	a5,0x8007
 80064c4:	1b87a783          	lw	a5,440(a5) # 80071b8 <grass>
 80064c8:	0a87a703          	lw	a4,168(a5)
 80064cc:	be840793          	addi	a5,s0,-1048
 80064d0:	01f00613          	li	a2,31
 80064d4:	00078593          	mv	a1,a5
 80064d8:	00100513          	li	a0,1
 80064dc:	000700e7          	jalr	a4
 80064e0:	be840793          	addi	a5,s0,-1048
 80064e4:	fef42623          	sw	a5,-20(s0)
 80064e8:	be840793          	addi	a5,s0,-1048
 80064ec:	fef42423          	sw	a5,-24(s0)
 80064f0:	080077b7          	lui	a5,0x8007
 80064f4:	1b87a783          	lw	a5,440(a5) # 80071b8 <grass>
 80064f8:	0ac7a683          	lw	a3,172(a5)
 80064fc:	be840713          	addi	a4,s0,-1048
 8006500:	be440793          	addi	a5,s0,-1052
 8006504:	40000613          	li	a2,1024
 8006508:	00070593          	mv	a1,a4
 800650c:	00078513          	mv	a0,a5
 8006510:	000680e7          	jalr	a3
 8006514:	fec42783          	lw	a5,-20(s0)
 8006518:	0007a703          	lw	a4,0(a5)
 800651c:	00100793          	li	a5,1
 8006520:	06f71863          	bne	a4,a5,8006590 <main+0x14c>
 8006524:	fec42783          	lw	a5,-20(s0)
 8006528:	0047a703          	lw	a4,4(a5)
 800652c:	fec42783          	lw	a5,-20(s0)
 8006530:	00878793          	addi	a5,a5,8
 8006534:	00078593          	mv	a1,a5
 8006538:	00070513          	mv	a0,a4
 800653c:	df1ff0ef          	jal	ra,800632c <dir_do_lookup>
 8006540:	00050713          	mv	a4,a0
 8006544:	fe842783          	lw	a5,-24(s0)
 8006548:	00e7a223          	sw	a4,4(a5)
 800654c:	fe842783          	lw	a5,-24(s0)
 8006550:	0047a783          	lw	a5,4(a5)
 8006554:	00178793          	addi	a5,a5,1
 8006558:	0017b793          	seqz	a5,a5
 800655c:	0ff7f793          	andi	a5,a5,255
 8006560:	00078713          	mv	a4,a5
 8006564:	fe842783          	lw	a5,-24(s0)
 8006568:	00e7a023          	sw	a4,0(a5)
 800656c:	080077b7          	lui	a5,0x8007
 8006570:	1b87a783          	lw	a5,440(a5) # 80071b8 <grass>
 8006574:	0a87a703          	lw	a4,168(a5)
 8006578:	be442783          	lw	a5,-1052(s0)
 800657c:	00800613          	li	a2,8
 8006580:	fe842583          	lw	a1,-24(s0)
 8006584:	00078513          	mv	a0,a5
 8006588:	000700e7          	jalr	a4
 800658c:	0280006f          	j	80065b4 <main+0x170>
 8006590:	080077b7          	lui	a5,0x8007
 8006594:	1bc7a783          	lw	a5,444(a5) # 80071bc <earth>
 8006598:	03c7a703          	lw	a4,60(a5)
 800659c:	fec42783          	lw	a5,-20(s0)
 80065a0:	0007a783          	lw	a5,0(a5)
 80065a4:	00078593          	mv	a1,a5
 80065a8:	080077b7          	lui	a5,0x8007
 80065ac:	c6878513          	addi	a0,a5,-920 # 8006c68 <__modsi3+0xd0>
 80065b0:	000700e7          	jalr	a4
 80065b4:	f2dff06f          	j	80064e0 <main+0x9c>

080065b8 <atoi>:
atoi():
 80065b8:	00a00613          	li	a2,10
 80065bc:	00000593          	li	a1,0
 80065c0:	5140006f          	j	8006ad4 <strtol>

080065c4 <_atoi_r>:
_atoi_r():
 80065c4:	00a00693          	li	a3,10
 80065c8:	00000613          	li	a2,0
 80065cc:	4e80006f          	j	8006ab4 <_strtol_r>

080065d0 <memcpy>:
memcpy():
 80065d0:	00a5c7b3          	xor	a5,a1,a0
 80065d4:	0037f793          	andi	a5,a5,3
 80065d8:	00c508b3          	add	a7,a0,a2
 80065dc:	06079263          	bnez	a5,8006640 <memcpy+0x70>
 80065e0:	00300793          	li	a5,3
 80065e4:	04c7fe63          	bgeu	a5,a2,8006640 <memcpy+0x70>
 80065e8:	00357793          	andi	a5,a0,3
 80065ec:	00050713          	mv	a4,a0
 80065f0:	06079863          	bnez	a5,8006660 <memcpy+0x90>
 80065f4:	ffc8f613          	andi	a2,a7,-4
 80065f8:	fe060793          	addi	a5,a2,-32
 80065fc:	08f76c63          	bltu	a4,a5,8006694 <memcpy+0xc4>
 8006600:	02c77c63          	bgeu	a4,a2,8006638 <memcpy+0x68>
 8006604:	00058693          	mv	a3,a1
 8006608:	00070793          	mv	a5,a4
 800660c:	0006a803          	lw	a6,0(a3)
 8006610:	00478793          	addi	a5,a5,4
 8006614:	00468693          	addi	a3,a3,4
 8006618:	ff07ae23          	sw	a6,-4(a5)
 800661c:	fec7e8e3          	bltu	a5,a2,800660c <memcpy+0x3c>
 8006620:	fff60793          	addi	a5,a2,-1
 8006624:	40e787b3          	sub	a5,a5,a4
 8006628:	ffc7f793          	andi	a5,a5,-4
 800662c:	00478793          	addi	a5,a5,4
 8006630:	00f70733          	add	a4,a4,a5
 8006634:	00f585b3          	add	a1,a1,a5
 8006638:	01176863          	bltu	a4,a7,8006648 <memcpy+0x78>
 800663c:	00008067          	ret
 8006640:	00050713          	mv	a4,a0
 8006644:	ff157ce3          	bgeu	a0,a7,800663c <memcpy+0x6c>
 8006648:	0005c783          	lbu	a5,0(a1)
 800664c:	00170713          	addi	a4,a4,1
 8006650:	00158593          	addi	a1,a1,1
 8006654:	fef70fa3          	sb	a5,-1(a4)
 8006658:	ff1768e3          	bltu	a4,a7,8006648 <memcpy+0x78>
 800665c:	00008067          	ret
 8006660:	0005c683          	lbu	a3,0(a1)
 8006664:	00170713          	addi	a4,a4,1
 8006668:	00377793          	andi	a5,a4,3
 800666c:	fed70fa3          	sb	a3,-1(a4)
 8006670:	00158593          	addi	a1,a1,1
 8006674:	f80780e3          	beqz	a5,80065f4 <memcpy+0x24>
 8006678:	0005c683          	lbu	a3,0(a1)
 800667c:	00170713          	addi	a4,a4,1
 8006680:	00377793          	andi	a5,a4,3
 8006684:	fed70fa3          	sb	a3,-1(a4)
 8006688:	00158593          	addi	a1,a1,1
 800668c:	fc079ae3          	bnez	a5,8006660 <memcpy+0x90>
 8006690:	f65ff06f          	j	80065f4 <memcpy+0x24>
 8006694:	0005a683          	lw	a3,0(a1)
 8006698:	0045a283          	lw	t0,4(a1)
 800669c:	0085af83          	lw	t6,8(a1)
 80066a0:	00c5af03          	lw	t5,12(a1)
 80066a4:	0105ae83          	lw	t4,16(a1)
 80066a8:	0145ae03          	lw	t3,20(a1)
 80066ac:	0185a303          	lw	t1,24(a1)
 80066b0:	01c5a803          	lw	a6,28(a1)
 80066b4:	02458593          	addi	a1,a1,36
 80066b8:	00d72023          	sw	a3,0(a4)
 80066bc:	ffc5a683          	lw	a3,-4(a1)
 80066c0:	00572223          	sw	t0,4(a4)
 80066c4:	01f72423          	sw	t6,8(a4)
 80066c8:	01e72623          	sw	t5,12(a4)
 80066cc:	01d72823          	sw	t4,16(a4)
 80066d0:	01c72a23          	sw	t3,20(a4)
 80066d4:	00672c23          	sw	t1,24(a4)
 80066d8:	01072e23          	sw	a6,28(a4)
 80066dc:	02470713          	addi	a4,a4,36
 80066e0:	fed72e23          	sw	a3,-4(a4)
 80066e4:	faf768e3          	bltu	a4,a5,8006694 <memcpy+0xc4>
 80066e8:	f19ff06f          	j	8006600 <memcpy+0x30>

080066ec <strlen>:
strlen():
 80066ec:	00357793          	andi	a5,a0,3
 80066f0:	00050713          	mv	a4,a0
 80066f4:	04079c63          	bnez	a5,800674c <strlen+0x60>
 80066f8:	7f7f86b7          	lui	a3,0x7f7f8
 80066fc:	f7f68693          	addi	a3,a3,-129 # 7f7f7f7f <__heap_end+0x777eff7f>
 8006700:	fff00593          	li	a1,-1
 8006704:	00470713          	addi	a4,a4,4
 8006708:	ffc72603          	lw	a2,-4(a4)
 800670c:	00d677b3          	and	a5,a2,a3
 8006710:	00d787b3          	add	a5,a5,a3
 8006714:	00c7e7b3          	or	a5,a5,a2
 8006718:	00d7e7b3          	or	a5,a5,a3
 800671c:	feb784e3          	beq	a5,a1,8006704 <strlen+0x18>
 8006720:	ffc74683          	lbu	a3,-4(a4)
 8006724:	40a707b3          	sub	a5,a4,a0
 8006728:	ffd74603          	lbu	a2,-3(a4)
 800672c:	ffe74503          	lbu	a0,-2(a4)
 8006730:	04068063          	beqz	a3,8006770 <strlen+0x84>
 8006734:	02060a63          	beqz	a2,8006768 <strlen+0x7c>
 8006738:	00a03533          	snez	a0,a0
 800673c:	00f50533          	add	a0,a0,a5
 8006740:	ffe50513          	addi	a0,a0,-2
 8006744:	00008067          	ret
 8006748:	fa0688e3          	beqz	a3,80066f8 <strlen+0xc>
 800674c:	00074783          	lbu	a5,0(a4)
 8006750:	00170713          	addi	a4,a4,1
 8006754:	00377693          	andi	a3,a4,3
 8006758:	fe0798e3          	bnez	a5,8006748 <strlen+0x5c>
 800675c:	40a70733          	sub	a4,a4,a0
 8006760:	fff70513          	addi	a0,a4,-1
 8006764:	00008067          	ret
 8006768:	ffd78513          	addi	a0,a5,-3
 800676c:	00008067          	ret
 8006770:	ffc78513          	addi	a0,a5,-4
 8006774:	00008067          	ret

08006778 <strncmp>:
strncmp():
 8006778:	0c060a63          	beqz	a2,800684c <strncmp+0xd4>
 800677c:	00b567b3          	or	a5,a0,a1
 8006780:	0037f793          	andi	a5,a5,3
 8006784:	08079063          	bnez	a5,8006804 <strncmp+0x8c>
 8006788:	00300793          	li	a5,3
 800678c:	06c7fc63          	bgeu	a5,a2,8006804 <strncmp+0x8c>
 8006790:	00052783          	lw	a5,0(a0)
 8006794:	0005a703          	lw	a4,0(a1)
 8006798:	0ae79e63          	bne	a5,a4,8006854 <strncmp+0xdc>
 800679c:	ffc60613          	addi	a2,a2,-4
 80067a0:	0a060663          	beqz	a2,800684c <strncmp+0xd4>
 80067a4:	feff0337          	lui	t1,0xfeff0
 80067a8:	eff30313          	addi	t1,t1,-257 # fefefeff <__heap_end+0xf6fe7eff>
 80067ac:	00678733          	add	a4,a5,t1
 80067b0:	808088b7          	lui	a7,0x80808
 80067b4:	fff7c793          	not	a5,a5
 80067b8:	00f777b3          	and	a5,a4,a5
 80067bc:	08088893          	addi	a7,a7,128 # 80808080 <__heap_end+0x78800080>
 80067c0:	0117f7b3          	and	a5,a5,a7
 80067c4:	08079463          	bnez	a5,800684c <strncmp+0xd4>
 80067c8:	00300e13          	li	t3,3
 80067cc:	02c0006f          	j	80067f8 <strncmp+0x80>
 80067d0:	00052703          	lw	a4,0(a0)
 80067d4:	0005a683          	lw	a3,0(a1)
 80067d8:	006707b3          	add	a5,a4,t1
 80067dc:	fff74813          	not	a6,a4
 80067e0:	0107f7b3          	and	a5,a5,a6
 80067e4:	0117f7b3          	and	a5,a5,a7
 80067e8:	06d71663          	bne	a4,a3,8006854 <strncmp+0xdc>
 80067ec:	ffc60613          	addi	a2,a2,-4
 80067f0:	04060e63          	beqz	a2,800684c <strncmp+0xd4>
 80067f4:	04079c63          	bnez	a5,800684c <strncmp+0xd4>
 80067f8:	00450513          	addi	a0,a0,4
 80067fc:	00458593          	addi	a1,a1,4
 8006800:	fcce68e3          	bltu	t3,a2,80067d0 <strncmp+0x58>
 8006804:	00054703          	lbu	a4,0(a0)
 8006808:	0005c683          	lbu	a3,0(a1)
 800680c:	fff60613          	addi	a2,a2,-1
 8006810:	02e69a63          	bne	a3,a4,8006844 <strncmp+0xcc>
 8006814:	02060c63          	beqz	a2,800684c <strncmp+0xd4>
 8006818:	02070a63          	beqz	a4,800684c <strncmp+0xd4>
 800681c:	00150793          	addi	a5,a0,1
 8006820:	00c50633          	add	a2,a0,a2
 8006824:	0100006f          	j	8006834 <strncmp+0xbc>
 8006828:	02f60263          	beq	a2,a5,800684c <strncmp+0xd4>
 800682c:	00178793          	addi	a5,a5,1
 8006830:	00070e63          	beqz	a4,800684c <strncmp+0xd4>
 8006834:	00158593          	addi	a1,a1,1
 8006838:	0007c703          	lbu	a4,0(a5)
 800683c:	0005c683          	lbu	a3,0(a1)
 8006840:	fed704e3          	beq	a4,a3,8006828 <strncmp+0xb0>
 8006844:	40d70533          	sub	a0,a4,a3
 8006848:	00008067          	ret
 800684c:	00000513          	li	a0,0
 8006850:	00008067          	ret
 8006854:	00054703          	lbu	a4,0(a0)
 8006858:	0005c683          	lbu	a3,0(a1)
 800685c:	fff60613          	addi	a2,a2,-1
 8006860:	fae68ce3          	beq	a3,a4,8006818 <strncmp+0xa0>
 8006864:	fe1ff06f          	j	8006844 <strncmp+0xcc>

08006868 <_strtol_l.isra.0>:
_strtol_l.isra.0():
 8006868:	fb010113          	addi	sp,sp,-80
 800686c:	03412c23          	sw	s4,56(sp)
 8006870:	03512a23          	sw	s5,52(sp)
 8006874:	03912223          	sw	s9,36(sp)
 8006878:	04112623          	sw	ra,76(sp)
 800687c:	00068c93          	mv	s9,a3
 8006880:	04812423          	sw	s0,72(sp)
 8006884:	04912223          	sw	s1,68(sp)
 8006888:	05212023          	sw	s2,64(sp)
 800688c:	03312e23          	sw	s3,60(sp)
 8006890:	03612823          	sw	s6,48(sp)
 8006894:	03712623          	sw	s7,44(sp)
 8006898:	03812423          	sw	s8,40(sp)
 800689c:	03a12023          	sw	s10,32(sp)
 80068a0:	01b12e23          	sw	s11,28(sp)
 80068a4:	00058a13          	mv	s4,a1
 80068a8:	00a12623          	sw	a0,12(sp)
 80068ac:	00060a93          	mv	s5,a2
 80068b0:	00058793          	mv	a5,a1
 80068b4:	00000697          	auipc	a3,0x0
 80068b8:	3d968693          	addi	a3,a3,985 # 8006c8d <_ctype_+0x1>
 80068bc:	0080006f          	j	80068c4 <_strtol_l.isra.0+0x5c>
 80068c0:	00048793          	mv	a5,s1
 80068c4:	00178493          	addi	s1,a5,1
 80068c8:	fff4c403          	lbu	s0,-1(s1)
 80068cc:	00868733          	add	a4,a3,s0
 80068d0:	00074703          	lbu	a4,0(a4)
 80068d4:	00877713          	andi	a4,a4,8
 80068d8:	fe0714e3          	bnez	a4,80068c0 <_strtol_l.isra.0+0x58>
 80068dc:	02d00713          	li	a4,45
 80068e0:	16e40863          	beq	s0,a4,8006a50 <_strtol_l.isra.0+0x1e8>
 80068e4:	02b00713          	li	a4,43
 80068e8:	00000b93          	li	s7,0
 80068ec:	10e40e63          	beq	s0,a4,8006a08 <_strtol_l.isra.0+0x1a0>
 80068f0:	120c8463          	beqz	s9,8006a18 <_strtol_l.isra.0+0x1b0>
 80068f4:	01000793          	li	a5,16
 80068f8:	000c8913          	mv	s2,s9
 80068fc:	16fc8263          	beq	s9,a5,8006a60 <_strtol_l.isra.0+0x1f8>
 8006900:	800009b7          	lui	s3,0x80000
 8006904:	000b9463          	bnez	s7,800690c <_strtol_l.isra.0+0xa4>
 8006908:	fff9c993          	not	s3,s3
 800690c:	00090593          	mv	a1,s2
 8006910:	00098513          	mv	a0,s3
 8006914:	250000ef          	jal	ra,8006b64 <__umodsi3>
 8006918:	00a12423          	sw	a0,8(sp)
 800691c:	00090593          	mv	a1,s2
 8006920:	00098513          	mv	a0,s3
 8006924:	1f8000ef          	jal	ra,8006b1c <__udivsi3>
 8006928:	00900d13          	li	s10,9
 800692c:	fd040793          	addi	a5,s0,-48
 8006930:	00050c13          	mv	s8,a0
 8006934:	00000713          	li	a4,0
 8006938:	00000593          	li	a1,0
 800693c:	01900b13          	li	s6,25
 8006940:	fff00d93          	li	s11,-1
 8006944:	02fd6e63          	bltu	s10,a5,8006980 <_strtol_l.isra.0+0x118>
 8006948:	00078413          	mv	s0,a5
 800694c:	05945263          	bge	s0,s9,8006990 <_strtol_l.isra.0+0x128>
 8006950:	03b70063          	beq	a4,s11,8006970 <_strtol_l.isra.0+0x108>
 8006954:	fff00713          	li	a4,-1
 8006958:	00bc6c63          	bltu	s8,a1,8006970 <_strtol_l.isra.0+0x108>
 800695c:	0abc0063          	beq	s8,a1,80069fc <_strtol_l.isra.0+0x194>
 8006960:	00090513          	mv	a0,s2
 8006964:	18c000ef          	jal	ra,8006af0 <__mulsi3>
 8006968:	00a405b3          	add	a1,s0,a0
 800696c:	00100713          	li	a4,1
 8006970:	00148493          	addi	s1,s1,1
 8006974:	fff4c403          	lbu	s0,-1(s1)
 8006978:	fd040793          	addi	a5,s0,-48
 800697c:	fcfd76e3          	bgeu	s10,a5,8006948 <_strtol_l.isra.0+0xe0>
 8006980:	fbf40793          	addi	a5,s0,-65
 8006984:	06fb6463          	bltu	s6,a5,80069ec <_strtol_l.isra.0+0x184>
 8006988:	fc940413          	addi	s0,s0,-55
 800698c:	fd9442e3          	blt	s0,s9,8006950 <_strtol_l.isra.0+0xe8>
 8006990:	fff00793          	li	a5,-1
 8006994:	08f70c63          	beq	a4,a5,8006a2c <_strtol_l.isra.0+0x1c4>
 8006998:	000b8463          	beqz	s7,80069a0 <_strtol_l.isra.0+0x138>
 800699c:	40b005b3          	neg	a1,a1
 80069a0:	000a8663          	beqz	s5,80069ac <_strtol_l.isra.0+0x144>
 80069a4:	0c071e63          	bnez	a4,8006a80 <_strtol_l.isra.0+0x218>
 80069a8:	014aa023          	sw	s4,0(s5)
 80069ac:	04c12083          	lw	ra,76(sp)
 80069b0:	04812403          	lw	s0,72(sp)
 80069b4:	04412483          	lw	s1,68(sp)
 80069b8:	04012903          	lw	s2,64(sp)
 80069bc:	03c12983          	lw	s3,60(sp)
 80069c0:	03812a03          	lw	s4,56(sp)
 80069c4:	03412a83          	lw	s5,52(sp)
 80069c8:	03012b03          	lw	s6,48(sp)
 80069cc:	02c12b83          	lw	s7,44(sp)
 80069d0:	02812c03          	lw	s8,40(sp)
 80069d4:	02412c83          	lw	s9,36(sp)
 80069d8:	02012d03          	lw	s10,32(sp)
 80069dc:	01c12d83          	lw	s11,28(sp)
 80069e0:	00058513          	mv	a0,a1
 80069e4:	05010113          	addi	sp,sp,80
 80069e8:	00008067          	ret
 80069ec:	f9f40793          	addi	a5,s0,-97
 80069f0:	fafb60e3          	bltu	s6,a5,8006990 <_strtol_l.isra.0+0x128>
 80069f4:	fa940413          	addi	s0,s0,-87
 80069f8:	f55ff06f          	j	800694c <_strtol_l.isra.0+0xe4>
 80069fc:	00812783          	lw	a5,8(sp)
 8006a00:	f687c8e3          	blt	a5,s0,8006970 <_strtol_l.isra.0+0x108>
 8006a04:	f5dff06f          	j	8006960 <_strtol_l.isra.0+0xf8>
 8006a08:	0004c403          	lbu	s0,0(s1)
 8006a0c:	00000b93          	li	s7,0
 8006a10:	00278493          	addi	s1,a5,2
 8006a14:	ee0c90e3          	bnez	s9,80068f4 <_strtol_l.isra.0+0x8c>
 8006a18:	03000793          	li	a5,48
 8006a1c:	06f40663          	beq	s0,a5,8006a88 <_strtol_l.isra.0+0x220>
 8006a20:	00a00913          	li	s2,10
 8006a24:	00a00c93          	li	s9,10
 8006a28:	ed9ff06f          	j	8006900 <_strtol_l.isra.0+0x98>
 8006a2c:	00c12703          	lw	a4,12(sp)
 8006a30:	02200793          	li	a5,34
 8006a34:	00098593          	mv	a1,s3
 8006a38:	00f72023          	sw	a5,0(a4)
 8006a3c:	f60a88e3          	beqz	s5,80069ac <_strtol_l.isra.0+0x144>
 8006a40:	fff48a13          	addi	s4,s1,-1
 8006a44:	00098593          	mv	a1,s3
 8006a48:	014aa023          	sw	s4,0(s5)
 8006a4c:	f61ff06f          	j	80069ac <_strtol_l.isra.0+0x144>
 8006a50:	0004c403          	lbu	s0,0(s1)
 8006a54:	00100b93          	li	s7,1
 8006a58:	00278493          	addi	s1,a5,2
 8006a5c:	e95ff06f          	j	80068f0 <_strtol_l.isra.0+0x88>
 8006a60:	03000793          	li	a5,48
 8006a64:	00f41a63          	bne	s0,a5,8006a78 <_strtol_l.isra.0+0x210>
 8006a68:	0004c783          	lbu	a5,0(s1)
 8006a6c:	05800713          	li	a4,88
 8006a70:	0df7f793          	andi	a5,a5,223
 8006a74:	02e78663          	beq	a5,a4,8006aa0 <_strtol_l.isra.0+0x238>
 8006a78:	01000913          	li	s2,16
 8006a7c:	e85ff06f          	j	8006900 <_strtol_l.isra.0+0x98>
 8006a80:	00058993          	mv	s3,a1
 8006a84:	fbdff06f          	j	8006a40 <_strtol_l.isra.0+0x1d8>
 8006a88:	0004c783          	lbu	a5,0(s1)
 8006a8c:	05800713          	li	a4,88
 8006a90:	00800913          	li	s2,8
 8006a94:	0df7f793          	andi	a5,a5,223
 8006a98:	00800c93          	li	s9,8
 8006a9c:	e6e792e3          	bne	a5,a4,8006900 <_strtol_l.isra.0+0x98>
 8006aa0:	0014c403          	lbu	s0,1(s1)
 8006aa4:	01000913          	li	s2,16
 8006aa8:	00248493          	addi	s1,s1,2
 8006aac:	01000c93          	li	s9,16
 8006ab0:	e51ff06f          	j	8006900 <_strtol_l.isra.0+0x98>

08006ab4 <_strtol_r>:
_strtol_r():
 8006ab4:	db5ff06f          	j	8006868 <_strtol_l.isra.0>

08006ab8 <strtol_l>:
strtol_l():
 8006ab8:	00000797          	auipc	a5,0x0
 8006abc:	70878793          	addi	a5,a5,1800 # 80071c0 <_impure_ptr>
 8006ac0:	00060693          	mv	a3,a2
 8006ac4:	00058613          	mv	a2,a1
 8006ac8:	00050593          	mv	a1,a0
 8006acc:	0007a503          	lw	a0,0(a5)
 8006ad0:	d99ff06f          	j	8006868 <_strtol_l.isra.0>

08006ad4 <strtol>:
strtol():
 8006ad4:	00000797          	auipc	a5,0x0
 8006ad8:	6ec78793          	addi	a5,a5,1772 # 80071c0 <_impure_ptr>
 8006adc:	00060693          	mv	a3,a2
 8006ae0:	00058613          	mv	a2,a1
 8006ae4:	00050593          	mv	a1,a0
 8006ae8:	0007a503          	lw	a0,0(a5)
 8006aec:	d7dff06f          	j	8006868 <_strtol_l.isra.0>

08006af0 <__mulsi3>:
__mulsi3():
/scratch/jenkins/workspace/tpp-freedom-tools/tpp03--build-binary-packages--parameterized/obj/x86_64-linux-ubuntu14/build/riscv-gnu-toolchain/build-gcc-newlib-stage2/riscv64-unknown-elf/rv32i/ilp32/libgcc/../../../../../riscv-gcc/libgcc/config/riscv/muldi3.S:37
 8006af0:	00050613          	mv	a2,a0
/scratch/jenkins/workspace/tpp-freedom-tools/tpp03--build-binary-packages--parameterized/obj/x86_64-linux-ubuntu14/build/riscv-gnu-toolchain/build-gcc-newlib-stage2/riscv64-unknown-elf/rv32i/ilp32/libgcc/../../../../../riscv-gcc/libgcc/config/riscv/muldi3.S:38
 8006af4:	00000513          	li	a0,0
/scratch/jenkins/workspace/tpp-freedom-tools/tpp03--build-binary-packages--parameterized/obj/x86_64-linux-ubuntu14/build/riscv-gnu-toolchain/build-gcc-newlib-stage2/riscv64-unknown-elf/rv32i/ilp32/libgcc/../../../../../riscv-gcc/libgcc/config/riscv/muldi3.S:40
 8006af8:	0015f693          	andi	a3,a1,1
/scratch/jenkins/workspace/tpp-freedom-tools/tpp03--build-binary-packages--parameterized/obj/x86_64-linux-ubuntu14/build/riscv-gnu-toolchain/build-gcc-newlib-stage2/riscv64-unknown-elf/rv32i/ilp32/libgcc/../../../../../riscv-gcc/libgcc/config/riscv/muldi3.S:41
 8006afc:	00068463          	beqz	a3,8006b04 <__mulsi3+0x14>
/scratch/jenkins/workspace/tpp-freedom-tools/tpp03--build-binary-packages--parameterized/obj/x86_64-linux-ubuntu14/build/riscv-gnu-toolchain/build-gcc-newlib-stage2/riscv64-unknown-elf/rv32i/ilp32/libgcc/../../../../../riscv-gcc/libgcc/config/riscv/muldi3.S:42
 8006b00:	00c50533          	add	a0,a0,a2
/scratch/jenkins/workspace/tpp-freedom-tools/tpp03--build-binary-packages--parameterized/obj/x86_64-linux-ubuntu14/build/riscv-gnu-toolchain/build-gcc-newlib-stage2/riscv64-unknown-elf/rv32i/ilp32/libgcc/../../../../../riscv-gcc/libgcc/config/riscv/muldi3.S:44
 8006b04:	0015d593          	srli	a1,a1,0x1
/scratch/jenkins/workspace/tpp-freedom-tools/tpp03--build-binary-packages--parameterized/obj/x86_64-linux-ubuntu14/build/riscv-gnu-toolchain/build-gcc-newlib-stage2/riscv64-unknown-elf/rv32i/ilp32/libgcc/../../../../../riscv-gcc/libgcc/config/riscv/muldi3.S:45
 8006b08:	00161613          	slli	a2,a2,0x1
/scratch/jenkins/workspace/tpp-freedom-tools/tpp03--build-binary-packages--parameterized/obj/x86_64-linux-ubuntu14/build/riscv-gnu-toolchain/build-gcc-newlib-stage2/riscv64-unknown-elf/rv32i/ilp32/libgcc/../../../../../riscv-gcc/libgcc/config/riscv/muldi3.S:46
 8006b0c:	fe0596e3          	bnez	a1,8006af8 <__mulsi3+0x8>
/scratch/jenkins/workspace/tpp-freedom-tools/tpp03--build-binary-packages--parameterized/obj/x86_64-linux-ubuntu14/build/riscv-gnu-toolchain/build-gcc-newlib-stage2/riscv64-unknown-elf/rv32i/ilp32/libgcc/../../../../../riscv-gcc/libgcc/config/riscv/muldi3.S:47
 8006b10:	00008067          	ret

08006b14 <__divsi3>:
__divsi3():
/scratch/jenkins/workspace/tpp-freedom-tools/tpp03--build-binary-packages--parameterized/obj/x86_64-linux-ubuntu14/build/riscv-gnu-toolchain/build-gcc-newlib-stage2/riscv64-unknown-elf/rv32i/ilp32/libgcc/../../../../../riscv-gcc/libgcc/config/riscv/div.S:69
 8006b14:	06054063          	bltz	a0,8006b74 <__umodsi3+0x10>
/scratch/jenkins/workspace/tpp-freedom-tools/tpp03--build-binary-packages--parameterized/obj/x86_64-linux-ubuntu14/build/riscv-gnu-toolchain/build-gcc-newlib-stage2/riscv64-unknown-elf/rv32i/ilp32/libgcc/../../../../../riscv-gcc/libgcc/config/riscv/div.S:70
 8006b18:	0605c663          	bltz	a1,8006b84 <__umodsi3+0x20>

08006b1c <__udivsi3>:
/scratch/jenkins/workspace/tpp-freedom-tools/tpp03--build-binary-packages--parameterized/obj/x86_64-linux-ubuntu14/build/riscv-gnu-toolchain/build-gcc-newlib-stage2/riscv64-unknown-elf/rv32i/ilp32/libgcc/../../../../../riscv-gcc/libgcc/config/riscv/div.S:74
 8006b1c:	00058613          	mv	a2,a1
/scratch/jenkins/workspace/tpp-freedom-tools/tpp03--build-binary-packages--parameterized/obj/x86_64-linux-ubuntu14/build/riscv-gnu-toolchain/build-gcc-newlib-stage2/riscv64-unknown-elf/rv32i/ilp32/libgcc/../../../../../riscv-gcc/libgcc/config/riscv/div.S:75
 8006b20:	00050593          	mv	a1,a0
/scratch/jenkins/workspace/tpp-freedom-tools/tpp03--build-binary-packages--parameterized/obj/x86_64-linux-ubuntu14/build/riscv-gnu-toolchain/build-gcc-newlib-stage2/riscv64-unknown-elf/rv32i/ilp32/libgcc/../../../../../riscv-gcc/libgcc/config/riscv/div.S:76
 8006b24:	fff00513          	li	a0,-1
/scratch/jenkins/workspace/tpp-freedom-tools/tpp03--build-binary-packages--parameterized/obj/x86_64-linux-ubuntu14/build/riscv-gnu-toolchain/build-gcc-newlib-stage2/riscv64-unknown-elf/rv32i/ilp32/libgcc/../../../../../riscv-gcc/libgcc/config/riscv/div.S:77
 8006b28:	02060c63          	beqz	a2,8006b60 <__udivsi3+0x44>
/scratch/jenkins/workspace/tpp-freedom-tools/tpp03--build-binary-packages--parameterized/obj/x86_64-linux-ubuntu14/build/riscv-gnu-toolchain/build-gcc-newlib-stage2/riscv64-unknown-elf/rv32i/ilp32/libgcc/../../../../../riscv-gcc/libgcc/config/riscv/div.S:78
 8006b2c:	00100693          	li	a3,1
/scratch/jenkins/workspace/tpp-freedom-tools/tpp03--build-binary-packages--parameterized/obj/x86_64-linux-ubuntu14/build/riscv-gnu-toolchain/build-gcc-newlib-stage2/riscv64-unknown-elf/rv32i/ilp32/libgcc/../../../../../riscv-gcc/libgcc/config/riscv/div.S:79
 8006b30:	00b67a63          	bgeu	a2,a1,8006b44 <__udivsi3+0x28>
/scratch/jenkins/workspace/tpp-freedom-tools/tpp03--build-binary-packages--parameterized/obj/x86_64-linux-ubuntu14/build/riscv-gnu-toolchain/build-gcc-newlib-stage2/riscv64-unknown-elf/rv32i/ilp32/libgcc/../../../../../riscv-gcc/libgcc/config/riscv/div.S:81
 8006b34:	00c05863          	blez	a2,8006b44 <__udivsi3+0x28>
/scratch/jenkins/workspace/tpp-freedom-tools/tpp03--build-binary-packages--parameterized/obj/x86_64-linux-ubuntu14/build/riscv-gnu-toolchain/build-gcc-newlib-stage2/riscv64-unknown-elf/rv32i/ilp32/libgcc/../../../../../riscv-gcc/libgcc/config/riscv/div.S:82
 8006b38:	00161613          	slli	a2,a2,0x1
/scratch/jenkins/workspace/tpp-freedom-tools/tpp03--build-binary-packages--parameterized/obj/x86_64-linux-ubuntu14/build/riscv-gnu-toolchain/build-gcc-newlib-stage2/riscv64-unknown-elf/rv32i/ilp32/libgcc/../../../../../riscv-gcc/libgcc/config/riscv/div.S:83
 8006b3c:	00169693          	slli	a3,a3,0x1
/scratch/jenkins/workspace/tpp-freedom-tools/tpp03--build-binary-packages--parameterized/obj/x86_64-linux-ubuntu14/build/riscv-gnu-toolchain/build-gcc-newlib-stage2/riscv64-unknown-elf/rv32i/ilp32/libgcc/../../../../../riscv-gcc/libgcc/config/riscv/div.S:84
 8006b40:	feb66ae3          	bltu	a2,a1,8006b34 <__udivsi3+0x18>
/scratch/jenkins/workspace/tpp-freedom-tools/tpp03--build-binary-packages--parameterized/obj/x86_64-linux-ubuntu14/build/riscv-gnu-toolchain/build-gcc-newlib-stage2/riscv64-unknown-elf/rv32i/ilp32/libgcc/../../../../../riscv-gcc/libgcc/config/riscv/div.S:86
 8006b44:	00000513          	li	a0,0
/scratch/jenkins/workspace/tpp-freedom-tools/tpp03--build-binary-packages--parameterized/obj/x86_64-linux-ubuntu14/build/riscv-gnu-toolchain/build-gcc-newlib-stage2/riscv64-unknown-elf/rv32i/ilp32/libgcc/../../../../../riscv-gcc/libgcc/config/riscv/div.S:88
 8006b48:	00c5e663          	bltu	a1,a2,8006b54 <__udivsi3+0x38>
/scratch/jenkins/workspace/tpp-freedom-tools/tpp03--build-binary-packages--parameterized/obj/x86_64-linux-ubuntu14/build/riscv-gnu-toolchain/build-gcc-newlib-stage2/riscv64-unknown-elf/rv32i/ilp32/libgcc/../../../../../riscv-gcc/libgcc/config/riscv/div.S:89
 8006b4c:	40c585b3          	sub	a1,a1,a2
/scratch/jenkins/workspace/tpp-freedom-tools/tpp03--build-binary-packages--parameterized/obj/x86_64-linux-ubuntu14/build/riscv-gnu-toolchain/build-gcc-newlib-stage2/riscv64-unknown-elf/rv32i/ilp32/libgcc/../../../../../riscv-gcc/libgcc/config/riscv/div.S:90
 8006b50:	00d56533          	or	a0,a0,a3
/scratch/jenkins/workspace/tpp-freedom-tools/tpp03--build-binary-packages--parameterized/obj/x86_64-linux-ubuntu14/build/riscv-gnu-toolchain/build-gcc-newlib-stage2/riscv64-unknown-elf/rv32i/ilp32/libgcc/../../../../../riscv-gcc/libgcc/config/riscv/div.S:92
 8006b54:	0016d693          	srli	a3,a3,0x1
/scratch/jenkins/workspace/tpp-freedom-tools/tpp03--build-binary-packages--parameterized/obj/x86_64-linux-ubuntu14/build/riscv-gnu-toolchain/build-gcc-newlib-stage2/riscv64-unknown-elf/rv32i/ilp32/libgcc/../../../../../riscv-gcc/libgcc/config/riscv/div.S:93
 8006b58:	00165613          	srli	a2,a2,0x1
/scratch/jenkins/workspace/tpp-freedom-tools/tpp03--build-binary-packages--parameterized/obj/x86_64-linux-ubuntu14/build/riscv-gnu-toolchain/build-gcc-newlib-stage2/riscv64-unknown-elf/rv32i/ilp32/libgcc/../../../../../riscv-gcc/libgcc/config/riscv/div.S:94
 8006b5c:	fe0696e3          	bnez	a3,8006b48 <__udivsi3+0x2c>
/scratch/jenkins/workspace/tpp-freedom-tools/tpp03--build-binary-packages--parameterized/obj/x86_64-linux-ubuntu14/build/riscv-gnu-toolchain/build-gcc-newlib-stage2/riscv64-unknown-elf/rv32i/ilp32/libgcc/../../../../../riscv-gcc/libgcc/config/riscv/div.S:96
 8006b60:	00008067          	ret

08006b64 <__umodsi3>:
/scratch/jenkins/workspace/tpp-freedom-tools/tpp03--build-binary-packages--parameterized/obj/x86_64-linux-ubuntu14/build/riscv-gnu-toolchain/build-gcc-newlib-stage2/riscv64-unknown-elf/rv32i/ilp32/libgcc/../../../../../riscv-gcc/libgcc/config/riscv/div.S:101
 8006b64:	00008293          	mv	t0,ra
/scratch/jenkins/workspace/tpp-freedom-tools/tpp03--build-binary-packages--parameterized/obj/x86_64-linux-ubuntu14/build/riscv-gnu-toolchain/build-gcc-newlib-stage2/riscv64-unknown-elf/rv32i/ilp32/libgcc/../../../../../riscv-gcc/libgcc/config/riscv/div.S:102
 8006b68:	fb5ff0ef          	jal	ra,8006b1c <__udivsi3>
/scratch/jenkins/workspace/tpp-freedom-tools/tpp03--build-binary-packages--parameterized/obj/x86_64-linux-ubuntu14/build/riscv-gnu-toolchain/build-gcc-newlib-stage2/riscv64-unknown-elf/rv32i/ilp32/libgcc/../../../../../riscv-gcc/libgcc/config/riscv/div.S:103
 8006b6c:	00058513          	mv	a0,a1
/scratch/jenkins/workspace/tpp-freedom-tools/tpp03--build-binary-packages--parameterized/obj/x86_64-linux-ubuntu14/build/riscv-gnu-toolchain/build-gcc-newlib-stage2/riscv64-unknown-elf/rv32i/ilp32/libgcc/../../../../../riscv-gcc/libgcc/config/riscv/div.S:104
 8006b70:	00028067          	jr	t0
/scratch/jenkins/workspace/tpp-freedom-tools/tpp03--build-binary-packages--parameterized/obj/x86_64-linux-ubuntu14/build/riscv-gnu-toolchain/build-gcc-newlib-stage2/riscv64-unknown-elf/rv32i/ilp32/libgcc/../../../../../riscv-gcc/libgcc/config/riscv/div.S:109
 8006b74:	40a00533          	neg	a0,a0
/scratch/jenkins/workspace/tpp-freedom-tools/tpp03--build-binary-packages--parameterized/obj/x86_64-linux-ubuntu14/build/riscv-gnu-toolchain/build-gcc-newlib-stage2/riscv64-unknown-elf/rv32i/ilp32/libgcc/../../../../../riscv-gcc/libgcc/config/riscv/div.S:110
 8006b78:	0005d863          	bgez	a1,8006b88 <__umodsi3+0x24>
/scratch/jenkins/workspace/tpp-freedom-tools/tpp03--build-binary-packages--parameterized/obj/x86_64-linux-ubuntu14/build/riscv-gnu-toolchain/build-gcc-newlib-stage2/riscv64-unknown-elf/rv32i/ilp32/libgcc/../../../../../riscv-gcc/libgcc/config/riscv/div.S:111
 8006b7c:	40b005b3          	neg	a1,a1
/scratch/jenkins/workspace/tpp-freedom-tools/tpp03--build-binary-packages--parameterized/obj/x86_64-linux-ubuntu14/build/riscv-gnu-toolchain/build-gcc-newlib-stage2/riscv64-unknown-elf/rv32i/ilp32/libgcc/../../../../../riscv-gcc/libgcc/config/riscv/div.S:112
 8006b80:	f9dff06f          	j	8006b1c <__udivsi3>
/scratch/jenkins/workspace/tpp-freedom-tools/tpp03--build-binary-packages--parameterized/obj/x86_64-linux-ubuntu14/build/riscv-gnu-toolchain/build-gcc-newlib-stage2/riscv64-unknown-elf/rv32i/ilp32/libgcc/../../../../../riscv-gcc/libgcc/config/riscv/div.S:114
 8006b84:	40b005b3          	neg	a1,a1
/scratch/jenkins/workspace/tpp-freedom-tools/tpp03--build-binary-packages--parameterized/obj/x86_64-linux-ubuntu14/build/riscv-gnu-toolchain/build-gcc-newlib-stage2/riscv64-unknown-elf/rv32i/ilp32/libgcc/../../../../../riscv-gcc/libgcc/config/riscv/div.S:116
 8006b88:	00008293          	mv	t0,ra
/scratch/jenkins/workspace/tpp-freedom-tools/tpp03--build-binary-packages--parameterized/obj/x86_64-linux-ubuntu14/build/riscv-gnu-toolchain/build-gcc-newlib-stage2/riscv64-unknown-elf/rv32i/ilp32/libgcc/../../../../../riscv-gcc/libgcc/config/riscv/div.S:117
 8006b8c:	f91ff0ef          	jal	ra,8006b1c <__udivsi3>
/scratch/jenkins/workspace/tpp-freedom-tools/tpp03--build-binary-packages--parameterized/obj/x86_64-linux-ubuntu14/build/riscv-gnu-toolchain/build-gcc-newlib-stage2/riscv64-unknown-elf/rv32i/ilp32/libgcc/../../../../../riscv-gcc/libgcc/config/riscv/div.S:118
 8006b90:	40a00533          	neg	a0,a0
/scratch/jenkins/workspace/tpp-freedom-tools/tpp03--build-binary-packages--parameterized/obj/x86_64-linux-ubuntu14/build/riscv-gnu-toolchain/build-gcc-newlib-stage2/riscv64-unknown-elf/rv32i/ilp32/libgcc/../../../../../riscv-gcc/libgcc/config/riscv/div.S:119
 8006b94:	00028067          	jr	t0

08006b98 <__modsi3>:
__modsi3():
/scratch/jenkins/workspace/tpp-freedom-tools/tpp03--build-binary-packages--parameterized/obj/x86_64-linux-ubuntu14/build/riscv-gnu-toolchain/build-gcc-newlib-stage2/riscv64-unknown-elf/rv32i/ilp32/libgcc/../../../../../riscv-gcc/libgcc/config/riscv/div.S:123
 8006b98:	00008293          	mv	t0,ra
/scratch/jenkins/workspace/tpp-freedom-tools/tpp03--build-binary-packages--parameterized/obj/x86_64-linux-ubuntu14/build/riscv-gnu-toolchain/build-gcc-newlib-stage2/riscv64-unknown-elf/rv32i/ilp32/libgcc/../../../../../riscv-gcc/libgcc/config/riscv/div.S:124
 8006b9c:	0005ca63          	bltz	a1,8006bb0 <__modsi3+0x18>
/scratch/jenkins/workspace/tpp-freedom-tools/tpp03--build-binary-packages--parameterized/obj/x86_64-linux-ubuntu14/build/riscv-gnu-toolchain/build-gcc-newlib-stage2/riscv64-unknown-elf/rv32i/ilp32/libgcc/../../../../../riscv-gcc/libgcc/config/riscv/div.S:125
 8006ba0:	00054c63          	bltz	a0,8006bb8 <__modsi3+0x20>
/scratch/jenkins/workspace/tpp-freedom-tools/tpp03--build-binary-packages--parameterized/obj/x86_64-linux-ubuntu14/build/riscv-gnu-toolchain/build-gcc-newlib-stage2/riscv64-unknown-elf/rv32i/ilp32/libgcc/../../../../../riscv-gcc/libgcc/config/riscv/div.S:127
 8006ba4:	f79ff0ef          	jal	ra,8006b1c <__udivsi3>
/scratch/jenkins/workspace/tpp-freedom-tools/tpp03--build-binary-packages--parameterized/obj/x86_64-linux-ubuntu14/build/riscv-gnu-toolchain/build-gcc-newlib-stage2/riscv64-unknown-elf/rv32i/ilp32/libgcc/../../../../../riscv-gcc/libgcc/config/riscv/div.S:128
 8006ba8:	00058513          	mv	a0,a1
/scratch/jenkins/workspace/tpp-freedom-tools/tpp03--build-binary-packages--parameterized/obj/x86_64-linux-ubuntu14/build/riscv-gnu-toolchain/build-gcc-newlib-stage2/riscv64-unknown-elf/rv32i/ilp32/libgcc/../../../../../riscv-gcc/libgcc/config/riscv/div.S:129
 8006bac:	00028067          	jr	t0
/scratch/jenkins/workspace/tpp-freedom-tools/tpp03--build-binary-packages--parameterized/obj/x86_64-linux-ubuntu14/build/riscv-gnu-toolchain/build-gcc-newlib-stage2/riscv64-unknown-elf/rv32i/ilp32/libgcc/../../../../../riscv-gcc/libgcc/config/riscv/div.S:131
 8006bb0:	40b005b3          	neg	a1,a1
/scratch/jenkins/workspace/tpp-freedom-tools/tpp03--build-binary-packages--parameterized/obj/x86_64-linux-ubuntu14/build/riscv-gnu-toolchain/build-gcc-newlib-stage2/riscv64-unknown-elf/rv32i/ilp32/libgcc/../../../../../riscv-gcc/libgcc/config/riscv/div.S:132
 8006bb4:	fe0558e3          	bgez	a0,8006ba4 <__modsi3+0xc>
/scratch/jenkins/workspace/tpp-freedom-tools/tpp03--build-binary-packages--parameterized/obj/x86_64-linux-ubuntu14/build/riscv-gnu-toolchain/build-gcc-newlib-stage2/riscv64-unknown-elf/rv32i/ilp32/libgcc/../../../../../riscv-gcc/libgcc/config/riscv/div.S:134
 8006bb8:	40a00533          	neg	a0,a0
/scratch/jenkins/workspace/tpp-freedom-tools/tpp03--build-binary-packages--parameterized/obj/x86_64-linux-ubuntu14/build/riscv-gnu-toolchain/build-gcc-newlib-stage2/riscv64-unknown-elf/rv32i/ilp32/libgcc/../../../../../riscv-gcc/libgcc/config/riscv/div.S:135
 8006bbc:	f61ff0ef          	jal	ra,8006b1c <__udivsi3>
/scratch/jenkins/workspace/tpp-freedom-tools/tpp03--build-binary-packages--parameterized/obj/x86_64-linux-ubuntu14/build/riscv-gnu-toolchain/build-gcc-newlib-stage2/riscv64-unknown-elf/rv32i/ilp32/libgcc/../../../../../riscv-gcc/libgcc/config/riscv/div.S:136
 8006bc0:	40b00533          	neg	a0,a1
/scratch/jenkins/workspace/tpp-freedom-tools/tpp03--build-binary-packages--parameterized/obj/x86_64-linux-ubuntu14/build/riscv-gnu-toolchain/build-gcc-newlib-stage2/riscv64-unknown-elf/rv32i/ilp32/libgcc/../../../../../riscv-gcc/libgcc/config/riscv/div.S:137
 8006bc4:	00028067          	jr	t0
