
build/release/sys_file.elf:     file format elf32-littleriscv
build/release/sys_file.elf
architecture: riscv:rv32, flags 0x00000112:
EXEC_P, HAS_SYMS, D_PAGED
start address 0x08006200

Program Header:
    LOAD off    0x00000200 vaddr 0x08006200 paddr 0x08006200 align 2**12
         filesz 0x00002770 memsz 0x00002fc8 flags rwx

Sections:
Idx Name              Size      VMA       LMA       File off  Algn  Flags
  0 .text             00001d2c  08006200  08006200  00000200  2**3  CONTENTS, ALLOC, LOAD, READONLY, CODE
  1 .rodata           000001f8  08007f30  08007f30  00001f30  2**3  CONTENTS, ALLOC, LOAD, READONLY, DATA
  2 .data             00000848  08008128  08008128  00002128  2**3  CONTENTS, ALLOC, LOAD, DATA
  3 .bss              00000054  08008970  08008970  00002970  2**3  ALLOC
  4 .heap             00000800  080089c8  080089c8  00002970  2**3  ALLOC
  5 .riscv.attributes 0000001c  00000000  00000000  00002970  2**0  CONTENTS, READONLY
  6 .comment          00000028  00000000  00000000  0000298c  2**0  CONTENTS, READONLY
  7 .debug_line       00000096  00000000  00000000  000029b4  2**0  CONTENTS, READONLY, DEBUGGING
  8 .debug_info       00000026  00000000  00000000  00002a4a  2**0  CONTENTS, READONLY, DEBUGGING
  9 .debug_abbrev     00000014  00000000  00000000  00002a70  2**0  CONTENTS, READONLY, DEBUGGING
 10 .debug_aranges    00000020  00000000  00000000  00002a88  2**3  CONTENTS, READONLY, DEBUGGING
 11 .debug_str        0000010e  00000000  00000000  00002aa8  2**0  CONTENTS, READONLY, DEBUGGING
SYMBOL TABLE:
08006200 l    d  .text	00000000 .text
08007f30 l    d  .rodata	00000000 .rodata
08008128 l    d  .data	00000000 .data
08008970 l    d  .bss	00000000 .bss
080089c8 l    d  .heap	00000000 .heap
00000000 l    d  .riscv.attributes	00000000 .riscv.attributes
00000000 l    d  .comment	00000000 .comment
00000000 l    d  .debug_line	00000000 .debug_line
00000000 l    d  .debug_info	00000000 .debug_info
00000000 l    d  .debug_abbrev	00000000 .debug_abbrev
00000000 l    d  .debug_aranges	00000000 .debug_aranges
00000000 l    d  .debug_str	00000000 .debug_str
00000000 l    df *ABS*	00000000 disk.c
08006210 l     F .text	00000020 disk_getsize
08006230 l     F .text	00000040 disk_setsize
08006270 l     F .text	00000068 disk_read
080062d8 l     F .text	00000068 disk_write
08008984 l     O .bss	00000014 disk
00000000 l    df *ABS*	00000000 file.c
08008970 l     O .bss	00000004 log_rpb
080063b4 l     F .text	0000003c panic
080063f0 l     F .text	00000044 log_shift_r
08006434 l     F .text	00000134 treedisk_get_snapshot
08006568 l     F .text	000001a8 treedisk_alloc_block
08008974 l     O .bss	00000004 count.2503
08006710 l     F .text	00000064 treedisk_getsize
08006774 l     F .text	0000002c treedisk_setsize
080067a0 l     F .text	000001bc treedisk_read
0800695c l     F .text	0000043c treedisk_write
00000000 l    df *ABS*	00000000 malloc.c
08008958 l     O .data	00000004 brk
00000000 l    df *ABS*	00000000 servers.c
00000000 l    df *ABS*	00000000 sys_file.c
00000000 l    df *ABS*	00000000 malloc.c
00000000 l    df *ABS*	00000000 mallocr.c
00000000 l    df *ABS*	00000000 mlock.c
00000000 l    df *ABS*	00000000 sbrkr.c
00000000 l    df *ABS*	00000000 mallocr.c
00000000 l    df *ABS*	00000000 impure.c
08008530 l     O .data	00000428 impure_data
08007a4c g     F .text	00000004 __malloc_unlock
080089c0 g     O .bss	00000004 errno
08007108 g     F .text	00000014 malloc
08008980 g     O .bss	00000004 __malloc_top_pad
08008960 g     O .data	00000004 earth
08007a50 g     F .text	0000005c _sbrk_r
0800897c g     O .bss	00000004 __malloc_max_sbrked_mem
08006ea0 g     F .text	000000b4 _sbrk
00000800 g       *ABS*	00000000 __heap_size
08007be8 g     F .text	00000320 _free_r
08008964 g     O .data	00000004 __malloc_sbrk_base
0800895c g     O .data	00000004 grass
08007f08 g     F .text	00000024 .hidden __mulsi3
08008998 g     O .bss	00000028 __malloc_current_mallinfo
08008128 g     O .data	00000408 __malloc_av_
08007a48 g     F .text	00000004 __malloc_lock
0800796c g     F .text	000000dc memset
08006340 g     F .text	00000074 fs_disk_init
08006f80 g     F .text	00000188 main
08008978 g     O .bss	00000004 __malloc_max_total_mem
08007130 g     F .text	0000083c _malloc_r
08007aac g     F .text	0000013c _malloc_trim_r
08006200 g       .text	00000000 _enter
08008000 g       *ABS*	00000000 __heap_end
0800896c g     O .data	00000004 _impure_ptr
080089c8 g       .heap	00000000 __heap_start
08008968 g     O .data	00000004 __malloc_trim_threshold
08006f54 g     F .text	0000002c exit
08006d98 g     F .text	00000108 treedisk_init
0800711c g     F .text	00000014 free



Disassembly of section .text:

08006200 <_enter>:
_enter():
 8006200:	00052503          	lw	a0,0(a0)
 8006204:	80002137          	lui	sp,0x80002
 8006208:	579000ef          	jal	ra,8006f80 <main>
 800620c:	549000ef          	jal	ra,8006f54 <exit>

08006210 <disk_getsize>:
disk_getsize():
 8006210:	ff010113          	addi	sp,sp,-16 # 80001ff0 <__heap_start+0x77ff9628>
 8006214:	00812623          	sw	s0,12(sp)
 8006218:	01010413          	addi	s0,sp,16
 800621c:	000017b7          	lui	a5,0x1
 8006220:	00078513          	mv	a0,a5
 8006224:	00c12403          	lw	s0,12(sp)
 8006228:	01010113          	addi	sp,sp,16
 800622c:	00008067          	ret

08006230 <disk_setsize>:
disk_setsize():
 8006230:	ff010113          	addi	sp,sp,-16
 8006234:	00112623          	sw	ra,12(sp)
 8006238:	00812423          	sw	s0,8(sp)
 800623c:	01010413          	addi	s0,sp,16
 8006240:	080097b7          	lui	a5,0x8009
 8006244:	9607a783          	lw	a5,-1696(a5) # 8008960 <earth>
 8006248:	03c7a703          	lw	a4,60(a5)
 800624c:	080087b7          	lui	a5,0x8008
 8006250:	f3078513          	addi	a0,a5,-208 # 8007f30 <__mulsi3+0x28>
 8006254:	000700e7          	jalr	a4
 8006258:	00000013          	nop
 800625c:	00078513          	mv	a0,a5
 8006260:	00c12083          	lw	ra,12(sp)
 8006264:	00812403          	lw	s0,8(sp)
 8006268:	01010113          	addi	sp,sp,16
 800626c:	00008067          	ret

08006270 <disk_read>:
disk_read():
 8006270:	fe010113          	addi	sp,sp,-32
 8006274:	00112e23          	sw	ra,28(sp)
 8006278:	00812c23          	sw	s0,24(sp)
 800627c:	02010413          	addi	s0,sp,32
 8006280:	fea42623          	sw	a0,-20(s0)
 8006284:	feb42423          	sw	a1,-24(s0)
 8006288:	fec42223          	sw	a2,-28(s0)
 800628c:	fed42023          	sw	a3,-32(s0)
 8006290:	080097b7          	lui	a5,0x8009
 8006294:	9607a783          	lw	a5,-1696(a5) # 8008960 <earth>
 8006298:	0207a683          	lw	a3,32(a5)
 800629c:	fe442703          	lw	a4,-28(s0)
 80062a0:	000017b7          	lui	a5,0x1
 80062a4:	00f707b3          	add	a5,a4,a5
 80062a8:	00078713          	mv	a4,a5
 80062ac:	fe042783          	lw	a5,-32(s0)
 80062b0:	00078613          	mv	a2,a5
 80062b4:	00100593          	li	a1,1
 80062b8:	00070513          	mv	a0,a4
 80062bc:	000680e7          	jalr	a3
 80062c0:	00050793          	mv	a5,a0
 80062c4:	00078513          	mv	a0,a5
 80062c8:	01c12083          	lw	ra,28(sp)
 80062cc:	01812403          	lw	s0,24(sp)
 80062d0:	02010113          	addi	sp,sp,32
 80062d4:	00008067          	ret

080062d8 <disk_write>:
disk_write():
 80062d8:	fe010113          	addi	sp,sp,-32
 80062dc:	00112e23          	sw	ra,28(sp)
 80062e0:	00812c23          	sw	s0,24(sp)
 80062e4:	02010413          	addi	s0,sp,32
 80062e8:	fea42623          	sw	a0,-20(s0)
 80062ec:	feb42423          	sw	a1,-24(s0)
 80062f0:	fec42223          	sw	a2,-28(s0)
 80062f4:	fed42023          	sw	a3,-32(s0)
 80062f8:	080097b7          	lui	a5,0x8009
 80062fc:	9607a783          	lw	a5,-1696(a5) # 8008960 <earth>
 8006300:	0247a683          	lw	a3,36(a5)
 8006304:	fe442703          	lw	a4,-28(s0)
 8006308:	000017b7          	lui	a5,0x1
 800630c:	00f707b3          	add	a5,a4,a5
 8006310:	00078713          	mv	a4,a5
 8006314:	fe042783          	lw	a5,-32(s0)
 8006318:	00078613          	mv	a2,a5
 800631c:	00100593          	li	a1,1
 8006320:	00070513          	mv	a0,a4
 8006324:	000680e7          	jalr	a3
 8006328:	00050793          	mv	a5,a0
 800632c:	00078513          	mv	a0,a5
 8006330:	01c12083          	lw	ra,28(sp)
 8006334:	01812403          	lw	s0,24(sp)
 8006338:	02010113          	addi	sp,sp,32
 800633c:	00008067          	ret

08006340 <fs_disk_init>:
fs_disk_init():
 8006340:	ff010113          	addi	sp,sp,-16
 8006344:	00812623          	sw	s0,12(sp)
 8006348:	01010413          	addi	s0,sp,16
 800634c:	080097b7          	lui	a5,0x8009
 8006350:	98478793          	addi	a5,a5,-1660 # 8008984 <disk>
 8006354:	08006737          	lui	a4,0x8006
 8006358:	27070713          	addi	a4,a4,624 # 8006270 <disk_read>
 800635c:	00e7a423          	sw	a4,8(a5)
 8006360:	080097b7          	lui	a5,0x8009
 8006364:	98478793          	addi	a5,a5,-1660 # 8008984 <disk>
 8006368:	08006737          	lui	a4,0x8006
 800636c:	2d870713          	addi	a4,a4,728 # 80062d8 <disk_write>
 8006370:	00e7a623          	sw	a4,12(a5)
 8006374:	080097b7          	lui	a5,0x8009
 8006378:	98478793          	addi	a5,a5,-1660 # 8008984 <disk>
 800637c:	08006737          	lui	a4,0x8006
 8006380:	21070713          	addi	a4,a4,528 # 8006210 <disk_getsize>
 8006384:	00e7a023          	sw	a4,0(a5)
 8006388:	080097b7          	lui	a5,0x8009
 800638c:	98478793          	addi	a5,a5,-1660 # 8008984 <disk>
 8006390:	08006737          	lui	a4,0x8006
 8006394:	23070713          	addi	a4,a4,560 # 8006230 <disk_setsize>
 8006398:	00e7a223          	sw	a4,4(a5)
 800639c:	080097b7          	lui	a5,0x8009
 80063a0:	98478793          	addi	a5,a5,-1660 # 8008984 <disk>
 80063a4:	00078513          	mv	a0,a5
 80063a8:	00c12403          	lw	s0,12(sp)
 80063ac:	01010113          	addi	sp,sp,16
 80063b0:	00008067          	ret

080063b4 <panic>:
panic():
 80063b4:	fe010113          	addi	sp,sp,-32
 80063b8:	00112e23          	sw	ra,28(sp)
 80063bc:	00812c23          	sw	s0,24(sp)
 80063c0:	02010413          	addi	s0,sp,32
 80063c4:	fea42623          	sw	a0,-20(s0)
 80063c8:	080097b7          	lui	a5,0x8009
 80063cc:	9607a783          	lw	a5,-1696(a5) # 8008960 <earth>
 80063d0:	03c7a783          	lw	a5,60(a5)
 80063d4:	fec42503          	lw	a0,-20(s0)
 80063d8:	000780e7          	jalr	a5
 80063dc:	00000013          	nop
 80063e0:	01c12083          	lw	ra,28(sp)
 80063e4:	01812403          	lw	s0,24(sp)
 80063e8:	02010113          	addi	sp,sp,32
 80063ec:	00008067          	ret

080063f0 <log_shift_r>:
log_shift_r():
 80063f0:	fe010113          	addi	sp,sp,-32
 80063f4:	00812e23          	sw	s0,28(sp)
 80063f8:	02010413          	addi	s0,sp,32
 80063fc:	fea42623          	sw	a0,-20(s0)
 8006400:	feb42423          	sw	a1,-24(s0)
 8006404:	fe842703          	lw	a4,-24(s0)
 8006408:	01f00793          	li	a5,31
 800640c:	00e7f663          	bgeu	a5,a4,8006418 <log_shift_r+0x28>
 8006410:	00000793          	li	a5,0
 8006414:	0100006f          	j	8006424 <log_shift_r+0x34>
 8006418:	fe842783          	lw	a5,-24(s0)
 800641c:	fec42703          	lw	a4,-20(s0)
 8006420:	00f757b3          	srl	a5,a4,a5
 8006424:	00078513          	mv	a0,a5
 8006428:	01c12403          	lw	s0,28(sp)
 800642c:	02010113          	addi	sp,sp,32
 8006430:	00008067          	ret

08006434 <treedisk_get_snapshot>:
treedisk_get_snapshot():
 8006434:	fe010113          	addi	sp,sp,-32
 8006438:	00112e23          	sw	ra,28(sp)
 800643c:	00812c23          	sw	s0,24(sp)
 8006440:	02010413          	addi	s0,sp,32
 8006444:	fea42623          	sw	a0,-20(s0)
 8006448:	feb42423          	sw	a1,-24(s0)
 800644c:	fec42223          	sw	a2,-28(s0)
 8006450:	fe842783          	lw	a5,-24(s0)
 8006454:	0007a783          	lw	a5,0(a5)
 8006458:	0087a803          	lw	a6,8(a5)
 800645c:	fe842783          	lw	a5,-24(s0)
 8006460:	0007a703          	lw	a4,0(a5)
 8006464:	fe842783          	lw	a5,-24(s0)
 8006468:	0047a783          	lw	a5,4(a5)
 800646c:	fec42683          	lw	a3,-20(s0)
 8006470:	00000613          	li	a2,0
 8006474:	00078593          	mv	a1,a5
 8006478:	00070513          	mv	a0,a4
 800647c:	000800e7          	jalr	a6
 8006480:	00050793          	mv	a5,a0
 8006484:	0007d663          	bgez	a5,8006490 <treedisk_get_snapshot+0x5c>
 8006488:	fff00793          	li	a5,-1
 800648c:	0c80006f          	j	8006554 <treedisk_get_snapshot+0x120>
 8006490:	fec42783          	lw	a5,-20(s0)
 8006494:	0007a783          	lw	a5,0(a5)
 8006498:	00679793          	slli	a5,a5,0x6
 800649c:	fe442703          	lw	a4,-28(s0)
 80064a0:	02f76a63          	bltu	a4,a5,80064d4 <treedisk_get_snapshot+0xa0>
 80064a4:	080097b7          	lui	a5,0x8009
 80064a8:	9607a783          	lw	a5,-1696(a5) # 8008960 <earth>
 80064ac:	0347a703          	lw	a4,52(a5)
 80064b0:	fec42783          	lw	a5,-20(s0)
 80064b4:	0007a783          	lw	a5,0(a5)
 80064b8:	00078613          	mv	a2,a5
 80064bc:	fe442583          	lw	a1,-28(s0)
 80064c0:	080087b7          	lui	a5,0x8008
 80064c4:	f4c78513          	addi	a0,a5,-180 # 8007f4c <__mulsi3+0x44>
 80064c8:	000700e7          	jalr	a4
 80064cc:	fff00793          	li	a5,-1
 80064d0:	0840006f          	j	8006554 <treedisk_get_snapshot+0x120>
 80064d4:	fe442783          	lw	a5,-28(s0)
 80064d8:	0067d793          	srli	a5,a5,0x6
 80064dc:	00178713          	addi	a4,a5,1
 80064e0:	fec42783          	lw	a5,-20(s0)
 80064e4:	40e7a023          	sw	a4,1024(a5)
 80064e8:	fe842783          	lw	a5,-24(s0)
 80064ec:	0007a783          	lw	a5,0(a5)
 80064f0:	0087a803          	lw	a6,8(a5)
 80064f4:	fe842783          	lw	a5,-24(s0)
 80064f8:	0007a703          	lw	a4,0(a5)
 80064fc:	fe842783          	lw	a5,-24(s0)
 8006500:	0047a583          	lw	a1,4(a5)
 8006504:	fec42783          	lw	a5,-20(s0)
 8006508:	4007a603          	lw	a2,1024(a5)
 800650c:	fec42783          	lw	a5,-20(s0)
 8006510:	20078793          	addi	a5,a5,512
 8006514:	00078693          	mv	a3,a5
 8006518:	00070513          	mv	a0,a4
 800651c:	000800e7          	jalr	a6
 8006520:	00050793          	mv	a5,a0
 8006524:	0007d663          	bgez	a5,8006530 <treedisk_get_snapshot+0xfc>
 8006528:	fff00793          	li	a5,-1
 800652c:	0280006f          	j	8006554 <treedisk_get_snapshot+0x120>
 8006530:	fe442783          	lw	a5,-28(s0)
 8006534:	03f7f793          	andi	a5,a5,63
 8006538:	04078793          	addi	a5,a5,64
 800653c:	00379793          	slli	a5,a5,0x3
 8006540:	fec42703          	lw	a4,-20(s0)
 8006544:	00f70733          	add	a4,a4,a5
 8006548:	fec42783          	lw	a5,-20(s0)
 800654c:	40e7a223          	sw	a4,1028(a5)
 8006550:	00000793          	li	a5,0
 8006554:	00078513          	mv	a0,a5
 8006558:	01c12083          	lw	ra,28(sp)
 800655c:	01812403          	lw	s0,24(sp)
 8006560:	02010113          	addi	sp,sp,32
 8006564:	00008067          	ret

08006568 <treedisk_alloc_block>:
treedisk_alloc_block():
 8006568:	dd010113          	addi	sp,sp,-560
 800656c:	22112623          	sw	ra,556(sp)
 8006570:	22812423          	sw	s0,552(sp)
 8006574:	23010413          	addi	s0,sp,560
 8006578:	dca42e23          	sw	a0,-548(s0)
 800657c:	dcb42c23          	sw	a1,-552(s0)
 8006580:	080097b7          	lui	a5,0x8009
 8006584:	9747a783          	lw	a5,-1676(a5) # 8008974 <count.2503>
 8006588:	00178713          	addi	a4,a5,1
 800658c:	080097b7          	lui	a5,0x8009
 8006590:	96e7aa23          	sw	a4,-1676(a5) # 8008974 <count.2503>
 8006594:	dd842783          	lw	a5,-552(s0)
 8006598:	0047a783          	lw	a5,4(a5)
 800659c:	fef42223          	sw	a5,-28(s0)
 80065a0:	fe442783          	lw	a5,-28(s0)
 80065a4:	00079863          	bnez	a5,80065b4 <treedisk_alloc_block+0x4c>
 80065a8:	080087b7          	lui	a5,0x8008
 80065ac:	f7478513          	addi	a0,a5,-140 # 8007f74 <__mulsi3+0x6c>
 80065b0:	e05ff0ef          	jal	ra,80063b4 <panic>
 80065b4:	ddc42783          	lw	a5,-548(s0)
 80065b8:	0007a783          	lw	a5,0(a5)
 80065bc:	0087a803          	lw	a6,8(a5)
 80065c0:	ddc42783          	lw	a5,-548(s0)
 80065c4:	0007a703          	lw	a4,0(a5)
 80065c8:	ddc42783          	lw	a5,-548(s0)
 80065cc:	0047a783          	lw	a5,4(a5)
 80065d0:	de440693          	addi	a3,s0,-540
 80065d4:	fe442603          	lw	a2,-28(s0)
 80065d8:	00078593          	mv	a1,a5
 80065dc:	00070513          	mv	a0,a4
 80065e0:	000800e7          	jalr	a6
 80065e4:	08000793          	li	a5,128
 80065e8:	fef42623          	sw	a5,-20(s0)
 80065ec:	01c0006f          	j	8006608 <treedisk_alloc_block+0xa0>
 80065f0:	fec42783          	lw	a5,-20(s0)
 80065f4:	00279793          	slli	a5,a5,0x2
 80065f8:	ff040713          	addi	a4,s0,-16
 80065fc:	00f707b3          	add	a5,a4,a5
 8006600:	df47a783          	lw	a5,-524(a5)
 8006604:	00079e63          	bnez	a5,8006620 <treedisk_alloc_block+0xb8>
 8006608:	fec42783          	lw	a5,-20(s0)
 800660c:	fff78793          	addi	a5,a5,-1
 8006610:	fef42623          	sw	a5,-20(s0)
 8006614:	fec42783          	lw	a5,-20(s0)
 8006618:	fc079ce3          	bnez	a5,80065f0 <treedisk_alloc_block+0x88>
 800661c:	0080006f          	j	8006624 <treedisk_alloc_block+0xbc>
 8006620:	00000013          	nop
 8006624:	fec42783          	lw	a5,-20(s0)
 8006628:	06079063          	bnez	a5,8006688 <treedisk_alloc_block+0x120>
 800662c:	fe442783          	lw	a5,-28(s0)
 8006630:	fef42423          	sw	a5,-24(s0)
 8006634:	de442703          	lw	a4,-540(s0)
 8006638:	dd842783          	lw	a5,-552(s0)
 800663c:	00e7a223          	sw	a4,4(a5)
 8006640:	ddc42783          	lw	a5,-548(s0)
 8006644:	0007a783          	lw	a5,0(a5)
 8006648:	00c7a803          	lw	a6,12(a5)
 800664c:	ddc42783          	lw	a5,-548(s0)
 8006650:	0007a703          	lw	a4,0(a5)
 8006654:	ddc42783          	lw	a5,-548(s0)
 8006658:	0047a783          	lw	a5,4(a5)
 800665c:	dd842683          	lw	a3,-552(s0)
 8006660:	00000613          	li	a2,0
 8006664:	00078593          	mv	a1,a5
 8006668:	00070513          	mv	a0,a4
 800666c:	000800e7          	jalr	a6
 8006670:	00050793          	mv	a5,a0
 8006674:	0807d263          	bgez	a5,80066f8 <treedisk_alloc_block+0x190>
 8006678:	080087b7          	lui	a5,0x8008
 800667c:	fa078513          	addi	a0,a5,-96 # 8007fa0 <__mulsi3+0x98>
 8006680:	d35ff0ef          	jal	ra,80063b4 <panic>
 8006684:	0740006f          	j	80066f8 <treedisk_alloc_block+0x190>
 8006688:	fec42783          	lw	a5,-20(s0)
 800668c:	00279793          	slli	a5,a5,0x2
 8006690:	ff040713          	addi	a4,s0,-16
 8006694:	00f707b3          	add	a5,a4,a5
 8006698:	df47a783          	lw	a5,-524(a5)
 800669c:	fef42423          	sw	a5,-24(s0)
 80066a0:	fec42783          	lw	a5,-20(s0)
 80066a4:	00279793          	slli	a5,a5,0x2
 80066a8:	ff040713          	addi	a4,s0,-16
 80066ac:	00f707b3          	add	a5,a4,a5
 80066b0:	de07aa23          	sw	zero,-524(a5)
 80066b4:	ddc42783          	lw	a5,-548(s0)
 80066b8:	0007a783          	lw	a5,0(a5)
 80066bc:	00c7a803          	lw	a6,12(a5)
 80066c0:	ddc42783          	lw	a5,-548(s0)
 80066c4:	0007a703          	lw	a4,0(a5)
 80066c8:	ddc42783          	lw	a5,-548(s0)
 80066cc:	0047a783          	lw	a5,4(a5)
 80066d0:	de440693          	addi	a3,s0,-540
 80066d4:	fe442603          	lw	a2,-28(s0)
 80066d8:	00078593          	mv	a1,a5
 80066dc:	00070513          	mv	a0,a4
 80066e0:	000800e7          	jalr	a6
 80066e4:	00050793          	mv	a5,a0
 80066e8:	0007d863          	bgez	a5,80066f8 <treedisk_alloc_block+0x190>
 80066ec:	080087b7          	lui	a5,0x8008
 80066f0:	fc478513          	addi	a0,a5,-60 # 8007fc4 <__mulsi3+0xbc>
 80066f4:	cc1ff0ef          	jal	ra,80063b4 <panic>
 80066f8:	fe842783          	lw	a5,-24(s0)
 80066fc:	00078513          	mv	a0,a5
 8006700:	22c12083          	lw	ra,556(sp)
 8006704:	22812403          	lw	s0,552(sp)
 8006708:	23010113          	addi	sp,sp,560
 800670c:	00008067          	ret

08006710 <treedisk_getsize>:
treedisk_getsize():
 8006710:	bd010113          	addi	sp,sp,-1072
 8006714:	42112623          	sw	ra,1068(sp)
 8006718:	42812423          	sw	s0,1064(sp)
 800671c:	43010413          	addi	s0,sp,1072
 8006720:	bca42e23          	sw	a0,-1060(s0)
 8006724:	bcb42c23          	sw	a1,-1064(s0)
 8006728:	bdc42783          	lw	a5,-1060(s0)
 800672c:	0107a783          	lw	a5,16(a5)
 8006730:	fef42623          	sw	a5,-20(s0)
 8006734:	be440793          	addi	a5,s0,-1052
 8006738:	bd842603          	lw	a2,-1064(s0)
 800673c:	fec42583          	lw	a1,-20(s0)
 8006740:	00078513          	mv	a0,a5
 8006744:	cf1ff0ef          	jal	ra,8006434 <treedisk_get_snapshot>
 8006748:	00050793          	mv	a5,a0
 800674c:	0007d663          	bgez	a5,8006758 <treedisk_getsize+0x48>
 8006750:	fff00793          	li	a5,-1
 8006754:	00c0006f          	j	8006760 <treedisk_getsize+0x50>
 8006758:	fe842783          	lw	a5,-24(s0)
 800675c:	0047a783          	lw	a5,4(a5)
 8006760:	00078513          	mv	a0,a5
 8006764:	42c12083          	lw	ra,1068(sp)
 8006768:	42812403          	lw	s0,1064(sp)
 800676c:	43010113          	addi	sp,sp,1072
 8006770:	00008067          	ret

08006774 <treedisk_setsize>:
treedisk_setsize():
 8006774:	fe010113          	addi	sp,sp,-32
 8006778:	00812e23          	sw	s0,28(sp)
 800677c:	02010413          	addi	s0,sp,32
 8006780:	fea42623          	sw	a0,-20(s0)
 8006784:	feb42423          	sw	a1,-24(s0)
 8006788:	fec42223          	sw	a2,-28(s0)
 800678c:	fff00793          	li	a5,-1
 8006790:	00078513          	mv	a0,a5
 8006794:	01c12403          	lw	s0,28(sp)
 8006798:	02010113          	addi	sp,sp,32
 800679c:	00008067          	ret

080067a0 <treedisk_read>:
treedisk_read():
 80067a0:	bc010113          	addi	sp,sp,-1088
 80067a4:	42112e23          	sw	ra,1084(sp)
 80067a8:	42812c23          	sw	s0,1080(sp)
 80067ac:	42912a23          	sw	s1,1076(sp)
 80067b0:	44010413          	addi	s0,sp,1088
 80067b4:	bca42623          	sw	a0,-1076(s0)
 80067b8:	bcb42423          	sw	a1,-1080(s0)
 80067bc:	bcc42223          	sw	a2,-1084(s0)
 80067c0:	bcd42023          	sw	a3,-1088(s0)
 80067c4:	bcc42783          	lw	a5,-1076(s0)
 80067c8:	0107a783          	lw	a5,16(a5)
 80067cc:	fef42223          	sw	a5,-28(s0)
 80067d0:	bd040793          	addi	a5,s0,-1072
 80067d4:	bc842603          	lw	a2,-1080(s0)
 80067d8:	fe442583          	lw	a1,-28(s0)
 80067dc:	00078513          	mv	a0,a5
 80067e0:	c55ff0ef          	jal	ra,8006434 <treedisk_get_snapshot>
 80067e4:	00050793          	mv	a5,a0
 80067e8:	0007d663          	bgez	a5,80067f4 <treedisk_read+0x54>
 80067ec:	fff00793          	li	a5,-1
 80067f0:	1540006f          	j	8006944 <treedisk_read+0x1a4>
 80067f4:	fd442783          	lw	a5,-44(s0)
 80067f8:	0047a783          	lw	a5,4(a5)
 80067fc:	bc442703          	lw	a4,-1084(s0)
 8006800:	00f76663          	bltu	a4,a5,800680c <treedisk_read+0x6c>
 8006804:	fff00793          	li	a5,-1
 8006808:	13c0006f          	j	8006944 <treedisk_read+0x1a4>
 800680c:	fe042623          	sw	zero,-20(s0)
 8006810:	fd442783          	lw	a5,-44(s0)
 8006814:	0047a783          	lw	a5,4(a5)
 8006818:	04078663          	beqz	a5,8006864 <treedisk_read+0xc4>
 800681c:	0100006f          	j	800682c <treedisk_read+0x8c>
 8006820:	fec42783          	lw	a5,-20(s0)
 8006824:	00178793          	addi	a5,a5,1
 8006828:	fef42623          	sw	a5,-20(s0)
 800682c:	fd442783          	lw	a5,-44(s0)
 8006830:	0047a783          	lw	a5,4(a5)
 8006834:	fff78493          	addi	s1,a5,-1
 8006838:	080097b7          	lui	a5,0x8009
 800683c:	9707a783          	lw	a5,-1680(a5) # 8008970 <log_rpb>
 8006840:	fec42583          	lw	a1,-20(s0)
 8006844:	00078513          	mv	a0,a5
 8006848:	6c0010ef          	jal	ra,8007f08 <__mulsi3>
 800684c:	00050793          	mv	a5,a0
 8006850:	00078593          	mv	a1,a5
 8006854:	00048513          	mv	a0,s1
 8006858:	b99ff0ef          	jal	ra,80063f0 <log_shift_r>
 800685c:	00050793          	mv	a5,a0
 8006860:	fc0790e3          	bnez	a5,8006820 <treedisk_read+0x80>
 8006864:	fd442783          	lw	a5,-44(s0)
 8006868:	0007a783          	lw	a5,0(a5)
 800686c:	fef42423          	sw	a5,-24(s0)
 8006870:	fe842783          	lw	a5,-24(s0)
 8006874:	00079e63          	bnez	a5,8006890 <treedisk_read+0xf0>
 8006878:	20000613          	li	a2,512
 800687c:	00000593          	li	a1,0
 8006880:	bc042503          	lw	a0,-1088(s0)
 8006884:	0e8010ef          	jal	ra,800796c <memset>
 8006888:	00000793          	li	a5,0
 800688c:	0b80006f          	j	8006944 <treedisk_read+0x1a4>
 8006890:	fe442783          	lw	a5,-28(s0)
 8006894:	0007a783          	lw	a5,0(a5)
 8006898:	0087a803          	lw	a6,8(a5)
 800689c:	fe442783          	lw	a5,-28(s0)
 80068a0:	0007a703          	lw	a4,0(a5)
 80068a4:	fe442783          	lw	a5,-28(s0)
 80068a8:	0047a783          	lw	a5,4(a5)
 80068ac:	bc042683          	lw	a3,-1088(s0)
 80068b0:	fe842603          	lw	a2,-24(s0)
 80068b4:	00078593          	mv	a1,a5
 80068b8:	00070513          	mv	a0,a4
 80068bc:	000800e7          	jalr	a6
 80068c0:	fea42023          	sw	a0,-32(s0)
 80068c4:	fe042783          	lw	a5,-32(s0)
 80068c8:	0007d663          	bgez	a5,80068d4 <treedisk_read+0x134>
 80068cc:	fe042783          	lw	a5,-32(s0)
 80068d0:	0740006f          	j	8006944 <treedisk_read+0x1a4>
 80068d4:	fec42783          	lw	a5,-20(s0)
 80068d8:	00079663          	bnez	a5,80068e4 <treedisk_read+0x144>
 80068dc:	00000793          	li	a5,0
 80068e0:	0640006f          	j	8006944 <treedisk_read+0x1a4>
 80068e4:	fec42783          	lw	a5,-20(s0)
 80068e8:	fff78793          	addi	a5,a5,-1
 80068ec:	fef42623          	sw	a5,-20(s0)
 80068f0:	bc042783          	lw	a5,-1088(s0)
 80068f4:	fcf42e23          	sw	a5,-36(s0)
 80068f8:	080097b7          	lui	a5,0x8009
 80068fc:	9707a783          	lw	a5,-1680(a5) # 8008970 <log_rpb>
 8006900:	fec42583          	lw	a1,-20(s0)
 8006904:	00078513          	mv	a0,a5
 8006908:	600010ef          	jal	ra,8007f08 <__mulsi3>
 800690c:	00050793          	mv	a5,a0
 8006910:	00078593          	mv	a1,a5
 8006914:	bc442503          	lw	a0,-1084(s0)
 8006918:	ad9ff0ef          	jal	ra,80063f0 <log_shift_r>
 800691c:	00050793          	mv	a5,a0
 8006920:	07f7f793          	andi	a5,a5,127
 8006924:	fcf42c23          	sw	a5,-40(s0)
 8006928:	fdc42703          	lw	a4,-36(s0)
 800692c:	fd842783          	lw	a5,-40(s0)
 8006930:	00279793          	slli	a5,a5,0x2
 8006934:	00f707b3          	add	a5,a4,a5
 8006938:	0007a783          	lw	a5,0(a5)
 800693c:	fef42423          	sw	a5,-24(s0)
 8006940:	f31ff06f          	j	8006870 <treedisk_read+0xd0>
 8006944:	00078513          	mv	a0,a5
 8006948:	43c12083          	lw	ra,1084(sp)
 800694c:	43812403          	lw	s0,1080(sp)
 8006950:	43412483          	lw	s1,1076(sp)
 8006954:	44010113          	addi	sp,sp,1088
 8006958:	00008067          	ret

0800695c <treedisk_write>:
treedisk_write():
 800695c:	9a010113          	addi	sp,sp,-1632
 8006960:	64112e23          	sw	ra,1628(sp)
 8006964:	64812c23          	sw	s0,1624(sp)
 8006968:	64912a23          	sw	s1,1620(sp)
 800696c:	66010413          	addi	s0,sp,1632
 8006970:	9aa42623          	sw	a0,-1620(s0)
 8006974:	9ab42423          	sw	a1,-1624(s0)
 8006978:	9ac42223          	sw	a2,-1628(s0)
 800697c:	9ad42023          	sw	a3,-1632(s0)
 8006980:	9ac42783          	lw	a5,-1620(s0)
 8006984:	0107a783          	lw	a5,16(a5)
 8006988:	fcf42823          	sw	a5,-48(s0)
 800698c:	fe042623          	sw	zero,-20(s0)
 8006990:	bbc40793          	addi	a5,s0,-1092
 8006994:	fcf42623          	sw	a5,-52(s0)
 8006998:	9a842603          	lw	a2,-1624(s0)
 800699c:	fd042583          	lw	a1,-48(s0)
 80069a0:	fcc42503          	lw	a0,-52(s0)
 80069a4:	a91ff0ef          	jal	ra,8006434 <treedisk_get_snapshot>
 80069a8:	00050793          	mv	a5,a0
 80069ac:	0007d663          	bgez	a5,80069b8 <treedisk_write+0x5c>
 80069b0:	fff00793          	li	a5,-1
 80069b4:	3cc0006f          	j	8006d80 <treedisk_write+0x424>
 80069b8:	fe042423          	sw	zero,-24(s0)
 80069bc:	fcc42783          	lw	a5,-52(s0)
 80069c0:	4047a783          	lw	a5,1028(a5)
 80069c4:	0047a783          	lw	a5,4(a5)
 80069c8:	04078863          	beqz	a5,8006a18 <treedisk_write+0xbc>
 80069cc:	0100006f          	j	80069dc <treedisk_write+0x80>
 80069d0:	fe842783          	lw	a5,-24(s0)
 80069d4:	00178793          	addi	a5,a5,1
 80069d8:	fef42423          	sw	a5,-24(s0)
 80069dc:	fcc42783          	lw	a5,-52(s0)
 80069e0:	4047a783          	lw	a5,1028(a5)
 80069e4:	0047a783          	lw	a5,4(a5)
 80069e8:	fff78493          	addi	s1,a5,-1
 80069ec:	080097b7          	lui	a5,0x8009
 80069f0:	9707a783          	lw	a5,-1680(a5) # 8008970 <log_rpb>
 80069f4:	fe842583          	lw	a1,-24(s0)
 80069f8:	00078513          	mv	a0,a5
 80069fc:	50c010ef          	jal	ra,8007f08 <__mulsi3>
 8006a00:	00050793          	mv	a5,a0
 8006a04:	00078593          	mv	a1,a5
 8006a08:	00048513          	mv	a0,s1
 8006a0c:	9e5ff0ef          	jal	ra,80063f0 <log_shift_r>
 8006a10:	00050793          	mv	a5,a0
 8006a14:	fa079ee3          	bnez	a5,80069d0 <treedisk_write+0x74>
 8006a18:	fcc42783          	lw	a5,-52(s0)
 8006a1c:	4047a783          	lw	a5,1028(a5)
 8006a20:	0047a783          	lw	a5,4(a5)
 8006a24:	9a442703          	lw	a4,-1628(s0)
 8006a28:	06f76263          	bltu	a4,a5,8006a8c <treedisk_write+0x130>
 8006a2c:	fcc42783          	lw	a5,-52(s0)
 8006a30:	4047a783          	lw	a5,1028(a5)
 8006a34:	9a442703          	lw	a4,-1628(s0)
 8006a38:	00170713          	addi	a4,a4,1
 8006a3c:	00e7a223          	sw	a4,4(a5)
 8006a40:	00100793          	li	a5,1
 8006a44:	fef42623          	sw	a5,-20(s0)
 8006a48:	fe042223          	sw	zero,-28(s0)
 8006a4c:	0100006f          	j	8006a5c <treedisk_write+0x100>
 8006a50:	fe442783          	lw	a5,-28(s0)
 8006a54:	00178793          	addi	a5,a5,1
 8006a58:	fef42223          	sw	a5,-28(s0)
 8006a5c:	080097b7          	lui	a5,0x8009
 8006a60:	9707a783          	lw	a5,-1680(a5) # 8008970 <log_rpb>
 8006a64:	fe442583          	lw	a1,-28(s0)
 8006a68:	00078513          	mv	a0,a5
 8006a6c:	49c010ef          	jal	ra,8007f08 <__mulsi3>
 8006a70:	00050793          	mv	a5,a0
 8006a74:	00078593          	mv	a1,a5
 8006a78:	9a442503          	lw	a0,-1628(s0)
 8006a7c:	975ff0ef          	jal	ra,80063f0 <log_shift_r>
 8006a80:	00050793          	mv	a5,a0
 8006a84:	fc0796e3          	bnez	a5,8006a50 <treedisk_write+0xf4>
 8006a88:	00c0006f          	j	8006a94 <treedisk_write+0x138>
 8006a8c:	fe842783          	lw	a5,-24(s0)
 8006a90:	fef42223          	sw	a5,-28(s0)
 8006a94:	fcc42783          	lw	a5,-52(s0)
 8006a98:	4047a783          	lw	a5,1028(a5)
 8006a9c:	0047a783          	lw	a5,4(a5)
 8006aa0:	00079863          	bnez	a5,8006ab0 <treedisk_write+0x154>
 8006aa4:	fe442783          	lw	a5,-28(s0)
 8006aa8:	fef42423          	sw	a5,-24(s0)
 8006aac:	0bc0006f          	j	8006b68 <treedisk_write+0x20c>
 8006ab0:	fe442703          	lw	a4,-28(s0)
 8006ab4:	fe842783          	lw	a5,-24(s0)
 8006ab8:	0ae7f863          	bgeu	a5,a4,8006b68 <treedisk_write+0x20c>
 8006abc:	0a00006f          	j	8006b5c <treedisk_write+0x200>
 8006ac0:	fcc42583          	lw	a1,-52(s0)
 8006ac4:	fd042503          	lw	a0,-48(s0)
 8006ac8:	aa1ff0ef          	jal	ra,8006568 <treedisk_alloc_block>
 8006acc:	fca42423          	sw	a0,-56(s0)
 8006ad0:	9bc40793          	addi	a5,s0,-1604
 8006ad4:	20000613          	li	a2,512
 8006ad8:	00000593          	li	a1,0
 8006adc:	00078513          	mv	a0,a5
 8006ae0:	68d000ef          	jal	ra,800796c <memset>
 8006ae4:	fcc42783          	lw	a5,-52(s0)
 8006ae8:	4047a783          	lw	a5,1028(a5)
 8006aec:	0007a783          	lw	a5,0(a5)
 8006af0:	9af42e23          	sw	a5,-1604(s0)
 8006af4:	fcc42783          	lw	a5,-52(s0)
 8006af8:	4047a783          	lw	a5,1028(a5)
 8006afc:	fc842703          	lw	a4,-56(s0)
 8006b00:	00e7a023          	sw	a4,0(a5)
 8006b04:	00100793          	li	a5,1
 8006b08:	fef42623          	sw	a5,-20(s0)
 8006b0c:	fd042783          	lw	a5,-48(s0)
 8006b10:	0007a783          	lw	a5,0(a5)
 8006b14:	00c7a803          	lw	a6,12(a5)
 8006b18:	fd042783          	lw	a5,-48(s0)
 8006b1c:	0007a703          	lw	a4,0(a5)
 8006b20:	fd042783          	lw	a5,-48(s0)
 8006b24:	0047a783          	lw	a5,4(a5)
 8006b28:	9bc40693          	addi	a3,s0,-1604
 8006b2c:	fc842603          	lw	a2,-56(s0)
 8006b30:	00078593          	mv	a1,a5
 8006b34:	00070513          	mv	a0,a4
 8006b38:	000800e7          	jalr	a6
 8006b3c:	00050793          	mv	a5,a0
 8006b40:	0007d863          	bgez	a5,8006b50 <treedisk_write+0x1f4>
 8006b44:	080087b7          	lui	a5,0x8008
 8006b48:	fe878513          	addi	a0,a5,-24 # 8007fe8 <__mulsi3+0xe0>
 8006b4c:	869ff0ef          	jal	ra,80063b4 <panic>
 8006b50:	fe842783          	lw	a5,-24(s0)
 8006b54:	00178793          	addi	a5,a5,1
 8006b58:	fef42423          	sw	a5,-24(s0)
 8006b5c:	fe442703          	lw	a4,-28(s0)
 8006b60:	fe842783          	lw	a5,-24(s0)
 8006b64:	f4e7eee3          	bltu	a5,a4,8006ac0 <treedisk_write+0x164>
 8006b68:	fec42783          	lw	a5,-20(s0)
 8006b6c:	04078863          	beqz	a5,8006bbc <treedisk_write+0x260>
 8006b70:	fd042783          	lw	a5,-48(s0)
 8006b74:	0007a783          	lw	a5,0(a5)
 8006b78:	00c7a803          	lw	a6,12(a5)
 8006b7c:	fd042783          	lw	a5,-48(s0)
 8006b80:	0007a703          	lw	a4,0(a5)
 8006b84:	fd042783          	lw	a5,-48(s0)
 8006b88:	0047a583          	lw	a1,4(a5)
 8006b8c:	fcc42783          	lw	a5,-52(s0)
 8006b90:	4007a603          	lw	a2,1024(a5)
 8006b94:	fcc42783          	lw	a5,-52(s0)
 8006b98:	20078793          	addi	a5,a5,512
 8006b9c:	00078693          	mv	a3,a5
 8006ba0:	00070513          	mv	a0,a4
 8006ba4:	000800e7          	jalr	a6
 8006ba8:	00050793          	mv	a5,a0
 8006bac:	0007d863          	bgez	a5,8006bbc <treedisk_write+0x260>
 8006bb0:	080087b7          	lui	a5,0x8008
 8006bb4:	00878513          	addi	a0,a5,8 # 8008008 <__heap_end+0x8>
 8006bb8:	ffcff0ef          	jal	ra,80063b4 <panic>
 8006bbc:	fcc42783          	lw	a5,-52(s0)
 8006bc0:	4047a783          	lw	a5,1028(a5)
 8006bc4:	fcf42e23          	sw	a5,-36(s0)
 8006bc8:	fcc42783          	lw	a5,-52(s0)
 8006bcc:	4007a783          	lw	a5,1024(a5)
 8006bd0:	fcf42c23          	sw	a5,-40(s0)
 8006bd4:	fcc42783          	lw	a5,-52(s0)
 8006bd8:	20078793          	addi	a5,a5,512
 8006bdc:	fcf42a23          	sw	a5,-44(s0)
 8006be0:	fdc42783          	lw	a5,-36(s0)
 8006be4:	0007a783          	lw	a5,0(a5)
 8006be8:	fef42023          	sw	a5,-32(s0)
 8006bec:	fe042783          	lw	a5,-32(s0)
 8006bf0:	08079663          	bnez	a5,8006c7c <treedisk_write+0x320>
 8006bf4:	fcc42583          	lw	a1,-52(s0)
 8006bf8:	fd042503          	lw	a0,-48(s0)
 8006bfc:	96dff0ef          	jal	ra,8006568 <treedisk_alloc_block>
 8006c00:	00050713          	mv	a4,a0
 8006c04:	fdc42783          	lw	a5,-36(s0)
 8006c08:	00e7a023          	sw	a4,0(a5)
 8006c0c:	fdc42783          	lw	a5,-36(s0)
 8006c10:	0007a783          	lw	a5,0(a5)
 8006c14:	fef42023          	sw	a5,-32(s0)
 8006c18:	fd042783          	lw	a5,-48(s0)
 8006c1c:	0007a783          	lw	a5,0(a5)
 8006c20:	00c7a803          	lw	a6,12(a5)
 8006c24:	fd042783          	lw	a5,-48(s0)
 8006c28:	0007a703          	lw	a4,0(a5)
 8006c2c:	fd042783          	lw	a5,-48(s0)
 8006c30:	0047a783          	lw	a5,4(a5)
 8006c34:	fd442683          	lw	a3,-44(s0)
 8006c38:	fd842603          	lw	a2,-40(s0)
 8006c3c:	00078593          	mv	a1,a5
 8006c40:	00070513          	mv	a0,a4
 8006c44:	000800e7          	jalr	a6
 8006c48:	00050793          	mv	a5,a0
 8006c4c:	0007d863          	bgez	a5,8006c5c <treedisk_write+0x300>
 8006c50:	080087b7          	lui	a5,0x8008
 8006c54:	02478513          	addi	a0,a5,36 # 8008024 <__heap_end+0x24>
 8006c58:	f5cff0ef          	jal	ra,80063b4 <panic>
 8006c5c:	fe842783          	lw	a5,-24(s0)
 8006c60:	0c078663          	beqz	a5,8006d2c <treedisk_write+0x3d0>
 8006c64:	9bc40793          	addi	a5,s0,-1604
 8006c68:	20000613          	li	a2,512
 8006c6c:	00000593          	li	a1,0
 8006c70:	00078513          	mv	a0,a5
 8006c74:	4f9000ef          	jal	ra,800796c <memset>
 8006c78:	0500006f          	j	8006cc8 <treedisk_write+0x36c>
 8006c7c:	fe842783          	lw	a5,-24(s0)
 8006c80:	0a078a63          	beqz	a5,8006d34 <treedisk_write+0x3d8>
 8006c84:	fd042783          	lw	a5,-48(s0)
 8006c88:	0007a783          	lw	a5,0(a5)
 8006c8c:	0087a803          	lw	a6,8(a5)
 8006c90:	fd042783          	lw	a5,-48(s0)
 8006c94:	0007a703          	lw	a4,0(a5)
 8006c98:	fd042783          	lw	a5,-48(s0)
 8006c9c:	0047a783          	lw	a5,4(a5)
 8006ca0:	9bc40693          	addi	a3,s0,-1604
 8006ca4:	fe042603          	lw	a2,-32(s0)
 8006ca8:	00078593          	mv	a1,a5
 8006cac:	00070513          	mv	a0,a4
 8006cb0:	000800e7          	jalr	a6
 8006cb4:	00050793          	mv	a5,a0
 8006cb8:	0007d863          	bgez	a5,8006cc8 <treedisk_write+0x36c>
 8006cbc:	080087b7          	lui	a5,0x8008
 8006cc0:	03c78513          	addi	a0,a5,60 # 800803c <__heap_end+0x3c>
 8006cc4:	ef0ff0ef          	jal	ra,80063b4 <panic>
 8006cc8:	fe842783          	lw	a5,-24(s0)
 8006ccc:	fff78793          	addi	a5,a5,-1
 8006cd0:	fef42423          	sw	a5,-24(s0)
 8006cd4:	080097b7          	lui	a5,0x8009
 8006cd8:	9707a783          	lw	a5,-1680(a5) # 8008970 <log_rpb>
 8006cdc:	fe842583          	lw	a1,-24(s0)
 8006ce0:	00078513          	mv	a0,a5
 8006ce4:	224010ef          	jal	ra,8007f08 <__mulsi3>
 8006ce8:	00050793          	mv	a5,a0
 8006cec:	00078593          	mv	a1,a5
 8006cf0:	9a442503          	lw	a0,-1628(s0)
 8006cf4:	efcff0ef          	jal	ra,80063f0 <log_shift_r>
 8006cf8:	00050793          	mv	a5,a0
 8006cfc:	07f7f793          	andi	a5,a5,127
 8006d00:	fcf42223          	sw	a5,-60(s0)
 8006d04:	9bc40713          	addi	a4,s0,-1604
 8006d08:	fc442783          	lw	a5,-60(s0)
 8006d0c:	00279793          	slli	a5,a5,0x2
 8006d10:	00f707b3          	add	a5,a4,a5
 8006d14:	fcf42e23          	sw	a5,-36(s0)
 8006d18:	9bc40793          	addi	a5,s0,-1604
 8006d1c:	fcf42a23          	sw	a5,-44(s0)
 8006d20:	fe042783          	lw	a5,-32(s0)
 8006d24:	fcf42c23          	sw	a5,-40(s0)
 8006d28:	eb9ff06f          	j	8006be0 <treedisk_write+0x284>
 8006d2c:	00000013          	nop
 8006d30:	0080006f          	j	8006d38 <treedisk_write+0x3dc>
 8006d34:	00000013          	nop
 8006d38:	fd042783          	lw	a5,-48(s0)
 8006d3c:	0007a783          	lw	a5,0(a5)
 8006d40:	00c7a803          	lw	a6,12(a5)
 8006d44:	fd042783          	lw	a5,-48(s0)
 8006d48:	0007a703          	lw	a4,0(a5)
 8006d4c:	fd042783          	lw	a5,-48(s0)
 8006d50:	0047a783          	lw	a5,4(a5)
 8006d54:	9a042683          	lw	a3,-1632(s0)
 8006d58:	fe042603          	lw	a2,-32(s0)
 8006d5c:	00078593          	mv	a1,a5
 8006d60:	00070513          	mv	a0,a4
 8006d64:	000800e7          	jalr	a6
 8006d68:	00050793          	mv	a5,a0
 8006d6c:	0007d863          	bgez	a5,8006d7c <treedisk_write+0x420>
 8006d70:	080087b7          	lui	a5,0x8008
 8006d74:	04c78513          	addi	a0,a5,76 # 800804c <__heap_end+0x4c>
 8006d78:	e3cff0ef          	jal	ra,80063b4 <panic>
 8006d7c:	00000793          	li	a5,0
 8006d80:	00078513          	mv	a0,a5
 8006d84:	65c12083          	lw	ra,1628(sp)
 8006d88:	65812403          	lw	s0,1624(sp)
 8006d8c:	65412483          	lw	s1,1620(sp)
 8006d90:	66010113          	addi	sp,sp,1632
 8006d94:	00008067          	ret

08006d98 <treedisk_init>:
treedisk_init():
 8006d98:	fd010113          	addi	sp,sp,-48
 8006d9c:	02112623          	sw	ra,44(sp)
 8006da0:	02812423          	sw	s0,40(sp)
 8006da4:	03010413          	addi	s0,sp,48
 8006da8:	fca42e23          	sw	a0,-36(s0)
 8006dac:	fcb42c23          	sw	a1,-40(s0)
 8006db0:	080097b7          	lui	a5,0x8009
 8006db4:	9707a783          	lw	a5,-1680(a5) # 8008970 <log_rpb>
 8006db8:	02079663          	bnez	a5,8006de4 <treedisk_init+0x4c>
 8006dbc:	080097b7          	lui	a5,0x8009
 8006dc0:	9707a783          	lw	a5,-1680(a5) # 8008970 <log_rpb>
 8006dc4:	00178713          	addi	a4,a5,1
 8006dc8:	080097b7          	lui	a5,0x8009
 8006dcc:	96e7a823          	sw	a4,-1680(a5) # 8008970 <log_rpb>
 8006dd0:	080097b7          	lui	a5,0x8009
 8006dd4:	9707a783          	lw	a5,-1680(a5) # 8008970 <log_rpb>
 8006dd8:	07f00713          	li	a4,127
 8006ddc:	00f757b3          	srl	a5,a4,a5
 8006de0:	fc079ee3          	bnez	a5,8006dbc <treedisk_init+0x24>
 8006de4:	00c00513          	li	a0,12
 8006de8:	320000ef          	jal	ra,8007108 <malloc>
 8006dec:	00050793          	mv	a5,a0
 8006df0:	fef42623          	sw	a5,-20(s0)
 8006df4:	00c00613          	li	a2,12
 8006df8:	00000593          	li	a1,0
 8006dfc:	fec42503          	lw	a0,-20(s0)
 8006e00:	36d000ef          	jal	ra,800796c <memset>
 8006e04:	fec42783          	lw	a5,-20(s0)
 8006e08:	fdc42703          	lw	a4,-36(s0)
 8006e0c:	00e7a023          	sw	a4,0(a5)
 8006e10:	fec42783          	lw	a5,-20(s0)
 8006e14:	fd842703          	lw	a4,-40(s0)
 8006e18:	00e7a223          	sw	a4,4(a5)
 8006e1c:	01400513          	li	a0,20
 8006e20:	2e8000ef          	jal	ra,8007108 <malloc>
 8006e24:	00050793          	mv	a5,a0
 8006e28:	fef42423          	sw	a5,-24(s0)
 8006e2c:	01400613          	li	a2,20
 8006e30:	00000593          	li	a1,0
 8006e34:	fe842503          	lw	a0,-24(s0)
 8006e38:	335000ef          	jal	ra,800796c <memset>
 8006e3c:	fe842783          	lw	a5,-24(s0)
 8006e40:	fec42703          	lw	a4,-20(s0)
 8006e44:	00e7a823          	sw	a4,16(a5)
 8006e48:	fe842783          	lw	a5,-24(s0)
 8006e4c:	08006737          	lui	a4,0x8006
 8006e50:	71070713          	addi	a4,a4,1808 # 8006710 <treedisk_getsize>
 8006e54:	00e7a023          	sw	a4,0(a5)
 8006e58:	fe842783          	lw	a5,-24(s0)
 8006e5c:	08006737          	lui	a4,0x8006
 8006e60:	77470713          	addi	a4,a4,1908 # 8006774 <treedisk_setsize>
 8006e64:	00e7a223          	sw	a4,4(a5)
 8006e68:	fe842783          	lw	a5,-24(s0)
 8006e6c:	08006737          	lui	a4,0x8006
 8006e70:	7a070713          	addi	a4,a4,1952 # 80067a0 <treedisk_read>
 8006e74:	00e7a423          	sw	a4,8(a5)
 8006e78:	fe842783          	lw	a5,-24(s0)
 8006e7c:	08007737          	lui	a4,0x8007
 8006e80:	95c70713          	addi	a4,a4,-1700 # 800695c <treedisk_write>
 8006e84:	00e7a623          	sw	a4,12(a5)
 8006e88:	fe842783          	lw	a5,-24(s0)
 8006e8c:	00078513          	mv	a0,a5
 8006e90:	02c12083          	lw	ra,44(sp)
 8006e94:	02812403          	lw	s0,40(sp)
 8006e98:	03010113          	addi	sp,sp,48
 8006e9c:	00008067          	ret

08006ea0 <_sbrk>:
_sbrk():
 8006ea0:	fd010113          	addi	sp,sp,-48
 8006ea4:	02112623          	sw	ra,44(sp)
 8006ea8:	02812423          	sw	s0,40(sp)
 8006eac:	03010413          	addi	s0,sp,48
 8006eb0:	fca42e23          	sw	a0,-36(s0)
 8006eb4:	080097b7          	lui	a5,0x8009
 8006eb8:	9607a783          	lw	a5,-1696(a5) # 8008960 <earth>
 8006ebc:	0487a783          	lw	a5,72(a5)
 8006ec0:	00078863          	beqz	a5,8006ed0 <_sbrk+0x30>
 8006ec4:	080087b7          	lui	a5,0x8008
 8006ec8:	00078793          	mv	a5,a5
 8006ecc:	0080006f          	j	8006ed4 <_sbrk+0x34>
 8006ed0:	0a0007b7          	lui	a5,0xa000
 8006ed4:	fef42623          	sw	a5,-20(s0)
 8006ed8:	080097b7          	lui	a5,0x8009
 8006edc:	9587a703          	lw	a4,-1704(a5) # 8008958 <brk>
 8006ee0:	fdc42783          	lw	a5,-36(s0)
 8006ee4:	00f707b3          	add	a5,a4,a5
 8006ee8:	fec42703          	lw	a4,-20(s0)
 8006eec:	02f77663          	bgeu	a4,a5,8006f18 <_sbrk+0x78>
 8006ef0:	080097b7          	lui	a5,0x8009
 8006ef4:	9607a783          	lw	a5,-1696(a5) # 8008960 <earth>
 8006ef8:	0307a703          	lw	a4,48(a5)
 8006efc:	01d00593          	li	a1,29
 8006f00:	080087b7          	lui	a5,0x8008
 8006f04:	0a478513          	addi	a0,a5,164 # 80080a4 <__heap_end+0xa4>
 8006f08:	000700e7          	jalr	a4
 8006f0c:	ff000793          	li	a5,-16
 8006f10:	00100713          	li	a4,1
 8006f14:	00e7a023          	sw	a4,0(a5)
 8006f18:	080097b7          	lui	a5,0x8009
 8006f1c:	9587a783          	lw	a5,-1704(a5) # 8008958 <brk>
 8006f20:	fef42423          	sw	a5,-24(s0)
 8006f24:	080097b7          	lui	a5,0x8009
 8006f28:	9587a703          	lw	a4,-1704(a5) # 8008958 <brk>
 8006f2c:	fdc42783          	lw	a5,-36(s0)
 8006f30:	00f70733          	add	a4,a4,a5
 8006f34:	080097b7          	lui	a5,0x8009
 8006f38:	94e7ac23          	sw	a4,-1704(a5) # 8008958 <brk>
 8006f3c:	fe842783          	lw	a5,-24(s0)
 8006f40:	00078513          	mv	a0,a5
 8006f44:	02c12083          	lw	ra,44(sp)
 8006f48:	02812403          	lw	s0,40(sp)
 8006f4c:	03010113          	addi	sp,sp,48
 8006f50:	00008067          	ret

08006f54 <exit>:
exit():
 8006f54:	fe010113          	addi	sp,sp,-32
 8006f58:	00112e23          	sw	ra,28(sp)
 8006f5c:	00812c23          	sw	s0,24(sp)
 8006f60:	02010413          	addi	s0,sp,32
 8006f64:	fea42623          	sw	a0,-20(s0)
 8006f68:	080097b7          	lui	a5,0x8009
 8006f6c:	95c7a783          	lw	a5,-1700(a5) # 800895c <grass>
 8006f70:	0a47a783          	lw	a5,164(a5)
 8006f74:	fec42503          	lw	a0,-20(s0)
 8006f78:	000780e7          	jalr	a5
 8006f7c:	0000006f          	j	8006f7c <exit+0x28>

08006f80 <main>:
main():
 8006f80:	bd010113          	addi	sp,sp,-1072
 8006f84:	42112623          	sw	ra,1068(sp)
 8006f88:	42812423          	sw	s0,1064(sp)
 8006f8c:	43010413          	addi	s0,sp,1072
 8006f90:	080097b7          	lui	a5,0x8009
 8006f94:	9607a783          	lw	a5,-1696(a5) # 8008960 <earth>
 8006f98:	0407a703          	lw	a4,64(a5)
 8006f9c:	080087b7          	lui	a5,0x8008
 8006fa0:	0c478513          	addi	a0,a5,196 # 80080c4 <__heap_end+0xc4>
 8006fa4:	000700e7          	jalr	a4
 8006fa8:	b98ff0ef          	jal	ra,8006340 <fs_disk_init>
 8006fac:	00050793          	mv	a5,a0
 8006fb0:	00000593          	li	a1,0
 8006fb4:	00078513          	mv	a0,a5
 8006fb8:	de1ff0ef          	jal	ra,8006d98 <treedisk_init>
 8006fbc:	fea42623          	sw	a0,-20(s0)
 8006fc0:	be040793          	addi	a5,s0,-1056
 8006fc4:	08008737          	lui	a4,0x8008
 8006fc8:	0e470713          	addi	a4,a4,228 # 80080e4 <__heap_end+0xe4>
 8006fcc:	00072303          	lw	t1,0(a4)
 8006fd0:	00472883          	lw	a7,4(a4)
 8006fd4:	00872803          	lw	a6,8(a4)
 8006fd8:	00c72503          	lw	a0,12(a4)
 8006fdc:	01072583          	lw	a1,16(a4)
 8006fe0:	01472603          	lw	a2,20(a4)
 8006fe4:	01872683          	lw	a3,24(a4)
 8006fe8:	01c72703          	lw	a4,28(a4)
 8006fec:	0067a023          	sw	t1,0(a5)
 8006ff0:	0117a223          	sw	a7,4(a5)
 8006ff4:	0107a423          	sw	a6,8(a5)
 8006ff8:	00a7a623          	sw	a0,12(a5)
 8006ffc:	00b7a823          	sw	a1,16(a5)
 8007000:	00c7aa23          	sw	a2,20(a5)
 8007004:	00d7ac23          	sw	a3,24(a5)
 8007008:	00e7ae23          	sw	a4,28(a5)
 800700c:	080097b7          	lui	a5,0x8009
 8007010:	95c7a783          	lw	a5,-1700(a5) # 800895c <grass>
 8007014:	0a87a703          	lw	a4,168(a5)
 8007018:	be040793          	addi	a5,s0,-1056
 800701c:	02000613          	li	a2,32
 8007020:	00078593          	mv	a1,a5
 8007024:	00100513          	li	a0,1
 8007028:	000700e7          	jalr	a4
 800702c:	be040793          	addi	a5,s0,-1056
 8007030:	fef42423          	sw	a5,-24(s0)
 8007034:	be040793          	addi	a5,s0,-1056
 8007038:	fef42223          	sw	a5,-28(s0)
 800703c:	080097b7          	lui	a5,0x8009
 8007040:	95c7a783          	lw	a5,-1700(a5) # 800895c <grass>
 8007044:	0ac7a683          	lw	a3,172(a5)
 8007048:	be040713          	addi	a4,s0,-1056
 800704c:	bdc40793          	addi	a5,s0,-1060
 8007050:	40000613          	li	a2,1024
 8007054:	00070593          	mv	a1,a4
 8007058:	00078513          	mv	a0,a5
 800705c:	000680e7          	jalr	a3
 8007060:	fe842783          	lw	a5,-24(s0)
 8007064:	0007a703          	lw	a4,0(a5)
 8007068:	00100793          	li	a5,1
 800706c:	06f71a63          	bne	a4,a5,80070e0 <main+0x160>
 8007070:	fec42783          	lw	a5,-20(s0)
 8007074:	0087a803          	lw	a6,8(a5)
 8007078:	fe842783          	lw	a5,-24(s0)
 800707c:	0047a703          	lw	a4,4(a5)
 8007080:	fe842783          	lw	a5,-24(s0)
 8007084:	0087a603          	lw	a2,8(a5)
 8007088:	fe442783          	lw	a5,-28(s0)
 800708c:	00478793          	addi	a5,a5,4
 8007090:	00078693          	mv	a3,a5
 8007094:	00070593          	mv	a1,a4
 8007098:	fec42503          	lw	a0,-20(s0)
 800709c:	000800e7          	jalr	a6
 80070a0:	fea42023          	sw	a0,-32(s0)
 80070a4:	fe042783          	lw	a5,-32(s0)
 80070a8:	00f037b3          	snez	a5,a5
 80070ac:	0ff7f793          	andi	a5,a5,255
 80070b0:	00078713          	mv	a4,a5
 80070b4:	fe442783          	lw	a5,-28(s0)
 80070b8:	00e7a023          	sw	a4,0(a5)
 80070bc:	080097b7          	lui	a5,0x8009
 80070c0:	95c7a783          	lw	a5,-1700(a5) # 800895c <grass>
 80070c4:	0a87a703          	lw	a4,168(a5)
 80070c8:	bdc42783          	lw	a5,-1060(s0)
 80070cc:	20400613          	li	a2,516
 80070d0:	fe442583          	lw	a1,-28(s0)
 80070d4:	00078513          	mv	a0,a5
 80070d8:	000700e7          	jalr	a4
 80070dc:	0280006f          	j	8007104 <main+0x184>
 80070e0:	080097b7          	lui	a5,0x8009
 80070e4:	9607a783          	lw	a5,-1696(a5) # 8008960 <earth>
 80070e8:	03c7a703          	lw	a4,60(a5)
 80070ec:	fe842783          	lw	a5,-24(s0)
 80070f0:	0007a783          	lw	a5,0(a5)
 80070f4:	00078593          	mv	a1,a5
 80070f8:	080087b7          	lui	a5,0x8008
 80070fc:	10478513          	addi	a0,a5,260 # 8008104 <__heap_end+0x104>
 8007100:	000700e7          	jalr	a4
 8007104:	f29ff06f          	j	800702c <main+0xac>

08007108 <malloc>:
malloc():
 8007108:	00002797          	auipc	a5,0x2
 800710c:	86478793          	addi	a5,a5,-1948 # 800896c <_impure_ptr>
 8007110:	00050593          	mv	a1,a0
 8007114:	0007a503          	lw	a0,0(a5)
 8007118:	0180006f          	j	8007130 <_malloc_r>

0800711c <free>:
free():
 800711c:	00002797          	auipc	a5,0x2
 8007120:	85078793          	addi	a5,a5,-1968 # 800896c <_impure_ptr>
 8007124:	00050593          	mv	a1,a0
 8007128:	0007a503          	lw	a0,0(a5)
 800712c:	2bd0006f          	j	8007be8 <_free_r>

08007130 <_malloc_r>:
_malloc_r():
 8007130:	fd010113          	addi	sp,sp,-48
 8007134:	02912223          	sw	s1,36(sp)
 8007138:	03212023          	sw	s2,32(sp)
 800713c:	02112623          	sw	ra,44(sp)
 8007140:	02812423          	sw	s0,40(sp)
 8007144:	01312e23          	sw	s3,28(sp)
 8007148:	01412c23          	sw	s4,24(sp)
 800714c:	01512a23          	sw	s5,20(sp)
 8007150:	01612823          	sw	s6,16(sp)
 8007154:	01712623          	sw	s7,12(sp)
 8007158:	01812423          	sw	s8,8(sp)
 800715c:	01912223          	sw	s9,4(sp)
 8007160:	00b58493          	addi	s1,a1,11
 8007164:	01600793          	li	a5,22
 8007168:	00050913          	mv	s2,a0
 800716c:	0697e663          	bltu	a5,s1,80071d8 <_malloc_r+0xa8>
 8007170:	01000793          	li	a5,16
 8007174:	22b7ec63          	bltu	a5,a1,80073ac <_malloc_r+0x27c>
 8007178:	0d1000ef          	jal	ra,8007a48 <__malloc_lock>
 800717c:	01000493          	li	s1,16
 8007180:	01800793          	li	a5,24
 8007184:	00200613          	li	a2,2
 8007188:	00001997          	auipc	s3,0x1
 800718c:	fa098993          	addi	s3,s3,-96 # 8008128 <__malloc_av_>
 8007190:	00f987b3          	add	a5,s3,a5
 8007194:	0047a403          	lw	s0,4(a5)
 8007198:	ff878713          	addi	a4,a5,-8
 800719c:	26e40063          	beq	s0,a4,80073fc <_malloc_r+0x2cc>
 80071a0:	00442783          	lw	a5,4(s0)
 80071a4:	00c42683          	lw	a3,12(s0)
 80071a8:	00842603          	lw	a2,8(s0)
 80071ac:	ffc7f793          	andi	a5,a5,-4
 80071b0:	00f407b3          	add	a5,s0,a5
 80071b4:	0047a703          	lw	a4,4(a5)
 80071b8:	00d62623          	sw	a3,12(a2)
 80071bc:	00c6a423          	sw	a2,8(a3)
 80071c0:	00176713          	ori	a4,a4,1
 80071c4:	00090513          	mv	a0,s2
 80071c8:	00e7a223          	sw	a4,4(a5)
 80071cc:	081000ef          	jal	ra,8007a4c <__malloc_unlock>
 80071d0:	00840513          	addi	a0,s0,8
 80071d4:	1e40006f          	j	80073b8 <_malloc_r+0x288>
 80071d8:	ff84f493          	andi	s1,s1,-8
 80071dc:	1c04c863          	bltz	s1,80073ac <_malloc_r+0x27c>
 80071e0:	1cb4e663          	bltu	s1,a1,80073ac <_malloc_r+0x27c>
 80071e4:	065000ef          	jal	ra,8007a48 <__malloc_lock>
 80071e8:	1f700793          	li	a5,503
 80071ec:	4c97f863          	bgeu	a5,s1,80076bc <_malloc_r+0x58c>
 80071f0:	0094d793          	srli	a5,s1,0x9
 80071f4:	1e078c63          	beqz	a5,80073ec <_malloc_r+0x2bc>
 80071f8:	00400713          	li	a4,4
 80071fc:	44f76c63          	bltu	a4,a5,8007654 <_malloc_r+0x524>
 8007200:	0064d793          	srli	a5,s1,0x6
 8007204:	03978613          	addi	a2,a5,57
 8007208:	03878513          	addi	a0,a5,56
 800720c:	00361693          	slli	a3,a2,0x3
 8007210:	00001997          	auipc	s3,0x1
 8007214:	f1898993          	addi	s3,s3,-232 # 8008128 <__malloc_av_>
 8007218:	00d986b3          	add	a3,s3,a3
 800721c:	0046a403          	lw	s0,4(a3)
 8007220:	ff868693          	addi	a3,a3,-8
 8007224:	02868c63          	beq	a3,s0,800725c <_malloc_r+0x12c>
 8007228:	00442783          	lw	a5,4(s0)
 800722c:	00f00593          	li	a1,15
 8007230:	ffc7f793          	andi	a5,a5,-4
 8007234:	40978733          	sub	a4,a5,s1
 8007238:	02e5c063          	blt	a1,a4,8007258 <_malloc_r+0x128>
 800723c:	3a075663          	bgez	a4,80075e8 <_malloc_r+0x4b8>
 8007240:	00c42403          	lw	s0,12(s0)
 8007244:	00868c63          	beq	a3,s0,800725c <_malloc_r+0x12c>
 8007248:	00442783          	lw	a5,4(s0)
 800724c:	ffc7f793          	andi	a5,a5,-4
 8007250:	40978733          	sub	a4,a5,s1
 8007254:	fee5d4e3          	bge	a1,a4,800723c <_malloc_r+0x10c>
 8007258:	00050613          	mv	a2,a0
 800725c:	0109a403          	lw	s0,16(s3)
 8007260:	00001817          	auipc	a6,0x1
 8007264:	ed080813          	addi	a6,a6,-304 # 8008130 <__malloc_av_+0x8>
 8007268:	1b040863          	beq	s0,a6,8007418 <_malloc_r+0x2e8>
 800726c:	00442583          	lw	a1,4(s0)
 8007270:	00f00713          	li	a4,15
 8007274:	ffc5f593          	andi	a1,a1,-4
 8007278:	409587b3          	sub	a5,a1,s1
 800727c:	46f74663          	blt	a4,a5,80076e8 <_malloc_r+0x5b8>
 8007280:	00001717          	auipc	a4,0x1
 8007284:	eb072e23          	sw	a6,-324(a4) # 800813c <__malloc_av_+0x14>
 8007288:	00001717          	auipc	a4,0x1
 800728c:	eb072823          	sw	a6,-336(a4) # 8008138 <__malloc_av_+0x10>
 8007290:	4207dc63          	bgez	a5,80076c8 <_malloc_r+0x598>
 8007294:	1ff00793          	li	a5,511
 8007298:	34b7ee63          	bltu	a5,a1,80075f4 <_malloc_r+0x4c4>
 800729c:	0035d593          	srli	a1,a1,0x3
 80072a0:	00158793          	addi	a5,a1,1
 80072a4:	00379793          	slli	a5,a5,0x3
 80072a8:	0049a503          	lw	a0,4(s3)
 80072ac:	00f987b3          	add	a5,s3,a5
 80072b0:	0007a683          	lw	a3,0(a5)
 80072b4:	4025d593          	srai	a1,a1,0x2
 80072b8:	00100713          	li	a4,1
 80072bc:	00b71733          	sll	a4,a4,a1
 80072c0:	00a76733          	or	a4,a4,a0
 80072c4:	ff878593          	addi	a1,a5,-8
 80072c8:	00b42623          	sw	a1,12(s0)
 80072cc:	00d42423          	sw	a3,8(s0)
 80072d0:	00001597          	auipc	a1,0x1
 80072d4:	e4e5ae23          	sw	a4,-420(a1) # 800812c <__malloc_av_+0x4>
 80072d8:	0087a023          	sw	s0,0(a5)
 80072dc:	0086a623          	sw	s0,12(a3)
 80072e0:	40265793          	srai	a5,a2,0x2
 80072e4:	00100693          	li	a3,1
 80072e8:	00f696b3          	sll	a3,a3,a5
 80072ec:	14d76063          	bltu	a4,a3,800742c <_malloc_r+0x2fc>
 80072f0:	00e6f7b3          	and	a5,a3,a4
 80072f4:	02079463          	bnez	a5,800731c <_malloc_r+0x1ec>
 80072f8:	00169693          	slli	a3,a3,0x1
 80072fc:	ffc67613          	andi	a2,a2,-4
 8007300:	00e6f7b3          	and	a5,a3,a4
 8007304:	00460613          	addi	a2,a2,4
 8007308:	00079a63          	bnez	a5,800731c <_malloc_r+0x1ec>
 800730c:	00169693          	slli	a3,a3,0x1
 8007310:	00e6f7b3          	and	a5,a3,a4
 8007314:	00460613          	addi	a2,a2,4
 8007318:	fe078ae3          	beqz	a5,800730c <_malloc_r+0x1dc>
 800731c:	00f00513          	li	a0,15
 8007320:	00361893          	slli	a7,a2,0x3
 8007324:	011988b3          	add	a7,s3,a7
 8007328:	00088593          	mv	a1,a7
 800732c:	00060313          	mv	t1,a2
 8007330:	00c5a403          	lw	s0,12(a1)
 8007334:	00859a63          	bne	a1,s0,8007348 <_malloc_r+0x218>
 8007338:	3400006f          	j	8007678 <_malloc_r+0x548>
 800733c:	34075863          	bgez	a4,800768c <_malloc_r+0x55c>
 8007340:	00c42403          	lw	s0,12(s0)
 8007344:	32858a63          	beq	a1,s0,8007678 <_malloc_r+0x548>
 8007348:	00442783          	lw	a5,4(s0)
 800734c:	ffc7f793          	andi	a5,a5,-4
 8007350:	40978733          	sub	a4,a5,s1
 8007354:	fee554e3          	bge	a0,a4,800733c <_malloc_r+0x20c>
 8007358:	00c42683          	lw	a3,12(s0)
 800735c:	00842603          	lw	a2,8(s0)
 8007360:	0014e593          	ori	a1,s1,1
 8007364:	00b42223          	sw	a1,4(s0)
 8007368:	00d62623          	sw	a3,12(a2)
 800736c:	00c6a423          	sw	a2,8(a3)
 8007370:	009404b3          	add	s1,s0,s1
 8007374:	00001697          	auipc	a3,0x1
 8007378:	dc96a423          	sw	s1,-568(a3) # 800813c <__malloc_av_+0x14>
 800737c:	00001697          	auipc	a3,0x1
 8007380:	da96ae23          	sw	s1,-580(a3) # 8008138 <__malloc_av_+0x10>
 8007384:	00176693          	ori	a3,a4,1
 8007388:	0104a623          	sw	a6,12(s1)
 800738c:	0104a423          	sw	a6,8(s1)
 8007390:	00d4a223          	sw	a3,4(s1)
 8007394:	00f407b3          	add	a5,s0,a5
 8007398:	00090513          	mv	a0,s2
 800739c:	00e7a023          	sw	a4,0(a5)
 80073a0:	6ac000ef          	jal	ra,8007a4c <__malloc_unlock>
 80073a4:	00840513          	addi	a0,s0,8
 80073a8:	0100006f          	j	80073b8 <_malloc_r+0x288>
 80073ac:	00c00793          	li	a5,12
 80073b0:	00f92023          	sw	a5,0(s2)
 80073b4:	00000513          	li	a0,0
 80073b8:	02c12083          	lw	ra,44(sp)
 80073bc:	02812403          	lw	s0,40(sp)
 80073c0:	02412483          	lw	s1,36(sp)
 80073c4:	02012903          	lw	s2,32(sp)
 80073c8:	01c12983          	lw	s3,28(sp)
 80073cc:	01812a03          	lw	s4,24(sp)
 80073d0:	01412a83          	lw	s5,20(sp)
 80073d4:	01012b03          	lw	s6,16(sp)
 80073d8:	00c12b83          	lw	s7,12(sp)
 80073dc:	00812c03          	lw	s8,8(sp)
 80073e0:	00412c83          	lw	s9,4(sp)
 80073e4:	03010113          	addi	sp,sp,48
 80073e8:	00008067          	ret
 80073ec:	20000693          	li	a3,512
 80073f0:	04000613          	li	a2,64
 80073f4:	03f00513          	li	a0,63
 80073f8:	e19ff06f          	j	8007210 <_malloc_r+0xe0>
 80073fc:	00c7a403          	lw	s0,12(a5)
 8007400:	00260613          	addi	a2,a2,2
 8007404:	d8879ee3          	bne	a5,s0,80071a0 <_malloc_r+0x70>
 8007408:	0109a403          	lw	s0,16(s3)
 800740c:	00001817          	auipc	a6,0x1
 8007410:	d2480813          	addi	a6,a6,-732 # 8008130 <__malloc_av_+0x8>
 8007414:	e5041ce3          	bne	s0,a6,800726c <_malloc_r+0x13c>
 8007418:	0049a703          	lw	a4,4(s3)
 800741c:	40265793          	srai	a5,a2,0x2
 8007420:	00100693          	li	a3,1
 8007424:	00f696b3          	sll	a3,a3,a5
 8007428:	ecd774e3          	bgeu	a4,a3,80072f0 <_malloc_r+0x1c0>
 800742c:	0089a403          	lw	s0,8(s3)
 8007430:	00442a83          	lw	s5,4(s0)
 8007434:	ffcafb93          	andi	s7,s5,-4
 8007438:	009be863          	bltu	s7,s1,8007448 <_malloc_r+0x318>
 800743c:	409b87b3          	sub	a5,s7,s1
 8007440:	00f00713          	li	a4,15
 8007444:	16f74c63          	blt	a4,a5,80075bc <_malloc_r+0x48c>
 8007448:	00001797          	auipc	a5,0x1
 800744c:	53878793          	addi	a5,a5,1336 # 8008980 <__malloc_top_pad>
 8007450:	00001c17          	auipc	s8,0x1
 8007454:	514c0c13          	addi	s8,s8,1300 # 8008964 <__malloc_sbrk_base>
 8007458:	0007aa83          	lw	s5,0(a5)
 800745c:	000c2703          	lw	a4,0(s8)
 8007460:	fff00793          	li	a5,-1
 8007464:	01740a33          	add	s4,s0,s7
 8007468:	01548ab3          	add	s5,s1,s5
 800746c:	36f70663          	beq	a4,a5,80077d8 <_malloc_r+0x6a8>
 8007470:	000017b7          	lui	a5,0x1
 8007474:	00f78793          	addi	a5,a5,15 # 100f <__heap_size+0x80f>
 8007478:	00fa8ab3          	add	s5,s5,a5
 800747c:	fffff7b7          	lui	a5,0xfffff
 8007480:	00fafab3          	and	s5,s5,a5
 8007484:	000a8593          	mv	a1,s5
 8007488:	00090513          	mv	a0,s2
 800748c:	5c4000ef          	jal	ra,8007a50 <_sbrk_r>
 8007490:	fff00793          	li	a5,-1
 8007494:	00050b13          	mv	s6,a0
 8007498:	2af50663          	beq	a0,a5,8007744 <_malloc_r+0x614>
 800749c:	2b456263          	bltu	a0,s4,8007740 <_malloc_r+0x610>
 80074a0:	00001c97          	auipc	s9,0x1
 80074a4:	4f8c8c93          	addi	s9,s9,1272 # 8008998 <__malloc_current_mallinfo>
 80074a8:	000ca783          	lw	a5,0(s9)
 80074ac:	00fa87b3          	add	a5,s5,a5
 80074b0:	00001717          	auipc	a4,0x1
 80074b4:	4ef72423          	sw	a5,1256(a4) # 8008998 <__malloc_current_mallinfo>
 80074b8:	00078713          	mv	a4,a5
 80074bc:	3caa0663          	beq	s4,a0,8007888 <_malloc_r+0x758>
 80074c0:	000c2683          	lw	a3,0(s8)
 80074c4:	fff00793          	li	a5,-1
 80074c8:	3cf68e63          	beq	a3,a5,80078a4 <_malloc_r+0x774>
 80074cc:	414b07b3          	sub	a5,s6,s4
 80074d0:	00e787b3          	add	a5,a5,a4
 80074d4:	00001717          	auipc	a4,0x1
 80074d8:	4cf72223          	sw	a5,1220(a4) # 8008998 <__malloc_current_mallinfo>
 80074dc:	007b7c13          	andi	s8,s6,7
 80074e0:	320c0063          	beqz	s8,8007800 <_malloc_r+0x6d0>
 80074e4:	418b0b33          	sub	s6,s6,s8
 80074e8:	000017b7          	lui	a5,0x1
 80074ec:	008b0b13          	addi	s6,s6,8
 80074f0:	fff78a13          	addi	s4,a5,-1 # fff <__heap_size+0x7ff>
 80074f4:	015b0ab3          	add	s5,s6,s5
 80074f8:	00878793          	addi	a5,a5,8
 80074fc:	014af733          	and	a4,s5,s4
 8007500:	418787b3          	sub	a5,a5,s8
 8007504:	40e787b3          	sub	a5,a5,a4
 8007508:	0147fa33          	and	s4,a5,s4
 800750c:	000a0593          	mv	a1,s4
 8007510:	00090513          	mv	a0,s2
 8007514:	53c000ef          	jal	ra,8007a50 <_sbrk_r>
 8007518:	fff00793          	li	a5,-1
 800751c:	3ef50063          	beq	a0,a5,80078fc <_malloc_r+0x7cc>
 8007520:	41650533          	sub	a0,a0,s6
 8007524:	01450ab3          	add	s5,a0,s4
 8007528:	000ca783          	lw	a5,0(s9)
 800752c:	00001717          	auipc	a4,0x1
 8007530:	c1672223          	sw	s6,-1020(a4) # 8008130 <__malloc_av_+0x8>
 8007534:	001aea93          	ori	s5,s5,1
 8007538:	00fa07b3          	add	a5,s4,a5
 800753c:	00001717          	auipc	a4,0x1
 8007540:	44f72e23          	sw	a5,1116(a4) # 8008998 <__malloc_current_mallinfo>
 8007544:	015b2223          	sw	s5,4(s6)
 8007548:	37340463          	beq	s0,s3,80078b0 <_malloc_r+0x780>
 800754c:	00f00613          	li	a2,15
 8007550:	37767463          	bgeu	a2,s7,80078b8 <_malloc_r+0x788>
 8007554:	00442683          	lw	a3,4(s0)
 8007558:	ff4b8713          	addi	a4,s7,-12
 800755c:	ff877713          	andi	a4,a4,-8
 8007560:	0016f693          	andi	a3,a3,1
 8007564:	00e6e6b3          	or	a3,a3,a4
 8007568:	00d42223          	sw	a3,4(s0)
 800756c:	00500593          	li	a1,5
 8007570:	00e406b3          	add	a3,s0,a4
 8007574:	00b6a223          	sw	a1,4(a3)
 8007578:	00b6a423          	sw	a1,8(a3)
 800757c:	38e66a63          	bltu	a2,a4,8007910 <_malloc_r+0x7e0>
 8007580:	004b2a83          	lw	s5,4(s6)
 8007584:	000b0413          	mv	s0,s6
 8007588:	00001717          	auipc	a4,0x1
 800758c:	3f470713          	addi	a4,a4,1012 # 800897c <__malloc_max_sbrked_mem>
 8007590:	00072703          	lw	a4,0(a4)
 8007594:	00f77663          	bgeu	a4,a5,80075a0 <_malloc_r+0x470>
 8007598:	00001717          	auipc	a4,0x1
 800759c:	3ef72223          	sw	a5,996(a4) # 800897c <__malloc_max_sbrked_mem>
 80075a0:	00001717          	auipc	a4,0x1
 80075a4:	3d870713          	addi	a4,a4,984 # 8008978 <__malloc_max_total_mem>
 80075a8:	00072703          	lw	a4,0(a4)
 80075ac:	1af77063          	bgeu	a4,a5,800774c <_malloc_r+0x61c>
 80075b0:	00001717          	auipc	a4,0x1
 80075b4:	3cf72423          	sw	a5,968(a4) # 8008978 <__malloc_max_total_mem>
 80075b8:	1940006f          	j	800774c <_malloc_r+0x61c>
 80075bc:	0014e713          	ori	a4,s1,1
 80075c0:	00e42223          	sw	a4,4(s0)
 80075c4:	009404b3          	add	s1,s0,s1
 80075c8:	00001717          	auipc	a4,0x1
 80075cc:	b6972423          	sw	s1,-1176(a4) # 8008130 <__malloc_av_+0x8>
 80075d0:	0017e793          	ori	a5,a5,1
 80075d4:	00090513          	mv	a0,s2
 80075d8:	00f4a223          	sw	a5,4(s1)
 80075dc:	470000ef          	jal	ra,8007a4c <__malloc_unlock>
 80075e0:	00840513          	addi	a0,s0,8
 80075e4:	dd5ff06f          	j	80073b8 <_malloc_r+0x288>
 80075e8:	00c42683          	lw	a3,12(s0)
 80075ec:	00842603          	lw	a2,8(s0)
 80075f0:	bc1ff06f          	j	80071b0 <_malloc_r+0x80>
 80075f4:	0095d793          	srli	a5,a1,0x9
 80075f8:	00400713          	li	a4,4
 80075fc:	12f77863          	bgeu	a4,a5,800772c <_malloc_r+0x5fc>
 8007600:	01400713          	li	a4,20
 8007604:	22f76863          	bltu	a4,a5,8007834 <_malloc_r+0x704>
 8007608:	05c78693          	addi	a3,a5,92
 800760c:	05b78713          	addi	a4,a5,91
 8007610:	00369693          	slli	a3,a3,0x3
 8007614:	00d986b3          	add	a3,s3,a3
 8007618:	0006a783          	lw	a5,0(a3)
 800761c:	ff868693          	addi	a3,a3,-8
 8007620:	1cf68063          	beq	a3,a5,80077e0 <_malloc_r+0x6b0>
 8007624:	0047a703          	lw	a4,4(a5)
 8007628:	ffc77713          	andi	a4,a4,-4
 800762c:	00e5f663          	bgeu	a1,a4,8007638 <_malloc_r+0x508>
 8007630:	0087a783          	lw	a5,8(a5)
 8007634:	fef698e3          	bne	a3,a5,8007624 <_malloc_r+0x4f4>
 8007638:	00c7a683          	lw	a3,12(a5)
 800763c:	0049a703          	lw	a4,4(s3)
 8007640:	00d42623          	sw	a3,12(s0)
 8007644:	00f42423          	sw	a5,8(s0)
 8007648:	0086a423          	sw	s0,8(a3)
 800764c:	0087a623          	sw	s0,12(a5)
 8007650:	c91ff06f          	j	80072e0 <_malloc_r+0x1b0>
 8007654:	01400713          	li	a4,20
 8007658:	10f77c63          	bgeu	a4,a5,8007770 <_malloc_r+0x640>
 800765c:	05400713          	li	a4,84
 8007660:	1ef76863          	bltu	a4,a5,8007850 <_malloc_r+0x720>
 8007664:	00c4d793          	srli	a5,s1,0xc
 8007668:	06f78613          	addi	a2,a5,111
 800766c:	06e78513          	addi	a0,a5,110
 8007670:	00361693          	slli	a3,a2,0x3
 8007674:	b9dff06f          	j	8007210 <_malloc_r+0xe0>
 8007678:	00130313          	addi	t1,t1,1
 800767c:	00337793          	andi	a5,t1,3
 8007680:	00858593          	addi	a1,a1,8
 8007684:	ca0796e3          	bnez	a5,8007330 <_malloc_r+0x200>
 8007688:	1040006f          	j	800778c <_malloc_r+0x65c>
 800768c:	00f407b3          	add	a5,s0,a5
 8007690:	0047a703          	lw	a4,4(a5)
 8007694:	00c42683          	lw	a3,12(s0)
 8007698:	00842603          	lw	a2,8(s0)
 800769c:	00176713          	ori	a4,a4,1
 80076a0:	00e7a223          	sw	a4,4(a5)
 80076a4:	00d62623          	sw	a3,12(a2)
 80076a8:	00090513          	mv	a0,s2
 80076ac:	00c6a423          	sw	a2,8(a3)
 80076b0:	39c000ef          	jal	ra,8007a4c <__malloc_unlock>
 80076b4:	00840513          	addi	a0,s0,8
 80076b8:	d01ff06f          	j	80073b8 <_malloc_r+0x288>
 80076bc:	0034d613          	srli	a2,s1,0x3
 80076c0:	00848793          	addi	a5,s1,8
 80076c4:	ac5ff06f          	j	8007188 <_malloc_r+0x58>
 80076c8:	00b405b3          	add	a1,s0,a1
 80076cc:	0045a783          	lw	a5,4(a1)
 80076d0:	00090513          	mv	a0,s2
 80076d4:	0017e793          	ori	a5,a5,1
 80076d8:	00f5a223          	sw	a5,4(a1)
 80076dc:	370000ef          	jal	ra,8007a4c <__malloc_unlock>
 80076e0:	00840513          	addi	a0,s0,8
 80076e4:	cd5ff06f          	j	80073b8 <_malloc_r+0x288>
 80076e8:	0014e713          	ori	a4,s1,1
 80076ec:	00e42223          	sw	a4,4(s0)
 80076f0:	009404b3          	add	s1,s0,s1
 80076f4:	00001717          	auipc	a4,0x1
 80076f8:	a4972423          	sw	s1,-1464(a4) # 800813c <__malloc_av_+0x14>
 80076fc:	00001717          	auipc	a4,0x1
 8007700:	a2972e23          	sw	s1,-1476(a4) # 8008138 <__malloc_av_+0x10>
 8007704:	0017e713          	ori	a4,a5,1
 8007708:	0104a623          	sw	a6,12(s1)
 800770c:	0104a423          	sw	a6,8(s1)
 8007710:	00e4a223          	sw	a4,4(s1)
 8007714:	00b405b3          	add	a1,s0,a1
 8007718:	00090513          	mv	a0,s2
 800771c:	00f5a023          	sw	a5,0(a1)
 8007720:	32c000ef          	jal	ra,8007a4c <__malloc_unlock>
 8007724:	00840513          	addi	a0,s0,8
 8007728:	c91ff06f          	j	80073b8 <_malloc_r+0x288>
 800772c:	0065d793          	srli	a5,a1,0x6
 8007730:	03978693          	addi	a3,a5,57
 8007734:	03878713          	addi	a4,a5,56
 8007738:	00369693          	slli	a3,a3,0x3
 800773c:	ed9ff06f          	j	8007614 <_malloc_r+0x4e4>
 8007740:	13340663          	beq	s0,s3,800786c <_malloc_r+0x73c>
 8007744:	0089a403          	lw	s0,8(s3)
 8007748:	00442a83          	lw	s5,4(s0)
 800774c:	ffcafa93          	andi	s5,s5,-4
 8007750:	409a87b3          	sub	a5,s5,s1
 8007754:	009ae663          	bltu	s5,s1,8007760 <_malloc_r+0x630>
 8007758:	00f00713          	li	a4,15
 800775c:	e6f740e3          	blt	a4,a5,80075bc <_malloc_r+0x48c>
 8007760:	00090513          	mv	a0,s2
 8007764:	2e8000ef          	jal	ra,8007a4c <__malloc_unlock>
 8007768:	00000513          	li	a0,0
 800776c:	c4dff06f          	j	80073b8 <_malloc_r+0x288>
 8007770:	05c78613          	addi	a2,a5,92
 8007774:	05b78513          	addi	a0,a5,91
 8007778:	00361693          	slli	a3,a2,0x3
 800777c:	a95ff06f          	j	8007210 <_malloc_r+0xe0>
 8007780:	0088a783          	lw	a5,8(a7)
 8007784:	fff60613          	addi	a2,a2,-1
 8007788:	1d179e63          	bne	a5,a7,8007964 <_malloc_r+0x834>
 800778c:	00367793          	andi	a5,a2,3
 8007790:	ff888893          	addi	a7,a7,-8
 8007794:	fe0796e3          	bnez	a5,8007780 <_malloc_r+0x650>
 8007798:	0049a703          	lw	a4,4(s3)
 800779c:	fff6c793          	not	a5,a3
 80077a0:	00e7f7b3          	and	a5,a5,a4
 80077a4:	00001717          	auipc	a4,0x1
 80077a8:	98f72423          	sw	a5,-1656(a4) # 800812c <__malloc_av_+0x4>
 80077ac:	00169693          	slli	a3,a3,0x1
 80077b0:	c6d7eee3          	bltu	a5,a3,800742c <_malloc_r+0x2fc>
 80077b4:	c6068ce3          	beqz	a3,800742c <_malloc_r+0x2fc>
 80077b8:	00f6f733          	and	a4,a3,a5
 80077bc:	00071a63          	bnez	a4,80077d0 <_malloc_r+0x6a0>
 80077c0:	00169693          	slli	a3,a3,0x1
 80077c4:	00f6f733          	and	a4,a3,a5
 80077c8:	00430313          	addi	t1,t1,4
 80077cc:	fe070ae3          	beqz	a4,80077c0 <_malloc_r+0x690>
 80077d0:	00030613          	mv	a2,t1
 80077d4:	b4dff06f          	j	8007320 <_malloc_r+0x1f0>
 80077d8:	010a8a93          	addi	s5,s5,16
 80077dc:	ca9ff06f          	j	8007484 <_malloc_r+0x354>
 80077e0:	0049a503          	lw	a0,4(s3)
 80077e4:	40275593          	srai	a1,a4,0x2
 80077e8:	00100713          	li	a4,1
 80077ec:	00b71733          	sll	a4,a4,a1
 80077f0:	00a76733          	or	a4,a4,a0
 80077f4:	00001597          	auipc	a1,0x1
 80077f8:	92e5ac23          	sw	a4,-1736(a1) # 800812c <__malloc_av_+0x4>
 80077fc:	e45ff06f          	j	8007640 <_malloc_r+0x510>
 8007800:	000017b7          	lui	a5,0x1
 8007804:	fff78713          	addi	a4,a5,-1 # fff <__heap_size+0x7ff>
 8007808:	015b0a33          	add	s4,s6,s5
 800780c:	00ea7a33          	and	s4,s4,a4
 8007810:	414787b3          	sub	a5,a5,s4
 8007814:	00e7fa33          	and	s4,a5,a4
 8007818:	000a0593          	mv	a1,s4
 800781c:	00090513          	mv	a0,s2
 8007820:	230000ef          	jal	ra,8007a50 <_sbrk_r>
 8007824:	fff00793          	li	a5,-1
 8007828:	cef51ce3          	bne	a0,a5,8007520 <_malloc_r+0x3f0>
 800782c:	00000a13          	li	s4,0
 8007830:	cf9ff06f          	j	8007528 <_malloc_r+0x3f8>
 8007834:	05400713          	li	a4,84
 8007838:	08f76663          	bltu	a4,a5,80078c4 <_malloc_r+0x794>
 800783c:	00c5d793          	srli	a5,a1,0xc
 8007840:	06f78693          	addi	a3,a5,111
 8007844:	06e78713          	addi	a4,a5,110
 8007848:	00369693          	slli	a3,a3,0x3
 800784c:	dc9ff06f          	j	8007614 <_malloc_r+0x4e4>
 8007850:	15400713          	li	a4,340
 8007854:	08f76663          	bltu	a4,a5,80078e0 <_malloc_r+0x7b0>
 8007858:	00f4d793          	srli	a5,s1,0xf
 800785c:	07878613          	addi	a2,a5,120
 8007860:	07778513          	addi	a0,a5,119
 8007864:	00361693          	slli	a3,a2,0x3
 8007868:	9a9ff06f          	j	8007210 <_malloc_r+0xe0>
 800786c:	00001c97          	auipc	s9,0x1
 8007870:	12cc8c93          	addi	s9,s9,300 # 8008998 <__malloc_current_mallinfo>
 8007874:	000ca783          	lw	a5,0(s9)
 8007878:	00fa8733          	add	a4,s5,a5
 800787c:	00001797          	auipc	a5,0x1
 8007880:	10e7ae23          	sw	a4,284(a5) # 8008998 <__malloc_current_mallinfo>
 8007884:	c3dff06f          	j	80074c0 <_malloc_r+0x390>
 8007888:	014a1693          	slli	a3,s4,0x14
 800788c:	c2069ae3          	bnez	a3,80074c0 <_malloc_r+0x390>
 8007890:	0089a403          	lw	s0,8(s3)
 8007894:	015b8ab3          	add	s5,s7,s5
 8007898:	001aea93          	ori	s5,s5,1
 800789c:	01542223          	sw	s5,4(s0)
 80078a0:	ce9ff06f          	j	8007588 <_malloc_r+0x458>
 80078a4:	00001797          	auipc	a5,0x1
 80078a8:	0d67a023          	sw	s6,192(a5) # 8008964 <__malloc_sbrk_base>
 80078ac:	c31ff06f          	j	80074dc <_malloc_r+0x3ac>
 80078b0:	000b0413          	mv	s0,s6
 80078b4:	cd5ff06f          	j	8007588 <_malloc_r+0x458>
 80078b8:	00100793          	li	a5,1
 80078bc:	00fb2223          	sw	a5,4(s6)
 80078c0:	ea1ff06f          	j	8007760 <_malloc_r+0x630>
 80078c4:	15400713          	li	a4,340
 80078c8:	06f76263          	bltu	a4,a5,800792c <_malloc_r+0x7fc>
 80078cc:	00f5d793          	srli	a5,a1,0xf
 80078d0:	07878693          	addi	a3,a5,120
 80078d4:	07778713          	addi	a4,a5,119
 80078d8:	00369693          	slli	a3,a3,0x3
 80078dc:	d39ff06f          	j	8007614 <_malloc_r+0x4e4>
 80078e0:	55400713          	li	a4,1364
 80078e4:	06f76263          	bltu	a4,a5,8007948 <_malloc_r+0x818>
 80078e8:	0124d793          	srli	a5,s1,0x12
 80078ec:	07d78613          	addi	a2,a5,125
 80078f0:	07c78513          	addi	a0,a5,124
 80078f4:	00361693          	slli	a3,a2,0x3
 80078f8:	919ff06f          	j	8007210 <_malloc_r+0xe0>
 80078fc:	ff8c0c13          	addi	s8,s8,-8
 8007900:	018a8ab3          	add	s5,s5,s8
 8007904:	416a8ab3          	sub	s5,s5,s6
 8007908:	00000a13          	li	s4,0
 800790c:	c1dff06f          	j	8007528 <_malloc_r+0x3f8>
 8007910:	00840593          	addi	a1,s0,8
 8007914:	00090513          	mv	a0,s2
 8007918:	2d0000ef          	jal	ra,8007be8 <_free_r>
 800791c:	0089a403          	lw	s0,8(s3)
 8007920:	000ca783          	lw	a5,0(s9)
 8007924:	00442a83          	lw	s5,4(s0)
 8007928:	c61ff06f          	j	8007588 <_malloc_r+0x458>
 800792c:	55400713          	li	a4,1364
 8007930:	02f76463          	bltu	a4,a5,8007958 <_malloc_r+0x828>
 8007934:	0125d793          	srli	a5,a1,0x12
 8007938:	07d78693          	addi	a3,a5,125
 800793c:	07c78713          	addi	a4,a5,124
 8007940:	00369693          	slli	a3,a3,0x3
 8007944:	cd1ff06f          	j	8007614 <_malloc_r+0x4e4>
 8007948:	3f800693          	li	a3,1016
 800794c:	07f00613          	li	a2,127
 8007950:	07e00513          	li	a0,126
 8007954:	8bdff06f          	j	8007210 <_malloc_r+0xe0>
 8007958:	3f800693          	li	a3,1016
 800795c:	07e00713          	li	a4,126
 8007960:	cb5ff06f          	j	8007614 <_malloc_r+0x4e4>
 8007964:	0049a783          	lw	a5,4(s3)
 8007968:	e45ff06f          	j	80077ac <_malloc_r+0x67c>

0800796c <memset>:
memset():
 800796c:	00f00313          	li	t1,15
 8007970:	00050713          	mv	a4,a0
 8007974:	02c37e63          	bgeu	t1,a2,80079b0 <memset+0x44>
 8007978:	00f77793          	andi	a5,a4,15
 800797c:	0a079063          	bnez	a5,8007a1c <memset+0xb0>
 8007980:	08059263          	bnez	a1,8007a04 <memset+0x98>
 8007984:	ff067693          	andi	a3,a2,-16
 8007988:	00f67613          	andi	a2,a2,15
 800798c:	00e686b3          	add	a3,a3,a4
 8007990:	00b72023          	sw	a1,0(a4)
 8007994:	00b72223          	sw	a1,4(a4)
 8007998:	00b72423          	sw	a1,8(a4)
 800799c:	00b72623          	sw	a1,12(a4)
 80079a0:	01070713          	addi	a4,a4,16
 80079a4:	fed766e3          	bltu	a4,a3,8007990 <memset+0x24>
 80079a8:	00061463          	bnez	a2,80079b0 <memset+0x44>
 80079ac:	00008067          	ret
 80079b0:	40c306b3          	sub	a3,t1,a2
 80079b4:	00269693          	slli	a3,a3,0x2
 80079b8:	00000297          	auipc	t0,0x0
 80079bc:	005686b3          	add	a3,a3,t0
 80079c0:	00c68067          	jr	12(a3)
 80079c4:	00b70723          	sb	a1,14(a4)
 80079c8:	00b706a3          	sb	a1,13(a4)
 80079cc:	00b70623          	sb	a1,12(a4)
 80079d0:	00b705a3          	sb	a1,11(a4)
 80079d4:	00b70523          	sb	a1,10(a4)
 80079d8:	00b704a3          	sb	a1,9(a4)
 80079dc:	00b70423          	sb	a1,8(a4)
 80079e0:	00b703a3          	sb	a1,7(a4)
 80079e4:	00b70323          	sb	a1,6(a4)
 80079e8:	00b702a3          	sb	a1,5(a4)
 80079ec:	00b70223          	sb	a1,4(a4)
 80079f0:	00b701a3          	sb	a1,3(a4)
 80079f4:	00b70123          	sb	a1,2(a4)
 80079f8:	00b700a3          	sb	a1,1(a4)
 80079fc:	00b70023          	sb	a1,0(a4)
 8007a00:	00008067          	ret
 8007a04:	0ff5f593          	andi	a1,a1,255
 8007a08:	00859693          	slli	a3,a1,0x8
 8007a0c:	00d5e5b3          	or	a1,a1,a3
 8007a10:	01059693          	slli	a3,a1,0x10
 8007a14:	00d5e5b3          	or	a1,a1,a3
 8007a18:	f6dff06f          	j	8007984 <memset+0x18>
 8007a1c:	00279693          	slli	a3,a5,0x2
 8007a20:	00000297          	auipc	t0,0x0
 8007a24:	005686b3          	add	a3,a3,t0
 8007a28:	00008293          	mv	t0,ra
 8007a2c:	fa0680e7          	jalr	-96(a3)
 8007a30:	00028093          	mv	ra,t0
 8007a34:	ff078793          	addi	a5,a5,-16
 8007a38:	40f70733          	sub	a4,a4,a5
 8007a3c:	00f60633          	add	a2,a2,a5
 8007a40:	f6c378e3          	bgeu	t1,a2,80079b0 <memset+0x44>
 8007a44:	f3dff06f          	j	8007980 <memset+0x14>

08007a48 <__malloc_lock>:
__malloc_lock():
 8007a48:	00008067          	ret

08007a4c <__malloc_unlock>:
__malloc_unlock():
 8007a4c:	00008067          	ret

08007a50 <_sbrk_r>:
_sbrk_r():
 8007a50:	ff010113          	addi	sp,sp,-16
 8007a54:	00812423          	sw	s0,8(sp)
 8007a58:	00050413          	mv	s0,a0
 8007a5c:	00058513          	mv	a0,a1
 8007a60:	00001797          	auipc	a5,0x1
 8007a64:	f607a023          	sw	zero,-160(a5) # 80089c0 <errno>
 8007a68:	00112623          	sw	ra,12(sp)
 8007a6c:	c34ff0ef          	jal	ra,8006ea0 <_sbrk>
 8007a70:	fff00793          	li	a5,-1
 8007a74:	00f50a63          	beq	a0,a5,8007a88 <_sbrk_r+0x38>
 8007a78:	00c12083          	lw	ra,12(sp)
 8007a7c:	00812403          	lw	s0,8(sp)
 8007a80:	01010113          	addi	sp,sp,16
 8007a84:	00008067          	ret
 8007a88:	00001797          	auipc	a5,0x1
 8007a8c:	f3878793          	addi	a5,a5,-200 # 80089c0 <errno>
 8007a90:	0007a783          	lw	a5,0(a5)
 8007a94:	fe0782e3          	beqz	a5,8007a78 <_sbrk_r+0x28>
 8007a98:	00f42023          	sw	a5,0(s0)
 8007a9c:	00c12083          	lw	ra,12(sp)
 8007aa0:	00812403          	lw	s0,8(sp)
 8007aa4:	01010113          	addi	sp,sp,16
 8007aa8:	00008067          	ret

08007aac <_malloc_trim_r>:
_malloc_trim_r():
 8007aac:	fe010113          	addi	sp,sp,-32
 8007ab0:	00812c23          	sw	s0,24(sp)
 8007ab4:	00912a23          	sw	s1,20(sp)
 8007ab8:	01212823          	sw	s2,16(sp)
 8007abc:	01312623          	sw	s3,12(sp)
 8007ac0:	00058413          	mv	s0,a1
 8007ac4:	00112e23          	sw	ra,28(sp)
 8007ac8:	00000997          	auipc	s3,0x0
 8007acc:	66098993          	addi	s3,s3,1632 # 8008128 <__malloc_av_>
 8007ad0:	00050913          	mv	s2,a0
 8007ad4:	f75ff0ef          	jal	ra,8007a48 <__malloc_lock>
 8007ad8:	0089a683          	lw	a3,8(s3)
 8007adc:	00001737          	lui	a4,0x1
 8007ae0:	fef70793          	addi	a5,a4,-17 # fef <__heap_size+0x7ef>
 8007ae4:	0046a483          	lw	s1,4(a3)
 8007ae8:	40878433          	sub	s0,a5,s0
 8007aec:	ffc4f493          	andi	s1,s1,-4
 8007af0:	00940433          	add	s0,s0,s1
 8007af4:	00c45413          	srli	s0,s0,0xc
 8007af8:	fff40413          	addi	s0,s0,-1
 8007afc:	00c41413          	slli	s0,s0,0xc
 8007b00:	00e44e63          	blt	s0,a4,8007b1c <_malloc_trim_r+0x70>
 8007b04:	00000593          	li	a1,0
 8007b08:	00090513          	mv	a0,s2
 8007b0c:	f45ff0ef          	jal	ra,8007a50 <_sbrk_r>
 8007b10:	0089a783          	lw	a5,8(s3)
 8007b14:	009787b3          	add	a5,a5,s1
 8007b18:	02f50663          	beq	a0,a5,8007b44 <_malloc_trim_r+0x98>
 8007b1c:	00090513          	mv	a0,s2
 8007b20:	f2dff0ef          	jal	ra,8007a4c <__malloc_unlock>
 8007b24:	01c12083          	lw	ra,28(sp)
 8007b28:	01812403          	lw	s0,24(sp)
 8007b2c:	01412483          	lw	s1,20(sp)
 8007b30:	01012903          	lw	s2,16(sp)
 8007b34:	00c12983          	lw	s3,12(sp)
 8007b38:	00000513          	li	a0,0
 8007b3c:	02010113          	addi	sp,sp,32
 8007b40:	00008067          	ret
 8007b44:	408005b3          	neg	a1,s0
 8007b48:	00090513          	mv	a0,s2
 8007b4c:	f05ff0ef          	jal	ra,8007a50 <_sbrk_r>
 8007b50:	fff00793          	li	a5,-1
 8007b54:	04f50a63          	beq	a0,a5,8007ba8 <_malloc_trim_r+0xfc>
 8007b58:	00001797          	auipc	a5,0x1
 8007b5c:	e4078793          	addi	a5,a5,-448 # 8008998 <__malloc_current_mallinfo>
 8007b60:	0007a783          	lw	a5,0(a5)
 8007b64:	0089a703          	lw	a4,8(s3)
 8007b68:	408484b3          	sub	s1,s1,s0
 8007b6c:	0014e493          	ori	s1,s1,1
 8007b70:	40878433          	sub	s0,a5,s0
 8007b74:	00090513          	mv	a0,s2
 8007b78:	00972223          	sw	s1,4(a4)
 8007b7c:	00001797          	auipc	a5,0x1
 8007b80:	e087ae23          	sw	s0,-484(a5) # 8008998 <__malloc_current_mallinfo>
 8007b84:	ec9ff0ef          	jal	ra,8007a4c <__malloc_unlock>
 8007b88:	01c12083          	lw	ra,28(sp)
 8007b8c:	01812403          	lw	s0,24(sp)
 8007b90:	01412483          	lw	s1,20(sp)
 8007b94:	01012903          	lw	s2,16(sp)
 8007b98:	00c12983          	lw	s3,12(sp)
 8007b9c:	00100513          	li	a0,1
 8007ba0:	02010113          	addi	sp,sp,32
 8007ba4:	00008067          	ret
 8007ba8:	00000593          	li	a1,0
 8007bac:	00090513          	mv	a0,s2
 8007bb0:	ea1ff0ef          	jal	ra,8007a50 <_sbrk_r>
 8007bb4:	0089a703          	lw	a4,8(s3)
 8007bb8:	00f00693          	li	a3,15
 8007bbc:	40e507b3          	sub	a5,a0,a4
 8007bc0:	f4f6dee3          	bge	a3,a5,8007b1c <_malloc_trim_r+0x70>
 8007bc4:	00001697          	auipc	a3,0x1
 8007bc8:	da068693          	addi	a3,a3,-608 # 8008964 <__malloc_sbrk_base>
 8007bcc:	0006a683          	lw	a3,0(a3)
 8007bd0:	0017e793          	ori	a5,a5,1
 8007bd4:	00f72223          	sw	a5,4(a4)
 8007bd8:	40d50533          	sub	a0,a0,a3
 8007bdc:	00001797          	auipc	a5,0x1
 8007be0:	daa7ae23          	sw	a0,-580(a5) # 8008998 <__malloc_current_mallinfo>
 8007be4:	f39ff06f          	j	8007b1c <_malloc_trim_r+0x70>

08007be8 <_free_r>:
_free_r():
 8007be8:	12058e63          	beqz	a1,8007d24 <_free_r+0x13c>
 8007bec:	ff010113          	addi	sp,sp,-16
 8007bf0:	00812423          	sw	s0,8(sp)
 8007bf4:	00912223          	sw	s1,4(sp)
 8007bf8:	00058413          	mv	s0,a1
 8007bfc:	00050493          	mv	s1,a0
 8007c00:	00112623          	sw	ra,12(sp)
 8007c04:	e45ff0ef          	jal	ra,8007a48 <__malloc_lock>
 8007c08:	ffc42583          	lw	a1,-4(s0)
 8007c0c:	ff840713          	addi	a4,s0,-8
 8007c10:	00000517          	auipc	a0,0x0
 8007c14:	51850513          	addi	a0,a0,1304 # 8008128 <__malloc_av_>
 8007c18:	ffe5f793          	andi	a5,a1,-2
 8007c1c:	00f70633          	add	a2,a4,a5
 8007c20:	00462683          	lw	a3,4(a2)
 8007c24:	00852803          	lw	a6,8(a0)
 8007c28:	ffc6f693          	andi	a3,a3,-4
 8007c2c:	1ac80463          	beq	a6,a2,8007dd4 <_free_r+0x1ec>
 8007c30:	00d62223          	sw	a3,4(a2)
 8007c34:	0015f593          	andi	a1,a1,1
 8007c38:	00d60833          	add	a6,a2,a3
 8007c3c:	0a059463          	bnez	a1,8007ce4 <_free_r+0xfc>
 8007c40:	ff842303          	lw	t1,-8(s0)
 8007c44:	00482583          	lw	a1,4(a6)
 8007c48:	00000897          	auipc	a7,0x0
 8007c4c:	4e888893          	addi	a7,a7,1256 # 8008130 <__malloc_av_+0x8>
 8007c50:	40670733          	sub	a4,a4,t1
 8007c54:	00872803          	lw	a6,8(a4)
 8007c58:	006787b3          	add	a5,a5,t1
 8007c5c:	0015f593          	andi	a1,a1,1
 8007c60:	15180463          	beq	a6,a7,8007da8 <_free_r+0x1c0>
 8007c64:	00c72303          	lw	t1,12(a4)
 8007c68:	00682623          	sw	t1,12(a6)
 8007c6c:	01032423          	sw	a6,8(t1)
 8007c70:	1e058463          	beqz	a1,8007e58 <_free_r+0x270>
 8007c74:	0017e693          	ori	a3,a5,1
 8007c78:	00d72223          	sw	a3,4(a4)
 8007c7c:	00f62023          	sw	a5,0(a2)
 8007c80:	1ff00693          	li	a3,511
 8007c84:	0af6ec63          	bltu	a3,a5,8007d3c <_free_r+0x154>
 8007c88:	0037d793          	srli	a5,a5,0x3
 8007c8c:	00178693          	addi	a3,a5,1
 8007c90:	00369693          	slli	a3,a3,0x3
 8007c94:	00452583          	lw	a1,4(a0)
 8007c98:	00d50533          	add	a0,a0,a3
 8007c9c:	00052603          	lw	a2,0(a0)
 8007ca0:	4027d693          	srai	a3,a5,0x2
 8007ca4:	00100793          	li	a5,1
 8007ca8:	00d797b3          	sll	a5,a5,a3
 8007cac:	00b7e7b3          	or	a5,a5,a1
 8007cb0:	ff850693          	addi	a3,a0,-8
 8007cb4:	00d72623          	sw	a3,12(a4)
 8007cb8:	00c72423          	sw	a2,8(a4)
 8007cbc:	00000697          	auipc	a3,0x0
 8007cc0:	46f6a823          	sw	a5,1136(a3) # 800812c <__malloc_av_+0x4>
 8007cc4:	00e52023          	sw	a4,0(a0)
 8007cc8:	00e62623          	sw	a4,12(a2)
 8007ccc:	00812403          	lw	s0,8(sp)
 8007cd0:	00c12083          	lw	ra,12(sp)
 8007cd4:	00048513          	mv	a0,s1
 8007cd8:	00412483          	lw	s1,4(sp)
 8007cdc:	01010113          	addi	sp,sp,16
 8007ce0:	d6dff06f          	j	8007a4c <__malloc_unlock>
 8007ce4:	00482583          	lw	a1,4(a6)
 8007ce8:	0015f593          	andi	a1,a1,1
 8007cec:	02059e63          	bnez	a1,8007d28 <_free_r+0x140>
 8007cf0:	00d787b3          	add	a5,a5,a3
 8007cf4:	00000897          	auipc	a7,0x0
 8007cf8:	43c88893          	addi	a7,a7,1084 # 8008130 <__malloc_av_+0x8>
 8007cfc:	00862683          	lw	a3,8(a2)
 8007d00:	0017e813          	ori	a6,a5,1
 8007d04:	00f705b3          	add	a1,a4,a5
 8007d08:	17168463          	beq	a3,a7,8007e70 <_free_r+0x288>
 8007d0c:	00c62603          	lw	a2,12(a2)
 8007d10:	00c6a623          	sw	a2,12(a3)
 8007d14:	00d62423          	sw	a3,8(a2)
 8007d18:	01072223          	sw	a6,4(a4)
 8007d1c:	00f5a023          	sw	a5,0(a1)
 8007d20:	f61ff06f          	j	8007c80 <_free_r+0x98>
 8007d24:	00008067          	ret
 8007d28:	0017e693          	ori	a3,a5,1
 8007d2c:	fed42e23          	sw	a3,-4(s0)
 8007d30:	00f62023          	sw	a5,0(a2)
 8007d34:	1ff00693          	li	a3,511
 8007d38:	f4f6f8e3          	bgeu	a3,a5,8007c88 <_free_r+0xa0>
 8007d3c:	0097d693          	srli	a3,a5,0x9
 8007d40:	00400613          	li	a2,4
 8007d44:	0ed66863          	bltu	a2,a3,8007e34 <_free_r+0x24c>
 8007d48:	0067d693          	srli	a3,a5,0x6
 8007d4c:	03968593          	addi	a1,a3,57
 8007d50:	03868613          	addi	a2,a3,56
 8007d54:	00359593          	slli	a1,a1,0x3
 8007d58:	00b505b3          	add	a1,a0,a1
 8007d5c:	0005a683          	lw	a3,0(a1)
 8007d60:	ff858593          	addi	a1,a1,-8
 8007d64:	12d58863          	beq	a1,a3,8007e94 <_free_r+0x2ac>
 8007d68:	0046a603          	lw	a2,4(a3)
 8007d6c:	ffc67613          	andi	a2,a2,-4
 8007d70:	00c7f663          	bgeu	a5,a2,8007d7c <_free_r+0x194>
 8007d74:	0086a683          	lw	a3,8(a3)
 8007d78:	fed598e3          	bne	a1,a3,8007d68 <_free_r+0x180>
 8007d7c:	00c6a583          	lw	a1,12(a3)
 8007d80:	00b72623          	sw	a1,12(a4)
 8007d84:	00d72423          	sw	a3,8(a4)
 8007d88:	00812403          	lw	s0,8(sp)
 8007d8c:	00e5a423          	sw	a4,8(a1)
 8007d90:	00c12083          	lw	ra,12(sp)
 8007d94:	00048513          	mv	a0,s1
 8007d98:	00412483          	lw	s1,4(sp)
 8007d9c:	00e6a623          	sw	a4,12(a3)
 8007da0:	01010113          	addi	sp,sp,16
 8007da4:	ca9ff06f          	j	8007a4c <__malloc_unlock>
 8007da8:	14059863          	bnez	a1,8007ef8 <_free_r+0x310>
 8007dac:	00862583          	lw	a1,8(a2)
 8007db0:	00c62603          	lw	a2,12(a2)
 8007db4:	00f687b3          	add	a5,a3,a5
 8007db8:	0017e693          	ori	a3,a5,1
 8007dbc:	00c5a623          	sw	a2,12(a1)
 8007dc0:	00b62423          	sw	a1,8(a2)
 8007dc4:	00d72223          	sw	a3,4(a4)
 8007dc8:	00f70733          	add	a4,a4,a5
 8007dcc:	00f72023          	sw	a5,0(a4)
 8007dd0:	efdff06f          	j	8007ccc <_free_r+0xe4>
 8007dd4:	0015f593          	andi	a1,a1,1
 8007dd8:	00d787b3          	add	a5,a5,a3
 8007ddc:	02059063          	bnez	a1,8007dfc <_free_r+0x214>
 8007de0:	ff842583          	lw	a1,-8(s0)
 8007de4:	40b70733          	sub	a4,a4,a1
 8007de8:	00c72683          	lw	a3,12(a4)
 8007dec:	00872603          	lw	a2,8(a4)
 8007df0:	00b787b3          	add	a5,a5,a1
 8007df4:	00d62623          	sw	a3,12(a2)
 8007df8:	00c6a423          	sw	a2,8(a3)
 8007dfc:	00001697          	auipc	a3,0x1
 8007e00:	b6c68693          	addi	a3,a3,-1172 # 8008968 <__malloc_trim_threshold>
 8007e04:	0017e613          	ori	a2,a5,1
 8007e08:	0006a683          	lw	a3,0(a3)
 8007e0c:	00c72223          	sw	a2,4(a4)
 8007e10:	00000617          	auipc	a2,0x0
 8007e14:	32e62023          	sw	a4,800(a2) # 8008130 <__malloc_av_+0x8>
 8007e18:	ead7eae3          	bltu	a5,a3,8007ccc <_free_r+0xe4>
 8007e1c:	00001797          	auipc	a5,0x1
 8007e20:	b6478793          	addi	a5,a5,-1180 # 8008980 <__malloc_top_pad>
 8007e24:	0007a583          	lw	a1,0(a5)
 8007e28:	00048513          	mv	a0,s1
 8007e2c:	c81ff0ef          	jal	ra,8007aac <_malloc_trim_r>
 8007e30:	e9dff06f          	j	8007ccc <_free_r+0xe4>
 8007e34:	01400613          	li	a2,20
 8007e38:	02d67463          	bgeu	a2,a3,8007e60 <_free_r+0x278>
 8007e3c:	05400613          	li	a2,84
 8007e40:	06d66a63          	bltu	a2,a3,8007eb4 <_free_r+0x2cc>
 8007e44:	00c7d693          	srli	a3,a5,0xc
 8007e48:	06f68593          	addi	a1,a3,111
 8007e4c:	06e68613          	addi	a2,a3,110
 8007e50:	00359593          	slli	a1,a1,0x3
 8007e54:	f05ff06f          	j	8007d58 <_free_r+0x170>
 8007e58:	00d787b3          	add	a5,a5,a3
 8007e5c:	ea1ff06f          	j	8007cfc <_free_r+0x114>
 8007e60:	05c68593          	addi	a1,a3,92
 8007e64:	05b68613          	addi	a2,a3,91
 8007e68:	00359593          	slli	a1,a1,0x3
 8007e6c:	eedff06f          	j	8007d58 <_free_r+0x170>
 8007e70:	00000697          	auipc	a3,0x0
 8007e74:	2ce6a623          	sw	a4,716(a3) # 800813c <__malloc_av_+0x14>
 8007e78:	00000697          	auipc	a3,0x0
 8007e7c:	2ce6a023          	sw	a4,704(a3) # 8008138 <__malloc_av_+0x10>
 8007e80:	01172623          	sw	a7,12(a4)
 8007e84:	01172423          	sw	a7,8(a4)
 8007e88:	01072223          	sw	a6,4(a4)
 8007e8c:	00f5a023          	sw	a5,0(a1)
 8007e90:	e3dff06f          	j	8007ccc <_free_r+0xe4>
 8007e94:	00452503          	lw	a0,4(a0)
 8007e98:	00100793          	li	a5,1
 8007e9c:	40265613          	srai	a2,a2,0x2
 8007ea0:	00c79633          	sll	a2,a5,a2
 8007ea4:	00a66633          	or	a2,a2,a0
 8007ea8:	00000797          	auipc	a5,0x0
 8007eac:	28c7a223          	sw	a2,644(a5) # 800812c <__malloc_av_+0x4>
 8007eb0:	ed1ff06f          	j	8007d80 <_free_r+0x198>
 8007eb4:	15400613          	li	a2,340
 8007eb8:	00d66c63          	bltu	a2,a3,8007ed0 <_free_r+0x2e8>
 8007ebc:	00f7d693          	srli	a3,a5,0xf
 8007ec0:	07868593          	addi	a1,a3,120
 8007ec4:	07768613          	addi	a2,a3,119
 8007ec8:	00359593          	slli	a1,a1,0x3
 8007ecc:	e8dff06f          	j	8007d58 <_free_r+0x170>
 8007ed0:	55400613          	li	a2,1364
 8007ed4:	00d66c63          	bltu	a2,a3,8007eec <_free_r+0x304>
 8007ed8:	0127d693          	srli	a3,a5,0x12
 8007edc:	07d68593          	addi	a1,a3,125
 8007ee0:	07c68613          	addi	a2,a3,124
 8007ee4:	00359593          	slli	a1,a1,0x3
 8007ee8:	e71ff06f          	j	8007d58 <_free_r+0x170>
 8007eec:	3f800593          	li	a1,1016
 8007ef0:	07e00613          	li	a2,126
 8007ef4:	e65ff06f          	j	8007d58 <_free_r+0x170>
 8007ef8:	0017e693          	ori	a3,a5,1
 8007efc:	00d72223          	sw	a3,4(a4)
 8007f00:	00f62023          	sw	a5,0(a2)
 8007f04:	dc9ff06f          	j	8007ccc <_free_r+0xe4>

08007f08 <__mulsi3>:
__mulsi3():
/scratch/jenkins/workspace/tpp-freedom-tools/tpp03--build-binary-packages--parameterized/obj/x86_64-linux-ubuntu14/build/riscv-gnu-toolchain/build-gcc-newlib-stage2/riscv64-unknown-elf/rv32i/ilp32/libgcc/../../../../../riscv-gcc/libgcc/config/riscv/muldi3.S:37
 8007f08:	00050613          	mv	a2,a0
/scratch/jenkins/workspace/tpp-freedom-tools/tpp03--build-binary-packages--parameterized/obj/x86_64-linux-ubuntu14/build/riscv-gnu-toolchain/build-gcc-newlib-stage2/riscv64-unknown-elf/rv32i/ilp32/libgcc/../../../../../riscv-gcc/libgcc/config/riscv/muldi3.S:38
 8007f0c:	00000513          	li	a0,0
/scratch/jenkins/workspace/tpp-freedom-tools/tpp03--build-binary-packages--parameterized/obj/x86_64-linux-ubuntu14/build/riscv-gnu-toolchain/build-gcc-newlib-stage2/riscv64-unknown-elf/rv32i/ilp32/libgcc/../../../../../riscv-gcc/libgcc/config/riscv/muldi3.S:40
 8007f10:	0015f693          	andi	a3,a1,1
/scratch/jenkins/workspace/tpp-freedom-tools/tpp03--build-binary-packages--parameterized/obj/x86_64-linux-ubuntu14/build/riscv-gnu-toolchain/build-gcc-newlib-stage2/riscv64-unknown-elf/rv32i/ilp32/libgcc/../../../../../riscv-gcc/libgcc/config/riscv/muldi3.S:41
 8007f14:	00068463          	beqz	a3,8007f1c <__mulsi3+0x14>
/scratch/jenkins/workspace/tpp-freedom-tools/tpp03--build-binary-packages--parameterized/obj/x86_64-linux-ubuntu14/build/riscv-gnu-toolchain/build-gcc-newlib-stage2/riscv64-unknown-elf/rv32i/ilp32/libgcc/../../../../../riscv-gcc/libgcc/config/riscv/muldi3.S:42
 8007f18:	00c50533          	add	a0,a0,a2
/scratch/jenkins/workspace/tpp-freedom-tools/tpp03--build-binary-packages--parameterized/obj/x86_64-linux-ubuntu14/build/riscv-gnu-toolchain/build-gcc-newlib-stage2/riscv64-unknown-elf/rv32i/ilp32/libgcc/../../../../../riscv-gcc/libgcc/config/riscv/muldi3.S:44
 8007f1c:	0015d593          	srli	a1,a1,0x1
/scratch/jenkins/workspace/tpp-freedom-tools/tpp03--build-binary-packages--parameterized/obj/x86_64-linux-ubuntu14/build/riscv-gnu-toolchain/build-gcc-newlib-stage2/riscv64-unknown-elf/rv32i/ilp32/libgcc/../../../../../riscv-gcc/libgcc/config/riscv/muldi3.S:45
 8007f20:	00161613          	slli	a2,a2,0x1
/scratch/jenkins/workspace/tpp-freedom-tools/tpp03--build-binary-packages--parameterized/obj/x86_64-linux-ubuntu14/build/riscv-gnu-toolchain/build-gcc-newlib-stage2/riscv64-unknown-elf/rv32i/ilp32/libgcc/../../../../../riscv-gcc/libgcc/config/riscv/muldi3.S:46
 8007f24:	fe0596e3          	bnez	a1,8007f10 <__mulsi3+0x8>
/scratch/jenkins/workspace/tpp-freedom-tools/tpp03--build-binary-packages--parameterized/obj/x86_64-linux-ubuntu14/build/riscv-gnu-toolchain/build-gcc-newlib-stage2/riscv64-unknown-elf/rv32i/ilp32/libgcc/../../../../../riscv-gcc/libgcc/config/riscv/muldi3.S:47
 8007f28:	00008067          	ret
