
build/release/ult.elf:     file format elf32-littleriscv
build/release/ult.elf
architecture: riscv:rv32, flags 0x00000112:
EXEC_P, HAS_SYMS, D_PAGED
start address 0x08006200

Program Header:
    LOAD off    0x00000200 vaddr 0x08006200 paddr 0x08006200 align 2**12
         filesz 0x000000c8 memsz 0x000008c8 flags rwx

Sections:
Idx Name              Size      VMA       LMA       File off  Algn  Flags
  0 .text             0000007c  08006200  08006200  00000200  2**3  CONTENTS, ALLOC, LOAD, READONLY, CODE
  1 .rodata           00000040  08006280  08006280  00000280  2**3  CONTENTS, ALLOC, LOAD, READONLY, DATA
  2 .data             00000008  080062c0  080062c0  000002c0  2**3  CONTENTS, ALLOC, LOAD, DATA
  3 .heap             00000800  080062c8  080062c8  000002c8  2**3  ALLOC
  4 .riscv.attributes 0000001c  00000000  00000000  000002c8  2**0  CONTENTS, READONLY
  5 .comment          00000028  00000000  00000000  000002e4  2**0  CONTENTS, READONLY
SYMBOL TABLE:
08006200 l    d  .text	00000000 .text
08006280 l    d  .rodata	00000000 .rodata
080062c0 l    d  .data	00000000 .data
080062c8 l    d  .heap	00000000 .heap
00000000 l    d  .riscv.attributes	00000000 .riscv.attributes
00000000 l    d  .comment	00000000 .comment
00000000 l    df *ABS*	00000000 servers.c
00000000 l    df *ABS*	00000000 ult.c
080062c4 g     O .data	00000004 earth
00000800 g       *ABS*	00000000 __heap_size
080062c0 g     O .data	00000004 grass
0800623c g     F .text	00000040 main
08006200 g       .text	00000000 _enter
08008000 g       *ABS*	00000000 __heap_end
080062c8 g       .heap	00000000 __heap_start
08006210 g     F .text	0000002c exit



Disassembly of section .text:

08006200 <_enter>:
_enter():
 8006200:	00052503          	lw	a0,0(a0)
 8006204:	80002137          	lui	sp,0x80002
 8006208:	034000ef          	jal	ra,800623c <main>
 800620c:	004000ef          	jal	ra,8006210 <exit>

08006210 <exit>:
exit():
 8006210:	fe010113          	addi	sp,sp,-32 # 80001fe0 <__heap_end+0x77ff9fe0>
 8006214:	00112e23          	sw	ra,28(sp)
 8006218:	00812c23          	sw	s0,24(sp)
 800621c:	02010413          	addi	s0,sp,32
 8006220:	fea42623          	sw	a0,-20(s0)
 8006224:	080067b7          	lui	a5,0x8006
 8006228:	2c07a783          	lw	a5,704(a5) # 80062c0 <grass>
 800622c:	0a47a783          	lw	a5,164(a5)
 8006230:	fec42503          	lw	a0,-20(s0)
 8006234:	000780e7          	jalr	a5
 8006238:	0000006f          	j	8006238 <exit+0x28>

0800623c <main>:
main():
 800623c:	ff010113          	addi	sp,sp,-16
 8006240:	00112623          	sw	ra,12(sp)
 8006244:	00812423          	sw	s0,8(sp)
 8006248:	01010413          	addi	s0,sp,16
 800624c:	080067b7          	lui	a5,0x8006
 8006250:	2c47a783          	lw	a5,708(a5) # 80062c4 <earth>
 8006254:	0387a703          	lw	a4,56(a5)
 8006258:	080067b7          	lui	a5,0x8006
 800625c:	29078513          	addi	a0,a5,656 # 8006290 <main+0x54>
 8006260:	000700e7          	jalr	a4
 8006264:	00000793          	li	a5,0
 8006268:	00078513          	mv	a0,a5
 800626c:	00c12083          	lw	ra,12(sp)
 8006270:	00812403          	lw	s0,8(sp)
 8006274:	01010113          	addi	sp,sp,16
 8006278:	00008067          	ret
